This is pdfTeX, Version 3.141592653-2.6-1.40.24 (MiKTeX 22.10) (preloaded format=pdflatex 2022.11.12)  18 NOV 2022 18:44
entering extended mode
 restricted \write18 enabled.
 %&-line parsing enabled.
**./2022_11_03_65aa625ded296bdfd01fg.tex
(2022_11_03_65aa625ded296bdfd01fg.tex
LaTeX2e <2022-06-01> patch level 5
L3 programming layer <2022-10-26>
(C:\Users\indov\AppData\Local\Programs\MiKTeX\tex/latex/base\article.cls
Document Class: article 2021/10/04 v1.4n Standard LaTeX document class
(C:\Users\indov\AppData\Local\Programs\MiKTeX\tex/latex/base\size10.clo
File: size10.clo 2021/10/04 v1.4n Standard LaTeX file (size option)
)
\c@part=\count185
\c@section=\count186
\c@subsection=\count187
\c@subsubsection=\count188
\c@paragraph=\count189
\c@subparagraph=\count190
\c@figure=\count191
\c@table=\count192
\abovecaptionskip=\skip47
\belowcaptionskip=\skip48
\bibindent=\dimen138
)
(C:\Users\indov\AppData\Local\Programs\MiKTeX\tex/latex/base\inputenc.sty
Package: inputenc 2021/02/14 v1.3d Input encoding file
\inpenc@prehook=\toks16
\inpenc@posthook=\toks17
)
(C:\Users\indov\AppData\Local\Programs\MiKTeX\tex/latex/base\fontenc.sty
Package: fontenc 2021/04/29 v2.0v Standard LaTeX package
)
(C:\Users\indov\AppData\Local\Programs\MiKTeX\tex/latex/amsmath\amsmath.sty
Package: amsmath 2022/04/08 v2.17n AMS math features
\@mathmargin=\skip49

For additional information on amsmath, use the `?' option.
(C:\Users\indov\AppData\Local\Programs\MiKTeX\tex/latex/amsmath\amstext.sty
Package: amstext 2021/08/26 v2.01 AMS text

(C:\Users\indov\AppData\Local\Programs\MiKTeX\tex/latex/amsmath\amsgen.sty
File: amsgen.sty 1999/11/30 v2.0 generic functions
\@emptytoks=\toks18
\ex@=\dimen139
))
(C:\Users\indov\AppData\Local\Programs\MiKTeX\tex/latex/amsmath\amsbsy.sty
Package: amsbsy 1999/11/29 v1.2d Bold Symbols
\pmbraise@=\dimen140
)
(C:\Users\indov\AppData\Local\Programs\MiKTeX\tex/latex/amsmath\amsopn.sty
Package: amsopn 2022/04/08 v2.04 operator names
)
\inf@bad=\count193
LaTeX Info: Redefining \frac on input line 234.
\uproot@=\count194
\leftroot@=\count195
LaTeX Info: Redefining \overline on input line 399.
LaTeX Info: Redefining \colon on input line 410.
\classnum@=\count196
\DOTSCASE@=\count197
LaTeX Info: Redefining \ldots on input line 496.
LaTeX Info: Redefining \dots on input line 499.
LaTeX Info: Redefining \cdots on input line 620.
\Mathstrutbox@=\box51
\strutbox@=\box52
LaTeX Info: Redefining \big on input line 722.
LaTeX Info: Redefining \Big on input line 723.
LaTeX Info: Redefining \bigg on input line 724.
LaTeX Info: Redefining \Bigg on input line 725.
\big@size=\dimen141
LaTeX Font Info:    Redeclaring font encoding OML on input line 743.
LaTeX Font Info:    Redeclaring font encoding OMS on input line 744.
\macc@depth=\count198
LaTeX Info: Redefining \bmod on input line 905.
LaTeX Info: Redefining \pmod on input line 910.
LaTeX Info: Redefining \smash on input line 940.
LaTeX Info: Redefining \relbar on input line 970.
LaTeX Info: Redefining \Relbar on input line 971.
\c@MaxMatrixCols=\count199
\dotsspace@=\muskip16
\c@parentequation=\count266
\dspbrk@lvl=\count267
\tag@help=\toks19
\row@=\count268
\column@=\count269
\maxfields@=\count270
\andhelp@=\toks20
\eqnshift@=\dimen142
\alignsep@=\dimen143
\tagshift@=\dimen144
\tagwidth@=\dimen145
\totwidth@=\dimen146
\lineht@=\dimen147
\@envbody=\toks21
\multlinegap=\skip50
\multlinetaggap=\skip51
\mathdisplay@stack=\toks22
LaTeX Info: Redefining \[ on input line 2953.
LaTeX Info: Redefining \] on input line 2954.
)
(C:\Users\indov\AppData\Local\Programs\MiKTeX\tex/latex/amsfonts\amsfonts.sty
Package: amsfonts 2013/01/14 v3.01 Basic AMSFonts support
\symAMSa=\mathgroup4
\symAMSb=\mathgroup5
LaTeX Font Info:    Redeclaring math symbol \hbar on input line 98.
LaTeX Font Info:    Overwriting math alphabet `\mathfrak' in version `bold'
(Font)                  U/euf/m/n --> U/euf/b/n on input line 106.
)
(C:\Users\indov\AppData\Local\Programs\MiKTeX\tex/latex/amsfonts\amssymb.sty
Package: amssymb 2013/01/14 v3.01 AMS font symbols
)
(C:\Users\indov\AppData\Local\Programs\MiKTeX\tex/latex/mhchem\mhchem.sty
Package: mhchem 2021/12/31 v4.09 for typesetting chemical formulae

(C:\Users\indov\AppData\Local\Programs\MiKTeX\tex/latex/l3kernel\expl3.sty
Package: expl3 2022-10-26 L3 programming layer (loader) 

(C:\Users\indov\AppData\Local\Programs\MiKTeX\tex/latex/l3backend\l3backend-pdf
tex.def
File: l3backend-pdftex.def 2022-10-26 L3 backend support: PDF output (pdfTeX)
\l__color_backend_stack_int=\count271
\l__pdf_internal_box=\box53
))
(C:\Users\indov\AppData\Local\Programs\MiKTeX\tex/latex/l3packages/l3keys2e\l3k
eys2e.sty
Package: l3keys2e 2022-06-22 LaTeX2e option processing using LaTeX3 keys
)
(C:\Users\indov\AppData\Local\Programs\MiKTeX\tex/latex/tools\calc.sty
Package: calc 2017/05/25 v4.3 Infix arithmetic (KKT,FJ)
\calc@Acount=\count272
\calc@Bcount=\count273
\calc@Adimen=\dimen148
\calc@Bdimen=\dimen149
\calc@Askip=\skip52
\calc@Bskip=\skip53
LaTeX Info: Redefining \setlength on input line 80.
LaTeX Info: Redefining \addtolength on input line 81.
\calc@Ccount=\count274
\calc@Cskip=\skip54
)
(C:\Users\indov\AppData\Local\Programs\MiKTeX\tex/latex/chemgreek\chemgreek.sty

(C:\Users\indov\AppData\Local\Programs\MiKTeX\tex/latex/l3packages/xparse\xpars
e.sty
Package: xparse 2022-06-22 L3 Experimental document command parser
)
Package: chemgreek 2020/01/16 v1.1a interface for upright Greek letters for use
 in chemistry (CN)
\l__chemgreek_tmpa_int=\count275
\g__chemgreek_tmpa_int=\count276
)
(C:\Users\indov\AppData\Local\Programs\MiKTeX\tex/latex/graphics\graphics.sty
Package: graphics 2022/03/10 v1.4e Standard LaTeX Graphics (DPC,SPQR)

(C:\Users\indov\AppData\Local\Programs\MiKTeX\tex/latex/graphics\trig.sty
Package: trig 2021/08/11 v1.11 sin cos tan (DPC)
)
(C:\Users\indov\AppData\Local\Programs\MiKTeX\tex/latex/graphics-cfg\graphics.c
fg
File: graphics.cfg 2016/06/04 v1.11 sample graphics configuration
)
Package graphics Info: Driver file: pdftex.def on input line 107.

(C:\Users\indov\AppData\Local\Programs\MiKTeX\tex/latex/graphics-def\pdftex.def
File: pdftex.def 2022/09/22 v1.2b Graphics/color driver for pdftex
\stockwidth=\dimen150
\stockheight=\dimen151
))
\l__mhchem_ce_distanceFromLastComma_int=\count277
\__mhchem_arrow_extPgfLength_skip=\skip55
\mhchem@minispace@tmp=\skip56
\mhchem@minibackspace@tmp=\skip57
\mhchem@bondwidth=\skip58
\mhchem@bondheight=\skip59
\mhchem@smallbondwidth@tmpA=\skip60
\mhchem@smallbondwidth@tmpB=\skip61
\mhchem@smallbondwidth=\skip62
\mhchem@bondtmp@minussidebearingleft=\skip63
\mhchem@bondtmp@minussidebearingright=\skip64
\l__mhchem_option_version_int=\count278
\mhchem@option@minusmathsidebearingleft=\dimen152
\mhchem@option@minusmathsidebearingright=\dimen153
\mhchem@option@minustextsidebearingleft=\dimen154
\mhchem@option@minustextsidebearingright=\dimen155


Package mhchem Warning: You did not specify a 'version' option for the mhchem
(mhchem)                package. Please write \usepackage[version=4]{mhchem}
(mhchem)                in your preamble (or any lower number for
(mhchem)                compatibility mode), because you might get slightly
(mhchem)                different output with the same input in future versions
.

) (C:\Users\indov\AppData\Local\Programs\MiKTeX\tex/latex/stmaryrd\stmaryrd.sty
Package: stmaryrd 1994/03/03 St Mary's Road symbol package
\symstmry=\mathgroup6
LaTeX Font Info:    Overwriting symbol font `stmry' in version `bold'
(Font)                  U/stmry/m/n --> U/stmry/b/n on input line 89.
) (C:\Users\indov\AppData\Local\Programs\MiKTeX\tex/latex/graphics\graphicx.sty
Package: graphicx 2021/09/16 v1.2d Enhanced LaTeX Graphics (DPC,SPQR)
(C:\Users\indov\AppData\Local\Programs\MiKTeX\tex/latex/graphics\keyval.sty
Package: keyval 2022/05/29 v1.15 key=value parser (DPC)
\KV@toks@=\toks23
)
\Gin@req@height=\dimen156
\Gin@req@width=\dimen157
)
(C:\Users\indov\AppData\Local\Programs\MiKTeX\tex/latex/adjustbox\adjustbox.sty
Package: adjustbox 2022/10/17 v1.3a Adjusting TeX boxes (trim, clip, ...)
(C:\Users\indov\AppData\Local\Programs\MiKTeX\tex/latex/xkeyval\xkeyval.sty
Package: xkeyval 2022/06/16 v2.9 package option processing (HA)

(C:\Users\indov\AppData\Local\Programs\MiKTeX\tex/generic/xkeyval\xkeyval.tex
(C:\Users\indov\AppData\Local\Programs\MiKTeX\tex/generic/xkeyval\xkvutils.tex
\XKV@toks=\toks24
\XKV@tempa@toks=\toks25
)
\XKV@depth=\count279
File: xkeyval.tex 2014/12/03 v2.7a key=value parser (HA)
))
(C:\Users\indov\AppData\Local\Programs\MiKTeX\tex/latex/adjustbox\adjcalc.sty
Package: adjcalc 2012/05/16 v1.1 Provides advanced setlength with multiple back
-ends (calc, etex, pgfmath)
)
(C:\Users\indov\AppData\Local\Programs\MiKTeX\tex/latex/adjustbox\trimclip.sty
Package: trimclip 2020/08/19 v1.2 Trim and clip general TeX material

(C:\Users\indov\AppData\Local\Programs\MiKTeX\tex/latex/collectbox\collectbox.s
ty
Package: collectbox 2022/10/17 v0.4c Collect macro arguments as boxes
\collectedbox=\box54
)
\tc@llx=\dimen158
\tc@lly=\dimen159
\tc@urx=\dimen160
\tc@ury=\dimen161
Package trimclip Info: Using driver 'tc-pdftex.def'.

(C:\Users\indov\AppData\Local\Programs\MiKTeX\tex/latex/adjustbox\tc-pdftex.def
File: tc-pdftex.def 2019/01/04 v2.2 Clipping driver for pdftex
))
\adjbox@Width=\dimen162
\adjbox@Height=\dimen163
\adjbox@Depth=\dimen164
\adjbox@Totalheight=\dimen165
\adjbox@pwidth=\dimen166
\adjbox@pheight=\dimen167
\adjbox@pdepth=\dimen168
\adjbox@ptotalheight=\dimen169

(C:\Users\indov\AppData\Local\Programs\MiKTeX\tex/latex/ifoddpage\ifoddpage.sty
Package: ifoddpage 2022/10/18 v1.2 Conditionals for odd/even page detection
\c@checkoddpage=\count280
) (C:\Users\indov\AppData\Local\Programs\MiKTeX\tex/latex/varwidth\varwidth.sty
Package: varwidth 2009/03/30 ver 0.92;  Variable-width minipages
\@vwid@box=\box55
\sift@deathcycles=\count281
\@vwid@loff=\dimen170
\@vwid@roff=\dimen171
))
No file 2022_11_03_65aa625ded296bdfd01fg.aux.
\openout1 = `2022_11_03_65aa625ded296bdfd01fg.aux'.

LaTeX Font Info:    Checking defaults for OML/cmm/m/it on input line 19.
LaTeX Font Info:    ... okay on input line 19.
LaTeX Font Info:    Checking defaults for OMS/cmsy/m/n on input line 19.
LaTeX Font Info:    ... okay on input line 19.
LaTeX Font Info:    Checking defaults for OT1/cmr/m/n on input line 19.
LaTeX Font Info:    ... okay on input line 19.
LaTeX Font Info:    Checking defaults for T1/cmr/m/n on input line 19.
LaTeX Font Info:    ... okay on input line 19.
LaTeX Font Info:    Checking defaults for TS1/cmr/m/n on input line 19.
LaTeX Font Info:    ... okay on input line 19.
LaTeX Font Info:    Checking defaults for OMX/cmex/m/n on input line 19.
LaTeX Font Info:    ... okay on input line 19.
LaTeX Font Info:    Checking defaults for U/cmr/m/n on input line 19.
LaTeX Font Info:    ... okay on input line 19.

Package chemgreek Info: Activating mapping `default' on line 19.


(C:\Users\indov\AppData\Local\Programs\MiKTeX\tex/context/base/mkii\supp-pdf.mk
ii
[Loading MPS to PDF converter (version 2006.09.02).]
\scratchcounter=\count282
\scratchdimen=\dimen172
\scratchbox=\box56
\nofMPsegments=\count283
\nofMParguments=\count284
\everyMPshowfont=\toks26
\MPscratchCnt=\count285
\MPscratchDim=\dimen173
\MPnumerator=\count286
\makeMPintoPDFobject=\count287
\everyMPtoPDFconversion=\toks27
)
(C:\Users\indov\AppData\Local\Programs\MiKTeX\tex/latex/epstopdf-pkg\epstopdf-b
ase.sty
Package: epstopdf-base 2020-01-24 v2.11 Base part for package epstopdf
Package epstopdf-base Info: Redefining graphics rule for `.eps' on input line 4
85.

(C:\Users\indov\AppData\Local\Programs\MiKTeX\tex/latex/00miktex\epstopdf-sys.c
fg
File: epstopdf-sys.cfg 2021/03/18 v2.0 Configuration of epstopdf for MiKTeX
))
LaTeX Font Info:    Trying to load font information for U+msa on input line 20.

 (C:\Users\indov\AppData\Local\Programs\MiKTeX\tex/latex/amsfonts\umsa.fd
File: umsa.fd 2013/01/14 v3.01 AMS symbols A
)
LaTeX Font Info:    Trying to load font information for U+msb on input line 20.


(C:\Users\indov\AppData\Local\Programs\MiKTeX\tex/latex/amsfonts\umsb.fd
File: umsb.fd 2013/01/14 v3.01 AMS symbols B
)
LaTeX Font Info:    Trying to load font information for U+stmry on input line 2
0.

(C:\Users\indov\AppData\Local\Programs\MiKTeX\tex/latex/stmaryrd\ustmry.fd)
[1

{C:/Users/indov/AppData/Local/MiKTeX/fonts/map/pdftex/pdftex.map}] [2]
[3]

! LaTeX Error: File `2022_11_03_65aa625ded296bdfd01fg-03' not found.

See the LaTeX manual or LaTeX Companion for explanation.
Type  H <return>  for immediate help.
 ...                                              
                                                  
l.181 ...dth]{2022_11_03_65aa625ded296bdfd01fg-03}
                                                  
I could not locate the file with any of these extensions:
.pdf,.png,.jpg,.mps,.jpeg,.jbig2,.jb2,.PDF,.PNG,.JPG,.JPEG,.JBIG2,.JB2,.eps
Try typing  <return>  to proceed.
If that doesn't work, type  X <return>  to quit.

[4]

! LaTeX Error: File `2022_11_03_65aa625ded296bdfd01fg-03(1)' not found.

See the LaTeX manual or LaTeX Companion for explanation.
Type  H <return>  for immediate help.
 ...                                              
                                                  
l.193 ...]{2022_11_03_65aa625ded296bdfd01fg-03(1)}
                                                  
I could not locate the file with any of these extensions:
.pdf,.png,.jpg,.mps,.jpeg,.jbig2,.jb2,.PDF,.PNG,.JPG,.JPEG,.JBIG2,.JB2,.eps
Try typing  <return>  to proceed.
If that doesn't work, type  X <return>  to quit.


Underfull \hbox (badness 10000) in paragraph at lines 204--205

 []


! LaTeX Error: File `2022_11_03_65aa625ded296bdfd01fg-04' not found.

See the LaTeX manual or LaTeX Companion for explanation.
Type  H <return>  for immediate help.
 ...                                              
                                                  
l.206 ...dth]{2022_11_03_65aa625ded296bdfd01fg-04}
                                                  
I could not locate the file with any of these extensions:
.pdf,.png,.jpg,.mps,.jpeg,.jbig2,.jb2,.PDF,.PNG,.JPG,.JPEG,.JBIG2,.JB2,.eps
Try typing  <return>  to proceed.
If that doesn't work, type  X <return>  to quit.

[5]

! LaTeX Error: File `2022_11_03_65aa625ded296bdfd01fg-04(1)' not found.

See the LaTeX manual or LaTeX Companion for explanation.
Type  H <return>  for immediate help.
 ...                                              
                                                  
l.229 ...]{2022_11_03_65aa625ded296bdfd01fg-04(1)}
                                                  
I could not locate the file with any of these extensions:
.pdf,.png,.jpg,.mps,.jpeg,.jbig2,.jb2,.PDF,.PNG,.JPG,.JPEG,.JBIG2,.JB2,.eps
Try typing  <return>  to proceed.
If that doesn't work, type  X <return>  to quit.


! LaTeX Error: File `2022_11_03_65aa625ded296bdfd01fg-04(2)' not found.

See the LaTeX manual or LaTeX Companion for explanation.
Type  H <return>  for immediate help.
 ...                                              
                                                  
l.233 ...]{2022_11_03_65aa625ded296bdfd01fg-04(2)}
                                                  
I could not locate the file with any of these extensions:
.pdf,.png,.jpg,.mps,.jpeg,.jbig2,.jb2,.PDF,.PNG,.JPG,.JPEG,.JBIG2,.JB2,.eps
Try typing  <return>  to proceed.
If that doesn't work, type  X <return>  to quit.


! LaTeX Error: File `2022_11_03_65aa625ded296bdfd01fg-04(3)' not found.

See the LaTeX manual or LaTeX Companion for explanation.
Type  H <return>  for immediate help.
 ...                                              
                                                  
l.237 ...]{2022_11_03_65aa625ded296bdfd01fg-04(3)}
                                                  
I could not locate the file with any of these extensions:
.pdf,.png,.jpg,.mps,.jpeg,.jbig2,.jb2,.PDF,.PNG,.JPG,.JPEG,.JBIG2,.JB2,.eps
Try typing  <return>  to proceed.
If that doesn't work, type  X <return>  to quit.


Underfull \hbox (badness 10000) in paragraph at lines 245--246

 []

[6]

! LaTeX Error: File `2022_11_03_65aa625ded296bdfd01fg-05' not found.

See the LaTeX manual or LaTeX Companion for explanation.
Type  H <return>  for immediate help.
 ...                                              
                                                  
l.247 ...dth]{2022_11_03_65aa625ded296bdfd01fg-05}
                                                  
I could not locate the file with any of these extensions:
.pdf,.png,.jpg,.mps,.jpeg,.jbig2,.jb2,.PDF,.PNG,.JPG,.JPEG,.JBIG2,.JB2,.eps
Try typing  <return>  to proceed.
If that doesn't work, type  X <return>  to quit.


Underfull \hbox (badness 10000) in paragraph at lines 249--250

 []


! LaTeX Error: File `2022_11_03_65aa625ded296bdfd01fg-05(1)' not found.

See the LaTeX manual or LaTeX Companion for explanation.
Type  H <return>  for immediate help.
 ...                                              
                                                  
l.251 ...]{2022_11_03_65aa625ded296bdfd01fg-05(1)}
                                                  
I could not locate the file with any of these extensions:
.pdf,.png,.jpg,.mps,.jpeg,.jbig2,.jb2,.PDF,.PNG,.JPG,.JPEG,.JBIG2,.JB2,.eps
Try typing  <return>  to proceed.
If that doesn't work, type  X <return>  to quit.

[7]

! LaTeX Error: File `2022_11_03_65aa625ded296bdfd01fg-06' not found.

See the LaTeX manual or LaTeX Companion for explanation.
Type  H <return>  for immediate help.
 ...                                              
                                                  
l.268 ...dth]{2022_11_03_65aa625ded296bdfd01fg-06}
                                                  
I could not locate the file with any of these extensions:
.pdf,.png,.jpg,.mps,.jpeg,.jbig2,.jb2,.PDF,.PNG,.JPG,.JPEG,.JBIG2,.JB2,.eps
Try typing  <return>  to proceed.
If that doesn't work, type  X <return>  to quit.


! LaTeX Error: File `2022_11_03_65aa625ded296bdfd01fg-06(1)' not found.

See the LaTeX manual or LaTeX Companion for explanation.
Type  H <return>  for immediate help.
 ...                                              
                                                  
l.272 ...]{2022_11_03_65aa625ded296bdfd01fg-06(1)}
                                                  
I could not locate the file with any of these extensions:
.pdf,.png,.jpg,.mps,.jpeg,.jbig2,.jb2,.PDF,.PNG,.JPG,.JPEG,.JBIG2,.JB2,.eps
Try typing  <return>  to proceed.
If that doesn't work, type  X <return>  to quit.


! LaTeX Error: File `2022_11_03_65aa625ded296bdfd01fg-06(2)' not found.

See the LaTeX manual or LaTeX Companion for explanation.
Type  H <return>  for immediate help.
 ...                                              
                                                  
l.276 ...]{2022_11_03_65aa625ded296bdfd01fg-06(2)}
                                                  
I could not locate the file with any of these extensions:
.pdf,.png,.jpg,.mps,.jpeg,.jbig2,.jb2,.PDF,.PNG,.JPG,.JPEG,.JBIG2,.JB2,.eps
Try typing  <return>  to proceed.
If that doesn't work, type  X <return>  to quit.


! LaTeX Error: File `2022_11_03_65aa625ded296bdfd01fg-06(3)' not found.

See the LaTeX manual or LaTeX Companion for explanation.
Type  H <return>  for immediate help.
 ...                                              
                                                  
l.299 ...]{2022_11_03_65aa625ded296bdfd01fg-06(3)}
                                                  
I could not locate the file with any of these extensions:
.pdf,.png,.jpg,.mps,.jpeg,.jbig2,.jb2,.PDF,.PNG,.JPG,.JPEG,.JBIG2,.JB2,.eps
Try typing  <return>  to proceed.
If that doesn't work, type  X <return>  to quit.


! LaTeX Error: File `2022_11_03_65aa625ded296bdfd01fg-06(4)' not found.

See the LaTeX manual or LaTeX Companion for explanation.
Type  H <return>  for immediate help.
 ...                                              
                                                  
l.303 ...]{2022_11_03_65aa625ded296bdfd01fg-06(4)}
                                                  
I could not locate the file with any of these extensions:
.pdf,.png,.jpg,.mps,.jpeg,.jbig2,.jb2,.PDF,.PNG,.JPG,.JPEG,.JBIG2,.JB2,.eps
Try typing  <return>  to proceed.
If that doesn't work, type  X <return>  to quit.

[8]

! LaTeX Error: File `2022_11_03_65aa625ded296bdfd01fg-06(5)' not found.

See the LaTeX manual or LaTeX Companion for explanation.
Type  H <return>  for immediate help.
 ...                                              
                                                  
l.307 ...]{2022_11_03_65aa625ded296bdfd01fg-06(5)}
                                                  
I could not locate the file with any of these extensions:
.pdf,.png,.jpg,.mps,.jpeg,.jbig2,.jb2,.PDF,.PNG,.JPG,.JPEG,.JBIG2,.JB2,.eps
Try typing  <return>  to proceed.
If that doesn't work, type  X <return>  to quit.


Underfull \hbox (badness 10000) in paragraph at lines 315--316

 []

<./images//2022_11_03_65aa625ded296bdfd01fg-07.jpg, id=33, 262.9825pt x 329.23p
t>
File: ./images//2022_11_03_65aa625ded296bdfd01fg-07.jpg Graphic file (type jpg)

<use ./images//2022_11_03_65aa625ded296bdfd01fg-07.jpg>
Package pdftex.def Info: ./images//2022_11_03_65aa625ded296bdfd01fg-07.jpg  use
d on input line 317.
(pdftex.def)             Requested size: 262.98184pt x 329.22919pt.
[9]
<./images//2022_11_03_65aa625ded296bdfd01fg-07(1).jpg, id=37, 263.98625pt x 265
.99374pt>
File: ./images//2022_11_03_65aa625ded296bdfd01fg-07(1).jpg Graphic file (type j
pg)
<use ./images//2022_11_03_65aa625ded296bdfd01fg-07(1).jpg>
Package pdftex.def Info: ./images//2022_11_03_65aa625ded296bdfd01fg-07(1).jpg  
used on input line 319.
(pdftex.def)             Requested size: 263.9856pt x 265.99309pt.
 [10 <./images//2022_11_03_65aa625ded296bdfd01fg-07.jpg>] [11 <./images//2022_1
1_03_65aa625ded296bdfd01fg-07(1).jpg>]

! LaTeX Error: File `2022_11_03_65aa625ded296bdfd01fg-08' not found.

See the LaTeX manual or LaTeX Companion for explanation.
Type  H <return>  for immediate help.
 ...                                              
                                                  
l.347 ...dth]{2022_11_03_65aa625ded296bdfd01fg-08}
                                                  
I could not locate the file with any of these extensions:
.pdf,.png,.jpg,.mps,.jpeg,.jbig2,.jb2,.PDF,.PNG,.JPG,.JPEG,.JBIG2,.JB2,.eps
Try typing  <return>  to proceed.
If that doesn't work, type  X <return>  to quit.


! LaTeX Error: File `2022_11_03_65aa625ded296bdfd01fg-08(1)' not found.

See the LaTeX manual or LaTeX Companion for explanation.
Type  H <return>  for immediate help.
 ...                                              
                                                  
l.351 ...]{2022_11_03_65aa625ded296bdfd01fg-08(1)}
                                                  
I could not locate the file with any of these extensions:
.pdf,.png,.jpg,.mps,.jpeg,.jbig2,.jb2,.PDF,.PNG,.JPG,.JPEG,.JBIG2,.JB2,.eps
Try typing  <return>  to proceed.
If that doesn't work, type  X <return>  to quit.


! LaTeX Error: File `2022_11_03_65aa625ded296bdfd01fg-08(2)' not found.

See the LaTeX manual or LaTeX Companion for explanation.
Type  H <return>  for immediate help.
 ...                                              
                                                  
l.357 ...]{2022_11_03_65aa625ded296bdfd01fg-08(2)}
                                                  
I could not locate the file with any of these extensions:
.pdf,.png,.jpg,.mps,.jpeg,.jbig2,.jb2,.PDF,.PNG,.JPG,.JPEG,.JBIG2,.JB2,.eps
Try typing  <return>  to proceed.
If that doesn't work, type  X <return>  to quit.


! LaTeX Error: File `2022_11_03_65aa625ded296bdfd01fg-08(3)' not found.

See the LaTeX manual or LaTeX Companion for explanation.
Type  H <return>  for immediate help.
 ...                                              
                                                  
l.361 ...]{2022_11_03_65aa625ded296bdfd01fg-08(3)}
                                                  
I could not locate the file with any of these extensions:
.pdf,.png,.jpg,.mps,.jpeg,.jbig2,.jb2,.PDF,.PNG,.JPG,.JPEG,.JBIG2,.JB2,.eps
Try typing  <return>  to proceed.
If that doesn't work, type  X <return>  to quit.

[12]

! LaTeX Error: File `2022_11_03_65aa625ded296bdfd01fg-09' not found.

See the LaTeX manual or LaTeX Companion for explanation.
Type  H <return>  for immediate help.
 ...                                              
                                                  
l.378 ...dth]{2022_11_03_65aa625ded296bdfd01fg-09}
                                                  
I could not locate the file with any of these extensions:
.pdf,.png,.jpg,.mps,.jpeg,.jbig2,.jb2,.PDF,.PNG,.JPG,.JPEG,.JBIG2,.JB2,.eps
Try typing  <return>  to proceed.
If that doesn't work, type  X <return>  to quit.


! LaTeX Error: File `2022_11_03_65aa625ded296bdfd01fg-09(1)' not found.

See the LaTeX manual or LaTeX Companion for explanation.
Type  H <return>  for immediate help.
 ...                                              
                                                  
l.382 ...]{2022_11_03_65aa625ded296bdfd01fg-09(1)}
                                                  
I could not locate the file with any of these extensions:
.pdf,.png,.jpg,.mps,.jpeg,.jbig2,.jb2,.PDF,.PNG,.JPG,.JPEG,.JBIG2,.JB2,.eps
Try typing  <return>  to proceed.
If that doesn't work, type  X <return>  to quit.


! LaTeX Error: File `2022_11_03_65aa625ded296bdfd01fg-09(2)' not found.

See the LaTeX manual or LaTeX Companion for explanation.
Type  H <return>  for immediate help.
 ...                                              
                                                  
l.389 ...]{2022_11_03_65aa625ded296bdfd01fg-09(2)}
                                                  
I could not locate the file with any of these extensions:
.pdf,.png,.jpg,.mps,.jpeg,.jbig2,.jb2,.PDF,.PNG,.JPG,.JPEG,.JBIG2,.JB2,.eps
Try typing  <return>  to proceed.
If that doesn't work, type  X <return>  to quit.

[13] [14]

! LaTeX Error: File `2022_11_03_65aa625ded296bdfd01fg-11' not found.

See the LaTeX manual or LaTeX Companion for explanation.
Type  H <return>  for immediate help.
 ...                                              
                                                  
l.430 ...dth]{2022_11_03_65aa625ded296bdfd01fg-11}
                                                  
I could not locate the file with any of these extensions:
.pdf,.png,.jpg,.mps,.jpeg,.jbig2,.jb2,.PDF,.PNG,.JPG,.JPEG,.JBIG2,.JB2,.eps
Try typing  <return>  to proceed.
If that doesn't work, type  X <return>  to quit.

[15]

! LaTeX Error: File `2022_11_03_65aa625ded296bdfd01fg-12' not found.

See the LaTeX manual or LaTeX Companion for explanation.
Type  H <return>  for immediate help.
 ...                                              
                                                  
l.443 ...dth]{2022_11_03_65aa625ded296bdfd01fg-12}
                                                  
I could not locate the file with any of these extensions:
.pdf,.png,.jpg,.mps,.jpeg,.jbig2,.jb2,.PDF,.PNG,.JPG,.JPEG,.JBIG2,.JB2,.eps
Try typing  <return>  to proceed.
If that doesn't work, type  X <return>  to quit.


! LaTeX Error: File `2022_11_03_65aa625ded296bdfd01fg-12(1)' not found.

See the LaTeX manual or LaTeX Companion for explanation.
Type  H <return>  for immediate help.
 ...                                              
                                                  
l.454 ...]{2022_11_03_65aa625ded296bdfd01fg-12(1)}
                                                  
I could not locate the file with any of these extensions:
.pdf,.png,.jpg,.mps,.jpeg,.jbig2,.jb2,.PDF,.PNG,.JPG,.JPEG,.JBIG2,.JB2,.eps
Try typing  <return>  to proceed.
If that doesn't work, type  X <return>  to quit.

[16]

! LaTeX Error: File `2022_11_03_65aa625ded296bdfd01fg-13' not found.

See the LaTeX manual or LaTeX Companion for explanation.
Type  H <return>  for immediate help.
 ...                                              
                                                  
l.482 ...dth]{2022_11_03_65aa625ded296bdfd01fg-13}
                                                  
I could not locate the file with any of these extensions:
.pdf,.png,.jpg,.mps,.jpeg,.jbig2,.jb2,.PDF,.PNG,.JPG,.JPEG,.JBIG2,.JB2,.eps
Try typing  <return>  to proceed.
If that doesn't work, type  X <return>  to quit.


! LaTeX Error: File `2022_11_03_65aa625ded296bdfd01fg-13(1)' not found.

See the LaTeX manual or LaTeX Companion for explanation.
Type  H <return>  for immediate help.
 ...                                              
                                                  
l.486 ...]{2022_11_03_65aa625ded296bdfd01fg-13(1)}
                                                  
I could not locate the file with any of these extensions:
.pdf,.png,.jpg,.mps,.jpeg,.jbig2,.jb2,.PDF,.PNG,.JPG,.JPEG,.JBIG2,.JB2,.eps
Try typing  <return>  to proceed.
If that doesn't work, type  X <return>  to quit.

<./images//2022_11_03_65aa625ded296bdfd01fg-14.jpg, id=60, 1308.89pt x 1482.538
76pt>
File: ./images//2022_11_03_65aa625ded296bdfd01fg-14.jpg Graphic file (type jpg)

<use ./images//2022_11_03_65aa625ded296bdfd01fg-14.jpg>
Package pdftex.def Info: ./images//2022_11_03_65aa625ded296bdfd01fg-14.jpg  use
d on input line 493.
(pdftex.def)             Requested size: 1308.88681pt x 1482.53516pt.

Overfull \hbox (14.9968pt too wide) in paragraph at lines 493--494
[][] 
 []

[17] [18 <./images//2022_11_03_65aa625ded296bdfd01fg-14.jpg>] [19]
<./images//2022_11_03_65aa625ded296bdfd01fg-15.jpg, id=74, 424.58624pt x 322.20
375pt>
File: ./images//2022_11_03_65aa625ded296bdfd01fg-15.jpg Graphic file (type jpg)

<use ./images//2022_11_03_65aa625ded296bdfd01fg-15.jpg>
Package pdftex.def Info: ./images//2022_11_03_65aa625ded296bdfd01fg-15.jpg  use
d on input line 522.
(pdftex.def)             Requested size: 424.5852pt x 322.20296pt.

Overfull \hbox (15.01434pt too wide) in paragraph at lines 522--523
[][] 
 []

[20 <./images//2022_11_03_65aa625ded296bdfd01fg-15.jpg>]
<./images//2022_11_03_65aa625ded296bdfd01fg-16.jpg, id=80, 1330.9725pt x 459.71
75pt>
File: ./images//2022_11_03_65aa625ded296bdfd01fg-16.jpg Graphic file (type jpg)

<use ./images//2022_11_03_65aa625ded296bdfd01fg-16.jpg>
Package pdftex.def Info: ./images//2022_11_03_65aa625ded296bdfd01fg-16.jpg  use
d on input line 546.
(pdftex.def)             Requested size: 1330.96925pt x 459.71637pt.

Overfull \hbox (14.98862pt too wide) in paragraph at lines 546--547
[][] 
 []

[21 <./images//2022_11_03_65aa625ded296bdfd01fg-16.jpg>]
<./images//2022_11_03_65aa625ded296bdfd01fg-17.jpg, id=84, 1335.99126pt x 582.1
75pt>
File: ./images//2022_11_03_65aa625ded296bdfd01fg-17.jpg Graphic file (type jpg)

<use ./images//2022_11_03_65aa625ded296bdfd01fg-17.jpg>
Package pdftex.def Info: ./images//2022_11_03_65aa625ded296bdfd01fg-17.jpg  use
d on input line 576.
(pdftex.def)             Requested size: 1335.988pt x 582.17358pt.

Overfull \hbox (14.98482pt too wide) in paragraph at lines 576--577
[][] 
 []


Underfull \hbox (badness 10000) in paragraph at lines 579--580

 []

<./images//2022_11_03_65aa625ded296bdfd01fg-18.jpg, id=85, 1286.8075pt x 517.93
5pt>
File: ./images//2022_11_03_65aa625ded296bdfd01fg-18.jpg Graphic file (type jpg)

<use ./images//2022_11_03_65aa625ded296bdfd01fg-18.jpg>
Package pdftex.def Info: ./images//2022_11_03_65aa625ded296bdfd01fg-18.jpg  use
d on input line 581.
(pdftex.def)             Requested size: 1286.80437pt x 517.93372pt.

Overfull \hbox (14.98828pt too wide) in paragraph at lines 581--582
[][] 
 []

[22 <./images//2022_11_03_65aa625ded296bdfd01fg-17.jpg>] [23 <./images//2022_11
_03_65aa625ded296bdfd01fg-18.jpg>]
<./images//2022_11_03_65aa625ded296bdfd01fg-18(1).jpg, id=93, 772.8875pt x 405.
515pt>
File: ./images//2022_11_03_65aa625ded296bdfd01fg-18(1).jpg Graphic file (type j
pg)
<use ./images//2022_11_03_65aa625ded296bdfd01fg-18(1).jpg>
Package pdftex.def Info: ./images//2022_11_03_65aa625ded296bdfd01fg-18(1).jpg  
used on input line 614.
(pdftex.def)             Requested size: 772.8856pt x 405.51399pt.

Overfull \hbox (15.00114pt too wide) in paragraph at lines 614--615
[][] 
 []

[24 <./images//2022_11_03_65aa625ded296bdfd01fg-18(1).jpg>] [25]
<./images//2022_11_03_65aa625ded296bdfd01fg-20.jpg, id=101, 1009.7725pt x 316.1
8124pt>
File: ./images//2022_11_03_65aa625ded296bdfd01fg-20.jpg Graphic file (type jpg)

<use ./images//2022_11_03_65aa625ded296bdfd01fg-20.jpg>
Package pdftex.def Info: ./images//2022_11_03_65aa625ded296bdfd01fg-20.jpg  use
d on input line 661.
(pdftex.def)             Requested size: 1009.77003pt x 316.18047pt.

Overfull \hbox (14.99756pt too wide) in paragraph at lines 661--662
[][] 
 []

<./images//2022_11_03_65aa625ded296bdfd01fg-20(1).jpg, id=102, 1071.00125pt x 1
158.3275pt>
File: ./images//2022_11_03_65aa625ded296bdfd01fg-20(1).jpg Graphic file (type j
pg)
<use ./images//2022_11_03_65aa625ded296bdfd01fg-20(1).jpg>
Package pdftex.def Info: ./images//2022_11_03_65aa625ded296bdfd01fg-20(1).jpg  
used on input line 666.
(pdftex.def)             Requested size: 1070.99864pt x 1158.32468pt.

Overfull \hbox (14.99896pt too wide) in paragraph at lines 666--667
[][] 
 []

[26 <./images//2022_11_03_65aa625ded296bdfd01fg-20.jpg>] [27 <./images//2022_11
_03_65aa625ded296bdfd01fg-20(1).jpg>]
<./images//2022_11_03_65aa625ded296bdfd01fg-21.jpg, id=109, 1183.42125pt x 843.
15pt>
File: ./images//2022_11_03_65aa625ded296bdfd01fg-21.jpg Graphic file (type jpg)

<use ./images//2022_11_03_65aa625ded296bdfd01fg-21.jpg>
Package pdftex.def Info: ./images//2022_11_03_65aa625ded296bdfd01fg-21.jpg  use
d on input line 687.
(pdftex.def)             Requested size: 1183.41837pt x 843.14793pt.

Overfull \hbox (14.98912pt too wide) in paragraph at lines 687--688
[][] 
 []

[28 <./images//2022_11_03_65aa625ded296bdfd01fg-21.jpg>]
<./images//2022_11_03_65aa625ded296bdfd01fg-22.jpg, id=113, 704.6325pt x 655.44
875pt>
File: ./images//2022_11_03_65aa625ded296bdfd01fg-22.jpg Graphic file (type jpg)

<use ./images//2022_11_03_65aa625ded296bdfd01fg-22.jpg>
Package pdftex.def Info: ./images//2022_11_03_65aa625ded296bdfd01fg-22.jpg  use
d on input line 701.
(pdftex.def)             Requested size: 704.6308pt x 655.44714pt.
 [29 <./images//2022_11_03_65aa625ded296bdfd01fg-22.jpg>]
<./images//2022_11_03_65aa625ded296bdfd01fg-23.jpg, id=117, 204.765pt x 385.44p
t>
File: ./images//2022_11_03_65aa625ded296bdfd01fg-23.jpg Graphic file (type jpg)

<use ./images//2022_11_03_65aa625ded296bdfd01fg-23.jpg>
Package pdftex.def Info: ./images//2022_11_03_65aa625ded296bdfd01fg-23.jpg  use
d on input line 724.
(pdftex.def)             Requested size: 204.76448pt x 385.43906pt.
<./images//2022_11_03_65aa625ded296bdfd01fg-23(1).jpg, id=118, 90.3375pt x 574.
145pt>
File: ./images//2022_11_03_65aa625ded296bdfd01fg-23(1).jpg Graphic file (type j
pg)
<use ./images//2022_11_03_65aa625ded296bdfd01fg-23(1).jpg>
Package pdftex.def Info: ./images//2022_11_03_65aa625ded296bdfd01fg-23(1).jpg  
used on input line 728.
(pdftex.def)             Requested size: 90.33727pt x 574.1436pt.
 [30 <./images//2022_11_03_65aa625ded296bdfd01fg-23.jpg>]
Overfull \vbox (24.1436pt too high) has occurred while \output is active []


[31 <./images//2022_11_03_65aa625ded296bdfd01fg-23(1).jpg>]
<./images//2022_11_03_65aa625ded296bdfd01fg-23(2).jpg, id=126, 197.73875pt x 10
96.095pt>
File: ./images//2022_11_03_65aa625ded296bdfd01fg-23(2).jpg Graphic file (type j
pg)
<use ./images//2022_11_03_65aa625ded296bdfd01fg-23(2).jpg>
Package pdftex.def Info: ./images//2022_11_03_65aa625ded296bdfd01fg-23(2).jpg  
used on input line 734.
(pdftex.def)             Requested size: 197.73827pt x 1096.09233pt.
 [32]
Overfull \vbox (546.09233pt too high) has occurred while \output is active []


[33 <./images//2022_11_03_65aa625ded296bdfd01fg-23(2).jpg>]
<./images//2022_11_03_65aa625ded296bdfd01fg-23(3).jpg, id=133, 806.01125pt x 47
3.77pt>
File: ./images//2022_11_03_65aa625ded296bdfd01fg-23(3).jpg Graphic file (type j
pg)
<use ./images//2022_11_03_65aa625ded296bdfd01fg-23(3).jpg>
Package pdftex.def Info: ./images//2022_11_03_65aa625ded296bdfd01fg-23(3).jpg  
used on input line 742.
(pdftex.def)             Requested size: 806.00928pt x 473.76884pt.
<./images//2022_11_03_65aa625ded296bdfd01fg-23(4).jpg, id=134, 511.9125pt x 435
.6275pt>
File: ./images//2022_11_03_65aa625ded296bdfd01fg-23(4).jpg Graphic file (type j
pg)
<use ./images//2022_11_03_65aa625ded296bdfd01fg-23(4).jpg>
Package pdftex.def Info: ./images//2022_11_03_65aa625ded296bdfd01fg-23(4).jpg  
used on input line 756.
(pdftex.def)             Requested size: 511.91125pt x 435.62643pt.

Overfull \hbox (15.00269pt too wide) in paragraph at lines 756--757
[][] 
 []

[34 <./images//2022_11_03_65aa625ded296bdfd01fg-23(3).jpg>]
<./images//2022_11_03_65aa625ded296bdfd01fg-23(5).jpg, id=138, 350.30875pt x 77
7.90625pt>
File: ./images//2022_11_03_65aa625ded296bdfd01fg-23(5).jpg Graphic file (type j
pg)
<use ./images//2022_11_03_65aa625ded296bdfd01fg-23(5).jpg>
Package pdftex.def Info: ./images//2022_11_03_65aa625ded296bdfd01fg-23(5).jpg  
used on input line 760.
(pdftex.def)             Requested size: 350.30789pt x 777.90434pt.

Overfull \hbox (15.02141pt too wide) in paragraph at lines 760--761
[][] 
 []

[35 <./images//2022_11_03_65aa625ded296bdfd01fg-23(4).jpg>]
Overfull \vbox (216.16502pt too high) has occurred while \output is active []


[36 <./images//2022_11_03_65aa625ded296bdfd01fg-23(5).jpg>] [37] [38] [39]
(2022_11_03_65aa625ded296bdfd01fg.aux) ) 
Here is how much of TeX's memory you used:
 6343 strings out of 475380
 139724 string characters out of 2776771
 438622 words of memory out of 3000000
 27638 multiletter control sequences out of 15000+600000
 482749 words of font info for 73 fonts, out of 8000000 for 9000
 1141 hyphenation exceptions out of 8191
 59i,6n,68p,1458b,222s stack positions out of 10000i,1000n,20000p,200000b,80000s
 <C:\Users\indov\AppData\Local\MiKTeX\f
onts/pk/ljfour/jknappen/ec/dpi600\tcrm1000.pk> <C:\Users\indov\AppData\Local\Mi
KTeX\fonts/pk/ljfour/jknappen/ec/dpi600\ecrm1000.pk> <C:\Users\indov\AppData\Lo
cal\MiKTeX\fonts/pk/ljfour/jknappen/ec/dpi600\ecbx1440.pk> <C:\Users\indov\AppD
ata\Local\MiKTeX\fonts/pk/ljfour/jknappen/ec/dpi600\ecrm1728.pk><C:/Users/indov
/AppData/Local/Programs/MiKTeX/fonts/type1/public/amsfonts/cm/cmex10.pfb><C:/Us
ers/indov/AppData/Local/Programs/MiKTeX/fonts/type1/public/amsfonts/cm/cmmi10.p
fb><C:/Users/indov/AppData/Local/Programs/MiKTeX/fonts/type1/public/amsfonts/cm
/cmmi7.pfb><C:/Users/indov/AppData/Local/Programs/MiKTeX/fonts/type1/public/ams
fonts/cm/cmr10.pfb><C:/Users/indov/AppData/Local/Programs/MiKTeX/fonts/type1/pu
blic/amsfonts/cm/cmr12.pfb><C:/Users/indov/AppData/Local/Programs/MiKTeX/fonts/
type1/public/amsfonts/cm/cmr7.pfb><C:/Users/indov/AppData/Local/Programs/MiKTeX
/fonts/type1/public/amsfonts/cm/cmsy10.pfb><C:/Users/indov/AppData/Local/Progra
ms/MiKTeX/fonts/type1/public/amsfonts/cm/cmsy7.pfb>
Output written on 2022_11_03_65aa625ded296bdfd01fg.pdf (39 pages, 961819 bytes)
.
PDF statistics:
 355 PDF objects out of 1000 (max. 8388607)
 0 named destinations out of 1000 (max. 500000)
 91 words of extra memory for PDF output out of 10000 (max. 10000000)

