This is pdfTeX, Version 3.141592653-2.6-1.40.24 (MiKTeX 22.10) (preloaded format=pdflatex 2022.11.5)  10 NOV 2022 06:43
entering extended mode
 restricted \write18 enabled.
 %&-line parsing enabled.
**./2022_11_10_d6923b5a412978ed01fcg.tex
(2022_11_10_d6923b5a412978ed01fcg.tex
LaTeX2e <2022-06-01> patch level 5
L3 programming layer <2022-10-26>
(C:\Users\indov\AppData\Local\Programs\MiKTeX\tex/latex/base\article.cls
Document Class: article 2021/10/04 v1.4n Standard LaTeX document class
(C:\Users\indov\AppData\Local\Programs\MiKTeX\tex/latex/base\size10.clo
File: size10.clo 2021/10/04 v1.4n Standard LaTeX file (size option)
)
\c@part=\count185
\c@section=\count186
\c@subsection=\count187
\c@subsubsection=\count188
\c@paragraph=\count189
\c@subparagraph=\count190
\c@figure=\count191
\c@table=\count192
\abovecaptionskip=\skip47
\belowcaptionskip=\skip48
\bibindent=\dimen138
)
(C:\Users\indov\AppData\Local\Programs\MiKTeX\tex/latex/base\inputenc.sty
Package: inputenc 2021/02/14 v1.3d Input encoding file
\inpenc@prehook=\toks16
\inpenc@posthook=\toks17
)
(C:\Users\indov\AppData\Local\Programs\MiKTeX\tex/latex/base\fontenc.sty
Package: fontenc 2021/04/29 v2.0v Standard LaTeX package
)
(C:\Users\indov\AppData\Local\Programs\MiKTeX\tex/latex/amsmath\amsmath.sty
Package: amsmath 2022/04/08 v2.17n AMS math features
\@mathmargin=\skip49

For additional information on amsmath, use the `?' option.
(C:\Users\indov\AppData\Local\Programs\MiKTeX\tex/latex/amsmath\amstext.sty
Package: amstext 2021/08/26 v2.01 AMS text

(C:\Users\indov\AppData\Local\Programs\MiKTeX\tex/latex/amsmath\amsgen.sty
File: amsgen.sty 1999/11/30 v2.0 generic functions
\@emptytoks=\toks18
\ex@=\dimen139
))
(C:\Users\indov\AppData\Local\Programs\MiKTeX\tex/latex/amsmath\amsbsy.sty
Package: amsbsy 1999/11/29 v1.2d Bold Symbols
\pmbraise@=\dimen140
)
(C:\Users\indov\AppData\Local\Programs\MiKTeX\tex/latex/amsmath\amsopn.sty
Package: amsopn 2022/04/08 v2.04 operator names
)
\inf@bad=\count193
LaTeX Info: Redefining \frac on input line 234.
\uproot@=\count194
\leftroot@=\count195
LaTeX Info: Redefining \overline on input line 399.
LaTeX Info: Redefining \colon on input line 410.
\classnum@=\count196
\DOTSCASE@=\count197
LaTeX Info: Redefining \ldots on input line 496.
LaTeX Info: Redefining \dots on input line 499.
LaTeX Info: Redefining \cdots on input line 620.
\Mathstrutbox@=\box51
\strutbox@=\box52
LaTeX Info: Redefining \big on input line 722.
LaTeX Info: Redefining \Big on input line 723.
LaTeX Info: Redefining \bigg on input line 724.
LaTeX Info: Redefining \Bigg on input line 725.
\big@size=\dimen141
LaTeX Font Info:    Redeclaring font encoding OML on input line 743.
LaTeX Font Info:    Redeclaring font encoding OMS on input line 744.
\macc@depth=\count198
LaTeX Info: Redefining \bmod on input line 905.
LaTeX Info: Redefining \pmod on input line 910.
LaTeX Info: Redefining \smash on input line 940.
LaTeX Info: Redefining \relbar on input line 970.
LaTeX Info: Redefining \Relbar on input line 971.
\c@MaxMatrixCols=\count199
\dotsspace@=\muskip16
\c@parentequation=\count266
\dspbrk@lvl=\count267
\tag@help=\toks19
\row@=\count268
\column@=\count269
\maxfields@=\count270
\andhelp@=\toks20
\eqnshift@=\dimen142
\alignsep@=\dimen143
\tagshift@=\dimen144
\tagwidth@=\dimen145
\totwidth@=\dimen146
\lineht@=\dimen147
\@envbody=\toks21
\multlinegap=\skip50
\multlinetaggap=\skip51
\mathdisplay@stack=\toks22
LaTeX Info: Redefining \[ on input line 2953.
LaTeX Info: Redefining \] on input line 2954.
)
(C:\Users\indov\AppData\Local\Programs\MiKTeX\tex/latex/amsfonts\amsfonts.sty
Package: amsfonts 2013/01/14 v3.01 Basic AMSFonts support
\symAMSa=\mathgroup4
\symAMSb=\mathgroup5
LaTeX Font Info:    Redeclaring math symbol \hbar on input line 98.
LaTeX Font Info:    Overwriting math alphabet `\mathfrak' in version `bold'
(Font)                  U/euf/m/n --> U/euf/b/n on input line 106.
)
(C:\Users\indov\AppData\Local\Programs\MiKTeX\tex/latex/amsfonts\amssymb.sty
Package: amssymb 2013/01/14 v3.01 AMS font symbols
)
(C:\Users\indov\AppData\Local\Programs\MiKTeX\tex/latex/mhchem\mhchem.sty
Package: mhchem 2021/12/31 v4.09 for typesetting chemical formulae

(C:\Users\indov\AppData\Local\Programs\MiKTeX\tex/latex/l3kernel\expl3.sty
Package: expl3 2022-10-26 L3 programming layer (loader) 

(C:\Users\indov\AppData\Local\Programs\MiKTeX\tex/latex/l3backend\l3backend-pdf
tex.def
File: l3backend-pdftex.def 2022-10-26 L3 backend support: PDF output (pdfTeX)
\l__color_backend_stack_int=\count271
\l__pdf_internal_box=\box53
))
(C:\Users\indov\AppData\Local\Programs\MiKTeX\tex/latex/l3packages/l3keys2e\l3k
eys2e.sty
Package: l3keys2e 2022-06-22 LaTeX2e option processing using LaTeX3 keys
)
(C:\Users\indov\AppData\Local\Programs\MiKTeX\tex/latex/tools\calc.sty
Package: calc 2017/05/25 v4.3 Infix arithmetic (KKT,FJ)
\calc@Acount=\count272
\calc@Bcount=\count273
\calc@Adimen=\dimen148
\calc@Bdimen=\dimen149
\calc@Askip=\skip52
\calc@Bskip=\skip53
LaTeX Info: Redefining \setlength on input line 80.
LaTeX Info: Redefining \addtolength on input line 81.
\calc@Ccount=\count274
\calc@Cskip=\skip54
)
(C:\Users\indov\AppData\Local\Programs\MiKTeX\tex/latex/chemgreek\chemgreek.sty

(C:\Users\indov\AppData\Local\Programs\MiKTeX\tex/latex/l3packages/xparse\xpars
e.sty
Package: xparse 2022-06-22 L3 Experimental document command parser
)
Package: chemgreek 2020/01/16 v1.1a interface for upright Greek letters for use
 in chemistry (CN)
\l__chemgreek_tmpa_int=\count275
\g__chemgreek_tmpa_int=\count276
)
(C:\Users\indov\AppData\Local\Programs\MiKTeX\tex/latex/graphics\graphics.sty
Package: graphics 2022/03/10 v1.4e Standard LaTeX Graphics (DPC,SPQR)

(C:\Users\indov\AppData\Local\Programs\MiKTeX\tex/latex/graphics\trig.sty
Package: trig 2021/08/11 v1.11 sin cos tan (DPC)
)
(C:\Users\indov\AppData\Local\Programs\MiKTeX\tex/latex/graphics-cfg\graphics.c
fg
File: graphics.cfg 2016/06/04 v1.11 sample graphics configuration
)
Package graphics Info: Driver file: pdftex.def on input line 107.

(C:\Users\indov\AppData\Local\Programs\MiKTeX\tex/latex/graphics-def\pdftex.def
File: pdftex.def 2022/09/22 v1.2b Graphics/color driver for pdftex
\stockwidth=\dimen150
\stockheight=\dimen151
))
\l__mhchem_ce_distanceFromLastComma_int=\count277
\__mhchem_arrow_extPgfLength_skip=\skip55
\mhchem@minispace@tmp=\skip56
\mhchem@minibackspace@tmp=\skip57
\mhchem@bondwidth=\skip58
\mhchem@bondheight=\skip59
\mhchem@smallbondwidth@tmpA=\skip60
\mhchem@smallbondwidth@tmpB=\skip61
\mhchem@smallbondwidth=\skip62
\mhchem@bondtmp@minussidebearingleft=\skip63
\mhchem@bondtmp@minussidebearingright=\skip64
\l__mhchem_option_version_int=\count278
\mhchem@option@minusmathsidebearingleft=\dimen152
\mhchem@option@minusmathsidebearingright=\dimen153
\mhchem@option@minustextsidebearingleft=\dimen154
\mhchem@option@minustextsidebearingright=\dimen155
)
(C:\Users\indov\AppData\Local\Programs\MiKTeX\tex/latex/stmaryrd\stmaryrd.sty
Package: stmaryrd 1994/03/03 St Mary's Road symbol package
\symstmry=\mathgroup6
LaTeX Font Info:    Overwriting symbol font `stmry' in version `bold'
(Font)                  U/stmry/m/n --> U/stmry/b/n on input line 89.
)
(C:\Users\indov\AppData\Local\Programs\MiKTeX\tex/latex/graphics\graphicx.sty
Package: graphicx 2021/09/16 v1.2d Enhanced LaTeX Graphics (DPC,SPQR)

(C:\Users\indov\AppData\Local\Programs\MiKTeX\tex/latex/graphics\keyval.sty
Package: keyval 2022/05/29 v1.15 key=value parser (DPC)
\KV@toks@=\toks23
)
\Gin@req@height=\dimen156
\Gin@req@width=\dimen157
)
(C:\Users\indov\AppData\Local\Programs\MiKTeX\tex/latex/adjustbox\adjustbox.sty
Package: adjustbox 2022/10/17 v1.3a Adjusting TeX boxes (trim, clip, ...)
(C:\Users\indov\AppData\Local\Programs\MiKTeX\tex/latex/xkeyval\xkeyval.sty
Package: xkeyval 2022/06/16 v2.9 package option processing (HA)

(C:\Users\indov\AppData\Local\Programs\MiKTeX\tex/generic/xkeyval\xkeyval.tex
(C:\Users\indov\AppData\Local\Programs\MiKTeX\tex/generic/xkeyval\xkvutils.tex
\XKV@toks=\toks24
\XKV@tempa@toks=\toks25
)
\XKV@depth=\count279
File: xkeyval.tex 2014/12/03 v2.7a key=value parser (HA)
))
(C:\Users\indov\AppData\Local\Programs\MiKTeX\tex/latex/adjustbox\adjcalc.sty
Package: adjcalc 2012/05/16 v1.1 Provides advanced setlength with multiple back
-ends (calc, etex, pgfmath)
)
(C:\Users\indov\AppData\Local\Programs\MiKTeX\tex/latex/adjustbox\trimclip.sty
Package: trimclip 2020/08/19 v1.2 Trim and clip general TeX material

(C:\Users\indov\AppData\Local\Programs\MiKTeX\tex/latex/collectbox\collectbox.s
ty
Package: collectbox 2022/10/17 v0.4c Collect macro arguments as boxes
\collectedbox=\box54
)
\tc@llx=\dimen158
\tc@lly=\dimen159
\tc@urx=\dimen160
\tc@ury=\dimen161
Package trimclip Info: Using driver 'tc-pdftex.def'.

(C:\Users\indov\AppData\Local\Programs\MiKTeX\tex/latex/adjustbox\tc-pdftex.def
File: tc-pdftex.def 2019/01/04 v2.2 Clipping driver for pdftex
))
\adjbox@Width=\dimen162
\adjbox@Height=\dimen163
\adjbox@Depth=\dimen164
\adjbox@Totalheight=\dimen165
\adjbox@pwidth=\dimen166
\adjbox@pheight=\dimen167
\adjbox@pdepth=\dimen168
\adjbox@ptotalheight=\dimen169

(C:\Users\indov\AppData\Local\Programs\MiKTeX\tex/latex/ifoddpage\ifoddpage.sty
Package: ifoddpage 2022/10/18 v1.2 Conditionals for odd/even page detection
\c@checkoddpage=\count280
) (C:\Users\indov\AppData\Local\Programs\MiKTeX\tex/latex/varwidth\varwidth.sty
Package: varwidth 2009/03/30 ver 0.92;  Variable-width minipages
\@vwid@box=\box55
\sift@deathcycles=\count281
\@vwid@loff=\dimen170
\@vwid@roff=\dimen171
))
(C:\Users\indov\AppData\Local\Programs\MiKTeX\tex/latex/hyperref\hyperref.sty
Package: hyperref 2022-09-22 v7.00t Hypertext links for LaTeX

(C:\Users\indov\AppData\Local\Programs\MiKTeX\tex/generic/ltxcmds\ltxcmds.sty
Package: ltxcmds 2020-05-10 v1.25 LaTeX kernel commands for general use (HO)
)
(C:\Users\indov\AppData\Local\Programs\MiKTeX\tex/generic/iftex\iftex.sty
Package: iftex 2022/02/03 v1.0f TeX engine tests
)
(C:\Users\indov\AppData\Local\Programs\MiKTeX\tex/generic/pdftexcmds\pdftexcmds
.sty
Package: pdftexcmds 2020-06-27 v0.33 Utility functions of pdfTeX for LuaTeX (HO
)

(C:\Users\indov\AppData\Local\Programs\MiKTeX\tex/generic/infwarerr\infwarerr.s
ty
Package: infwarerr 2019/12/03 v1.5 Providing info/warning/error messages (HO)
)
Package pdftexcmds Info: \pdf@primitive is available.
Package pdftexcmds Info: \pdf@ifprimitive is available.
Package pdftexcmds Info: \pdfdraftmode found.
)
(C:\Users\indov\AppData\Local\Programs\MiKTeX\tex/latex/kvsetkeys\kvsetkeys.sty
Package: kvsetkeys 2022-10-05 v1.19 Key value parser (HO)
)
(C:\Users\indov\AppData\Local\Programs\MiKTeX\tex/generic/kvdefinekeys\kvdefine
keys.sty
Package: kvdefinekeys 2019-12-19 v1.6 Define keys (HO)
)
(C:\Users\indov\AppData\Local\Programs\MiKTeX\tex/generic/pdfescape\pdfescape.s
ty
Package: pdfescape 2019/12/09 v1.15 Implements pdfTeX's escape features (HO)
) (C:\Users\indov\AppData\Local\Programs\MiKTeX\tex/latex/hycolor\hycolor.sty
Package: hycolor 2020-01-27 v1.10 Color options for hyperref/bookmark (HO)
)
(C:\Users\indov\AppData\Local\Programs\MiKTeX\tex/latex/letltxmacro\letltxmacro
.sty
Package: letltxmacro 2019/12/03 v1.6 Let assignment for LaTeX macros (HO)
)
(C:\Users\indov\AppData\Local\Programs\MiKTeX\tex/latex/auxhook\auxhook.sty
Package: auxhook 2019-12-17 v1.6 Hooks for auxiliary files (HO)
)
(C:\Users\indov\AppData\Local\Programs\MiKTeX\tex/latex/hyperref\nameref.sty
Package: nameref 2022-05-17 v2.50 Cross-referencing by name of section

(C:\Users\indov\AppData\Local\Programs\MiKTeX\tex/latex/refcount\refcount.sty
Package: refcount 2019/12/15 v3.6 Data extraction from label references (HO)
)
(C:\Users\indov\AppData\Local\Programs\MiKTeX\tex/generic/gettitlestring\gettit
lestring.sty
Package: gettitlestring 2019/12/15 v1.6 Cleanup title references (HO)

(C:\Users\indov\AppData\Local\Programs\MiKTeX\tex/latex/kvoptions\kvoptions.sty
Package: kvoptions 2022-06-15 v3.15 Key value format for package options (HO)
))
\c@section@level=\count282
)
\@linkdim=\dimen172
\Hy@linkcounter=\count283
\Hy@pagecounter=\count284
 (C:\Users\indov\AppData\Local\Programs\MiKTeX\tex/latex/hyperref\pd1enc.def
File: pd1enc.def 2022-09-22 v7.00t Hyperref: PDFDocEncoding definition (HO)
Now handling font encoding PD1 ...
... no UTF-8 mapping file for font encoding PD1
) (C:\Users\indov\AppData\Local\Programs\MiKTeX\tex/generic/intcalc\intcalc.sty
Package: intcalc 2019/12/15 v1.3 Expandable calculations with integers (HO)
)
(C:\Users\indov\AppData\Local\Programs\MiKTeX\tex/generic/etexcmds\etexcmds.sty
Package: etexcmds 2019/12/15 v1.7 Avoid name clashes with e-TeX commands (HO)
)
\Hy@SavedSpaceFactor=\count285
 (C:\Users\indov\AppData\Local\Programs\MiKTeX\tex/latex/hyperref\puenc.def
File: puenc.def 2022-09-22 v7.00t Hyperref: PDF Unicode definition (HO)
Now handling font encoding PU ...
... no UTF-8 mapping file for font encoding PU
)
Package hyperref Info: Hyper figures OFF on input line 4162.
Package hyperref Info: Link nesting OFF on input line 4167.
Package hyperref Info: Hyper index ON on input line 4170.
Package hyperref Info: Plain pages OFF on input line 4177.
Package hyperref Info: Backreferencing OFF on input line 4182.
Package hyperref Info: Implicit mode ON; LaTeX internals redefined.
Package hyperref Info: Bookmarks ON on input line 4410.
\c@Hy@tempcnt=\count286

(C:\Users\indov\AppData\Local\Programs\MiKTeX\tex/latex/url\url.sty
\Urlmuskip=\muskip17
Package: url 2013/09/16  ver 3.4  Verb mode for urls, etc.
)
LaTeX Info: Redefining \url on input line 4748.
\XeTeXLinkMargin=\dimen173

(C:\Users\indov\AppData\Local\Programs\MiKTeX\tex/generic/bitset\bitset.sty
Package: bitset 2019/12/09 v1.3 Handle bit-vector datatype (HO)

(C:\Users\indov\AppData\Local\Programs\MiKTeX\tex/generic/bigintcalc\bigintcalc
.sty
Package: bigintcalc 2019/12/15 v1.5 Expandable calculations on big integers (HO
)
))
\Fld@menulength=\count287
\Field@Width=\dimen174
\Fld@charsize=\dimen175
Package hyperref Info: Hyper figures OFF on input line 6027.
Package hyperref Info: Link nesting OFF on input line 6032.
Package hyperref Info: Hyper index ON on input line 6035.
Package hyperref Info: backreferencing OFF on input line 6042.
Package hyperref Info: Link coloring OFF on input line 6047.
Package hyperref Info: Link coloring with OCG OFF on input line 6052.
Package hyperref Info: PDF/A mode OFF on input line 6057.

(C:\Users\indov\AppData\Local\Programs\MiKTeX\tex/latex/base\atbegshi-ltx.sty
Package: atbegshi-ltx 2021/01/10 v1.0c Emulation of the original atbegshi
package with kernel methods
)
\Hy@abspage=\count288
\c@Item=\count289
\c@Hfootnote=\count290
)
Package hyperref Info: Driver (autodetected): hpdftex.
(C:\Users\indov\AppData\Local\Programs\MiKTeX\tex/latex/hyperref\hpdftex.def
File: hpdftex.def 2022-09-22 v7.00t Hyperref driver for pdfTeX

(C:\Users\indov\AppData\Local\Programs\MiKTeX\tex/latex/base\atveryend-ltx.sty
Package: atveryend-ltx 2020/08/19 v1.0a Emulation of the original atveryend pac
kage
with kernel methods
)
\Fld@listcount=\count291
\c@bookmark@seq@number=\count292

(C:\Users\indov\AppData\Local\Programs\MiKTeX\tex/latex/rerunfilecheck\rerunfil
echeck.sty
Package: rerunfilecheck 2022-07-10 v1.10 Rerun checks for auxiliary files (HO)

(C:\Users\indov\AppData\Local\Programs\MiKTeX\tex/generic/uniquecounter\uniquec
ounter.sty
Package: uniquecounter 2019/12/15 v1.4 Provide unlimited unique counter (HO)
)
Package uniquecounter Info: New unique counter `rerunfilecheck' on input line 2
85.
)
\Hy@SectionHShift=\skip65
)
Package hyperref Info: Option `colorlinks' set `true' on input line 13.
   defining Unicode char U+0131 (decimal 305)

No file 2022_11_10_d6923b5a412978ed01fcg.aux.
\openout1 = `2022_11_10_d6923b5a412978ed01fcg.aux'.

LaTeX Font Info:    Checking defaults for OML/cmm/m/it on input line 24.
LaTeX Font Info:    ... okay on input line 24.
LaTeX Font Info:    Checking defaults for OMS/cmsy/m/n on input line 24.
LaTeX Font Info:    ... okay on input line 24.
LaTeX Font Info:    Checking defaults for OT1/cmr/m/n on input line 24.
LaTeX Font Info:    ... okay on input line 24.
LaTeX Font Info:    Checking defaults for T1/cmr/m/n on input line 24.
LaTeX Font Info:    ... okay on input line 24.
LaTeX Font Info:    Checking defaults for TS1/cmr/m/n on input line 24.
LaTeX Font Info:    ... okay on input line 24.
LaTeX Font Info:    Checking defaults for OMX/cmex/m/n on input line 24.
LaTeX Font Info:    ... okay on input line 24.
LaTeX Font Info:    Checking defaults for U/cmr/m/n on input line 24.
LaTeX Font Info:    ... okay on input line 24.
LaTeX Font Info:    Checking defaults for PD1/pdf/m/n on input line 24.
LaTeX Font Info:    ... okay on input line 24.
LaTeX Font Info:    Checking defaults for PU/pdf/m/n on input line 24.
LaTeX Font Info:    ... okay on input line 24.

Package chemgreek Info: Activating mapping `default' on line 24.


(C:\Users\indov\AppData\Local\Programs\MiKTeX\tex/context/base/mkii\supp-pdf.mk
ii
[Loading MPS to PDF converter (version 2006.09.02).]
\scratchcounter=\count293
\scratchdimen=\dimen176
\scratchbox=\box56
\nofMPsegments=\count294
\nofMParguments=\count295
\everyMPshowfont=\toks26
\MPscratchCnt=\count296
\MPscratchDim=\dimen177
\MPnumerator=\count297
\makeMPintoPDFobject=\count298
\everyMPtoPDFconversion=\toks27
)
(C:\Users\indov\AppData\Local\Programs\MiKTeX\tex/latex/epstopdf-pkg\epstopdf-b
ase.sty
Package: epstopdf-base 2020-01-24 v2.11 Base part for package epstopdf
Package epstopdf-base Info: Redefining graphics rule for `.eps' on input line 4
85.

(C:\Users\indov\AppData\Local\Programs\MiKTeX\tex/latex/00miktex\epstopdf-sys.c
fg
File: epstopdf-sys.cfg 2021/03/18 v2.0 Configuration of epstopdf for MiKTeX
)) (C:\Users\indov\AppData\Local\Programs\MiKTeX\tex/latex/graphics\color.sty
Package: color 2022/01/06 v1.3d Standard LaTeX Color (DPC)
(C:\Users\indov\AppData\Local\Programs\MiKTeX\tex/latex/graphics-cfg\color.cfg
File: color.cfg 2016/01/02 v1.6 sample color configuration
)
Package color Info: Driver file: pdftex.def on input line 149.
(C:\Users\indov\AppData\Local\Programs\MiKTeX\tex/latex/graphics\mathcolor.ltx)
)
Package hyperref Info: Link coloring ON on input line 24.
\@outlinefile=\write3
\openout3 = `2022_11_10_d6923b5a412978ed01fcg.out'.

LaTeX Font Info:    Trying to load font information for U+msa on input line 26.

 (C:\Users\indov\AppData\Local\Programs\MiKTeX\tex/latex/amsfonts\umsa.fd
File: umsa.fd 2013/01/14 v3.01 AMS symbols A
)
LaTeX Font Info:    Trying to load font information for U+msb on input line 26.


(C:\Users\indov\AppData\Local\Programs\MiKTeX\tex/latex/amsfonts\umsb.fd
File: umsb.fd 2013/01/14 v3.01 AMS symbols B
)
LaTeX Font Info:    Trying to load font information for U+stmry on input line 2
6.

(C:\Users\indov\AppData\Local\Programs\MiKTeX\tex/latex/stmaryrd\ustmry.fd)
[1

{C:/Users/indov/AppData/Local/MiKTeX/fonts/map/pdftex/pdftex.map}] [2]
[3] [4] [5] [6]
Overfull \hbox (19.35913pt too wide) in paragraph at lines 399--400
[]\T1/cmr/m/n/10 Reference: Na-tional Pri-mary Drink-ing Wa-ter Reg-u-la-tions 
Sub-part L-Disinfectant
 []


Overfull \hbox (22.3584pt too wide) in paragraph at lines 409--410
[]\T1/cmr/m/n/10 Reference: Na-tional Pri-mary Drink-ing Wa-ter Reg-u-la-tions,
 Sub-part L-Disinfectant
 []


Overfull \hbox (22.3584pt too wide) in paragraph at lines 416--417
[]\T1/cmr/m/n/10 Reference: Na-tional Pri-mary Drink-ing Wa-ter Reg-u-la-tions,
 Sub-part L-Disinfectant
 []

[7] [8] [9] [10] [11] [12] [13] [14] [15] [16] [17] [18] [19] [20] [21]
[22] [23] [24] [25] [26] [27] [28] [29] [30] [31] [32] [33] [34] [35] [36]
Overfull \hbox (1.05804pt too wide) in paragraph at lines 2299--2300
[]\T1/cmr/m/n/10 Reference: Na-tional Pri-mary Drink-ing Wa-ter Reg-u-la-tions,
 Sub-part E-Special
 []


Overfull \hbox (15.42953pt too wide) in paragraph at lines 2313--2314
[]\T1/cmr/m/n/10 Reference: Na-tional Pri-mary Drink-ing Wa-ter Reg-u-la-tions,
 Sub-part G-Maximum
 []

[37] [38] [39]
Overfull \hbox (10.7829pt too wide) in paragraph at lines 2521--2522
[]\T1/cmr/m/n/10 Equation: Pipe vol-ume, gal $\OT1/cmr/m/n/10 = (0\OML/cmm/m/it
/10 :\OT1/cmr/m/n/10 785)([][])[]($ \T1/cmr/m/n/10 Length, $[]\OT1/cmr/m/n/10 )
 []$ 
 []

[40]
Overfull \hbox (14.12291pt too wide) in paragraph at lines 2532--2533
[]\T1/cmr/m/n/10 First, con-vert gpm to gal per hour (gph): $\OT1/cmr/m/n/10 (2
\OML/cmm/m/it/10 ; \OT1/cmr/m/n/10 105[])(60[]\OML/cmm/m/it/10 =[]\OT1/cmr/m/n/
10 ) = 126\OML/cmm/m/it/10 ; \OT1/cmr/m/n/10 300[]$ 
 []

[41]
Overfull \hbox (17.02547pt too wide) in paragraph at lines 2620--2621
[]\T1/cmr/m/n/10 Equation: Pumped, gal/day $\OT1/cmr/m/n/10 = []$ 
 []

[42]
<2022_11_10_d6923b5a412978ed01fcg-36.jpg, id=587, 1276.77pt x 120.45pt>
File: 2022_11_10_d6923b5a412978ed01fcg-36.jpg Graphic file (type jpg)
<use 2022_11_10_d6923b5a412978ed01fcg-36.jpg>
Package pdftex.def Info: 2022_11_10_d6923b5a412978ed01fcg-36.jpg  used on input
 line 2738.
(pdftex.def)             Requested size: 1276.76689pt x 120.44969pt.

Overfull \hbox (14.98578pt too wide) in paragraph at lines 2738--2739
[][] 
 []

[43 <./2022_11_10_d6923b5a412978ed01fcg-36.jpg>]
Overfull \hbox (10.7829pt too wide) in paragraph at lines 2770--2771
[]\T1/cmr/m/n/10 Equation: Pipe vol-ume, gal $\OT1/cmr/m/n/10 = (0\OML/cmm/m/it
/10 :\OT1/cmr/m/n/10 785)([][])[]($ \T1/cmr/m/n/10 Length, $[]\OT1/cmr/m/n/10 )
 []$ 
 []


Overfull \hbox (13.17824pt too wide) in paragraph at lines 2788--2789
[]\T1/cmr/m/n/10 Substitute known val-ues and solve: $[] \OT1/cmr/m/n/10 = [] =
 0\OML/cmm/m/it/10 :\OT1/cmr/m/n/10 61632[]$ 
 []

[44] [45] [46]
Overfull \hbox (2.15857pt too wide) in paragraph at lines 3028--3029
[]\T1/cmr/m/n/10 Sodium hypochlo-rite, gal $\OT1/cmr/m/n/10 = [] = 677\OML/cmm/
m/it/10 :\OT1/cmr/m/n/10 95[]$\T1/cmr/m/n/10 , round to $\OT1/cmr/m/n/10 678[]$
 
 []


Overfull \hbox (12.79767pt too wide) detected at line 3088
[][]
 []

[47]
Overfull \hbox (4.22157pt too wide) in paragraph at lines 3153--3154
[]\T1/cmr/m/n/10 Gallons per capita per day $\OT1/cmr/m/n/10 ([]) =$ \T1/cmr/m/
n/10 Vol-ume gal/day $\OMS/cmsy/m/n/10 ^^D$ \T1/cmr/m/n/10 Pop-u-la-tion served
/day 
 []

[48]
Overfull \hbox (69.78128pt too wide) detected at line 3230
[][]
 []

[49]
Overfull \hbox (8.65207pt too wide) detected at line 3295
[][]
 []

[50] [51]
Overfull \hbox (13.93095pt too wide) in paragraph at lines 3429--3430
[]\T1/cmr/m/n/10 Vol., in gal for $\OT1/cmr/m/n/10 10\OML/cmm/m/it/10 :\OT1/cmr
/m/n/10 0$\T1/cmr/m/n/10 -inch cas-ing $\OT1/cmr/m/n/10 = (0\OML/cmm/m/it/10 :\
OT1/cmr/m/n/10 785)(0\OML/cmm/m/it/10 :\OT1/cmr/m/n/10 833[])(0\OML/cmm/m/it/10
 :\OT1/cmr/m/n/10 833[])(118\OML/cmm/m/it/10 :\OT1/cmr/m/n/10 6[]) []$ 
 []


Overfull \hbox (9.74171pt too wide) in paragraph at lines 3459--3460
[]\T1/cmr/m/n/10 Equation: Cost, month $\OT1/cmr/m/n/10 = ([])([]\OML/cmm/m/it/
10 =$ \T1/cmr/m/n/10 day $\OT1/cmr/m/n/10 )(#$ \T1/cmr/m/n/10 days $\OT1/cmr/m/
n/10 )(0\OML/cmm/m/it/10 :\OT1/cmr/m/n/10 746[]\OML/cmm/m/it/10 =[]\OT1/cmr/m/n
/10 )([]\OML/cmm/m/it/10 =[] \OMS/cmsy/m/n/10 ^^@
 []

[52] [53]
Overfull \hbox (11.35844pt too wide) in paragraph at lines 3584--3585
[]\T1/cmr/m/n/10 Vol., gal in tank $\OT1/cmr/m/n/10 = (0\OML/cmm/m/it/10 :\OT1/
cmr/m/n/10 785)(99\OML/cmm/m/it/10 :\OT1/cmr/m/n/10 8[])(99\OML/cmm/m/it/10 :\O
T1/cmr/m/n/10 8[])(26\OML/cmm/m/it/10 :\OT1/cmr/m/n/10 48[]) [] = 1\OML/cmm/m/i
t/10 ; \OT1/cmr/m/n/10 548\OML/cmm/m/it/10 ; \OT1/cmr/m/n/10 639[]$ 
 []

[54]
Overfull \hbox (3.61365pt too wide) in paragraph at lines 3688--3689
[]\T1/cmr/m/n/10 Number of $[] \OT1/cmr/m/n/10 = (988\OML/cmm/m/it/10 ; \OT1/cm
r/m/n/10 000[]\OML/cmm/m/it/10 =\OT1/cmr/m/n/10 24[]) [] (1[]\OML/cmm/m/it/10 =
\OT1/cmr/m/n/10 3\OML/cmm/m/it/10 ; \OT1/cmr/m/n/10 600[]) = 1\OML/cmm/m/it/10 
:\OT1/cmr/m/n/10 5288[]$
 []

[55]
Overfull \hbox (28.3064pt too wide) in paragraph at lines 3715--3716
[]\T1/cmr/m/n/10 Equation: Vol-ume, gal $\OT1/cmr/m/n/10 = (0\OML/cmm/m/it/10 :
\OT1/cmr/m/n/10 785)([][])[]($ \T1/cmr/m/n/10 Level drop, $[]\OT1/cmr/m/n/10 ) 
[]$ 
 []

[56]
Overfull \hbox (24.14238pt too wide) in paragraph at lines 3807--3808
[]$[]$ \T1/cmr/m/n/10 so-lu-tion, gal $\OT1/cmr/m/n/10 = [($ \T1/cmr/m/n/10 Chl
o-rine, $[]\OT1/cmr/m/n/10 )(100%)] \OMS/cmsy/m/n/10 ^^D \OT1/cmr/m/n/10 [([]\O
ML/cmm/m/it/10 ; []=[]\OT1/cmr/m/n/10 )([]\OML/cmm/m/it/10 ; \OT1/cmr/m/n/10 %)
]$ 
 []


Overfull \hbox (2.55081pt too wide) in paragraph at lines 3822--3823
[]\T1/cmr/m/n/10 Number of mil gal $\OT1/cmr/m/n/10 = [] \OMS/cmsy/m/n/10 ^^D \
OT1/cmr/m/n/10 1\OML/cmm/m/it/10 ; \OT1/cmr/m/n/10 000\OML/cmm/m/it/10 ; \OT1/c
mr/m/n/10 000$ 
 []

[57]
Overfull \hbox (7.37305pt too wide) in paragraph at lines 3892--3893
[]\T1/cmr/m/n/10 Soda ash, $[] \OT1/cmr/m/n/10 = (124\OML/cmm/m/it/10 :\OT1/cmr
/m/n/10 5[]\OML/cmm/m/it/10 =[]\OT1/cmr/m/n/10 )(1\OML/cmm/m/it/10 ; \OT1/cmr/m
/n/10 440[]\OML/cmm/m/it/10 =$ \T1/cmr/m/n/10 day $\OT1/cmr/m/n/10 )(1[]\OML/cm
m/m/it/10 =\OT1/cmr/m/n/10 454[]) = 394\OML/cmm/m/it/10 :\OT1/cmr/m/n/10 89[]$ 

 []


Overfull \hbox (9.00824pt too wide) in paragraph at lines 3902--3903
[]\T1/cmr/m/n/10 Dosage, $[]\OML/cmm/m/it/10 =\OT1/cmr/m/n/10 L = 394\OML/cmm/m
/it/10 :\OT1/cmr/m/n/10 89[]$\T1/cmr/m/n/10 , Soda ash $\OMS/cmsy/m/n/10 ^^D\OT
1/cmr/m/n/10 [(4\OML/cmm/m/it/10 :\OT1/cmr/m/n/10 428[][])(8\OML/cmm/m/it/10 :\
OT1/cmr/m/n/10 34[]\OML/cmm/m/it/10 =[]\OT1/cmr/m/n/10 )] = 10\OML/cmm/m/it/10 
:\OT1/cmr/m/n/10 69[]\OML/cmm/m/it/10 =\OT1/cmr/m/n/10 L$ 
 []

[58]
Overfull \hbox (20.1629pt too wide) in paragraph at lines 4020--4021
[]\T1/cmr/m/n/10 Equation: C Fac-tor $\OT1/cmr/m/n/10 =$ \T1/cmr/m/n/10 Flow, g
pm $\OMS/cmsy/m/n/10 ^^D\OT1/cmr/m/n/10 (193\OML/cmm/m/it/10 :\OT1/cmr/m/n/10 7
5)([][])[]([][])[]$ 
 []

[59]
Overfull \hbox (35.4461pt too wide) in paragraph at lines 4061--4062
[]\T1/cmr/m/n/10 Area of cone (to-tal sur-face area) $\OT1/cmr/m/n/10 = (\OML/c
mm/m/it/10 ^^Y\OT1/cmr/m/n/10 )($ \T1/cmr/m/n/10 Ra-dius $\OT1/cmr/m/n/10 ) []$
 \T1/cmr/m/n/10 Ra-dius $[]$ 
 []


Overfull \hbox (58.98991pt too wide) in paragraph at lines 4077--4078
[]\T1/cmr/m/n/10 Chemical feed pump set-ting, $[]\OML/cmm/m/it/10 =[] \OT1/cmr/
m/n/10 = []$ 
 []

[60]
Overfull \hbox (17.43205pt too wide) in paragraph at lines 4109--4110
[]\T1/cmr/m/n/10 Horsepower, Mo-tor $\OT1/cmr/m/n/10 ([]) = []$
 []


Overfull \hbox (7.07358pt too wide) in paragraph at lines 4141--4142
[]\T1/cmr/m/n/10 Specific Grav-ity $\OT1/cmr/m/n/10 = []$ \T1/cmr/m/n/10 Sur-fa
ce load-ing rate/Surface
 []

[61]
Overfull \hbox (7.25807pt too wide) in paragraph at lines 4163--4164
[]\T1/cmr/m/n/10 Wire-to-water ef-fi-ciency, $\OT1/cmr/m/n/10 % = []$ 
 []


Overfull \hbox (355.89673pt too wide) in paragraph at lines 4166--4189
[] 
 []

<2022_11_10_d6923b5a412978ed01fcg-59.jpg, id=725, 1509.64pt x 1050.92625pt>
File: 2022_11_10_d6923b5a412978ed01fcg-59.jpg Graphic file (type jpg)
<use 2022_11_10_d6923b5a412978ed01fcg-59.jpg>
Package pdftex.def Info: 2022_11_10_d6923b5a412978ed01fcg-59.jpg  used on input
 line 4191.
(pdftex.def)             Requested size: 1509.63634pt x 1050.9237pt.
[62] [63 <./2022_11_10_d6923b5a412978ed01fcg-59.jpg>]
<2022_11_10_d6923b5a412978ed01fcg-61.jpg, id=737, 1654.18pt x 1994.45125pt>
File: 2022_11_10_d6923b5a412978ed01fcg-61.jpg Graphic file (type jpg)
<use 2022_11_10_d6923b5a412978ed01fcg-61.jpg>
Package pdftex.def Info: 2022_11_10_d6923b5a412978ed01fcg-61.jpg  used on input
 line 4199.
(pdftex.def)             Requested size: 1654.17596pt x 1994.4464pt.
<2022_11_10_d6923b5a412978ed01fcg-62.jpg, id=738, 1662.21pt x 2078.76625pt>
File: 2022_11_10_d6923b5a412978ed01fcg-62.jpg Graphic file (type jpg)
<use 2022_11_10_d6923b5a412978ed01fcg-62.jpg>
Package pdftex.def Info: 2022_11_10_d6923b5a412978ed01fcg-62.jpg  used on input
 line 4201.
(pdftex.def)             Requested size: 1662.20596pt x 2078.7612pt.

Overfull \hbox (14.99092pt too wide) in paragraph at lines 4201--4202
[][] 
 []

[64 <./2022_11_10_d6923b5a412978ed01fcg-61.jpg>]
Overfull \hbox (6.38531pt too wide) in paragraph at lines 4204--4205
\T1/cmr/m/n/10 The fol-low-ing items are all avail-able from the AWWA Book-stor
e : [][]www.awwa.org/[][]
 []

[65 <./2022_11_10_d6923b5a412978ed01fcg-62.jpg>]
Overfull \hbox (2.699pt too wide) in paragraph at lines 4256--4257
[]\T1/cmr/m/n/10 Disinfection By-Products: Re-cent Re-search Raises Con-cern .2
 CEUs EL105 
 []

[66]
Overfull \hbox (2.699pt too wide) in paragraph at lines 4262--4263
[]\T1/cmr/m/n/10 Inorganic Treat-ment: Avoid-ing In-ad-ver-tent Non-com-pli-anc
e .2 CEUs EL102 
 []

[67]
Overfull \hbox (30.46753pt too wide) in paragraph at lines 4318--4319
[]\T1/cmr/m/n/10 For com-plete course de-scrip-tions and out-lines, please visi
t [][]www.awwa.org/elearning[][].
 []

[68] (2022_11_10_d6923b5a412978ed01fcg.aux)

Package rerunfilecheck Warning: File `2022_11_10_d6923b5a412978ed01fcg.out' has
 changed.
(rerunfilecheck)                Rerun to get outlines right
(rerunfilecheck)                or use package `bookmark'.

Package rerunfilecheck Info: Checksums for `2022_11_10_d6923b5a412978ed01fcg.ou
t':
(rerunfilecheck)             Before: <no file>
(rerunfilecheck)             After:  843E00A2A7C1CD87CA4953857C601099;11620.
 ) 
Here is how much of TeX's memory you used:
 12713 strings out of 475380
 206902 string characters out of 2776772
 557081 words of memory out of 3000000
 33375 multiletter control sequences out of 15000+600000
 483461 words of font info for 71 fonts, out of 8000000 for 9000
 1141 hyphenation exceptions out of 8191
 72i,12n,77p,826b,531s stack positions out of 10000i,1000n,20000p,200000b,80000s
 <C:\Users\indov\AppData\Local\MiKTeX\fonts/pk/ljfour/jknappen/ec/dpi600\tcrm
1000.pk> <C:\Users\indov\AppData\Local\MiKTeX\fonts/pk/ljfour/jknappen/ec/dpi60
0\ecrm0700.pk> <C:\Users\indov\AppData\Local\MiKTeX\fonts/pk/ljfour/jknappen/ec
/dpi600\ecrm1000.pk> <C:\Users\indov\AppData\Local\MiKTeX\fonts/pk/ljfour/jknap
pen/ec/dpi600\ecbx1440.pk> <C:\Users\indov\AppData\Local\MiKTeX\fonts/pk/ljfour
/jknappen/ec/dpi600\ecrm1728.pk><C:/Users/indov/AppData/Local/Programs/MiKTeX/f
onts/type1/public/amsfonts/cm/cmbx10.pfb><C:/Users/indov/AppData/Local/Programs
/MiKTeX/fonts/type1/public/amsfonts/cm/cmex10.pfb><C:/Users/indov/AppData/Local
/Programs/MiKTeX/fonts/type1/public/amsfonts/cm/cmmi10.pfb><C:/Users/indov/AppD
ata/Local/Programs/MiKTeX/fonts/type1/public/amsfonts/cm/cmmi5.pfb><C:/Users/in
dov/AppData/Local/Programs/MiKTeX/fonts/type1/public/amsfonts/cm/cmmi7.pfb><C:/
Users/indov/AppData/Local/Programs/MiKTeX/fonts/type1/public/amsfonts/cm/cmr10.
pfb><C:/Users/indov/AppData/Local/Programs/MiKTeX/fonts/type1/public/amsfonts/c
m/cmr5.pfb><C:/Users/indov/AppData/Local/Programs/MiKTeX/fonts/type1/public/ams
fonts/cm/cmr7.pfb><C:/Users/indov/AppData/Local/Programs/MiKTeX/fonts/type1/pub
lic/amsfonts/cm/cmsy10.pfb><C:/Users/indov/AppData/Local/Programs/MiKTeX/fonts/
type1/public/amsfonts/cm/cmsy7.pfb>
Output written on 2022_11_10_d6923b5a412978ed01fcg.pdf (68 pages, 2352545 bytes
).
PDF statistics:
 1161 PDF objects out of 1200 (max. 8388607)
 530 named destinations out of 1000 (max. 500000)
 21 words of extra memory for PDF output out of 10000 (max. 10000000)

