\BOOKMARK [1][-]{section.1}{\376\377\000S\000y\000s\000t\000e\000m\000\040\000I\000n\000f\000o\000r\000m\000a\000t\000i\000o\000n\000/\000C\000o\000m\000p\000o\000n\000e\000n\000t\000s}{}% 1
\BOOKMARK [1][-]{section.2}{\376\377\000S\000a\000m\000p\000l\000e\000\040\000Q\000u\000e\000s\000t\000i\000o\000n\000s\000\040\000f\000o\000r\000\040\000L\000e\000v\000e\000l\000\040\000I\000-\000A\000n\000s\000w\000e\000r\000s}{}% 2
\BOOKMARK [1][-]{section.3}{\376\377\000S\000a\000m\000p\000l\000e\000\040\000Q\000u\000e\000s\000t\000i\000o\000n\000s\000\040\000f\000o\000r\000\040\000L\000e\000v\000e\000l\000\040\000I\000I\000-\000A\000n\000s\000w\000e\000r\000s}{}% 3
\BOOKMARK [1][-]{section.4}{\376\377\000S\000a\000m\000p\000l\000e\000\040\000Q\000u\000e\000s\000t\000i\000o\000n\000s\000\040\000f\000o\000r\000\040\000L\000e\000v\000e\000l\000\040\000I\000I\000I\000-\000A\000n\000s\000w\000e\000r\000s}{}% 4
\BOOKMARK [1][-]{section.5}{\376\377\000S\000a\000m\000p\000l\000e\000\040\000Q\000u\000e\000s\000t\000i\000o\000n\000s\000\040\000f\000o\000r\000\040\000L\000e\000v\000e\000l\000\040\000I\000V\000-\000A\000n\000s\000w\000e\000r\000s}{}% 5
\BOOKMARK [1][-]{section.6}{\376\377\000M\000o\000n\000i\000t\000o\000r\000,\000\040\000E\000v\000a\000l\000u\000a\000t\000e\000,\000\040\000a\000n\000d\000\040\000A\000d\000j\000u\000s\000t\000\040\000D\000i\000s\000i\000n\000f\000e\000c\000t\000i\000o\000n}{}% 6
\BOOKMARK [1][-]{section.7}{\376\377\000S\000a\000m\000p\000l\000e\000\040\000Q\000u\000e\000s\000t\000l\000o\000n\000s\000\040\000f\000o\000r\000\040\000L\000e\000v\000e\000l\000\040\000I\000-\000A\000n\000s\000w\000e\000r\000s}{}% 7
\BOOKMARK [1][-]{section.8}{\376\377\000S\000a\000m\000p\000l\000e\000\040\000Q\000u\000e\000s\000t\000i\000o\000n\000s\000\040\000f\000o\000r\000\040\000L\000e\000v\000e\000l\000\040\000I\000l\000-\000A\000n\000s\000w\000e\000r\000s}{}% 8
\BOOKMARK [1][-]{section.9}{\376\377\000S\000a\000m\000p\000l\000e\000\040\000Q\000u\000e\000s\000t\000i\000o\000n\000s\000\040\000f\000o\000r\000\040\000L\000e\000v\000e\000l\000\040\000I\000I\000I\000-\000A\000n\000s\000w\000e\000r\000s}{}% 9
\BOOKMARK [1][-]{section.10}{\376\377\000S\000a\000m\000p\000l\000e\000\040\000Q\000u\000e\000s\000t\000l\000o\000n\000s\000\040\000f\000o\000r\000\040\000L\000e\000v\000e\000l\000\040\000I\000V\000-\000A\000n\000s\000w\000e\000r\000s}{}% 10
\BOOKMARK [1][-]{section.11}{\376\377\000L\000a\000b\000o\000r\000a\000t\000o\000r\000y\000\040\000A\000n\000a\000l\000y\000s\000i\000s}{}% 11
\BOOKMARK [1][-]{section.12}{\376\377\000S\000a\000m\000p\000l\000e\000\040\000Q\000u\000e\000s\000t\000i\000o\000n\000s\000\040\000f\000o\000r\000\040\000L\000e\000v\000e\000l\000\040\000I\000-\000A\000n\000s\000w\000e\000r\000s}{}% 12
\BOOKMARK [1][-]{section.13}{\376\377\000S\000a\000m\000p\000l\000e\000\040\000Q\000u\000e\000s\000t\000l\000o\000n\000s\000\040\000f\000o\000r\000\040\000L\000e\000v\000e\000l\000\040\000I\000I\000-\000A\000n\000s\000w\000e\000r\000s}{}% 13
\BOOKMARK [1][-]{section.14}{\376\377\000S\000a\000m\000p\000l\000e\000\040\000Q\000u\000e\000s\000t\000i\000o\000n\000s\000\040\000f\000o\000r\000\040\000L\000e\000v\000e\000l\000\040\000I\000l\000l\000-\000A\000n\000s\000w\000e\000r\000s}{}% 14
\BOOKMARK [1][-]{section.15}{\376\377\000S\000a\000m\000p\000l\000e\000\040\000Q\000u\000e\000s\000t\000l\000o\000n\000s\000\040\000f\000o\000r\000\040\000L\000e\000v\000e\000l\000\040\000I\000V\000-\000A\000n\000s\000w\000e\000r\000s}{}% 15
\BOOKMARK [1][-]{section.16}{\376\377\000I\000n\000s\000t\000a\000l\000l\000\040\000E\000q\000u\000i\000p\000m\000e\000n\000t}{}% 16
\BOOKMARK [1][-]{section.17}{\376\377\000S\000a\000m\000p\000l\000e\000\040\000Q\000u\000e\000s\000t\000i\000o\000n\000s\000\040\000f\000o\000r\000\040\000L\000e\000v\000e\000l\000\040\000I\000-\000A\000n\000s\000w\000e\000r\000s}{}% 17
\BOOKMARK [1][-]{section.18}{\376\377\000S\000a\000m\000p\000l\000e\000\040\000Q\000u\000e\000s\000t\000i\000o\000n\000s\000\040\000f\000o\000r\000\040\000L\000e\000v\000e\000l\000\040\000I\000I\000-\000A\000n\000s\000w\000e\000r\000s}{}% 18
\BOOKMARK [1][-]{section.19}{\376\377\000S\000a\000m\000p\000l\000e\000\040\000Q\000u\000e\000s\000t\000i\000o\000n\000s\000\040\000f\000o\000r\000\040\000L\000e\000v\000e\000l\000\040\000I\000l\000l\000-\000A\000n\000s\000w\000e\000r\000s}{}% 19
\BOOKMARK [1][-]{section.20}{\376\377\000S\000a\000m\000p\000l\000e\000\040\000Q\000u\000e\000s\000t\000i\000o\000n\000s\000\040\000f\000o\000r\000\040\000L\000e\000v\000e\000l\000\040\000I\000V\000-\000A\000n\000s\000w\000e\000r\000s}{}% 20
\BOOKMARK [1][-]{section.21}{\376\377\000O\000p\000e\000r\000a\000t\000e\000\040\000E\000q\000u\000i\000p\000m\000e\000n\000t}{}% 21
\BOOKMARK [1][-]{section.22}{\376\377\000S\000a\000m\000p\000l\000e\000\040\000Q\000u\000e\000s\000t\000i\000o\000n\000s\000\040\000f\000o\000r\000\040\000L\000e\000v\000e\000l\000\040\000I\000-\000A\000n\000s\000w\000e\000r\000s}{}% 22
\BOOKMARK [1][-]{section.23}{\376\377\000A\000n\000s\000w\000e\000r\000:\000\040\000d\000.\000\040\000S\000t\000u\000f\000f\000i\000n\000g\000\040\000b\000o\000x}{}% 23
\BOOKMARK [1][-]{section.24}{\376\377\000S\000a\000m\000p\000l\000e\000\040\000Q\000u\000e\000s\000t\000i\000o\000n\000s\000\040\000f\000o\000r\000\040\000L\000e\000v\000e\000l\000\040\000I\000I\000-\000A\000n\000s\000w\000e\000r\000s}{}% 24
\BOOKMARK [1][-]{section.25}{\376\377\000S\000a\000m\000p\000l\000e\000\040\000Q\000u\000e\000s\000t\000i\000o\000n\000s\000\040\000f\000o\000r\000\040\000L\000e\000v\000e\000l\000\040\000I\000I\000I\000-\000A\000n\000s\000w\000e\000r\000s}{}% 25
\BOOKMARK [1][-]{section.26}{\376\377\000S\000a\000m\000p\000l\000e\000\040\000Q\000u\000e\000s\000t\000i\000o\000n\000s\000\040\000f\000o\000r\000\040\000L\000e\000v\000e\000l\000\040\000I\000V\000-\000A\000n\000s\000w\000e\000r\000s}{}% 26
\BOOKMARK [1][-]{section.27}{\376\377\000P\000e\000r\000f\000o\000r\000m\000\040\000M\000a\000l\000n\000t\000e\000n\000a\000n\000c\000e}{}% 27
\BOOKMARK [1][-]{section.28}{\376\377\000S\000a\000m\000p\000l\000e\000\040\000Q\000u\000e\000s\000t\000i\000o\000n\000s\000\040\000f\000o\000r\000\040\000L\000e\000v\000e\000l\000\040\000I\000-\000A\000n\000s\000w\000e\000r\000s}{}% 28
\BOOKMARK [1][-]{section.29}{\376\377\000S\000a\000m\000p\000l\000e\000\040\000Q\000u\000e\000s\000t\000i\000o\000n\000s\000\040\000f\000o\000r\000\040\000L\000e\000v\000e\000l\000\040\000I\000I\000-\000A\000n\000s\000w\000e\000r\000s}{}% 29
\BOOKMARK [1][-]{section.30}{\376\377\000S\000a\000m\000p\000l\000e\000\040\000Q\000u\000e\000s\000t\000i\000o\000n\000s\000\040\000f\000o\000r\000\040\000L\000e\000v\000e\000l\000\040\000I\000l\000l\000-\000A\000n\000s\000w\000e\000r\000s}{}% 30
\BOOKMARK [1][-]{section.31}{\376\377\000S\000a\000m\000p\000l\000e\000\040\000Q\000u\000e\000s\000t\000i\000o\000n\000s\000\040\000f\000o\000r\000\040\000L\000e\000v\000e\000l\000\040\000I\000V\000-\000A\000n\000s\000w\000e\000r\000s}{}% 31
\BOOKMARK [1][-]{section.32}{\376\377\000P\000e\000r\000f\000o\000r\000m\000\040\000S\000e\000c\000u\000r\000i\000t\000y\000,\000\040\000S\000a\000f\000e\000t\000y\000,\000\040\000a\000n\000d\000\040\000A\000d\000m\000i\000n\000i\000s\000t\000r\000a\000t\000i\000v\000e\000\040\000P\000r\000o\000c\000e\000d\000u\000r\000e\000s}{}% 32
\BOOKMARK [1][-]{section.33}{\376\377\000S\000a\000m\000p\000l\000e\000\040\000Q\000u\000e\000s\000t\000i\000o\000n\000s\000\040\000f\000o\000r\000\040\000L\000e\000v\000e\000l\000\040\000I\000-\000A\000n\000s\000w\000o\000r\000s}{}% 33
\BOOKMARK [1][-]{section.34}{\376\377\000S\000a\000m\000p\000l\000e\000\040\000Q\000u\000e\000s\000t\000l\000o\000n\000s\000\040\000f\000o\000r\000\040\000L\000e\000v\000e\000l\000\040\000I\000I\000-\000A\000n\000s\000w\000e\000r\000s}{}% 34
\BOOKMARK [1][-]{section.35}{\376\377\000S\000a\000m\000p\000l\000e\000\040\000Q\000u\000e\000s\000t\000i\000o\000n\000s\000\040\000f\000o\000r\000\040\000L\000e\000v\000e\000l\000\040\000I\000I\000I\000-\000A\000n\000s\000w\000e\000r\000s}{}% 35
\BOOKMARK [1][-]{section.36}{\376\377\000A\000n\000s\000w\000e\000r\000:\000\040\000d\000.\000\040\0001\0002\000\040\000m\000o\000n\000t\000h\000s}{}% 36
\BOOKMARK [1][-]{section.37}{\376\377\000S\000a\000m\000p\000l\000e\000\040\000Q\000u\000e\000s\000t\000i\000o\000n\000s\000\040\000f\000o\000r\000\040\000L\000e\000v\000e\000l\000\040\000I\000V\000-\000A\000n\000s\000w\000e\000r\000s}{}% 37
\BOOKMARK [1][-]{section.38}{\376\377\000A\000n\000s\000w\000e\000r\000s\000\040\000t\000o\000\040\000A\000d\000d\000i\000t\000i\000o\000n\000a\000l\000\040\000D\000i\000s\000t\000r\000i\000b\000u\000t\000i\000o\000n\000\040\000O\000p\000e\000r\000a\000t\000o\000r\000\040\000P\000r\000a\000c\000t\000i\000c\000e\000\040\000Q\000u\000e\000s\000t\000i\000o\000n\000s}{}% 38
\BOOKMARK [1][-]{section.39}{\376\377\000A\000n\000s\000w\000e\000r\000s\000\040\000t\000o\000\040\000M\000a\000t\000h\000\040\000Q\000u\000e\000s\000t\000i\000o\000n\000s\000\040\000f\000o\000r\000\040\000W\000a\000t\000e\000r\000\040\000D\000i\000s\000t\000r\000i\000b\000u\000t\000i\000o\000n\000\040\000O\000p\000e\000r\000a\000t\000o\000r\000s\000\040\000L\000e\000v\000e\000l\000s\000\040\000I\000\040\000\046\000\040\000|\000|}{}% 39
\BOOKMARK [1][-]{section.40}{\376\377\000A\000n\000s\000w\000e\000r\000s\000\040\000t\000o\000\040\000M\000a\000t\000h\000\040\000Q\000u\000e\000s\000t\000i\000o\000n\000s\000\040\000f\000o\000r\000\040\000W\000a\000t\000e\000r\000\040\000D\000i\000s\000t\000r\000i\000b\000u\000t\000i\000o\000n\000\040\000O\000p\000e\000r\000a\000t\000o\000r\000s\000\040\000L\000e\000v\000e\000l\000s\000\040\000I\000l\000l\000\040\000\046\000\040\000I\000V}{}% 40
\BOOKMARK [1][-]{section.41}{\376\377\000A\000p\000p\000e\000n\000d\000i\000x\000\040\000A\000:\000\040\000F\000o\000r\000m\000u\000l\000a\000s\000\040\000f\000o\000r\000\040\000W\000a\000t\000e\000r\000\040\000T\000r\000e\000a\000t\000m\000e\000n\000t\000,\000\040\000D\000i\000s\000t\000r\000i\000b\000u\000t\000i\000o\000n\000,\000\040\000a\000n\000d\000\040\000L\000a\000b\000o\000r\000a\000t\000o\000r\000y\000\040\000E\000x\000a\000m\000s}{}% 41
\BOOKMARK [1][-]{section.42}{\376\377\000A\000l\000k\000a\000l\000i\000n\000i\000t\000y\000\040\000R\000e\000l\000a\000t\000i\000o\000n\000s\000h\000i\000p\000s}{}% 42
\BOOKMARK [1][-]{section.43}{\376\377\000C\000o\000n\000v\000e\000r\000s\000i\000o\000n\000\040\000F\000a\000c\000t\000o\000r\000s\000\040\000\046\000\040\000A\000b\000b\000r\000e\000v\000i\000a\000t\000i\000o\000n\000s}{}% 43
\BOOKMARK [1][-]{section.44}{\376\377\000A\000d\000d\000i\000t\000i\000o\000n\000a\000l\000\040\000A\000b\000b\000r\000e\000v\000i\000a\000t\000i\000o\000n\000s}{}% 44
\BOOKMARK [1][-]{section.45}{\376\377\000A\000p\000p\000e\000n\000d\000i\000x\000\040\000B\000:\000\040\000S\000a\000m\000p\000l\000e\000\040\000C\000T\000\040\000T\000a\000b\000l\000e\000s\000\040\000f\000o\000r\000\040\000G\000i\000a\000r\000d\000i\000a\000\040\000I\000n\000a\000c\000t\000i\000v\000a\000t\000i\000o\000n}{}% 45
\BOOKMARK [1][-]{section.46}{\376\377\000A\000d\000d\000i\000t\000i\000o\000n\000a\000l\000\040\000R\000e\000s\000o\000u\000r\000c\000e\000s}{}% 46
\BOOKMARK [1][-]{section.47}{\376\377\000M\000a\000t\000h\000\040\000\046\000\040\000S\000c\000l\000e\000n\000c\000e}{}% 47
\BOOKMARK [1][-]{section.48}{\376\377\000Q\000u\000a\000l\000i\000t\000y}{}% 48
\BOOKMARK [1][-]{section.49}{\376\377\000R\000e\000s\000o\000u\000r\000c\000e\000s\000\040\000\046\000\040\000R\000e\000u\000s\000e}{}% 49
\BOOKMARK [1][-]{section.50}{\376\377\000T\000r\000e\000a\000t\000m\000e\000n\000t}{}% 50
