This is pdfTeX, Version 3.141592653-2.6-1.40.24 (MiKTeX 22.10) (preloaded format=pdflatex 2022.11.5)  10 NOV 2022 08:17
entering extended mode
 restricted \write18 enabled.
 %&-line parsing enabled.
**./2022_11_10_beeca89b60229885003dg.tex
(2022_11_10_beeca89b60229885003dg.tex
LaTeX2e <2022-06-01> patch level 5
L3 programming layer <2022-10-26>
(C:\Users\indov\AppData\Local\Programs\MiKTeX\tex/latex/base\article.cls
Document Class: article 2021/10/04 v1.4n Standard LaTeX document class
(C:\Users\indov\AppData\Local\Programs\MiKTeX\tex/latex/base\size10.clo
File: size10.clo 2021/10/04 v1.4n Standard LaTeX file (size option)
)
\c@part=\count185
\c@section=\count186
\c@subsection=\count187
\c@subsubsection=\count188
\c@paragraph=\count189
\c@subparagraph=\count190
\c@figure=\count191
\c@table=\count192
\abovecaptionskip=\skip47
\belowcaptionskip=\skip48
\bibindent=\dimen138
)
(C:\Users\indov\AppData\Local\Programs\MiKTeX\tex/latex/base\inputenc.sty
Package: inputenc 2021/02/14 v1.3d Input encoding file
\inpenc@prehook=\toks16
\inpenc@posthook=\toks17
)
(C:\Users\indov\AppData\Local\Programs\MiKTeX\tex/latex/base\fontenc.sty
Package: fontenc 2021/04/29 v2.0v Standard LaTeX package
)
(C:\Users\indov\AppData\Local\Programs\MiKTeX\tex/latex/amsmath\amsmath.sty
Package: amsmath 2022/04/08 v2.17n AMS math features
\@mathmargin=\skip49

For additional information on amsmath, use the `?' option.
(C:\Users\indov\AppData\Local\Programs\MiKTeX\tex/latex/amsmath\amstext.sty
Package: amstext 2021/08/26 v2.01 AMS text

(C:\Users\indov\AppData\Local\Programs\MiKTeX\tex/latex/amsmath\amsgen.sty
File: amsgen.sty 1999/11/30 v2.0 generic functions
\@emptytoks=\toks18
\ex@=\dimen139
))
(C:\Users\indov\AppData\Local\Programs\MiKTeX\tex/latex/amsmath\amsbsy.sty
Package: amsbsy 1999/11/29 v1.2d Bold Symbols
\pmbraise@=\dimen140
)
(C:\Users\indov\AppData\Local\Programs\MiKTeX\tex/latex/amsmath\amsopn.sty
Package: amsopn 2022/04/08 v2.04 operator names
)
\inf@bad=\count193
LaTeX Info: Redefining \frac on input line 234.
\uproot@=\count194
\leftroot@=\count195
LaTeX Info: Redefining \overline on input line 399.
LaTeX Info: Redefining \colon on input line 410.
\classnum@=\count196
\DOTSCASE@=\count197
LaTeX Info: Redefining \ldots on input line 496.
LaTeX Info: Redefining \dots on input line 499.
LaTeX Info: Redefining \cdots on input line 620.
\Mathstrutbox@=\box51
\strutbox@=\box52
LaTeX Info: Redefining \big on input line 722.
LaTeX Info: Redefining \Big on input line 723.
LaTeX Info: Redefining \bigg on input line 724.
LaTeX Info: Redefining \Bigg on input line 725.
\big@size=\dimen141
LaTeX Font Info:    Redeclaring font encoding OML on input line 743.
LaTeX Font Info:    Redeclaring font encoding OMS on input line 744.
\macc@depth=\count198
LaTeX Info: Redefining \bmod on input line 905.
LaTeX Info: Redefining \pmod on input line 910.
LaTeX Info: Redefining \smash on input line 940.
LaTeX Info: Redefining \relbar on input line 970.
LaTeX Info: Redefining \Relbar on input line 971.
\c@MaxMatrixCols=\count199
\dotsspace@=\muskip16
\c@parentequation=\count266
\dspbrk@lvl=\count267
\tag@help=\toks19
\row@=\count268
\column@=\count269
\maxfields@=\count270
\andhelp@=\toks20
\eqnshift@=\dimen142
\alignsep@=\dimen143
\tagshift@=\dimen144
\tagwidth@=\dimen145
\totwidth@=\dimen146
\lineht@=\dimen147
\@envbody=\toks21
\multlinegap=\skip50
\multlinetaggap=\skip51
\mathdisplay@stack=\toks22
LaTeX Info: Redefining \[ on input line 2953.
LaTeX Info: Redefining \] on input line 2954.
)
(C:\Users\indov\AppData\Local\Programs\MiKTeX\tex/latex/amsfonts\amsfonts.sty
Package: amsfonts 2013/01/14 v3.01 Basic AMSFonts support
\symAMSa=\mathgroup4
\symAMSb=\mathgroup5
LaTeX Font Info:    Redeclaring math symbol \hbar on input line 98.
LaTeX Font Info:    Overwriting math alphabet `\mathfrak' in version `bold'
(Font)                  U/euf/m/n --> U/euf/b/n on input line 106.
)
(C:\Users\indov\AppData\Local\Programs\MiKTeX\tex/latex/amsfonts\amssymb.sty
Package: amssymb 2013/01/14 v3.01 AMS font symbols
)
(C:\Users\indov\AppData\Local\Programs\MiKTeX\tex/latex/mhchem\mhchem.sty
Package: mhchem 2021/12/31 v4.09 for typesetting chemical formulae

(C:\Users\indov\AppData\Local\Programs\MiKTeX\tex/latex/l3kernel\expl3.sty
Package: expl3 2022-10-26 L3 programming layer (loader) 

(C:\Users\indov\AppData\Local\Programs\MiKTeX\tex/latex/l3backend\l3backend-pdf
tex.def
File: l3backend-pdftex.def 2022-10-26 L3 backend support: PDF output (pdfTeX)
\l__color_backend_stack_int=\count271
\l__pdf_internal_box=\box53
))
(C:\Users\indov\AppData\Local\Programs\MiKTeX\tex/latex/l3packages/l3keys2e\l3k
eys2e.sty
Package: l3keys2e 2022-06-22 LaTeX2e option processing using LaTeX3 keys
)
(C:\Users\indov\AppData\Local\Programs\MiKTeX\tex/latex/tools\calc.sty
Package: calc 2017/05/25 v4.3 Infix arithmetic (KKT,FJ)
\calc@Acount=\count272
\calc@Bcount=\count273
\calc@Adimen=\dimen148
\calc@Bdimen=\dimen149
\calc@Askip=\skip52
\calc@Bskip=\skip53
LaTeX Info: Redefining \setlength on input line 80.
LaTeX Info: Redefining \addtolength on input line 81.
\calc@Ccount=\count274
\calc@Cskip=\skip54
)
(C:\Users\indov\AppData\Local\Programs\MiKTeX\tex/latex/chemgreek\chemgreek.sty

(C:\Users\indov\AppData\Local\Programs\MiKTeX\tex/latex/l3packages/xparse\xpars
e.sty
Package: xparse 2022-06-22 L3 Experimental document command parser
)
Package: chemgreek 2020/01/16 v1.1a interface for upright Greek letters for use
 in chemistry (CN)
\l__chemgreek_tmpa_int=\count275
\g__chemgreek_tmpa_int=\count276
)
(C:\Users\indov\AppData\Local\Programs\MiKTeX\tex/latex/graphics\graphics.sty
Package: graphics 2022/03/10 v1.4e Standard LaTeX Graphics (DPC,SPQR)

(C:\Users\indov\AppData\Local\Programs\MiKTeX\tex/latex/graphics\trig.sty
Package: trig 2021/08/11 v1.11 sin cos tan (DPC)
)
(C:\Users\indov\AppData\Local\Programs\MiKTeX\tex/latex/graphics-cfg\graphics.c
fg
File: graphics.cfg 2016/06/04 v1.11 sample graphics configuration
)
Package graphics Info: Driver file: pdftex.def on input line 107.

(C:\Users\indov\AppData\Local\Programs\MiKTeX\tex/latex/graphics-def\pdftex.def
File: pdftex.def 2022/09/22 v1.2b Graphics/color driver for pdftex
\stockwidth=\dimen150
\stockheight=\dimen151
))
\l__mhchem_ce_distanceFromLastComma_int=\count277
\__mhchem_arrow_extPgfLength_skip=\skip55
\mhchem@minispace@tmp=\skip56
\mhchem@minibackspace@tmp=\skip57
\mhchem@bondwidth=\skip58
\mhchem@bondheight=\skip59
\mhchem@smallbondwidth@tmpA=\skip60
\mhchem@smallbondwidth@tmpB=\skip61
\mhchem@smallbondwidth=\skip62
\mhchem@bondtmp@minussidebearingleft=\skip63
\mhchem@bondtmp@minussidebearingright=\skip64
\l__mhchem_option_version_int=\count278
\mhchem@option@minusmathsidebearingleft=\dimen152
\mhchem@option@minusmathsidebearingright=\dimen153
\mhchem@option@minustextsidebearingleft=\dimen154
\mhchem@option@minustextsidebearingright=\dimen155
)
(C:\Users\indov\AppData\Local\Programs\MiKTeX\tex/latex/stmaryrd\stmaryrd.sty
Package: stmaryrd 1994/03/03 St Mary's Road symbol package
\symstmry=\mathgroup6
LaTeX Font Info:    Overwriting symbol font `stmry' in version `bold'
(Font)                  U/stmry/m/n --> U/stmry/b/n on input line 89.
)
(C:\Users\indov\AppData\Local\Programs\MiKTeX\tex/latex/graphics\graphicx.sty
Package: graphicx 2021/09/16 v1.2d Enhanced LaTeX Graphics (DPC,SPQR)

(C:\Users\indov\AppData\Local\Programs\MiKTeX\tex/latex/graphics\keyval.sty
Package: keyval 2022/05/29 v1.15 key=value parser (DPC)
\KV@toks@=\toks23
)
\Gin@req@height=\dimen156
\Gin@req@width=\dimen157
)
(C:\Users\indov\AppData\Local\Programs\MiKTeX\tex/latex/adjustbox\adjustbox.sty
Package: adjustbox 2022/10/17 v1.3a Adjusting TeX boxes (trim, clip, ...)
(C:\Users\indov\AppData\Local\Programs\MiKTeX\tex/latex/xkeyval\xkeyval.sty
Package: xkeyval 2022/06/16 v2.9 package option processing (HA)

(C:\Users\indov\AppData\Local\Programs\MiKTeX\tex/generic/xkeyval\xkeyval.tex
(C:\Users\indov\AppData\Local\Programs\MiKTeX\tex/generic/xkeyval\xkvutils.tex
\XKV@toks=\toks24
\XKV@tempa@toks=\toks25
)
\XKV@depth=\count279
File: xkeyval.tex 2014/12/03 v2.7a key=value parser (HA)
))
(C:\Users\indov\AppData\Local\Programs\MiKTeX\tex/latex/adjustbox\adjcalc.sty
Package: adjcalc 2012/05/16 v1.1 Provides advanced setlength with multiple back
-ends (calc, etex, pgfmath)
)
(C:\Users\indov\AppData\Local\Programs\MiKTeX\tex/latex/adjustbox\trimclip.sty
Package: trimclip 2020/08/19 v1.2 Trim and clip general TeX material

(C:\Users\indov\AppData\Local\Programs\MiKTeX\tex/latex/collectbox\collectbox.s
ty
Package: collectbox 2022/10/17 v0.4c Collect macro arguments as boxes
\collectedbox=\box54
)
\tc@llx=\dimen158
\tc@lly=\dimen159
\tc@urx=\dimen160
\tc@ury=\dimen161
Package trimclip Info: Using driver 'tc-pdftex.def'.

(C:\Users\indov\AppData\Local\Programs\MiKTeX\tex/latex/adjustbox\tc-pdftex.def
File: tc-pdftex.def 2019/01/04 v2.2 Clipping driver for pdftex
))
\adjbox@Width=\dimen162
\adjbox@Height=\dimen163
\adjbox@Depth=\dimen164
\adjbox@Totalheight=\dimen165
\adjbox@pwidth=\dimen166
\adjbox@pheight=\dimen167
\adjbox@pdepth=\dimen168
\adjbox@ptotalheight=\dimen169

(C:\Users\indov\AppData\Local\Programs\MiKTeX\tex/latex/ifoddpage\ifoddpage.sty
Package: ifoddpage 2022/10/18 v1.2 Conditionals for odd/even page detection
\c@checkoddpage=\count280
) (C:\Users\indov\AppData\Local\Programs\MiKTeX\tex/latex/varwidth\varwidth.sty
Package: varwidth 2009/03/30 ver 0.92;  Variable-width minipages
\@vwid@box=\box55
\sift@deathcycles=\count281
\@vwid@loff=\dimen170
\@vwid@roff=\dimen171
)) (2022_11_10_beeca89b60229885003dg.aux)
\openout1 = `2022_11_10_beeca89b60229885003dg.aux'.

LaTeX Font Info:    Checking defaults for OML/cmm/m/it on input line 19.
LaTeX Font Info:    ... okay on input line 19.
LaTeX Font Info:    Checking defaults for OMS/cmsy/m/n on input line 19.
LaTeX Font Info:    ... okay on input line 19.
LaTeX Font Info:    Checking defaults for OT1/cmr/m/n on input line 19.
LaTeX Font Info:    ... okay on input line 19.
LaTeX Font Info:    Checking defaults for T1/cmr/m/n on input line 19.
LaTeX Font Info:    ... okay on input line 19.
LaTeX Font Info:    Checking defaults for TS1/cmr/m/n on input line 19.
LaTeX Font Info:    ... okay on input line 19.
LaTeX Font Info:    Checking defaults for OMX/cmex/m/n on input line 19.
LaTeX Font Info:    ... okay on input line 19.
LaTeX Font Info:    Checking defaults for U/cmr/m/n on input line 19.
LaTeX Font Info:    ... okay on input line 19.

Package chemgreek Info: Activating mapping `default' on line 19.


(C:\Users\indov\AppData\Local\Programs\MiKTeX\tex/context/base/mkii\supp-pdf.mk
ii
[Loading MPS to PDF converter (version 2006.09.02).]
\scratchcounter=\count282
\scratchdimen=\dimen172
\scratchbox=\box56
\nofMPsegments=\count283
\nofMParguments=\count284
\everyMPshowfont=\toks26
\MPscratchCnt=\count285
\MPscratchDim=\dimen173
\MPnumerator=\count286
\makeMPintoPDFobject=\count287
\everyMPtoPDFconversion=\toks27
)
(C:\Users\indov\AppData\Local\Programs\MiKTeX\tex/latex/epstopdf-pkg\epstopdf-b
ase.sty
Package: epstopdf-base 2020-01-24 v2.11 Base part for package epstopdf
Package epstopdf-base Info: Redefining graphics rule for `.eps' on input line 4
85.

(C:\Users\indov\AppData\Local\Programs\MiKTeX\tex/latex/00miktex\epstopdf-sys.c
fg
File: epstopdf-sys.cfg 2021/03/18 v2.0 Configuration of epstopdf for MiKTeX
))
LaTeX Font Info:    Trying to load font information for U+msa on input line 20.

 (C:\Users\indov\AppData\Local\Programs\MiKTeX\tex/latex/amsfonts\umsa.fd
File: umsa.fd 2013/01/14 v3.01 AMS symbols A
)
LaTeX Font Info:    Trying to load font information for U+msb on input line 20.


(C:\Users\indov\AppData\Local\Programs\MiKTeX\tex/latex/amsfonts\umsb.fd
File: umsb.fd 2013/01/14 v3.01 AMS symbols B
)
LaTeX Font Info:    Trying to load font information for U+stmry on input line 2
0.

(C:\Users\indov\AppData\Local\Programs\MiKTeX\tex/latex/stmaryrd\ustmry.fd)
Overfull \hbox (116.29463pt too wide) in paragraph at lines 21--40
[][] 
 []


Overfull \hbox (181.63612pt too wide) in paragraph at lines 42--73
[] 
 []

[1

{C:/Users/indov/AppData/Local/MiKTeX/fonts/map/pdftex/pdftex.map}] [2]
[3] [4] [5]
<./images//2022_11_10_beeca89b60229885003dg-09.jpg, id=22, 1635.10875pt x 1841.
88126pt>
File: ./images//2022_11_10_beeca89b60229885003dg-09.jpg Graphic file (type jpg)

<use ./images//2022_11_10_beeca89b60229885003dg-09.jpg>
Package pdftex.def Info: ./images//2022_11_10_beeca89b60229885003dg-09.jpg  use
d on input line 284.
(pdftex.def)             Requested size: 1635.10478pt x 1841.87679pt.
 [6 <./images//2022_11_10_beeca89b60229885003dg-09.jpg>]
Overfull \hbox (3.53214pt too wide) in paragraph at lines 325--326
[]\T1/cmr/m/n/10 Calibrate in-stru-ments Max-i-mum Con-tam-i-nant Lev-els and M
ax-i-mum Resid-
 []

[7] [8] [9] [10]
<./images//2022_11_10_beeca89b60229885003dg-15.jpg, id=40, 1633.10126pt x 1931.
215pt>
File: ./images//2022_11_10_beeca89b60229885003dg-15.jpg Graphic file (type jpg)

<use ./images//2022_11_10_beeca89b60229885003dg-15.jpg>
Package pdftex.def Info: ./images//2022_11_10_beeca89b60229885003dg-15.jpg  use
d on input line 488.
(pdftex.def)             Requested size: 1633.09729pt x 1931.21031pt.
 [11]
Overfull \hbox (71.77773pt too wide) in paragraph at lines 490--501
[][] 
 []

[12 <./images//2022_11_10_beeca89b60229885003dg-15.jpg>] [13] [14] [15]
[16] [17]
Overfull \hbox (106.57112pt too wide) in paragraph at lines 729--750
[] 
 []

[18] [19] [20] [21] [22]
<./images//2022_11_10_beeca89b60229885003dg-27.jpg, id=81, 1635.10875pt x 1673.
25125pt>
File: ./images//2022_11_10_beeca89b60229885003dg-27.jpg Graphic file (type jpg)

<use ./images//2022_11_10_beeca89b60229885003dg-27.jpg>
Package pdftex.def Info: ./images//2022_11_10_beeca89b60229885003dg-27.jpg  use
d on input line 942.
(pdftex.def)             Requested size: 1635.10478pt x 1673.24718pt.
 [23] [24 <./images//2022_11_10_beeca89b60229885003dg-27.jpg>] [25] [26] [27]
<./images//2022_11_10_beeca89b60229885003dg-33.jpg, id=98, 1635.10875pt x 1833.
85126pt>
File: ./images//2022_11_10_beeca89b60229885003dg-33.jpg Graphic file (type jpg)

<use ./images//2022_11_10_beeca89b60229885003dg-33.jpg>
Package pdftex.def Info: ./images//2022_11_10_beeca89b60229885003dg-33.jpg  use
d on input line 1147.
(pdftex.def)             Requested size: 1635.10478pt x 1833.8468pt.
 [28] [29 <./images//2022_11_10_beeca89b60229885003dg-33.jpg>] [30] [31] [32] [
33] [34]
<./images//2022_11_10_beeca89b60229885003dg-39.jpg, id=123, 1635.10875pt x 1907
.125pt>
File: ./images//2022_11_10_beeca89b60229885003dg-39.jpg Graphic file (type jpg)

<use ./images//2022_11_10_beeca89b60229885003dg-39.jpg>
Package pdftex.def Info: ./images//2022_11_10_beeca89b60229885003dg-39.jpg  use
d on input line 1438.
(pdftex.def)             Requested size: 1635.10478pt x 1907.12036pt.
 [35] [36 <./images//2022_11_10_beeca89b60229885003dg-39.jpg>] [37] [38] [39]
Overfull \hbox (23.33286pt too wide) in paragraph at lines 1638--1647
[]\T1/cmr/m/n/10 Which is the Max-i-mum Con-tam-i-nant Level for to-tal tri-hal
omethanes (TTHMs)? 
 []

[40] [41] [42]
Overfull \hbox (18.07611pt too wide) in paragraph at lines 1736--1736
[]\T1/cmr/bx/n/14.4 Additional Dis-tri-bu-tion Op-er-a-tor Prac-tice Ques-
 []

[43] [44] [45] [46] [47] [48] [49] [50]
Overfull \hbox (6.61362pt too wide) in paragraph at lines 2107--2112
\T1/cmr/m/n/10 (MS)/Facility map-ping (FM)/Geographic In-for-ma-tion Sys-tems (
GIS) would
 []

[51]
Overfull \hbox (5.68903pt too wide) in paragraph at lines 2153--2158
\T1/cmr/m/n/10 c. De-creas-ing chlo-rine de-ten-tion time in reser-voirs and di
s-tri-bu-tion pipelines 
 []

[52] [53] [54] [55] [56] [57] [58] [59] [60] [61] [62] [63] [64]
Overfull \hbox (16.50009pt too wide) in paragraph at lines 2681--2686
[]\T1/cmr/m/n/10 Which is the Lo-ca-tional Run-ning An-nual Av-er-age (LRAA) fo
r tri-halomethanes
 []


Overfull \hbox (32.60727pt too wide) in paragraph at lines 2681--2686
\T1/cmr/m/n/10 (THM) and haloacetic acid 5 (HAA5) un-der the Stage 2 Dis-in-fec
-tants/Disinfection
 []

[65] [66] [67] [68] [69] [70] [71] [72] [73] [74] [75] [76] [77] [78] [79]
Overfull \hbox (0.72617pt too wide) in paragraph at lines 3285--3290
[]\T1/cmr/m/n/10 A 1.75-mil gal stor-age tank needs to be dis-in-fected with a 
sodium hypochlo-
 []

[80] [81] [82] [83] [84]
Overfull \hbox (2.0114pt too wide) in paragraph at lines 3515--3520
\T1/cmr/m/n/10 Depth to wa-ter from the cas-ing top is $\OT1/cmr/m/n/10 143[]$\
T1/cmr/m/n/10 . If the de-sired dose is $\OT1/cmr/m/n/10 50\OML/cmm/m/it/10 :\O
T1/cmr/m/n/10 0[]\OML/cmm/m/it/10 =\OT1/cmr/m/n/10 L$\T1/cmr/m/n/10 ,
 []

[85] [86] [87] [88] (2022_11_10_beeca89b60229885003dg.aux) ) 
Here is how much of TeX's memory you used:
 5384 strings out of 475380
 94350 string characters out of 2776772
 449651 words of memory out of 3000000
 26685 multiletter control sequences out of 15000+600000
 481927 words of font info for 69 fonts, out of 8000000 for 9000
 1141 hyphenation exceptions out of 8191
 59i,8n,68p,493b,222s stack positions out of 10000i,1000n,20000p,200000b,80000s
 <C:\Users\indov\Ap
pData\Local\MiKTeX\fonts/pk/ljfour/jknappen/ec/dpi600\tcrm1000.pk> <C:\Users\in
dov\AppData\Local\MiKTeX\fonts/pk/ljfour/jknappen/ec/dpi600\ecbx1440.pk> <C:\Us
ers\indov\AppData\Local\MiKTeX\fonts/pk/ljfour/jknappen/ec/dpi600\ecrm1000.pk> 
<C:\Users\indov\AppData\Local\MiKTeX\fonts/pk/ljfour/jknappen/ec/dpi600\ecrm172
8.pk><C:/Users/indov/AppData/Local/Programs/MiKTeX/fonts/type1/public/amsfonts/
cm/cmbx10.pfb><C:/Users/indov/AppData/Local/Programs/MiKTeX/fonts/type1/public/
amsfonts/cm/cmmi10.pfb><C:/Users/indov/AppData/Local/Programs/MiKTeX/fonts/type
1/public/amsfonts/cm/cmmi7.pfb><C:/Users/indov/AppData/Local/Programs/MiKTeX/fo
nts/type1/public/amsfonts/cm/cmr10.pfb><C:/Users/indov/AppData/Local/Programs/M
iKTeX/fonts/type1/public/amsfonts/cm/cmr7.pfb><C:/Users/indov/AppData/Local/Pro
grams/MiKTeX/fonts/type1/public/amsfonts/cm/cmsy10.pfb><C:/Users/indov/AppData/
Local/Programs/MiKTeX/fonts/type1/public/amsfonts/cm/cmsy7.pfb>
Output written on 2022_11_10_beeca89b60229885003dg.pdf (88 pages, 2917088 bytes
).
PDF statistics:
 493 PDF objects out of 1000 (max. 8388607)
 0 named destinations out of 1000 (max. 500000)
 26 words of extra memory for PDF output out of 10000 (max. 10000000)

