This is pdfTeX, Version 3.141592653-2.6-1.40.24 (MiKTeX 22.10) (preloaded format=pdflatex 2022.11.12)  24 FEB 2023 20:38
entering extended mode
 restricted \write18 enabled.
 %&-line parsing enabled.
**./AllSolidsQuestionBank.tex
(AllSolidsQuestionBank.tex
LaTeX2e <2022-06-01> patch level 5
L3 programming layer <2022-10-26>
(C:\Users\indov\AppData\Local\Programs\MiKTeX\tex/latex/base\article.cls
Document Class: article 2021/10/04 v1.4n Standard LaTeX document class
(C:\Users\indov\AppData\Local\Programs\MiKTeX\tex/latex/base\size10.clo
File: size10.clo 2021/10/04 v1.4n Standard LaTeX file (size option)
)
\c@part=\count185
\c@section=\count186
\c@subsection=\count187
\c@subsubsection=\count188
\c@paragraph=\count189
\c@subparagraph=\count190
\c@figure=\count191
\c@table=\count192
\abovecaptionskip=\skip47
\belowcaptionskip=\skip48
\bibindent=\dimen138
)
(C:\Users\indov\AppData\Local\Programs\MiKTeX\tex/latex/graphics\graphicx.sty
Package: graphicx 2021/09/16 v1.2d Enhanced LaTeX Graphics (DPC,SPQR)

(C:\Users\indov\AppData\Local\Programs\MiKTeX\tex/latex/graphics\keyval.sty
Package: keyval 2022/05/29 v1.15 key=value parser (DPC)
\KV@toks@=\toks16
)
(C:\Users\indov\AppData\Local\Programs\MiKTeX\tex/latex/graphics\graphics.sty
Package: graphics 2022/03/10 v1.4e Standard LaTeX Graphics (DPC,SPQR)

(C:\Users\indov\AppData\Local\Programs\MiKTeX\tex/latex/graphics\trig.sty
Package: trig 2021/08/11 v1.11 sin cos tan (DPC)
)
(C:\Users\indov\AppData\Local\Programs\MiKTeX\tex/latex/graphics-cfg\graphics.c
fg
File: graphics.cfg 2016/06/04 v1.11 sample graphics configuration
)
Package graphics Info: Driver file: pdftex.def on input line 107.

(C:\Users\indov\AppData\Local\Programs\MiKTeX\tex/latex/graphics-def\pdftex.def
File: pdftex.def 2022/09/22 v1.2b Graphics/color driver for pdftex
\stockwidth=\dimen139
\stockheight=\dimen140
))
\Gin@req@height=\dimen141
\Gin@req@width=\dimen142
)
(C:\Users\indov\AppData\Local\Programs\MiKTeX\tex/latex/tabulary\tabulary.sty
Package: tabulary 2014/06/11 v0.10 tabulary package (DPC)

(C:\Users\indov\AppData\Local\Programs\MiKTeX\tex/latex/tools\array.sty
Package: array 2022/03/10 v2.5f Tabular extension package (FMi)
\col@sep=\dimen143
\ar@mcellbox=\box51
\extrarowheight=\dimen144
\NC@list=\toks17
\extratabsurround=\skip49
\backup@length=\skip50
\ar@cellbox=\box52
)
\TY@count=\count193
\TY@linewidth=\dimen145
\tymin=\dimen146
\tymax=\dimen147
\TY@tablewidth=\dimen148
)
(C:\Users\indov\AppData\Local\Programs\MiKTeX\tex/latex/tools\tabularx.sty
Package: tabularx 2020/01/15 v2.11c `tabularx' package (DPC)
\TX@col@width=\dimen149
\TX@old@table=\dimen150
\TX@old@col=\dimen151
\TX@target=\dimen152
\TX@delta=\dimen153
\TX@cols=\count194
\TX@ftn=\toks18
)
(C:\Users\indov\AppData\Local\Programs\MiKTeX\tex/latex/cancel\cancel.sty
Package: cancel 2013/04/12 v2.2 Cancel math terms
)
(C:\Users\indov\AppData\Local\Programs\MiKTeX\tex/latex/xcolor\xcolor.sty
Package: xcolor 2022/06/12 v2.14 LaTeX color extensions (UK)

(C:\Users\indov\AppData\Local\Programs\MiKTeX\tex/latex/graphics-cfg\color.cfg
File: color.cfg 2016/01/02 v1.6 sample color configuration
)
Package xcolor Info: Driver file: pdftex.def on input line 227.
(C:\Users\indov\AppData\Local\Programs\MiKTeX\tex/latex/colortbl\colortbl.sty
Package: colortbl 2022/06/20 v1.0f Color table columns (DPC)
\everycr=\toks19
\minrowclearance=\skip51
\rownum=\count195
)
(C:\Users\indov\AppData\Local\Programs\MiKTeX\tex/latex/graphics\mathcolor.ltx)
Package xcolor Info: Model `cmy' substituted by `cmy0' on input line 1353.
Package xcolor Info: Model `hsb' substituted by `rgb' on input line 1357.
Package xcolor Info: Model `RGB' extended on input line 1369.
Package xcolor Info: Model `HTML' substituted by `rgb' on input line 1371.
Package xcolor Info: Model `Hsb' substituted by `hsb' on input line 1372.
Package xcolor Info: Model `tHsb' substituted by `hsb' on input line 1373.
Package xcolor Info: Model `HSB' substituted by `hsb' on input line 1374.
Package xcolor Info: Model `Gray' substituted by `gray' on input line 1375.
Package xcolor Info: Model `wave' substituted by `hsb' on input line 1376.
)
(C:\Users\indov\AppData\Local\Programs\MiKTeX\tex/latex/pdflscape\pdflscape.sty
Package: pdflscape 2019/12/05 v0.12 Display of landscape pages in PDF (HO)
(C:\Users\indov\AppData\Local\Programs\MiKTeX\tex/generic/iftex\iftex.sty
Package: iftex 2022/02/03 v1.0f TeX engine tests
)
(C:\Users\indov\AppData\Local\Programs\MiKTeX\tex/latex/graphics\lscape.sty
Package: lscape 2020/05/28 v3.02 Landscape Pages (DPC)
)
Package pdflscape Info: Auto-detected driver: pdftex on input line 81.
)
(C:\Users\indov\AppData\Local\Programs\MiKTeX\tex/latex/lastpage\lastpage.sty
Package: lastpage 2021/09/03 v1.2n Refers to last page's name (HMM; JPG)
)
(C:\Users\indov\AppData\Local\Programs\MiKTeX\tex/latex/multirow\multirow.sty
Package: multirow 2021/03/15 v2.8 Span multiple rows of a table
\multirow@colwidth=\skip52
\multirow@cntb=\count196
\multirow@dima=\skip53
\bigstrutjot=\dimen154
)
(C:\Users\indov\AppData\Local\Programs\MiKTeX\tex/latex/amsmath\amsmath.sty
Package: amsmath 2022/04/08 v2.17n AMS math features
\@mathmargin=\skip54

For additional information on amsmath, use the `?' option.
(C:\Users\indov\AppData\Local\Programs\MiKTeX\tex/latex/amsmath\amstext.sty
Package: amstext 2021/08/26 v2.01 AMS text

(C:\Users\indov\AppData\Local\Programs\MiKTeX\tex/latex/amsmath\amsgen.sty
File: amsgen.sty 1999/11/30 v2.0 generic functions
\@emptytoks=\toks20
\ex@=\dimen155
))
(C:\Users\indov\AppData\Local\Programs\MiKTeX\tex/latex/amsmath\amsbsy.sty
Package: amsbsy 1999/11/29 v1.2d Bold Symbols
\pmbraise@=\dimen156
)
(C:\Users\indov\AppData\Local\Programs\MiKTeX\tex/latex/amsmath\amsopn.sty
Package: amsopn 2022/04/08 v2.04 operator names
)
\inf@bad=\count197
LaTeX Info: Redefining \frac on input line 234.
\uproot@=\count198
\leftroot@=\count199
LaTeX Info: Redefining \overline on input line 399.
LaTeX Info: Redefining \colon on input line 410.
\classnum@=\count266
\DOTSCASE@=\count267
LaTeX Info: Redefining \ldots on input line 496.
LaTeX Info: Redefining \dots on input line 499.
LaTeX Info: Redefining \cdots on input line 620.
\Mathstrutbox@=\box53
\strutbox@=\box54
LaTeX Info: Redefining \big on input line 722.
LaTeX Info: Redefining \Big on input line 723.
LaTeX Info: Redefining \bigg on input line 724.
LaTeX Info: Redefining \Bigg on input line 725.
\big@size=\dimen157
LaTeX Font Info:    Redeclaring font encoding OML on input line 743.
LaTeX Font Info:    Redeclaring font encoding OMS on input line 744.
\macc@depth=\count268
LaTeX Info: Redefining \bmod on input line 905.
LaTeX Info: Redefining \pmod on input line 910.
LaTeX Info: Redefining \smash on input line 940.
LaTeX Info: Redefining \relbar on input line 970.
LaTeX Info: Redefining \Relbar on input line 971.
\c@MaxMatrixCols=\count269
\dotsspace@=\muskip16
\c@parentequation=\count270
\dspbrk@lvl=\count271
\tag@help=\toks21
\row@=\count272
\column@=\count273
\maxfields@=\count274
\andhelp@=\toks22
\eqnshift@=\dimen158
\alignsep@=\dimen159
\tagshift@=\dimen160
\tagwidth@=\dimen161
\totwidth@=\dimen162
\lineht@=\dimen163
\@envbody=\toks23
\multlinegap=\skip55
\multlinetaggap=\skip56
\mathdisplay@stack=\toks24
LaTeX Info: Redefining \[ on input line 2953.
LaTeX Info: Redefining \] on input line 2954.
)
(C:\Users\indov\AppData\Local\Programs\MiKTeX\tex/latex/base\fixltx2e.sty
Package: fixltx2e 2016/12/29 v2.1a fixes to LaTeX (obsolete)
Applying: [2015/01/01] Old fixltx2e package on input line 46.


Package fixltx2e Warning: fixltx2e is not required with releases after 2015
(fixltx2e)                All fixes are now in the LaTeX kernel.
(fixltx2e)                See the latexrelease package for details.

Already applied: [0000/00/00] Old fixltx2e package on input line 53.
) (C:\Users\indov\AppData\Local\Programs\MiKTeX\tex/latex/base\fontenc.sty
Package: fontenc 2021/04/29 v2.0v Standard LaTeX package
)
(C:\Users\indov\AppData\Local\Programs\MiKTeX\tex/latex/base\inputenc.sty
Package: inputenc 2021/02/14 v1.3d Input encoding file
\inpenc@prehook=\toks25
\inpenc@posthook=\toks26
)
(C:\Users\indov\AppData\Local\Programs\MiKTeX\tex/latex/base\ifthen.sty
Package: ifthen 2022/04/13 v1.1d Standard LaTeX ifthen package (DPC)
)
(C:\Users\indov\AppData\Local\Programs\MiKTeX\tex/latex/fancyhdr\fancyhdr.sty
Package: fancyhdr 2022/05/18 v4.0.3 Extensive control of page headers and foote
rs
\f@nch@headwidth=\skip57
\f@nch@O@elh=\skip58
\f@nch@O@erh=\skip59
\f@nch@O@olh=\skip60
\f@nch@O@orh=\skip61
\f@nch@O@elf=\skip62
\f@nch@O@erf=\skip63
\f@nch@O@olf=\skip64
\f@nch@O@orf=\skip65
)
(C:\Users\indov\AppData\Local\Programs\MiKTeX\tex/latex/ragged2e\ragged2e.sty
Package: ragged2e 2021/12/15 v3.1 ragged2e Package


LaTeX Warning: Command \@arrayparboxrestore  has changed.
               Check if current package is valid.

(C:\Users\indov\AppData\Local\Programs\MiKTeX\tex/latex/footmisc\footmisc.sty
Package: footmisc 2022/03/08 v6.0d a miscellany of footnote facilities
\FN@temptoken=\toks27
\footnotemargin=\dimen164
\@outputbox@depth=\dimen165
Package footmisc Info: Declaring symbol style bringhurst on input line 695.
Package footmisc Info: Declaring symbol style chicago on input line 703.
Package footmisc Info: Declaring symbol style wiley on input line 712.
Package footmisc Info: Declaring symbol style lamport-robust on input line 723.

Package footmisc Info: Declaring symbol style lamport* on input line 743.
Package footmisc Info: Declaring symbol style lamport*-robust on input line 764
.
)
\CenteringLeftskip=\skip66
\RaggedLeftLeftskip=\skip67
\RaggedRightLeftskip=\skip68
\CenteringRightskip=\skip69
\RaggedLeftRightskip=\skip70
\RaggedRightRightskip=\skip71
\CenteringParfillskip=\skip72
\RaggedLeftParfillskip=\skip73
\RaggedRightParfillskip=\skip74
\JustifyingParfillskip=\skip75
\CenteringParindent=\skip76
\RaggedLeftParindent=\skip77
\RaggedRightParindent=\skip78
\JustifyingParindent=\skip79
) (C:\Users\indov\AppData\Local\Programs\MiKTeX\tex/latex/geometry\geometry.sty
Package: geometry 2020/01/02 v5.9 Page Geometry

(C:\Users\indov\AppData\Local\Programs\MiKTeX\tex/generic/iftex\ifvtex.sty
Package: ifvtex 2019/10/25 v1.7 ifvtex legacy package. Use iftex instead.
)
\Gm@cnth=\count275
\Gm@cntv=\count276
\c@Gm@tempcnt=\count277
\Gm@bindingoffset=\dimen166
\Gm@wd@mp=\dimen167
\Gm@odd@mp=\dimen168
\Gm@even@mp=\dimen169
\Gm@layoutwidth=\dimen170
\Gm@layoutheight=\dimen171
\Gm@layouthoffset=\dimen172
\Gm@layoutvoffset=\dimen173
\Gm@dimlist=\toks28

(C:\Users\indov\AppData\Local\Programs\MiKTeX\tex/latex/geometry\geometry.cfg))

(C:\Users\indov\AppData\Local\Programs\MiKTeX\tex/latex/l3backend\l3backend-pdf
tex.def
File: l3backend-pdftex.def 2022-10-26 L3 backend support: PDF output (pdfTeX)
\l__color_backend_stack_int=\count278
\l__pdf_internal_box=\box55
) (AllSolidsQuestionBank.aux)
\openout1 = `AllSolidsQuestionBank.aux'.

LaTeX Font Info:    Checking defaults for OML/cmm/m/it on input line 62.
LaTeX Font Info:    ... okay on input line 62.
LaTeX Font Info:    Checking defaults for OMS/cmsy/m/n on input line 62.
LaTeX Font Info:    ... okay on input line 62.
LaTeX Font Info:    Checking defaults for OT1/cmr/m/n on input line 62.
LaTeX Font Info:    ... okay on input line 62.
LaTeX Font Info:    Checking defaults for T1/cmr/m/n on input line 62.
LaTeX Font Info:    ... okay on input line 62.
LaTeX Font Info:    Checking defaults for TS1/cmr/m/n on input line 62.
LaTeX Font Info:    ... okay on input line 62.
LaTeX Font Info:    Checking defaults for OMX/cmex/m/n on input line 62.
LaTeX Font Info:    ... okay on input line 62.
LaTeX Font Info:    Checking defaults for U/cmr/m/n on input line 62.
LaTeX Font Info:    ... okay on input line 62.

(C:\Users\indov\AppData\Local\Programs\MiKTeX\tex/context/base/mkii\supp-pdf.mk
ii
[Loading MPS to PDF converter (version 2006.09.02).]
\scratchcounter=\count279
\scratchdimen=\dimen174
\scratchbox=\box56
\nofMPsegments=\count280
\nofMParguments=\count281
\everyMPshowfont=\toks29
\MPscratchCnt=\count282
\MPscratchDim=\dimen175
\MPnumerator=\count283
\makeMPintoPDFobject=\count284
\everyMPtoPDFconversion=\toks30
)
(C:\Users\indov\AppData\Local\Programs\MiKTeX\tex/latex/epstopdf-pkg\epstopdf-b
ase.sty
Package: epstopdf-base 2020-01-24 v2.11 Base part for package epstopdf
Package epstopdf-base Info: Redefining graphics rule for `.eps' on input line 4
85.

(C:\Users\indov\AppData\Local\Programs\MiKTeX\tex/latex/00miktex\epstopdf-sys.c
fg
File: epstopdf-sys.cfg 2021/03/18 v2.0 Configuration of epstopdf for MiKTeX
))
Package lastpage Info: Please have a look at the pageslts package at
(lastpage)             https://www.ctan.org/pkg/pageslts
(lastpage)             ! on input line 62.
Package ragged2e Info: ABD: executing \RaggedRight on input line 62.

*geometry* driver: auto-detecting
*geometry* detected driver: pdftex
*geometry* verbose mode - [ preamble ] result:
* driver: pdftex
* paper: <default>
* layout: <same size as paper>
* layoutoffset:(h,v)=(0.0pt,0.0pt)
* modes: 
* h-part:(L,W,R)=(72.26999pt, 469.75502pt, 72.26999pt)
* v-part:(T,H,B)=(86.72377pt, 635.97623pt, 72.26999pt)
* \paperwidth=614.295pt
* \paperheight=794.96999pt
* \textwidth=469.75502pt
* \textheight=635.97623pt
* \oddsidemargin=0.0pt
* \evensidemargin=0.0pt
* \topmargin=-49.77365pt
* \headheight=56.2pt
* \headsep=7.22743pt
* \topskip=10.0pt
* \footskip=30.0pt
* \marginparwidth=65.0pt
* \marginparsep=11.0pt
* \columnsep=10.0pt
* \skip\footins=9.0pt plus 4.0pt minus 2.0pt
* \hoffset=0.0pt
* \voffset=0.0pt
* \mag=1000
* \@twocolumnfalse
* \@twosidefalse
* \@mparswitchfalse
* \@reversemarginfalse
* (1in=72.27pt=25.4mm, 1cm=28.453pt)

[1{C:/Users/indov/AppData/Local/MiKTeX/fonts/map/pdftex/pdftex.map}

] [2]
[3] [4] [5] [6] [7] [8] [9] [10] [11] [12] [13]
Overfull \hbox (0.26909pt too wide) in paragraph at lines 1485--1486
[]\T1/cmr/m/n/10 32. How would you de-ter-mine if a gas mix-ing sys-tem is plug
ged or oth-er-wise mal-func-tion-ing in your anaer- 
 []

[14] [15] [16] [17] [18] [19]
Overfull \hbox (0.26909pt too wide) in paragraph at lines 2098--2099
[]\T1/cmr/m/n/10 16. How would you de-ter-mine if a gas mix-ing sys-tem is plug
ged or oth-er-wise mal-func-tion-ing in your anaer- 
 []

[20] [21] [22] [23] [24] [25] [26] [27] [28]
Overfull \hbox (0.26909pt too wide) in paragraph at lines 3017--3018
[]\T1/cmr/m/n/10 80. How would you de-ter-mine if a gas mix-ing sys-tem is plug
ged or oth-er-wise mal-func-tion-ing in your anaer- 
 []

[29] [30] [31] [32] [33] [34] [35] [36] [37] [38] [39] [40]
Overfull \hbox (0.43571pt too wide) in paragraph at lines 4183--4184
[]\T1/cmr/m/n/10 201. In a two-stage anaer-o-bic di-ges-tion sys-tem, it is in 
the sec-ondary tank where most of the volatile solids 
 []

[41] [42]
Overfull \hbox (4.72633pt too wide) in paragraph at lines 4455--4456
[]\T1/cmr/m/n/10 15. Gravity-thickened pri-mary sludge will con-tain solids wit
hin which of the fol-low-ing con-cen-tra-tion ranges?  
 []

[43] [44]
Overfull \hbox (21.23619pt too wide) in paragraph at lines 4611--4612
[]\T1/cmr/m/n/10 c. The best belt speed for this unit is the slow-est speed the
 belt can be op-er-ated at, with-out caus-ing ^^Pwashout.^^Q  
 []

[45] [46] [47] [48] [49]
Overfull \hbox (0.26909pt too wide) in paragraph at lines 5135--5136
[]\T1/cmr/m/n/10 41. How would you de-ter-mine if a gas mix-ing sys-tem is plug
ged or oth-er-wise mal-func-tion-ing in your anaer- 
 []

[50] [51] [52] [53] [54] [55] [56] [57] [58] [59] [60] [61] [62]
Overfull \hbox (20.97891pt too wide) in paragraph at lines 7064--7065
[]$[] \OMS/cmsy/m/n/10 ^^C [][] ^^C [] \OT1/cmr/m/n/10 = []$  
 []

[63] [64]
<./images//DigesterWOCDimensions_1.png, id=210, 176.66pt x 71.26625pt>
File: ./images//DigesterWOCDimensions_1.png Graphic file (type png)
<use ./images//DigesterWOCDimensions_1.png>
Package pdftex.def Info: ./images//DigesterWOCDimensions_1.png  used on input l
ine 7153.
(pdftex.def)             Requested size: 176.65956pt x 71.26605pt.

Overfull \hbox (9.34595pt too wide) in paragraph at lines 7181--7181
[]\T1/cmr/m/n/10 The sludge feed to a di-gester is 12,000 $\OML/cmm/m/it/10 ft[
]$\T1/cmr/m/n/10 /day. The sludge con-tains 4.5% to-tal solids with 70% volatil
e 
 []

File: ./images//DigesterWOCDimensions_1.png Graphic file (type png)
<use ./images//DigesterWOCDimensions_1.png>
Package pdftex.def Info: ./images//DigesterWOCDimensions_1.png  used on input l
ine 7204.
(pdftex.def)             Requested size: 176.65956pt x 71.26605pt.

Overfull \hbox (0.4846pt too wide) in paragraph at lines 7298--7331
[]$[] \OT1/cmr/m/n/10 = 1208[] \OMS/cmsy/m/n/10 ^^C [] \OT1/cmr/m/n/10 = 16\OML
/cmm/m/it/10 ; \OT1/cmr/m/n/10 912[]$  
 []


Overfull \hbox (8.0511pt too wide) in paragraph at lines 7331--7332
[]\T1/cmr/m/n/10 The sludge feed to a di-gester is 80,000 gal/day. The sludge c
on-tains 4.5% to-tal solids with 75% volatile 
 []

[65 <./images//DigesterWOCDimensions_1.png>]
Overfull \hbox (14.92905pt too wide) in paragraph at lines 7419--7451
[]$[] \OT1/cmr/m/n/10 = 11\OML/cmm/m/it/10 ; \OT1/cmr/m/n/10 259[] \OMS/cmsy/m/
n/10 ^^C [] \OT1/cmr/m/n/10 = 157\OML/cmm/m/it/10 ; \OT1/cmr/m/n/10 626[]$  
 []


Overfull \hbox (9.76721pt too wide) in paragraph at lines 7455--7487
[]$[] \OT1/cmr/m/n/10 = 157\OML/cmm/m/it/10 ; \OT1/cmr/m/n/10 626[] \OMS/cmsy/m
/n/10 ^^C [] \OT1/cmr/m/n/10 = []$  
 []

[66]
Overfull \hbox (49.56918pt too wide) in paragraph at lines 7514--7539
[]$[] \OT1/cmr/m/n/10 = [] = 1\OML/cmm/m/it/10 ; \OT1/cmr/m/n/10 168[]$  
 []


Overfull \hbox (4.92902pt too wide) in paragraph at lines 7543--7576
[]$[] \OT1/cmr/m/n/10 = 1\OML/cmm/m/it/10 ; \OT1/cmr/m/n/10 168[] \OMS/cmsy/m/n
/10 ^^C [] \OT1/cmr/m/n/10 = 17\OML/cmm/m/it/10 ; \OT1/cmr/m/n/10 520[]$ 
 []


Underfull \hbox (badness 10000) in paragraph at lines 7543--7576
 
 []


Overfull \hbox (59.56921pt too wide) in paragraph at lines 7593--7618
[]$[] \OT1/cmr/m/n/10 = [] = 1\OML/cmm/m/it/10 ; \OT1/cmr/m/n/10 030[]$  
 []


Overfull \hbox (12.70682pt too wide) in paragraph at lines 7659--7691
[]$[] \OT1/cmr/m/n/10 = 1\OML/cmm/m/it/10 ; \OT1/cmr/m/n/10 030[] \OMS/cmsy/m/n
/10 ^^C [] \OT1/cmr/m/n/10 = 13\OML/cmm/m/it/10 ; \OT1/cmr/m/n/10 905[]$  
 []

[67] [68] [69]
Overfull \hbox (1.71375pt too wide) in paragraph at lines 7900--7901
[]|$[]$|  
 []

[70] [71] [72] [73] [74] [75]
Overfull \hbox (21.57378pt too wide) in paragraph at lines 8228--8229
[]$ \OT1/cmr/m/n/10 =[]\OMS/cmsy/m/n/10 )  \OML/cmm/m/it/10 C[] \OT1/cmr/m/n/10
 = [] = [] = [] = []$  
 []


Overfull \hbox (39.04268pt too wide) in paragraph at lines 8234--8236
[]$ \OT1/cmr/m/n/10 =[]\OMS/cmsy/m/n/10 )  []$ 
 []


Overfull \hbox (39.04268pt too wide) in paragraph at lines 8246--8246
[]$ \OT1/cmr/m/n/10 =[]\OMS/cmsy/m/n/10 )  []$  
 []

[76] [77] [78] [79] [80] [81] [82]
File: ./images//DigesterWOCDimensions_1.png Graphic file (type png)
<use ./images//DigesterWOCDimensions_1.png>
Package pdftex.def Info: ./images//DigesterWOCDimensions_1.png  used on input l
ine 8656.
(pdftex.def)             Requested size: 176.65956pt x 71.26605pt.
 [83]
Overfull \hbox (9.34595pt too wide) in paragraph at lines 8684--8684
[]\T1/cmr/m/n/10 The sludge feed to a di-gester is 12,000 $\OML/cmm/m/it/10 ft[
]$\T1/cmr/m/n/10 /day. The sludge con-tains 4.5% to-tal solids with 70% volatil
e 
 []

File: ./images//DigesterWOCDimensions_1.png Graphic file (type png)
<use ./images//DigesterWOCDimensions_1.png>
Package pdftex.def Info: ./images//DigesterWOCDimensions_1.png  used on input l
ine 8707.
(pdftex.def)             Requested size: 176.65956pt x 71.26605pt.

Overfull \hbox (0.4846pt too wide) in paragraph at lines 8801--8834
[]$[] \OT1/cmr/m/n/10 = 1208[] \OMS/cmsy/m/n/10 ^^C [] \OT1/cmr/m/n/10 = 16\OML
/cmm/m/it/10 ; \OT1/cmr/m/n/10 912[]$  
 []


Overfull \hbox (8.0511pt too wide) in paragraph at lines 8834--8835
[]\T1/cmr/m/n/10 The sludge feed to a di-gester is 80,000 gal/day. The sludge c
on-tains 4.5% to-tal solids with 75% volatile 
 []

[84]
Overfull \hbox (14.92905pt too wide) in paragraph at lines 8922--8954
[]$[] \OT1/cmr/m/n/10 = 11\OML/cmm/m/it/10 ; \OT1/cmr/m/n/10 259[] \OMS/cmsy/m/
n/10 ^^C [] \OT1/cmr/m/n/10 = 157\OML/cmm/m/it/10 ; \OT1/cmr/m/n/10 626[]$  
 []


Overfull \hbox (9.76721pt too wide) in paragraph at lines 8958--8990
[]$[] \OT1/cmr/m/n/10 = 157\OML/cmm/m/it/10 ; \OT1/cmr/m/n/10 626[] \OMS/cmsy/m
/n/10 ^^C [] \OT1/cmr/m/n/10 = []$  
 []

[85]
Overfull \hbox (49.56918pt too wide) in paragraph at lines 9017--9042
[]$[] \OT1/cmr/m/n/10 = [] = 1\OML/cmm/m/it/10 ; \OT1/cmr/m/n/10 168[]$  
 []


Overfull \hbox (4.92902pt too wide) in paragraph at lines 9046--9079
[]$[] \OT1/cmr/m/n/10 = 1\OML/cmm/m/it/10 ; \OT1/cmr/m/n/10 168[] \OMS/cmsy/m/n
/10 ^^C [] \OT1/cmr/m/n/10 = 17\OML/cmm/m/it/10 ; \OT1/cmr/m/n/10 520[]$ 
 []


Underfull \hbox (badness 10000) in paragraph at lines 9046--9079
 
 []


Overfull \hbox (59.56921pt too wide) in paragraph at lines 9096--9121
[]$[] \OT1/cmr/m/n/10 = [] = 1\OML/cmm/m/it/10 ; \OT1/cmr/m/n/10 030[]$  
 []


Overfull \hbox (12.70682pt too wide) in paragraph at lines 9162--9194
[]$[] \OT1/cmr/m/n/10 = 1\OML/cmm/m/it/10 ; \OT1/cmr/m/n/10 030[] \OMS/cmsy/m/n
/10 ^^C [] \OT1/cmr/m/n/10 = 13\OML/cmm/m/it/10 ; \OT1/cmr/m/n/10 905[]$  
 []

[86] [87]
Overfull \hbox (20.97891pt too wide) in paragraph at lines 9328--9329
[]$[] \OMS/cmsy/m/n/10 ^^C [][] ^^C [] \OT1/cmr/m/n/10 = []$  
 []

[88] [89]
Overfull \hbox (3.27449pt too wide) in paragraph at lines 9430--9430
[]\T1/cmr/m/n/10 The op-er-a-tional con-trol of a dis-solved air flota-tion thi
ck-ener most crit-i-cal for pro-duc-ing an ad-e-quately 
 []

[90] [91] [92] [93]
Overfull \hbox (1.21944pt too wide) in paragraph at lines 9706--9706
[]\T1/cmr/m/n/10 You have ob-served wa-ter spray-ing out of the vac-uum fil-ter
's si-lencer (or snub-ber; ex-haust pipe Which 
 []

[94]
Overfull \hbox (3.27449pt too wide) in paragraph at lines 9744--9744
[]\T1/cmr/m/n/10 The op-er-a-tional con-trol of a dis-solved air flota-tion thi
ck-ener most crit-i-cal for pro-duc-ing an ad-e-quately 
 []

[95] [96] [97] [98] [99] [100] [101] [102] [103] [104]
Overfull \hbox (2.08034pt too wide) in paragraph at lines 10352--10352
[]\T1/cmr/m/n/10 One ac-tion that may be taken to im-prove the health of an ana
er-o-bic di-gester that is go-ing sour would 
 []

[105] [106] [107] [108]
Overfull \hbox (2.08034pt too wide) in paragraph at lines 10543--10543
[]\T1/cmr/m/n/10 One ac-tion that may be taken to im-prove the health of an ana
er-o-bic di-gester that is go-ing sour would 
 []


Overfull \hbox (2.08034pt too wide) in paragraph at lines 10551--10551
[]\T1/cmr/m/n/10 One ac-tion that may be taken to im-prove the health of an ana
er-o-bic di-gester that is go-ing sour would 
 []

[109] [110] [111]
Overfull \hbox (2.08034pt too wide) in paragraph at lines 10681--10681
[]\T1/cmr/m/n/10 One ac-tion that may be taken to im-prove the health of an ana
er-o-bic di-gester that is go-ing sour would 
 []

[112]
Overfull \hbox (2.08034pt too wide) in paragraph at lines 10768--10768
[]\T1/cmr/m/n/10 One ac-tion that may be taken to im-prove the health of an ana
er-o-bic di-gester that is go-ing sour would 
 []

[113] [114]
Overfull \hbox (11.16145pt too wide) in paragraph at lines 10882--10882
[]\T1/cmr/m/n/10 *a. it is the amount of heat re-quired to raise the tem-per-a-
ture of one pound of wa-ter one de-gree Fahren- 
 []

[115]
Overfull \hbox (2.19142pt too wide) in paragraph at lines 10909--10909
[]\T1/cmr/m/n/10 d. sludge pumped to di-gester #3 must be thicker than sludge p
umped to di-gester #2, and #2 thicker 
 []

[116]
Overfull \hbox (11.16145pt too wide) in paragraph at lines 11014--11014
[]\T1/cmr/m/n/10 *a. it is the amount of heat re-quired to raise the tem-per-a-
ture of one pound of wa-ter one de-gree Fahren- 
 []

[117] [118]
Overfull \hbox (2.08034pt too wide) in paragraph at lines 11130--11130
[]\T1/cmr/m/n/10 One ac-tion that may be taken to im-prove the health of an ana
er-o-bic di-gester that is go-ing sour would 
 []

[119] [120] [121] [122]
Overfull \hbox (2.08034pt too wide) in paragraph at lines 11321--11321
[]\T1/cmr/m/n/10 One ac-tion that may be taken to im-prove the health of an ana
er-o-bic di-gester that is go-ing sour would 
 []


Overfull \hbox (2.08034pt too wide) in paragraph at lines 11329--11329
[]\T1/cmr/m/n/10 One ac-tion that may be taken to im-prove the health of an ana
er-o-bic di-gester that is go-ing sour would 
 []

[123] [124]
Overfull \hbox (1.49715pt too wide) in paragraph at lines 11441--11441
[]\T1/cmr/m/n/10 Anaerobically di-gested sludge pro-duces gas as a by-product. 
The gas pro-duced is of lit-tle or no value.  
 []


Overfull \hbox (2.80238pt too wide) in paragraph at lines 11446--11446
[]\T1/cmr/m/n/10 Digester gas con-tain-ing 60% methane by vol-ume will likely e
x-plode when ex-posed to a spark or flame.  
 []

[125] [126] [127] [128]
Overfull \hbox (1.49715pt too wide) in paragraph at lines 11683--11683
[]\T1/cmr/m/n/10 Anaerobically di-gested sludge pro-duces gas as a by-product. 
The gas pro-duced is of lit-tle or no value.  
 []


Overfull \hbox (2.80238pt too wide) in paragraph at lines 11688--11688
[]\T1/cmr/m/n/10 Digester gas con-tain-ing 60% methane by vol-ume will likely e
x-plode when ex-posed to a spark or flame.  
 []

[129] 
AED: lastpage setting LastPage
[130] (AllSolidsQuestionBank.aux) ) 
Here is how much of TeX's memory you used:
 4314 strings out of 475380
 69074 string characters out of 2776771
 441298 words of memory out of 3000000
 25644 multiletter control sequences out of 15000+600000
 473174 words of font info for 35 fonts, out of 8000000 for 9000
 1141 hyphenation exceptions out of 8191
 55i,12n,62p,638b,402s stack positions out of 10000i,1000n,20000p,200000b,80000s
 <C:\Users\indov\AppData\Local\MiKTeX\fonts/
pk/ljfour/jknappen/ec/dpi600\tcrm1000.pk> <C:\Users\indov\AppData\Local\MiKTeX\
fonts/pk/ljfour/jknappen/ec/dpi600\ecrm0700.pk> <C:\Users\indov\AppData\Local\M
iKTeX\fonts/pk/ljfour/jknappen/ec/dpi600\ecbx1000.pk> <C:\Users\indov\AppData\L
ocal\MiKTeX\fonts/pk/ljfour/jknappen/ec/dpi600\ecrm1000.pk><C:/Users/indov/AppD
ata/Local/Programs/MiKTeX/fonts/type1/public/amsfonts/cm/cmex10.pfb><C:/Users/i
ndov/AppData/Local/Programs/MiKTeX/fonts/type1/public/amsfonts/cm/cmmi10.pfb><C
:/Users/indov/AppData/Local/Programs/MiKTeX/fonts/type1/public/amsfonts/cm/cmmi
7.pfb><C:/Users/indov/AppData/Local/Programs/MiKTeX/fonts/type1/public/amsfonts
/cm/cmr10.pfb><C:/Users/indov/AppData/Local/Programs/MiKTeX/fonts/type1/public/
amsfonts/cm/cmr7.pfb><C:/Users/indov/AppData/Local/Programs/MiKTeX/fonts/type1/
public/amsfonts/cm/cmsy10.pfb>
Output written on AllSolidsQuestionBank.pdf (130 pages, 404703 bytes).
PDF statistics:
 621 PDF objects out of 1000 (max. 8388607)
 0 named destinations out of 1000 (max. 500000)
 6 words of extra memory for PDF output out of 10000 (max. 10000000)

