This is pdfTeX, Version 3.141592653-2.6-1.40.24 (MiKTeX 22.10) (preloaded format=pdflatex 2022.11.12)  29 JAN 2023 11:28
entering extended mode
 restricted \write18 enabled.
 %&-line parsing enabled.
**./BassettWWandAWTreatment.tex
(BassettWWandAWTreatment.tex
LaTeX2e <2022-06-01> patch level 5
L3 programming layer <2022-10-26>
(C:\Users\indov\AppData\Local\Programs\MiKTeX\tex/latex/base\book.cls
Document Class: book 2021/10/04 v1.4n Standard LaTeX document class
(C:\Users\indov\AppData\Local\Programs\MiKTeX\tex/latex/base\fleqn.clo
File: fleqn.clo 2016/12/29 v1.2b Standard LaTeX option (flush left equations)
\mathindent=\skip47
Applying: [2015/01/01] Make \[ robust on input line 50.
LaTeX Info: Redefining \[ on input line 51.
Already applied: [0000/00/00] Make \[ robust on input line 62.
Applying: [2015/01/01] Make \] robust on input line 74.
LaTeX Info: Redefining \] on input line 75.
Already applied: [0000/00/00] Make \] robust on input line 83.
)
(C:\Users\indov\AppData\Local\Programs\MiKTeX\tex/latex/base\bk11.clo
File: bk11.clo 2021/10/04 v1.4n Standard LaTeX file (size option)
)
\c@part=\count185
\c@chapter=\count186
\c@section=\count187
\c@subsection=\count188
\c@subsubsection=\count189
\c@paragraph=\count190
\c@subparagraph=\count191
\c@figure=\count192
\c@table=\count193
\abovecaptionskip=\skip48
\belowcaptionskip=\skip49
\bibindent=\dimen138
)
(C:\Users\indov\AppData\Local\Programs\MiKTeX\tex/latex/xcolor\xcolor.sty
Package: xcolor 2022/06/12 v2.14 LaTeX color extensions (UK)

(C:\Users\indov\AppData\Local\Programs\MiKTeX\tex/latex/graphics-cfg\color.cfg
File: color.cfg 2016/01/02 v1.6 sample color configuration
)
Package xcolor Info: Driver file: pdftex.def on input line 227.

(C:\Users\indov\AppData\Local\Programs\MiKTeX\tex/latex/graphics-def\pdftex.def
File: pdftex.def 2022/09/22 v1.2b Graphics/color driver for pdftex
\stockwidth=\dimen139
\stockheight=\dimen140
)
(C:\Users\indov\AppData\Local\Programs\MiKTeX\tex/latex/graphics\mathcolor.ltx)
Package xcolor Info: Model `cmy' substituted by `cmy0' on input line 1353.
Package xcolor Info: Model `hsb' substituted by `rgb' on input line 1357.
Package xcolor Info: Model `RGB' extended on input line 1369.
Package xcolor Info: Model `HTML' substituted by `rgb' on input line 1371.
Package xcolor Info: Model `Hsb' substituted by `hsb' on input line 1372.
Package xcolor Info: Model `tHsb' substituted by `hsb' on input line 1373.
Package xcolor Info: Model `HSB' substituted by `hsb' on input line 1374.
Package xcolor Info: Model `Gray' substituted by `gray' on input line 1375.
Package xcolor Info: Model `wave' substituted by `hsb' on input line 1376.
(C:\Users\indov\AppData\Local\Programs\MiKTeX\tex/latex/graphics\dvipsnam.def
File: dvipsnam.def 2016/06/17 v3.0m Driver-dependent file (DPC,SPQR)
)) (WATR080 structure.tex
(C:\Users\indov\AppData\Local\Programs\MiKTeX\tex/latex/graphics\graphicx.sty
Package: graphicx 2021/09/16 v1.2d Enhanced LaTeX Graphics (DPC,SPQR)

(C:\Users\indov\AppData\Local\Programs\MiKTeX\tex/latex/graphics\keyval.sty
Package: keyval 2022/05/29 v1.15 key=value parser (DPC)
\KV@toks@=\toks16
)
(C:\Users\indov\AppData\Local\Programs\MiKTeX\tex/latex/graphics\graphics.sty
Package: graphics 2022/03/10 v1.4e Standard LaTeX Graphics (DPC,SPQR)

(C:\Users\indov\AppData\Local\Programs\MiKTeX\tex/latex/graphics\trig.sty
Package: trig 2021/08/11 v1.11 sin cos tan (DPC)
)
(C:\Users\indov\AppData\Local\Programs\MiKTeX\tex/latex/graphics-cfg\graphics.c
fg
File: graphics.cfg 2016/06/04 v1.11 sample graphics configuration
)
Package graphics Info: Driver file: pdftex.def on input line 107.
)
\Gin@req@height=\dimen141
\Gin@req@width=\dimen142
) (C:\Users\indov\AppData\Local\Programs\MiKTeX\tex/latex/lipsum\lipsum.sty
(C:\Users\indov\AppData\Local\Programs\MiKTeX\tex/latex/l3packages/l3keys2e\l3k
eys2e.sty
(C:\Users\indov\AppData\Local\Programs\MiKTeX\tex/latex/l3kernel\expl3.sty
Package: expl3 2022-10-26 L3 programming layer (loader) 

(C:\Users\indov\AppData\Local\Programs\MiKTeX\tex/latex/l3backend\l3backend-pdf
tex.def
File: l3backend-pdftex.def 2022-10-26 L3 backend support: PDF output (pdfTeX)
\l__color_backend_stack_int=\count194
\l__pdf_internal_box=\box51
))
Package: l3keys2e 2022-06-22 LaTeX2e option processing using LaTeX3 keys
)
Package: lipsum 2021-09-20 v2.7 150 paragraphs of Lorem Ipsum dummy text
\g__lipsum_par_int=\count195
\l__lipsum_a_int=\count196
\l__lipsum_b_int=\count197

(C:\Users\indov\AppData\Local\Programs\MiKTeX\tex/latex/lipsum\lipsum.ltd.tex))

(C:\Users\indov\AppData\Local\Programs\MiKTeX\tex/latex/pgf/frontendlayer\tikz.
sty
(C:\Users\indov\AppData\Local\Programs\MiKTeX\tex/latex/pgf/basiclayer\pgf.sty
(C:\Users\indov\AppData\Local\Programs\MiKTeX\tex/latex/pgf/utilities\pgfrcs.st
y
(C:\Users\indov\AppData\Local\Programs\MiKTeX\tex/generic/pgf/utilities\pgfutil
-common.tex
\pgfutil@everybye=\toks17
\pgfutil@tempdima=\dimen143
\pgfutil@tempdimb=\dimen144

(C:\Users\indov\AppData\Local\Programs\MiKTeX\tex/generic/pgf/utilities\pgfutil
-common-lists.tex))
(C:\Users\indov\AppData\Local\Programs\MiKTeX\tex/generic/pgf/utilities\pgfutil
-latex.def
\pgfutil@abb=\box52
)
(C:\Users\indov\AppData\Local\Programs\MiKTeX\tex/generic/pgf/utilities\pgfrcs.
code.tex
(C:\Users\indov\AppData\Local\Programs\MiKTeX\tex/generic/pgf\pgf.revision.tex)
Package: pgfrcs 2021/05/15 v3.1.9a (3.1.9a)
))
Package: pgf 2021/05/15 v3.1.9a (3.1.9a)

(C:\Users\indov\AppData\Local\Programs\MiKTeX\tex/latex/pgf/basiclayer\pgfcore.
sty
(C:\Users\indov\AppData\Local\Programs\MiKTeX\tex/latex/pgf/systemlayer\pgfsys.
sty
(C:\Users\indov\AppData\Local\Programs\MiKTeX\tex/generic/pgf/systemlayer\pgfsy
s.code.tex
Package: pgfsys 2021/05/15 v3.1.9a (3.1.9a)

(C:\Users\indov\AppData\Local\Programs\MiKTeX\tex/generic/pgf/utilities\pgfkeys
.code.tex
\pgfkeys@pathtoks=\toks18
\pgfkeys@temptoks=\toks19

(C:\Users\indov\AppData\Local\Programs\MiKTeX\tex/generic/pgf/utilities\pgfkeys
filtered.code.tex
\pgfkeys@tmptoks=\toks20
))
\pgf@x=\dimen145
\pgf@y=\dimen146
\pgf@xa=\dimen147
\pgf@ya=\dimen148
\pgf@xb=\dimen149
\pgf@yb=\dimen150
\pgf@xc=\dimen151
\pgf@yc=\dimen152
\pgf@xd=\dimen153
\pgf@yd=\dimen154
\w@pgf@writea=\write3
\r@pgf@reada=\read2
\c@pgf@counta=\count198
\c@pgf@countb=\count199
\c@pgf@countc=\count266
\c@pgf@countd=\count267
\t@pgf@toka=\toks21
\t@pgf@tokb=\toks22
\t@pgf@tokc=\toks23
\pgf@sys@id@count=\count268

(C:\Users\indov\AppData\Local\Programs\MiKTeX\tex/generic/pgf/systemlayer\pgf.c
fg
File: pgf.cfg 2021/05/15 v3.1.9a (3.1.9a)
)
Driver file for pgf: pgfsys-pdftex.def

(C:\Users\indov\AppData\Local\Programs\MiKTeX\tex/generic/pgf/systemlayer\pgfsy
s-pdftex.def
File: pgfsys-pdftex.def 2021/05/15 v3.1.9a (3.1.9a)

(C:\Users\indov\AppData\Local\Programs\MiKTeX\tex/generic/pgf/systemlayer\pgfsy
s-common-pdf.def
File: pgfsys-common-pdf.def 2021/05/15 v3.1.9a (3.1.9a)
)))
(C:\Users\indov\AppData\Local\Programs\MiKTeX\tex/generic/pgf/systemlayer\pgfsy
ssoftpath.code.tex
File: pgfsyssoftpath.code.tex 2021/05/15 v3.1.9a (3.1.9a)
\pgfsyssoftpath@smallbuffer@items=\count269
\pgfsyssoftpath@bigbuffer@items=\count270
)
(C:\Users\indov\AppData\Local\Programs\MiKTeX\tex/generic/pgf/systemlayer\pgfsy
sprotocol.code.tex
File: pgfsysprotocol.code.tex 2021/05/15 v3.1.9a (3.1.9a)
))
(C:\Users\indov\AppData\Local\Programs\MiKTeX\tex/generic/pgf/basiclayer\pgfcor
e.code.tex
Package: pgfcore 2021/05/15 v3.1.9a (3.1.9a)

(C:\Users\indov\AppData\Local\Programs\MiKTeX\tex/generic/pgf/math\pgfmath.code
.tex
(C:\Users\indov\AppData\Local\Programs\MiKTeX\tex/generic/pgf/math\pgfmathcalc.
code.tex
(C:\Users\indov\AppData\Local\Programs\MiKTeX\tex/generic/pgf/math\pgfmathutil.
code.tex)
(C:\Users\indov\AppData\Local\Programs\MiKTeX\tex/generic/pgf/math\pgfmathparse
r.code.tex
\pgfmath@dimen=\dimen155
\pgfmath@count=\count271
\pgfmath@box=\box53
\pgfmath@toks=\toks24
\pgfmath@stack@operand=\toks25
\pgfmath@stack@operation=\toks26
)
(C:\Users\indov\AppData\Local\Programs\MiKTeX\tex/generic/pgf/math\pgfmathfunct
ions.code.tex
(C:\Users\indov\AppData\Local\Programs\MiKTeX\tex/generic/pgf/math\pgfmathfunct
ions.basic.code.tex)
(C:\Users\indov\AppData\Local\Programs\MiKTeX\tex/generic/pgf/math\pgfmathfunct
ions.trigonometric.code.tex)
(C:\Users\indov\AppData\Local\Programs\MiKTeX\tex/generic/pgf/math\pgfmathfunct
ions.random.code.tex)
(C:\Users\indov\AppData\Local\Programs\MiKTeX\tex/generic/pgf/math\pgfmathfunct
ions.comparison.code.tex)
(C:\Users\indov\AppData\Local\Programs\MiKTeX\tex/generic/pgf/math\pgfmathfunct
ions.base.code.tex)
(C:\Users\indov\AppData\Local\Programs\MiKTeX\tex/generic/pgf/math\pgfmathfunct
ions.round.code.tex)
(C:\Users\indov\AppData\Local\Programs\MiKTeX\tex/generic/pgf/math\pgfmathfunct
ions.misc.code.tex)
(C:\Users\indov\AppData\Local\Programs\MiKTeX\tex/generic/pgf/math\pgfmathfunct
ions.integerarithmetics.code.tex)))
(C:\Users\indov\AppData\Local\Programs\MiKTeX\tex/generic/pgf/math\pgfmathfloat
.code.tex
\c@pgfmathroundto@lastzeros=\count272
))
(C:\Users\indov\AppData\Local\Programs\MiKTeX\tex/generic/pgf/math\pgfint.code.
tex)
(C:\Users\indov\AppData\Local\Programs\MiKTeX\tex/generic/pgf/basiclayer\pgfcor
epoints.code.tex
File: pgfcorepoints.code.tex 2021/05/15 v3.1.9a (3.1.9a)
\pgf@picminx=\dimen156
\pgf@picmaxx=\dimen157
\pgf@picminy=\dimen158
\pgf@picmaxy=\dimen159
\pgf@pathminx=\dimen160
\pgf@pathmaxx=\dimen161
\pgf@pathminy=\dimen162
\pgf@pathmaxy=\dimen163
\pgf@xx=\dimen164
\pgf@xy=\dimen165
\pgf@yx=\dimen166
\pgf@yy=\dimen167
\pgf@zx=\dimen168
\pgf@zy=\dimen169
)
(C:\Users\indov\AppData\Local\Programs\MiKTeX\tex/generic/pgf/basiclayer\pgfcor
epathconstruct.code.tex
File: pgfcorepathconstruct.code.tex 2021/05/15 v3.1.9a (3.1.9a)
\pgf@path@lastx=\dimen170
\pgf@path@lasty=\dimen171
)
(C:\Users\indov\AppData\Local\Programs\MiKTeX\tex/generic/pgf/basiclayer\pgfcor
epathusage.code.tex
File: pgfcorepathusage.code.tex 2021/05/15 v3.1.9a (3.1.9a)
\pgf@shorten@end@additional=\dimen172
\pgf@shorten@start@additional=\dimen173
)
(C:\Users\indov\AppData\Local\Programs\MiKTeX\tex/generic/pgf/basiclayer\pgfcor
escopes.code.tex
File: pgfcorescopes.code.tex 2021/05/15 v3.1.9a (3.1.9a)
\pgfpic=\box54
\pgf@hbox=\box55
\pgf@layerbox@main=\box56
\pgf@picture@serial@count=\count273
)
(C:\Users\indov\AppData\Local\Programs\MiKTeX\tex/generic/pgf/basiclayer\pgfcor
egraphicstate.code.tex
File: pgfcoregraphicstate.code.tex 2021/05/15 v3.1.9a (3.1.9a)
\pgflinewidth=\dimen174
)
(C:\Users\indov\AppData\Local\Programs\MiKTeX\tex/generic/pgf/basiclayer\pgfcor
etransformations.code.tex
File: pgfcoretransformations.code.tex 2021/05/15 v3.1.9a (3.1.9a)
\pgf@pt@x=\dimen175
\pgf@pt@y=\dimen176
\pgf@pt@temp=\dimen177
)
(C:\Users\indov\AppData\Local\Programs\MiKTeX\tex/generic/pgf/basiclayer\pgfcor
equick.code.tex
File: pgfcorequick.code.tex 2021/05/15 v3.1.9a (3.1.9a)
)
(C:\Users\indov\AppData\Local\Programs\MiKTeX\tex/generic/pgf/basiclayer\pgfcor
eobjects.code.tex
File: pgfcoreobjects.code.tex 2021/05/15 v3.1.9a (3.1.9a)
)
(C:\Users\indov\AppData\Local\Programs\MiKTeX\tex/generic/pgf/basiclayer\pgfcor
epathprocessing.code.tex
File: pgfcorepathprocessing.code.tex 2021/05/15 v3.1.9a (3.1.9a)
)
(C:\Users\indov\AppData\Local\Programs\MiKTeX\tex/generic/pgf/basiclayer\pgfcor
earrows.code.tex
File: pgfcorearrows.code.tex 2021/05/15 v3.1.9a (3.1.9a)
\pgfarrowsep=\dimen178
)
(C:\Users\indov\AppData\Local\Programs\MiKTeX\tex/generic/pgf/basiclayer\pgfcor
eshade.code.tex
File: pgfcoreshade.code.tex 2021/05/15 v3.1.9a (3.1.9a)
\pgf@max=\dimen179
\pgf@sys@shading@range@num=\count274
\pgf@shadingcount=\count275
)
(C:\Users\indov\AppData\Local\Programs\MiKTeX\tex/generic/pgf/basiclayer\pgfcor
eimage.code.tex
File: pgfcoreimage.code.tex 2021/05/15 v3.1.9a (3.1.9a)

(C:\Users\indov\AppData\Local\Programs\MiKTeX\tex/generic/pgf/basiclayer\pgfcor
eexternal.code.tex
File: pgfcoreexternal.code.tex 2021/05/15 v3.1.9a (3.1.9a)
\pgfexternal@startupbox=\box57
))
(C:\Users\indov\AppData\Local\Programs\MiKTeX\tex/generic/pgf/basiclayer\pgfcor
elayers.code.tex
File: pgfcorelayers.code.tex 2021/05/15 v3.1.9a (3.1.9a)
)
(C:\Users\indov\AppData\Local\Programs\MiKTeX\tex/generic/pgf/basiclayer\pgfcor
etransparency.code.tex
File: pgfcoretransparency.code.tex 2021/05/15 v3.1.9a (3.1.9a)
)
(C:\Users\indov\AppData\Local\Programs\MiKTeX\tex/generic/pgf/basiclayer\pgfcor
epatterns.code.tex
File: pgfcorepatterns.code.tex 2021/05/15 v3.1.9a (3.1.9a)
)
(C:\Users\indov\AppData\Local\Programs\MiKTeX\tex/generic/pgf/basiclayer\pgfcor
erdf.code.tex
File: pgfcorerdf.code.tex 2021/05/15 v3.1.9a (3.1.9a)
)))
(C:\Users\indov\AppData\Local\Programs\MiKTeX\tex/generic/pgf/modules\pgfmodule
shapes.code.tex
File: pgfmoduleshapes.code.tex 2021/05/15 v3.1.9a (3.1.9a)
\pgfnodeparttextbox=\box58
)
(C:\Users\indov\AppData\Local\Programs\MiKTeX\tex/generic/pgf/modules\pgfmodule
plot.code.tex
File: pgfmoduleplot.code.tex 2021/05/15 v3.1.9a (3.1.9a)
)
(C:\Users\indov\AppData\Local\Programs\MiKTeX\tex/latex/pgf/compatibility\pgfco
mp-version-0-65.sty
Package: pgfcomp-version-0-65 2021/05/15 v3.1.9a (3.1.9a)
\pgf@nodesepstart=\dimen180
\pgf@nodesepend=\dimen181
)
(C:\Users\indov\AppData\Local\Programs\MiKTeX\tex/latex/pgf/compatibility\pgfco
mp-version-1-18.sty
Package: pgfcomp-version-1-18 2021/05/15 v3.1.9a (3.1.9a)
))
(C:\Users\indov\AppData\Local\Programs\MiKTeX\tex/latex/pgf/utilities\pgffor.st
y
(C:\Users\indov\AppData\Local\Programs\MiKTeX\tex/latex/pgf/utilities\pgfkeys.s
ty
(C:\Users\indov\AppData\Local\Programs\MiKTeX\tex/generic/pgf/utilities\pgfkeys
.code.tex))
(C:\Users\indov\AppData\Local\Programs\MiKTeX\tex/latex/pgf/math\pgfmath.sty
(C:\Users\indov\AppData\Local\Programs\MiKTeX\tex/generic/pgf/math\pgfmath.code
.tex))
(C:\Users\indov\AppData\Local\Programs\MiKTeX\tex/generic/pgf/utilities\pgffor.
code.tex
Package: pgffor 2021/05/15 v3.1.9a (3.1.9a)

(C:\Users\indov\AppData\Local\Programs\MiKTeX\tex/generic/pgf/math\pgfmath.code
.tex)
\pgffor@iter=\dimen182
\pgffor@skip=\dimen183
\pgffor@stack=\toks27
\pgffor@toks=\toks28
))
(C:\Users\indov\AppData\Local\Programs\MiKTeX\tex/generic/pgf/frontendlayer/tik
z\tikz.code.tex
Package: tikz 2021/05/15 v3.1.9a (3.1.9a)

(C:\Users\indov\AppData\Local\Programs\MiKTeX\tex/generic/pgf/libraries\pgflibr
aryplothandlers.code.tex
File: pgflibraryplothandlers.code.tex 2021/05/15 v3.1.9a (3.1.9a)
\pgf@plot@mark@count=\count276
\pgfplotmarksize=\dimen184
)
\tikz@lastx=\dimen185
\tikz@lasty=\dimen186
\tikz@lastxsaved=\dimen187
\tikz@lastysaved=\dimen188
\tikz@lastmovetox=\dimen189
\tikz@lastmovetoy=\dimen190
\tikzleveldistance=\dimen191
\tikzsiblingdistance=\dimen192
\tikz@figbox=\box59
\tikz@figbox@bg=\box60
\tikz@tempbox=\box61
\tikz@tempbox@bg=\box62
\tikztreelevel=\count277
\tikznumberofchildren=\count278
\tikznumberofcurrentchild=\count279
\tikz@fig@count=\count280

(C:\Users\indov\AppData\Local\Programs\MiKTeX\tex/generic/pgf/modules\pgfmodule
matrix.code.tex
File: pgfmodulematrix.code.tex 2021/05/15 v3.1.9a (3.1.9a)
\pgfmatrixcurrentrow=\count281
\pgfmatrixcurrentcolumn=\count282
\pgf@matrix@numberofcolumns=\count283
)
\tikz@expandcount=\count284

(C:\Users\indov\AppData\Local\Programs\MiKTeX\tex/generic/pgf/frontendlayer/tik
z/libraries\tikzlibrarytopaths.code.tex
File: tikzlibrarytopaths.code.tex 2021/05/15 v3.1.9a (3.1.9a)
)))
(C:\Users\indov\AppData\Local\Programs\MiKTeX\tex/generic/babel\babel.sty
Package: babel 2022/10/23 3.82 The Babel package
\babel@savecnt=\count285
\U@D=\dimen193
\l@unhyphenated=\language79

(C:\Users\indov\AppData\Local\Programs\MiKTeX\tex/generic/babel\txtbabel.def)
\bbl@readstream=\read3
\bbl@dirlevel=\count286

*************************************
* Local config file bblopts.cfg used
*
(C:\Users\indov\AppData\Local\Programs\MiKTeX\tex/latex/arabi\bblopts.cfg
File: bblopts.cfg 2005/09/08 v0.1 add Arabic and Farsi to "declared" options of
 babel
)
(C:\Users\indov\AppData\Local\Programs\MiKTeX\tex/latex/babel-english\english.l
df
Language: english 2017/06/06 v3.3r English support from the babel system
Package babel Info: Hyphen rules for 'canadian' set to \l@english
(babel)             (\language0). Reported on input line 102.
Package babel Info: Hyphen rules for 'australian' set to \l@ukenglish
(babel)             (\language73). Reported on input line 105.
Package babel Info: Hyphen rules for 'newzealand' set to \l@ukenglish
(babel)             (\language73). Reported on input line 108.
))
(C:\Users\indov\AppData\Local\Programs\MiKTeX\tex/generic/babel/locale/en\babel
-english.tex
Package babel Info: Importing font and identification data for english
(babel)             from babel-en.ini. Reported on input line 11.
)
(C:\Users\indov\AppData\Local\Programs\MiKTeX\tex/latex/enumitem\enumitem.sty
Package: enumitem 2019/06/20 v3.9 Customized lists
\labelindent=\skip50
\enit@outerparindent=\dimen194
\enit@toks=\toks29
\enit@inbox=\box63
\enit@count@id=\count287
\enitdp@description=\count288
)
(C:\Users\indov\AppData\Local\Programs\MiKTeX\tex/latex/booktabs\booktabs.sty
Package: booktabs 2020/01/12 v1.61803398 Publication quality tables
\heavyrulewidth=\dimen195
\lightrulewidth=\dimen196
\cmidrulewidth=\dimen197
\belowrulesep=\dimen198
\belowbottomsep=\dimen199
\aboverulesep=\dimen256
\abovetopsep=\dimen257
\cmidrulesep=\dimen258
\cmidrulekern=\dimen259
\defaultaddspace=\dimen260
\@cmidla=\count289
\@cmidlb=\count290
\@aboverulesep=\dimen261
\@belowrulesep=\dimen262
\@thisruleclass=\count291
\@lastruleclass=\count292
\@thisrulewidth=\dimen263
)
(C:\Users\indov\AppData\Local\Programs\MiKTeX\tex/latex/geometry\geometry.sty
Package: geometry 2020/01/02 v5.9 Page Geometry

(C:\Users\indov\AppData\Local\Programs\MiKTeX\tex/generic/iftex\ifvtex.sty
Package: ifvtex 2019/10/25 v1.7 ifvtex legacy package. Use iftex instead.

(C:\Users\indov\AppData\Local\Programs\MiKTeX\tex/generic/iftex\iftex.sty
Package: iftex 2022/02/03 v1.0f TeX engine tests
))
\Gm@cnth=\count293
\Gm@cntv=\count294
\c@Gm@tempcnt=\count295
\Gm@bindingoffset=\dimen264
\Gm@wd@mp=\dimen265
\Gm@odd@mp=\dimen266
\Gm@even@mp=\dimen267
\Gm@layoutwidth=\dimen268
\Gm@layoutheight=\dimen269
\Gm@layouthoffset=\dimen270
\Gm@layoutvoffset=\dimen271
\Gm@dimlist=\toks30

(C:\Users\indov\AppData\Local\Programs\MiKTeX\tex/latex/geometry\geometry.cfg))
(C:\Users\indov\AppData\Local\Programs\MiKTeX\tex/latex/ulem\ulem.sty
\UL@box=\box64
\UL@hyphenbox=\box65
\UL@skip=\skip51
\UL@hook=\toks31
\UL@height=\dimen272
\UL@pe=\count296
\UL@pixel=\dimen273
\ULC@box=\box66
Package: ulem 2019/11/18
\ULdepth=\dimen274
)
(C:\Users\indov\AppData\Local\Programs\MiKTeX\tex/latex/amsmath\amsmath.sty
Package: amsmath 2022/04/08 v2.17n AMS math features
\@mathmargin=\skip52

For additional information on amsmath, use the `?' option.
(C:\Users\indov\AppData\Local\Programs\MiKTeX\tex/latex/amsmath\amstext.sty
Package: amstext 2021/08/26 v2.01 AMS text

(C:\Users\indov\AppData\Local\Programs\MiKTeX\tex/latex/amsmath\amsgen.sty
File: amsgen.sty 1999/11/30 v2.0 generic functions
\@emptytoks=\toks32
\ex@=\dimen275
))
(C:\Users\indov\AppData\Local\Programs\MiKTeX\tex/latex/amsmath\amsbsy.sty
Package: amsbsy 1999/11/29 v1.2d Bold Symbols
\pmbraise@=\dimen276
)
(C:\Users\indov\AppData\Local\Programs\MiKTeX\tex/latex/amsmath\amsopn.sty
Package: amsopn 2022/04/08 v2.04 operator names
)
\inf@bad=\count297
LaTeX Info: Redefining \frac on input line 234.
\uproot@=\count298
\leftroot@=\count299
LaTeX Info: Redefining \overline on input line 399.
LaTeX Info: Redefining \colon on input line 410.
\classnum@=\count300
\DOTSCASE@=\count301
LaTeX Info: Redefining \ldots on input line 496.
LaTeX Info: Redefining \dots on input line 499.
LaTeX Info: Redefining \cdots on input line 620.
\Mathstrutbox@=\box67
\strutbox@=\box68
LaTeX Info: Redefining \big on input line 722.
LaTeX Info: Redefining \Big on input line 723.
LaTeX Info: Redefining \bigg on input line 724.
LaTeX Info: Redefining \Bigg on input line 725.
\big@size=\dimen277
LaTeX Font Info:    Redeclaring font encoding OML on input line 743.
LaTeX Font Info:    Redeclaring font encoding OMS on input line 744.
\macc@depth=\count302
LaTeX Info: Redefining \bmod on input line 905.
LaTeX Info: Redefining \pmod on input line 910.
LaTeX Info: Redefining \smash on input line 940.
LaTeX Info: Redefining \relbar on input line 970.
LaTeX Info: Redefining \Relbar on input line 971.
\c@MaxMatrixCols=\count303
\dotsspace@=\muskip16
\c@parentequation=\count304
\dspbrk@lvl=\count305
\tag@help=\toks33
\row@=\count306
\column@=\count307
\maxfields@=\count308
\andhelp@=\toks34
\eqnshift@=\dimen278
\alignsep@=\dimen279
\tagshift@=\dimen280
\tagwidth@=\dimen281
\totwidth@=\dimen282
\lineht@=\dimen283
\@envbody=\toks35
\multlinegap=\skip53
\multlinetaggap=\skip54
\mathdisplay@stack=\toks36
LaTeX Info: Redefining \[ on input line 2953.
LaTeX Info: Redefining \] on input line 2954.
)
(C:\Users\indov\AppData\Local\Programs\MiKTeX\tex/latex/tabulary\tabulary.sty
Package: tabulary 2014/06/11 v0.10 tabulary package (DPC)

(C:\Users\indov\AppData\Local\Programs\MiKTeX\tex/latex/tools\array.sty
Package: array 2022/03/10 v2.5f Tabular extension package (FMi)
\col@sep=\dimen284
\ar@mcellbox=\box69
\extrarowheight=\dimen285
\NC@list=\toks37
\extratabsurround=\skip55
\backup@length=\skip56
\ar@cellbox=\box70
)
\TY@count=\count309
\TY@linewidth=\dimen286
\tymin=\dimen287
\tymax=\dimen288
\TY@tablewidth=\dimen289
)
(C:\Users\indov\AppData\Local\Programs\MiKTeX\tex/latex/tools\tabularx.sty
Package: tabularx 2020/01/15 v2.11c `tabularx' package (DPC)
\TX@col@width=\dimen290
\TX@old@table=\dimen291
\TX@old@col=\dimen292
\TX@target=\dimen293
\TX@delta=\dimen294
\TX@cols=\count310
\TX@ftn=\toks38
)
(C:\Users\indov\AppData\Local\Programs\MiKTeX\tex/latex/cancel\cancel.sty
Package: cancel 2013/04/12 v2.2 Cancel math terms
)
(C:\Users\indov\AppData\Local\Programs\MiKTeX\tex/latex/pagecolor\pagecolor.sty
Package: pagecolor 2017/05/29 v1.0i Provides thepagecolor (HMM)

(C:\Users\indov\AppData\Local\Programs\MiKTeX\tex/latex/kvoptions\kvoptions.sty
Package: kvoptions 2022-06-15 v3.15 Key value format for package options (HO)
(C:\Users\indov\AppData\Local\Programs\MiKTeX\tex/generic/ltxcmds\ltxcmds.sty
Package: ltxcmds 2020-05-10 v1.25 LaTeX kernel commands for general use (HO)
)
(C:\Users\indov\AppData\Local\Programs\MiKTeX\tex/latex/kvsetkeys\kvsetkeys.sty
Package: kvsetkeys 2022-10-05 v1.19 Key value parser (HO)
)) (C:\Users\indov\AppData\Local\Programs\MiKTeX\tex/generic/iftex\ifpdf.sty
Package: ifpdf 2019/10/25 v3.4 ifpdf legacy package. Use iftex instead.
)
(C:\Users\indov\AppData\Local\Programs\MiKTeX\tex/generic/iftex\ifluatex.sty
Package: ifluatex 2019/10/25 v1.5 ifluatex legacy package. Use iftex instead.
))
(C:\Users\indov\AppData\Local\Programs\MiKTeX\tex/latex/tools\afterpage.sty
Package: afterpage 2014/10/28 v1.08 After-Page Package (DPC)
\AP@output=\toks39
\AP@partial=\box71
\AP@footins=\box72
)
(C:\Users\indov\AppData\Local\Programs\MiKTeX\tex/generic/soul\soul.sty
Package: soul 2003/11/17 v2.4 letterspacing/underlining (mf)
\SOUL@word=\toks40
\SOUL@lasttoken=\toks41
\SOUL@cmds=\toks42
\SOUL@buffer=\toks43
\SOUL@token=\toks44
\SOUL@spaceskip=\skip57
\SOUL@ttwidth=\dimen295
\SOUL@uldp=\dimen296
\SOUL@ulht=\dimen297
)
(C:\Users\indov\AppData\Local\Programs\MiKTeX\tex/latex/base\fixltx2e.sty
Package: fixltx2e 2016/12/29 v2.1a fixes to LaTeX (obsolete)
Applying: [2015/01/01] Old fixltx2e package on input line 46.


Package fixltx2e Warning: fixltx2e is not required with releases after 2015
(fixltx2e)                All fixes are now in the LaTeX kernel.
(fixltx2e)                See the latexrelease package for details.

Already applied: [0000/00/00] Old fixltx2e package on input line 53.
) (C:\Users\indov\AppData\Local\Programs\MiKTeX\tex/latex/base\inputenc.sty
Package: inputenc 2021/02/14 v1.3d Input encoding file
\inpenc@prehook=\toks45
\inpenc@posthook=\toks46
)
(C:\Users\indov\AppData\Local\Programs\MiKTeX\tex/latex/siunitx\siunitx.sty
Package: siunitx 2022-10-23 v3.1.9 A comprehensive (SI) units package
\l__siunitx_angle_tmp_dim=\dimen298
\l__siunitx_angle_marker_box=\box73
\l__siunitx_angle_unit_box=\box74
\l__siunitx_compound_count_int=\count311

(C:\Users\indov\AppData\Local\Programs\MiKTeX\tex/latex/translations\translatio
ns.sty
Package: translations 2022/02/05 v1.12 internationalization of LaTeX2e packages
 (CN)

(C:\Users\indov\AppData\Local\Programs\MiKTeX\tex/latex/etoolbox\etoolbox.sty
Package: etoolbox 2020/10/05 v2.5k e-TeX tools for LaTeX (JAW)
\etb@tempcnta=\count312
)
(C:\Users\indov\AppData\Local\Programs\MiKTeX\tex/generic/pdftexcmds\pdftexcmds
.sty
Package: pdftexcmds 2020-06-27 v0.33 Utility functions of pdfTeX for LuaTeX (HO
)

(C:\Users\indov\AppData\Local\Programs\MiKTeX\tex/generic/infwarerr\infwarerr.s
ty
Package: infwarerr 2019/12/03 v1.5 Providing info/warning/error messages (HO)
)
Package pdftexcmds Info: \pdf@primitive is available.
Package pdftexcmds Info: \pdf@ifprimitive is available.
Package pdftexcmds Info: \pdfdraftmode found.
))
\l__siunitx_number_exponent_fixed_int=\count313
\l__siunitx_number_min_decimal_int=\count314
\l__siunitx_number_min_integer_int=\count315
\l__siunitx_number_round_precision_int=\count316
\l__siunitx_number_group_first_int=\count317
\l__siunitx_number_group_size_int=\count318
\l__siunitx_number_group_minimum_int=\count319
\l__siunitx_table_tmp_box=\box75
\l__siunitx_table_tmp_dim=\dimen299
\l__siunitx_table_column_width_dim=\dimen300
\l__siunitx_table_integer_box=\box76
\l__siunitx_table_decimal_box=\box77
\l__siunitx_table_before_box=\box78
\l__siunitx_table_after_box=\box79
\l__siunitx_table_before_dim=\dimen301
\l__siunitx_table_carry_dim=\dimen302
\l__siunitx_unit_tmp_int=\count320
\l__siunitx_unit_position_int=\count321
\l__siunitx_unit_total_int=\count322
)
(C:\Users\indov\AppData\Local\Programs\MiKTeX\tex/latex/pdflscape\pdflscape.sty
Package: pdflscape 2019/12/05 v0.12 Display of landscape pages in PDF (HO)
(C:\Users\indov\AppData\Local\Programs\MiKTeX\tex/latex/graphics\lscape.sty
Package: lscape 2020/05/28 v3.02 Landscape Pages (DPC)
)
Package pdflscape Info: Auto-detected driver: pdftex on input line 81.
)
(C:\Users\indov\AppData\Local\Programs\MiKTeX\tex/latex/float\float.sty
Package: float 2001/11/08 v1.3d Float enhancements (AL)
\c@float@type=\count323
\float@exts=\toks47
\float@box=\box80
\@float@everytoks=\toks48
\@floatcapt=\box81
)
(C:\Users\indov\AppData\Local\Programs\MiKTeX\tex/latex/framed\framed.sty
Package: framed 2011/10/22 v 0.96: framed or shaded text with page breaks
\OuterFrameSep=\skip58
\fb@frw=\dimen303
\fb@frh=\dimen304
\FrameRule=\dimen305
\FrameSep=\dimen306
)
(C:\Users\indov\AppData\Local\Programs\MiKTeX\tex/latex/lastpage\lastpage.sty
Package: lastpage 2021/09/03 v1.2n Refers to last page's name (HMM; JPG)
)
(C:\Users\indov\AppData\Local\Programs\MiKTeX\tex/latex/base\ifthen.sty
Package: ifthen 2022/04/13 v1.1d Standard LaTeX ifthen package (DPC)
)
(C:\Users\indov\AppData\Local\Programs\MiKTeX\tex/latex/fancyhdr\fancyhdr.sty
Package: fancyhdr 2022/05/18 v4.0.3 Extensive control of page headers and foote
rs
\f@nch@headwidth=\skip59
\f@nch@O@elh=\skip60
\f@nch@O@erh=\skip61
\f@nch@O@olh=\skip62
\f@nch@O@orh=\skip63
\f@nch@O@elf=\skip64
\f@nch@O@erf=\skip65
\f@nch@O@olf=\skip66
\f@nch@O@orf=\skip67
)
(C:\Users\indov\AppData\Local\Programs\MiKTeX\tex/latex/ragged2e\ragged2e.sty
Package: ragged2e 2021/12/15 v3.1 ragged2e Package


LaTeX Warning: Command \@arrayparboxrestore  has changed.
               Check if current package is valid.

(C:\Users\indov\AppData\Local\Programs\MiKTeX\tex/latex/footmisc\footmisc.sty
Package: footmisc 2022/03/08 v6.0d a miscellany of footnote facilities
\FN@temptoken=\toks49
\footnotemargin=\dimen307
\@outputbox@depth=\dimen308
Package footmisc Info: Declaring symbol style bringhurst on input line 695.
Package footmisc Info: Declaring symbol style chicago on input line 703.
Package footmisc Info: Declaring symbol style wiley on input line 712.
Package footmisc Info: Declaring symbol style lamport-robust on input line 723.

Package footmisc Info: Declaring symbol style lamport* on input line 743.
Package footmisc Info: Declaring symbol style lamport*-robust on input line 764
.
)
\CenteringLeftskip=\skip68
\RaggedLeftLeftskip=\skip69
\RaggedRightLeftskip=\skip70
\CenteringRightskip=\skip71
\RaggedLeftRightskip=\skip72
\RaggedRightRightskip=\skip73
\CenteringParfillskip=\skip74
\RaggedLeftParfillskip=\skip75
\RaggedRightParfillskip=\skip76
\JustifyingParfillskip=\skip77
\CenteringParindent=\skip78
\RaggedLeftParindent=\skip79
\RaggedRightParindent=\skip80
\JustifyingParindent=\skip81
) (C:\Users\indov\AppData\Local\Programs\MiKTeX\tex/latex/caption\caption.sty
Package: caption 2022/03/01 v3.6b Customizing captions (AR)

(C:\Users\indov\AppData\Local\Programs\MiKTeX\tex/latex/caption\caption3.sty
Package: caption3 2022/03/17 v2.3b caption3 kernel (AR)
\caption@tempdima=\dimen309
\captionmargin=\dimen310
\caption@leftmargin=\dimen311
\caption@rightmargin=\dimen312
\caption@width=\dimen313
\caption@indent=\dimen314
\caption@parindent=\dimen315
\caption@hangindent=\dimen316
Package caption Info: Standard document class detected.
)
\c@caption@flags=\count324
\c@continuedfloat=\count325
Package caption Info: float package is loaded.
)
(C:\Users\indov\AppData\Local\Programs\MiKTeX\tex/latex/caption\subcaption.sty
Package: subcaption 2022/01/07 v1.5 Sub-captions (AR)
\c@subfigure=\count326
\c@subtable=\count327
)
(C:\Users\indov\AppData\Local\Programs\MiKTeX\tex/generic/pgf/frontendlayer/tik
z/libraries\tikzlibrarycalc.code.tex
File: tikzlibrarycalc.code.tex 2021/05/15 v3.1.9a (3.1.9a)
)
(C:\Users\indov\AppData\Local\Programs\MiKTeX\tex/generic/pgf/frontendlayer/tik
z/libraries\tikzlibraryarrows.code.tex
File: tikzlibraryarrows.code.tex 2021/05/15 v3.1.9a (3.1.9a)

(C:\Users\indov\AppData\Local\Programs\MiKTeX\tex/generic/pgf/libraries\pgflibr
aryarrows.code.tex
File: pgflibraryarrows.code.tex 2021/05/15 v3.1.9a (3.1.9a)
\arrowsize=\dimen317
))
(C:\Users\indov\AppData\Local\Programs\MiKTeX\tex/latex/graphics\rotating.sty
Package: rotating 2016/08/11 v2.16d rotated objects in LaTeX
\c@r@tfl@t=\count328
\rotFPtop=\skip82
\rotFPbot=\skip83
\rot@float@box=\box82
\rot@mess@toks=\toks50
)
(C:\Users\indov\AppData\Local\Programs\MiKTeX\tex/latex/pdfpages\pdfpages.sty
Package: pdfpages 2022/10/09 v0.5w Insert pages of external PDF documents (AM)

(C:\Users\indov\AppData\Local\Programs\MiKTeX\tex/latex/tools\calc.sty
Package: calc 2017/05/25 v4.3 Infix arithmetic (KKT,FJ)
\calc@Acount=\count329
\calc@Bcount=\count330
\calc@Adimen=\dimen318
\calc@Bdimen=\dimen319
\calc@Askip=\skip84
\calc@Bskip=\skip85
LaTeX Info: Redefining \setlength on input line 80.
LaTeX Info: Redefining \addtolength on input line 81.
\calc@Ccount=\count331
\calc@Cskip=\skip86
)
(C:\Users\indov\AppData\Local\Programs\MiKTeX\tex/latex/eso-pic\eso-pic.sty
Package: eso-pic 2020/10/14 v3.0a eso-pic (RN)
\ESO@tempdima=\dimen320
\ESO@tempdimb=\dimen321
)
\AM@pagewidth=\dimen322
\AM@pageheight=\dimen323
\AM@fboxrule=\dimen324

(C:\Users\indov\AppData\Local\Programs\MiKTeX\tex/latex/pdfpages\pppdftex.def
File: pppdftex.def 2022/10/09 v0.5w Pdfpages driver for pdfTeX (AM)
)
\pdfpages@includegraphics@status=\count332
\AM@pagebox=\box83
\AM@global@opts=\toks51
\AM@pagecnt=\count333
\AM@toc@title=\toks52
\c@AM@survey=\count334
\AM@templatesizebox=\box84
) (C:\Users\indov\AppData\Local\Programs\MiKTeX\tex/latex/gensymb\gensymb.sty
Package: gensymb 2022/10/17 v1.0.2 (KJH)
)
(C:\Users\indov\AppData\Local\Programs\MiKTeX\tex/latex/psnfss\avant.sty
Package: avant 2020/03/25 PSNFSS-v9.3 (SPQR) 
)
(C:\Users\indov\AppData\Local\Programs\MiKTeX\tex/latex/psnfss\mathptmx.sty
Package: mathptmx 2020/03/25 PSNFSS-v9.3 Times w/ Math, improved (SPQR, WaS) 
LaTeX Font Info:    Redeclaring symbol font `operators' on input line 28.
LaTeX Font Info:    Overwriting symbol font `operators' in version `normal'
(Font)                  OT1/cmr/m/n --> OT1/ztmcm/m/n on input line 28.
LaTeX Font Info:    Overwriting symbol font `operators' in version `bold'
(Font)                  OT1/cmr/bx/n --> OT1/ztmcm/m/n on input line 28.
LaTeX Font Info:    Redeclaring symbol font `letters' on input line 29.
LaTeX Font Info:    Overwriting symbol font `letters' in version `normal'
(Font)                  OML/cmm/m/it --> OML/ztmcm/m/it on input line 29.
LaTeX Font Info:    Overwriting symbol font `letters' in version `bold'
(Font)                  OML/cmm/b/it --> OML/ztmcm/m/it on input line 29.
LaTeX Font Info:    Redeclaring symbol font `symbols' on input line 30.
LaTeX Font Info:    Overwriting symbol font `symbols' in version `normal'
(Font)                  OMS/cmsy/m/n --> OMS/ztmcm/m/n on input line 30.
LaTeX Font Info:    Overwriting symbol font `symbols' in version `bold'
(Font)                  OMS/cmsy/b/n --> OMS/ztmcm/m/n on input line 30.
LaTeX Font Info:    Redeclaring symbol font `largesymbols' on input line 31.
LaTeX Font Info:    Overwriting symbol font `largesymbols' in version `normal'
(Font)                  OMX/cmex/m/n --> OMX/ztmcm/m/n on input line 31.
LaTeX Font Info:    Overwriting symbol font `largesymbols' in version `bold'
(Font)                  OMX/cmex/m/n --> OMX/ztmcm/m/n on input line 31.
\symbold=\mathgroup4
\symitalic=\mathgroup5
LaTeX Font Info:    Redeclaring math alphabet \mathbf on input line 34.
LaTeX Font Info:    Overwriting math alphabet `\mathbf' in version `normal'
(Font)                  OT1/cmr/bx/n --> OT1/ptm/bx/n on input line 34.
LaTeX Font Info:    Overwriting math alphabet `\mathbf' in version `bold'
(Font)                  OT1/cmr/bx/n --> OT1/ptm/bx/n on input line 34.
LaTeX Font Info:    Redeclaring math alphabet \mathit on input line 35.
LaTeX Font Info:    Overwriting math alphabet `\mathit' in version `normal'
(Font)                  OT1/cmr/m/it --> OT1/ptm/m/it on input line 35.
LaTeX Font Info:    Overwriting math alphabet `\mathit' in version `bold'
(Font)                  OT1/cmr/bx/it --> OT1/ptm/m/it on input line 35.
LaTeX Info: Redefining \hbar on input line 50.
)
(C:\Users\indov\AppData\Local\Programs\MiKTeX\tex/latex/microtype\microtype.sty
Package: microtype 2022/06/23 v3.0f Micro-typographical refinements (RS)
\MT@toks=\toks53
\MT@tempbox=\box85
\MT@count=\count335
LaTeX Info: Redefining \noprotrusionifhmode on input line 1045.
LaTeX Info: Redefining \leftprotrusion on input line 1046.
LaTeX Info: Redefining \rightprotrusion on input line 1056.
LaTeX Info: Redefining \textls on input line 1234.
\MT@outer@kern=\dimen325
LaTeX Info: Redefining \textmicrotypecontext on input line 1858.
\MT@listname@count=\count336

(C:\Users\indov\AppData\Local\Programs\MiKTeX\tex/latex/microtype\microtype-pdf
tex.def
File: microtype-pdftex.def 2022/06/23 v3.0f Definitions specific to pdftex (RS)

LaTeX Info: Redefining \lsstyle on input line 900.
LaTeX Info: Redefining \lslig on input line 900.
\MT@outer@space=\skip87
)
Package microtype Info: Loading configuration file microtype.cfg.

(C:\Users\indov\AppData\Local\Programs\MiKTeX\tex/latex/microtype\microtype.cfg
File: microtype.cfg 2022/06/23 v3.0f microtype main configuration file (RS)
)) (C:\Users\indov\AppData\Local\Programs\MiKTeX\tex/latex/base\fontenc.sty
Package: fontenc 2021/04/29 v2.0v Standard LaTeX package
LaTeX Font Info:    Trying to load font information for T1+ptm on input line 11
2.

(C:\Users\indov\AppData\Local\Programs\MiKTeX\tex/latex/psnfss\t1ptm.fd
File: t1ptm.fd 2001/06/04 font definitions for T1/ptm.
))
(C:\Users\indov\AppData\Local\Programs\MiKTeX\tex/latex/biblatex\biblatex.sty
Package: biblatex 2022/07/12 v3.18b programmable bibliographies (PK/MW)

(C:\Users\indov\AppData\Local\Programs\MiKTeX\tex/latex/logreq\logreq.sty
Package: logreq 2010/08/04 v1.0 xml request logger
\lrq@indent=\count337

(C:\Users\indov\AppData\Local\Programs\MiKTeX\tex/latex/logreq\logreq.def
File: logreq.def 2010/08/04 v1.0 logreq spec v1.0
))
(C:\Users\indov\AppData\Local\Programs\MiKTeX\tex/latex/url\url.sty
\Urlmuskip=\muskip17
Package: url 2013/09/16  ver 3.4  Verb mode for urls, etc.
)
\c@tabx@nest=\count338
\c@listtotal=\count339
\c@listcount=\count340
\c@liststart=\count341
\c@liststop=\count342
\c@citecount=\count343
\c@citetotal=\count344
\c@multicitecount=\count345
\c@multicitetotal=\count346
\c@instcount=\count347
\c@maxnames=\count348
\c@minnames=\count349
\c@maxitems=\count350
\c@minitems=\count351
\c@citecounter=\count352
\c@maxcitecounter=\count353
\c@savedcitecounter=\count354
\c@uniquelist=\count355
\c@uniquename=\count356
\c@refsection=\count357
\c@refsegment=\count358
\c@maxextratitle=\count359
\c@maxextratitleyear=\count360
\c@maxextraname=\count361
\c@maxextradate=\count362
\c@maxextraalpha=\count363
\c@abbrvpenalty=\count364
\c@highnamepenalty=\count365
\c@lownamepenalty=\count366
\c@maxparens=\count367
\c@parenlevel=\count368
\blx@tempcnta=\count369
\blx@tempcntb=\count370
\blx@tempcntc=\count371
\c@blx@maxsection=\count372
\blx@maxsegment@0=\count373
\blx@notetype=\count374
\blx@parenlevel@text=\count375
\blx@parenlevel@foot=\count376
\blx@sectionciteorder@0=\count377
\blx@sectionciteorderinternal@0=\count378
\blx@entrysetcounter=\count379
\blx@biblioinstance=\count380
\labelnumberwidth=\skip88
\labelalphawidth=\skip89
\biblabelsep=\skip90
\bibitemsep=\skip91
\bibnamesep=\skip92
\bibinitsep=\skip93
\bibparsep=\skip94
\bibhang=\skip95
\blx@bcfin=\read4
\blx@bcfout=\write4
\blx@langwohyphens=\language80
\c@mincomprange=\count381
\c@maxcomprange=\count382
\c@mincompwidth=\count383
Package biblatex Info: Trying to load biblatex default data model...
Package biblatex Info: ... file 'blx-dm.def' found.

(C:\Users\indov\AppData\Local\Programs\MiKTeX\tex/latex/biblatex\blx-dm.def
File: blx-dm.def 2022/07/12 v3.18b biblatex localization (PK/MW)
)
Package biblatex Info: Trying to load biblatex style data model...
Package biblatex Info: ... file 'numeric.dbx' not found.
Package biblatex Info: Trying to load biblatex custom data model...
Package biblatex Info: ... file 'biblatex-dm.cfg' not found.
\c@afterword=\count384
\c@savedafterword=\count385
\c@annotator=\count386
\c@savedannotator=\count387
\c@author=\count388
\c@savedauthor=\count389
\c@bookauthor=\count390
\c@savedbookauthor=\count391
\c@commentator=\count392
\c@savedcommentator=\count393
\c@editor=\count394
\c@savededitor=\count395
\c@editora=\count396
\c@savededitora=\count397
\c@editorb=\count398
\c@savededitorb=\count399
\c@editorc=\count400
\c@savededitorc=\count401
\c@foreword=\count402
\c@savedforeword=\count403
\c@holder=\count404
\c@savedholder=\count405
\c@introduction=\count406
\c@savedintroduction=\count407
\c@namea=\count408
\c@savednamea=\count409
\c@nameb=\count410
\c@savednameb=\count411
\c@namec=\count412
\c@savednamec=\count413
\c@translator=\count414
\c@savedtranslator=\count415
\c@shortauthor=\count416
\c@savedshortauthor=\count417
\c@shorteditor=\count418
\c@savedshorteditor=\count419
\c@labelname=\count420
\c@savedlabelname=\count421
\c@institution=\count422
\c@savedinstitution=\count423
\c@lista=\count424
\c@savedlista=\count425
\c@listb=\count426
\c@savedlistb=\count427
\c@listc=\count428
\c@savedlistc=\count429
\c@listd=\count430
\c@savedlistd=\count431
\c@liste=\count432
\c@savedliste=\count433
\c@listf=\count434
\c@savedlistf=\count435
\c@location=\count436
\c@savedlocation=\count437
\c@organization=\count438
\c@savedorganization=\count439
\c@origlocation=\count440
\c@savedoriglocation=\count441
\c@origpublisher=\count442
\c@savedorigpublisher=\count443
\c@publisher=\count444
\c@savedpublisher=\count445
\c@language=\count446
\c@savedlanguage=\count447
\c@origlanguage=\count448
\c@savedoriglanguage=\count449
\c@pageref=\count450
\c@savedpageref=\count451
\shorthandwidth=\skip96
\shortjournalwidth=\skip97
\shortserieswidth=\skip98
\shorttitlewidth=\skip99
\shortauthorwidth=\skip100
\shorteditorwidth=\skip101
\locallabelnumberwidth=\skip102
\locallabelalphawidth=\skip103
\localshorthandwidth=\skip104
\localshortjournalwidth=\skip105
\localshortserieswidth=\skip106
\localshorttitlewidth=\skip107
\localshortauthorwidth=\skip108
\localshorteditorwidth=\skip109
Package biblatex Info: Trying to load compatibility code...
Package biblatex Info: ... file 'blx-compat.def' found.

(C:\Users\indov\AppData\Local\Programs\MiKTeX\tex/latex/biblatex\blx-compat.def
File: blx-compat.def 2022/07/12 v3.18b biblatex compatibility (PK/MW)
)
Package biblatex Info: Trying to load generic definitions...
Package biblatex Info: ... file 'biblatex.def' found.
 (C:\Users\indov\AppData\Local\Programs\MiKTeX\tex/latex/biblatex\biblatex.def
File: biblatex.def 2022/07/12 v3.18b biblatex compatibility (PK/MW)
\c@textcitecount=\count452
\c@textcitetotal=\count453
\c@textcitemaxnames=\count454
\c@biburlbigbreakpenalty=\count455
\c@biburlbreakpenalty=\count456
\c@biburlnumpenalty=\count457
\c@biburlucpenalty=\count458
\c@biburllcpenalty=\count459
\biburlbigskip=\muskip18
\biburlnumskip=\muskip19
\biburlucskip=\muskip20
\biburllcskip=\muskip21
\c@smartand=\count460
)
Package biblatex Info: Trying to load bibliography style 'numeric'...
Package biblatex Info: ... file 'numeric.bbx' found.

(C:\Users\indov\AppData\Local\Programs\MiKTeX\tex/latex/biblatex/bbx\numeric.bb
x
File: numeric.bbx 2022/07/12 v3.18b biblatex bibliography style (PK/MW)
Package biblatex Info: Trying to load bibliography style 'standard'...
Package biblatex Info: ... file 'standard.bbx' found.

(C:\Users\indov\AppData\Local\Programs\MiKTeX\tex/latex/biblatex/bbx\standard.b
bx
File: standard.bbx 2022/07/12 v3.18b biblatex bibliography style (PK/MW)
\c@bbx:relatedcount=\count461
\c@bbx:relatedtotal=\count462
))
Package biblatex Info: Trying to load citation style 'numeric'...
Package biblatex Info: ... file 'numeric.cbx' found.

(C:\Users\indov\AppData\Local\Programs\MiKTeX\tex/latex/biblatex/cbx\numeric.cb
x
File: numeric.cbx 2022/07/12 v3.18b biblatex citation style (PK/MW)
Package biblatex Info: Redefining '\cite'.
Package biblatex Info: Redefining '\parencite'.
Package biblatex Info: Redefining '\footcite'.
Package biblatex Info: Redefining '\footcitetext'.
Package biblatex Info: Redefining '\smartcite'.
Package biblatex Info: Redefining '\supercite'.
Package biblatex Info: Redefining '\textcite'.
Package biblatex Info: Redefining '\textcites'.
Package biblatex Info: Redefining '\cites'.
Package biblatex Info: Redefining '\parencites'.
Package biblatex Info: Redefining '\smartcites'.
)
Package biblatex Info: Trying to load configuration file...
Package biblatex Info: ... file 'biblatex.cfg' found.

(C:\Users\indov\AppData\Local\Programs\MiKTeX\tex/latex/biblatex\biblatex.cfg
File: biblatex.cfg 
)

Package biblatex Warning: 'babel' option is deprecated.
(biblatex)                Please use 'autolang' instead.

Package biblatex Info: Input encoding 'utf8' detected.
Package biblatex Info: Document encoding is UTF8 ....
Package biblatex Info: ... and expl3
(biblatex)             2022-10-26 L3 programming layer (loader) 
(biblatex)             is new enough (at least 2020/04/06),
(biblatex)             setting 'casechanger=expl3'.

(C:\Users\indov\AppData\Local\Programs\MiKTeX\tex/latex/biblatex\blx-case-expl3
.sty
(C:\Users\indov\AppData\Local\Programs\MiKTeX\tex/latex/l3packages/xparse\xpars
e.sty
Package: xparse 2022-06-22 L3 Experimental document command parser
)
Package: blx-case-expl3 2022/07/12 v3.18b expl3 case changing code for biblatex

))
(C:\Users\indov\AppData\Local\Programs\MiKTeX\tex/latex/base\makeidx.sty
Package: makeidx 2021/10/04 v1.0m Standard LaTeX package
)
\@indexfile=\write5
\openout5 = `BassettWWandAWTreatment.idx'.


Writing index file BassettWWandAWTreatment.idx
(C:\Users\indov\AppData\Local\Programs\MiKTeX\tex/latex/titlesec\titletoc.sty
Package: titletoc 2021/07/05 v2.14 TOC entries
\ttl@leftsep=\dimen326
)
(C:\Users\indov\AppData\Local\Programs\MiKTeX\tex/latex/amsfonts\amsfonts.sty
Package: amsfonts 2013/01/14 v3.01 Basic AMSFonts support
\symAMSa=\mathgroup6
\symAMSb=\mathgroup7
LaTeX Font Info:    Overwriting math alphabet `\mathfrak' in version `bold'
(Font)                  U/euf/m/n --> U/euf/b/n on input line 106.
)
(C:\Users\indov\AppData\Local\Programs\MiKTeX\tex/latex/amsfonts\amssymb.sty
Package: amssymb 2013/01/14 v3.01 AMS font symbols
)
(C:\Users\indov\AppData\Local\Programs\MiKTeX\tex/latex/amscls\amsthm.sty
Package: amsthm 2020/05/29 v2.20.6
\thm@style=\toks54
\thm@bodyfont=\toks55
\thm@headfont=\toks56
\thm@notefont=\toks57
\thm@headpunct=\toks58
\thm@preskip=\skip110
\thm@postskip=\skip111
\thm@headsep=\skip112
\dth@everypar=\toks59
)
\c@notation=\count463
\c@dummy=\count464
\c@problem=\count465
\c@exerciseT=\count466
\c@exampleT=\count467
\c@vocabulary=\count468
\c@definitionT=\count469

(C:\Users\indov\AppData\Local\Programs\MiKTeX\tex/latex/mdframed\mdframed.sty
Package: mdframed 2013/07/01 1.9b: mdframed

(C:\Users\indov\AppData\Local\Programs\MiKTeX\tex/latex/zref\zref-abspage.sty
Package: zref-abspage 2022-04-07 v2.34 Module abspage for zref (HO)

(C:\Users\indov\AppData\Local\Programs\MiKTeX\tex/latex/zref\zref-base.sty
Package: zref-base 2022-04-07 v2.34 Module base for zref (HO)

(C:\Users\indov\AppData\Local\Programs\MiKTeX\tex/generic/kvdefinekeys\kvdefine
keys.sty
Package: kvdefinekeys 2019-12-19 v1.6 Define keys (HO)
)
(C:\Users\indov\AppData\Local\Programs\MiKTeX\tex/generic/etexcmds\etexcmds.sty
Package: etexcmds 2019/12/15 v1.7 Avoid name clashes with e-TeX commands (HO)
) (C:\Users\indov\AppData\Local\Programs\MiKTeX\tex/latex/auxhook\auxhook.sty
Package: auxhook 2019-12-17 v1.6 Hooks for auxiliary files (HO)
)
Package zref Info: New property list: main on input line 767.
Package zref Info: New property: default on input line 768.
Package zref Info: New property: page on input line 769.
) (C:\Users\indov\AppData\Local\Programs\MiKTeX\tex/latex/base\atbegshi-ltx.sty
Package: atbegshi-ltx 2021/01/10 v1.0c Emulation of the original atbegshi
package with kernel methods
)
\c@abspage=\count470
Package zref Info: New property: abspage on input line 65.
)
(C:\Users\indov\AppData\Local\Programs\MiKTeX\tex/latex/needspace\needspace.sty
Package: needspace 2010/09/12 v1.3d reserve vertical space
)
\mdf@templength=\skip113
\c@mdf@globalstyle@cnt=\count471
\mdf@skipabove@length=\skip114
\mdf@skipbelow@length=\skip115
\mdf@leftmargin@length=\skip116
\mdf@rightmargin@length=\skip117
\mdf@innerleftmargin@length=\skip118
\mdf@innerrightmargin@length=\skip119
\mdf@innertopmargin@length=\skip120
\mdf@innerbottommargin@length=\skip121
\mdf@splittopskip@length=\skip122
\mdf@splitbottomskip@length=\skip123
\mdf@outermargin@length=\skip124
\mdf@innermargin@length=\skip125
\mdf@linewidth@length=\skip126
\mdf@innerlinewidth@length=\skip127
\mdf@middlelinewidth@length=\skip128
\mdf@outerlinewidth@length=\skip129
\mdf@roundcorner@length=\skip130
\mdf@footenotedistance@length=\skip131
\mdf@userdefinedwidth@length=\skip132
\mdf@needspace@length=\skip133
\mdf@frametitleaboveskip@length=\skip134
\mdf@frametitlebelowskip@length=\skip135
\mdf@frametitlerulewidth@length=\skip136
\mdf@frametitleleftmargin@length=\skip137
\mdf@frametitlerightmargin@length=\skip138
\mdf@shadowsize@length=\skip139
\mdf@extratopheight@length=\skip140
\mdf@subtitleabovelinewidth@length=\skip141
\mdf@subtitlebelowlinewidth@length=\skip142
\mdf@subtitleaboveskip@length=\skip143
\mdf@subtitlebelowskip@length=\skip144
\mdf@subtitleinneraboveskip@length=\skip145
\mdf@subtitleinnerbelowskip@length=\skip146
\mdf@subsubtitleabovelinewidth@length=\skip147
\mdf@subsubtitlebelowlinewidth@length=\skip148
\mdf@subsubtitleaboveskip@length=\skip149
\mdf@subsubtitlebelowskip@length=\skip150
\mdf@subsubtitleinneraboveskip@length=\skip151
\mdf@subsubtitleinnerbelowskip@length=\skip152

(C:\Users\indov\AppData\Local\Programs\MiKTeX\tex/latex/mdframed\md-frame-0.mdf
File: md-frame-0.mdf 2013/07/01\ 1.9b: md-frame-0
)
\mdf@frametitlebox=\box86
\mdf@footnotebox=\box87
\mdf@splitbox@one=\box88
\mdf@splitbox@two=\box89
\mdf@splitbox@save=\box90
\mdfsplitboxwidth=\skip153
\mdfsplitboxtotalwidth=\skip154
\mdfsplitboxheight=\skip155
\mdfsplitboxdepth=\skip156
\mdfsplitboxtotalheight=\skip157
\mdfframetitleboxwidth=\skip158
\mdfframetitleboxtotalwidth=\skip159
\mdfframetitleboxheight=\skip160
\mdfframetitleboxdepth=\skip161
\mdfframetitleboxtotalheight=\skip162
\mdffootnoteboxwidth=\skip163
\mdffootnoteboxtotalwidth=\skip164
\mdffootnoteboxheight=\skip165
\mdffootnoteboxdepth=\skip166
\mdffootnoteboxtotalheight=\skip167
\mdftotallinewidth=\skip168
\mdfboundingboxwidth=\skip169
\mdfboundingboxtotalwidth=\skip170
\mdfboundingboxheight=\skip171
\mdfboundingboxdepth=\skip172
\mdfboundingboxtotalheight=\skip173
\mdf@freevspace@length=\skip174
\mdf@horizontalwidthofbox@length=\skip175
\mdf@verticalmarginwhole@length=\skip176
\mdf@horizontalspaceofbox=\skip177
\mdfsubtitleheight=\skip178
\mdfsubsubtitleheight=\skip179
\c@mdfcountframes=\count472

****** mdframed patching \endmdf@trivlist

****** -- success******

\mdf@envdepth=\count473
\c@mdf@env@i=\count474
\c@mdf@env@ii=\count475
\c@mdf@zref@counter=\count476
Package zref Info: New property: mdf@pagevalue on input line 895.
)
\esp=\skip180
\ecart=\skip181

(C:\Users\indov\AppData\Local\Programs\MiKTeX\tex/latex/hyperref\hyperref.sty
Package: hyperref 2022-09-22 v7.00t Hypertext links for LaTeX

(C:\Users\indov\AppData\Local\Programs\MiKTeX\tex/generic/pdfescape\pdfescape.s
ty
Package: pdfescape 2019/12/09 v1.15 Implements pdfTeX's escape features (HO)
) (C:\Users\indov\AppData\Local\Programs\MiKTeX\tex/latex/hycolor\hycolor.sty
Package: hycolor 2020-01-27 v1.10 Color options for hyperref/bookmark (HO)
)
(C:\Users\indov\AppData\Local\Programs\MiKTeX\tex/latex/letltxmacro\letltxmacro
.sty
Package: letltxmacro 2019/12/03 v1.6 Let assignment for LaTeX macros (HO)
)
(C:\Users\indov\AppData\Local\Programs\MiKTeX\tex/latex/hyperref\nameref.sty
Package: nameref 2022-05-17 v2.50 Cross-referencing by name of section

(C:\Users\indov\AppData\Local\Programs\MiKTeX\tex/latex/refcount\refcount.sty
Package: refcount 2019/12/15 v3.6 Data extraction from label references (HO)
)
(C:\Users\indov\AppData\Local\Programs\MiKTeX\tex/generic/gettitlestring\gettit
lestring.sty
Package: gettitlestring 2019/12/15 v1.6 Cleanup title references (HO)
)
\c@section@level=\count477
)
\@linkdim=\dimen327
\Hy@linkcounter=\count478
\Hy@pagecounter=\count479

(C:\Users\indov\AppData\Local\Programs\MiKTeX\tex/latex/hyperref\pd1enc.def
File: pd1enc.def 2022-09-22 v7.00t Hyperref: PDFDocEncoding definition (HO)
Now handling font encoding PD1 ...
... no UTF-8 mapping file for font encoding PD1
)
(C:\Users\indov\AppData\Local\Programs\MiKTeX\tex/generic/intcalc\intcalc.sty
Package: intcalc 2019/12/15 v1.3 Expandable calculations with integers (HO)
)
\Hy@SavedSpaceFactor=\count480

(C:\Users\indov\AppData\Local\Programs\MiKTeX\tex/latex/hyperref\puenc.def
File: puenc.def 2022-09-22 v7.00t Hyperref: PDF Unicode definition (HO)
Now handling font encoding PU ...
... no UTF-8 mapping file for font encoding PU
)
Package hyperref Info: Hyper figures OFF on input line 4162.
Package hyperref Info: Link nesting OFF on input line 4167.
Package hyperref Info: Hyper index ON on input line 4170.
Package hyperref Info: Plain pages OFF on input line 4177.
Package hyperref Info: Backreferencing OFF on input line 4182.
Package hyperref Info: Implicit mode ON; LaTeX internals redefined.
Package hyperref Info: Bookmarks ON on input line 4410.
\c@Hy@tempcnt=\count481
LaTeX Info: Redefining \url on input line 4748.
\XeTeXLinkMargin=\dimen328

(C:\Users\indov\AppData\Local\Programs\MiKTeX\tex/generic/bitset\bitset.sty
Package: bitset 2019/12/09 v1.3 Handle bit-vector datatype (HO)

(C:\Users\indov\AppData\Local\Programs\MiKTeX\tex/generic/bigintcalc\bigintcalc
.sty
Package: bigintcalc 2019/12/15 v1.5 Expandable calculations on big integers (HO
)
))
\Fld@menulength=\count482
\Field@Width=\dimen329
\Fld@charsize=\dimen330
Package hyperref Info: Hyper figures OFF on input line 6027.
Package hyperref Info: Link nesting OFF on input line 6032.
Package hyperref Info: Hyper index ON on input line 6035.
Package hyperref Info: backreferencing OFF on input line 6042.
Package hyperref Info: Link coloring OFF on input line 6047.
Package hyperref Info: Link coloring with OCG OFF on input line 6052.
Package hyperref Info: PDF/A mode OFF on input line 6057.
\Hy@abspage=\count483
\c@Item=\count484
\c@Hfootnote=\count485
)
Package hyperref Info: Driver (autodetected): hpdftex.

(C:\Users\indov\AppData\Local\Programs\MiKTeX\tex/latex/hyperref\hpdftex.def
File: hpdftex.def 2022-09-22 v7.00t Hyperref driver for pdfTeX

(C:\Users\indov\AppData\Local\Programs\MiKTeX\tex/latex/base\atveryend-ltx.sty
Package: atveryend-ltx 2020/08/19 v1.0a Emulation of the original atveryend pac
kage
with kernel methods
)
\HyAnn@Count=\count486
\Fld@listcount=\count487
\c@bookmark@seq@number=\count488

(C:\Users\indov\AppData\Local\Programs\MiKTeX\tex/latex/rerunfilecheck\rerunfil
echeck.sty
Package: rerunfilecheck 2022-07-10 v1.10 Rerun checks for auxiliary files (HO)

(C:\Users\indov\AppData\Local\Programs\MiKTeX\tex/generic/uniquecounter\uniquec
ounter.sty
Package: uniquecounter 2019/12/15 v1.4 Provide unlimited unique counter (HO)
)
Package uniquecounter Info: New unique counter `rerunfilecheck' on input line 2
85.
)
\Hy@SectionHShift=\skip182
)

Package hyperref Warning: Option `backref' has already been used,
(hyperref)                setting the option has no effect on input line 558.


Package hyperref Warning: Option `pagebackref' has already been used,
(hyperref)                setting the option has no effect on input line 558.


Package hyperref Warning: Option `hyperindex' has already been used,
(hyperref)                setting the option has no effect on input line 558.

Package hyperref Info: Option `colorlinks' set `false' on input line 558.
Package hyperref Info: Option `breaklinks' set `true' on input line 558.

Package hyperref Warning: Option `bookmarks' has already been used,
(hyperref)                setting the option has no effect on input line 558.

Package hyperref Info: Option `bookmarksopen' set `false' on input line 558.
(C:\Users\indov\AppData\Local\Programs\MiKTeX\tex/latex/bookmark\bookmark.sty
Package: bookmark 2020-11-06 v1.29 PDF bookmarks (HO)

(C:\Users\indov\AppData\Local\Programs\MiKTeX\tex/latex/bookmark\bkm-pdftex.def
File: bkm-pdftex.def 2020-11-06 v1.29 bookmark driver for pdfTeX (HO)
\BKM@id=\count489
)))

Package biblatex Warning: 'babel/polyglossia' detected but 'csquotes' missing.
(biblatex)                Loading 'csquotes' recommended.

\@quotelevel=\count490
\@quotereset=\count491
(BassettWWandAWTreatment.aux)
\openout1 = `BassettWWandAWTreatment.aux'.

LaTeX Font Info:    Checking defaults for OML/cmm/m/it on input line 66.
LaTeX Font Info:    ... okay on input line 66.
LaTeX Font Info:    Checking defaults for OMS/cmsy/m/n on input line 66.
LaTeX Font Info:    ... okay on input line 66.
LaTeX Font Info:    Checking defaults for OT1/cmr/m/n on input line 66.
LaTeX Font Info:    ... okay on input line 66.
LaTeX Font Info:    Checking defaults for T1/cmr/m/n on input line 66.
LaTeX Font Info:    ... okay on input line 66.
LaTeX Font Info:    Checking defaults for TS1/cmr/m/n on input line 66.
LaTeX Font Info:    ... okay on input line 66.
LaTeX Font Info:    Checking defaults for OMX/cmex/m/n on input line 66.
LaTeX Font Info:    ... okay on input line 66.
LaTeX Font Info:    Checking defaults for U/cmr/m/n on input line 66.
LaTeX Font Info:    ... okay on input line 66.
LaTeX Font Info:    Checking defaults for PD1/pdf/m/n on input line 66.
LaTeX Font Info:    ... okay on input line 66.
LaTeX Font Info:    Checking defaults for PU/pdf/m/n on input line 66.
LaTeX Font Info:    ... okay on input line 66.

(C:\Users\indov\AppData\Local\Programs\MiKTeX\tex/context/base/mkii\supp-pdf.mk
ii
[Loading MPS to PDF converter (version 2006.09.02).]
\scratchcounter=\count492
\scratchdimen=\dimen331
\scratchbox=\box91
\nofMPsegments=\count493
\nofMParguments=\count494
\everyMPshowfont=\toks60
\MPscratchCnt=\count495
\MPscratchDim=\dimen332
\MPnumerator=\count496
\makeMPintoPDFobject=\count497
\everyMPtoPDFconversion=\toks61
)
(C:\Users\indov\AppData\Local\Programs\MiKTeX\tex/latex/epstopdf-pkg\epstopdf-b
ase.sty
Package: epstopdf-base 2020-01-24 v2.11 Base part for package epstopdf
Package epstopdf-base Info: Redefining graphics rule for `.eps' on input line 4
85.

(C:\Users\indov\AppData\Local\Programs\MiKTeX\tex/latex/00miktex\epstopdf-sys.c
fg
File: epstopdf-sys.cfg 2021/03/18 v2.0 Configuration of epstopdf for MiKTeX
))
*geometry* driver: auto-detecting
*geometry* detected driver: pdftex
*geometry* verbose mode - [ preamble ] result:
* driver: pdftex
* paper: a4paper
* layout: <same size as paper>
* layoutoffset:(h,v)=(0.0pt,0.0pt)
* modes: twoside 
* h-part:(L,W,R)=(85.35826pt, 426.79135pt, 85.35826pt)
* v-part:(T,H,B)=(85.35826pt, 674.33032pt, 85.35826pt)
* \paperwidth=597.50787pt
* \paperheight=845.04684pt
* \textwidth=426.79135pt
* \textheight=674.33032pt
* \oddsidemargin=13.08827pt
* \evensidemargin=13.08827pt
* \topmargin=-10.91173pt
* \headheight=14.0pt
* \headsep=10.0pt
* \topskip=11.0pt
* \footskip=39.83368pt
* \marginparwidth=116.0pt
* \marginparsep=7.0pt
* \columnsep=10.0pt
* \skip\footins=10.0pt plus 4.0pt minus 2.0pt
* \hoffset=0.0pt
* \voffset=0.0pt
* \mag=1000
* \@twocolumnfalse
* \@twosidetrue
* \@mparswitchtrue
* \@reversemarginfalse
* (1in=72.27pt=25.4mm, 1cm=28.453pt)


(C:\Users\indov\AppData\Local\Programs\MiKTeX\tex/latex/translations/dicts\tran
slations-basic-dictionary-english.trsl
File: translations-basic-dictionary-english.trsl (english translation file `tra
nslations-basic-dictionary')
)
Package translations Info: loading dictionary `translations-basic-dictionary' f
or `english'. on input line 66.
Package lastpage Info: Please have a look at the pageslts package at
(lastpage)             https://www.ctan.org/pkg/pageslts
(lastpage)             ! on input line 66.
Package ragged2e Info: ABD: executing \RaggedRight on input line 66.
Package caption Info: Begin \AtBeginDocument code.
Package caption Info: hyperref package is loaded.
Package caption Info: rotating package is loaded.
Package caption Info: End \AtBeginDocument code.
LaTeX Info: Redefining \celsius on input line 66.
Package gensymb Info: Faking symbols for \degree and \celsius on input line 66.



Package gensymb Warning: Not defining \perthousand.

LaTeX Info: Redefining \ohm on input line 66.
Package gensymb Info: Using \upOmega for \ohm on input line 66.

Package gensymb Warning: Not defining \micro.

LaTeX Info: Redefining \microtypecontext on input line 66.
Package microtype Info: Applying patch `item' on input line 66.
Package microtype Info: Applying patch `toc' on input line 66.
Package microtype Info: Applying patch `eqnum' on input line 66.
Package microtype Info: Applying patch `footnote' on input line 66.
Package microtype Info: Generating PDF output.
Package microtype Info: Character protrusion enabled (level 2).
Package microtype Info: Using default protrusion set `alltext'.
Package microtype Info: Automatic font expansion enabled (level 2),
(microtype)             stretch: 20, shrink: 20, step: 1, non-selected.
Package microtype Info: Using default expansion set `alltext-nott'.
LaTeX Info: Redefining \showhyphens on input line 66.
Package microtype Info: No adjustment of tracking.
Package microtype Info: No adjustment of interword spacing.
Package microtype Info: No adjustment of character kerning.
(C:\Users\indov\AppData\Local\Programs\MiKTeX\tex/latex/microtype\mt-ptm.cfg
File: mt-ptm.cfg 2006/04/20 v1.7 microtype config. file: Times (RS)
)
Package biblatex Info: Trying to load language 'english'...
Package biblatex Info: ... file 'english.lbx' found.

(C:\Users\indov\AppData\Local\Programs\MiKTeX\tex/latex/biblatex/lbx\english.lb
x
File: english.lbx 2022/07/12 v3.18b biblatex localization (PK/MW)
)
Package biblatex Info: Input encoding 'utf8' detected.
Package biblatex Info: Automatic encoding selection.
(biblatex)             Assuming data encoding 'utf8'.
\openout4 = `BassettWWandAWTreatment.bcf'.

Package biblatex Info: Trying to load bibliographic data...
Package biblatex Info: ... file 'BassettWWandAWTreatment.bbl' not found.

No file BassettWWandAWTreatment.bbl.
Package biblatex Info: Reference section=0 on input line 66.
Package biblatex Info: Reference segment=0 on input line 66.
Package hyperref Info: Link coloring OFF on input line 66.
<BassettCoverWWT.png, id=6, 614.295pt x 794.97pt>
File: BassettCoverWWT.png Graphic file (type png)
<use BassettCoverWWT.png>
Package pdftex.def Info: BassettCoverWWT.png  used on input line 80.
(pdftex.def)             Requested size: 597.50787pt x 773.2913pt.
[1

 <./BassettCoverWWT.png (PNG copy)>]
LaTeX Font Info:    Trying to load font information for TS1+ptm on input line 9
8.

(C:\Users\indov\AppData\Local\Programs\MiKTeX\tex/latex/psnfss\ts1ptm.fd
File: ts1ptm.fd 2001/06/04 font definitions for TS1/ptm.
)
[2{C:/Users/indov/AppData/Local/MiKTeX/fonts/map/pdftex/pdftex.map}]
<WastewaterTreatmentPlantAerialBandW.jpg, id=18, 301.125pt x 168.63pt>
File: WastewaterTreatmentPlantAerialBandW.jpg Graphic file (type jpg)
<use WastewaterTreatmentPlantAerialBandW.jpg>
Package pdftex.def Info: WastewaterTreatmentPlantAerialBandW.jpg  used on input
 line 118.
(pdftex.def)             Requested size: 597.50787pt x 334.67062pt.
LaTeX Font Info:    Trying to load font information for T1+pag on input line 11
8.

(C:\Users\indov\AppData\Local\Programs\MiKTeX\tex/latex/psnfss\t1pag.fd
File: t1pag.fd 2001/06/04 font definitions for T1/pag.
)
Package microtype Info: Loading generic protrusion settings for font family
(microtype)             `pag' (encoding: T1).
(microtype)             For optimal results, create family-specific settings.
(microtype)             See the microtype manual for details.
LaTeX Font Info:    Font shape `T1/pag/b/n' in size <20.74> not available
(Font)              Font shape `T1/pag/db/n' tried instead on input line 118.

(BassettWWandAWTreatment.toc
LaTeX Font Info:    Font shape `T1/pag/b/n' in size <14.4> not available
(Font)              Font shape `T1/pag/db/n' tried instead on input line 2.
LaTeX Font Info:    Trying to load font information for OT1+ztmcm on input line
 2.

(C:\Users\indov\AppData\Local\Programs\MiKTeX\tex/latex/psnfss\ot1ztmcm.fd
File: ot1ztmcm.fd 2000/01/03 Fontinst v1.801 font definitions for OT1/ztmcm.
)
Package microtype Info: Loading generic protrusion settings for font family
(microtype)             `ztmcm' (encoding: OT1).
(microtype)             For optimal results, create family-specific settings.
(microtype)             See the microtype manual for details.
LaTeX Font Info:    Trying to load font information for OML+ztmcm on input line
 2.

(C:\Users\indov\AppData\Local\Programs\MiKTeX\tex/latex/psnfss\omlztmcm.fd
File: omlztmcm.fd 2000/01/03 Fontinst v1.801 font definitions for OML/ztmcm.
)
LaTeX Font Info:    Trying to load font information for OMS+ztmcm on input line
 2.

(C:\Users\indov\AppData\Local\Programs\MiKTeX\tex/latex/psnfss\omsztmcm.fd
File: omsztmcm.fd 2000/01/03 Fontinst v1.801 font definitions for OMS/ztmcm.
)
LaTeX Font Info:    Trying to load font information for OMX+ztmcm on input line
 2.

(C:\Users\indov\AppData\Local\Programs\MiKTeX\tex/latex/psnfss\omxztmcm.fd
File: omxztmcm.fd 2000/01/03 Fontinst v1.801 font definitions for OMX/ztmcm.
)
LaTeX Font Info:    Trying to load font information for OT1+ptm on input line 2
.

(C:\Users\indov\AppData\Local\Programs\MiKTeX\tex/latex/psnfss\ot1ptm.fd
File: ot1ptm.fd 2001/06/04 font definitions for OT1/ptm.
)
LaTeX Font Info:    Font shape `OT1/ptm/bx/n' in size <10.95> not available
(Font)              Font shape `OT1/ptm/b/n' tried instead on input line 2.
LaTeX Font Info:    Font shape `OT1/ptm/bx/n' in size <8> not available
(Font)              Font shape `OT1/ptm/b/n' tried instead on input line 2.
LaTeX Font Info:    Font shape `OT1/ptm/bx/n' in size <6> not available
(Font)              Font shape `OT1/ptm/b/n' tried instead on input line 2.

(C:\Users\indov\AppData\Local\Programs\MiKTeX\tex/latex/microtype\mt-msa.cfg
File: mt-msa.cfg 2006/02/04 v1.1 microtype config. file: AMS symbols (a) (RS)
)
(C:\Users\indov\AppData\Local\Programs\MiKTeX\tex/latex/microtype\mt-msb.cfg
File: mt-msb.cfg 2005/06/01 v1.0 microtype config. file: AMS symbols (b) (RS)
)
LaTeX Font Info:    Font shape `T1/pag/b/n' in size <12> not available
(Font)              Font shape `T1/pag/db/n' tried instead on input line 3.
LaTeX Font Info:    Font shape `T1/pag/b/n' in size <10.95> not available
(Font)              Font shape `T1/pag/db/n' tried instead on input line 3.

[3

 <./WastewaterTreatmentPlantAerialBandW.jpg>] [4])
\tf@toc=\write6
\openout6 = `BassettWWandAWTreatment.toc'.

 [5] [6

]
\c@ttl@toc@default=\count498
LaTeX Font Info:    Font shape `T1/pag/b/n' in size <220> not available
(Font)              Font shape `T1/pag/db/n' tried instead on input line 128.

(BassettWWandAWTreatment.ptc)
LaTeX Font Info:    Font shape `T1/pag/b/n' in size <30> not available
(Font)              Font shape `T1/pag/db/n' tried instead on input line 128.
 [7

] [8] (WATR080 Why Treat Wastewater.tex
Chapter 1.
<Water1.png, id=307, 1866.975pt x 933.4875pt>
File: Water1.png Graphic file (type png)
<use Water1.png>
Package pdftex.def Info: Water1.png  used on input line 3.
(pdftex.def)             Requested size: 597.50787pt x 298.7506pt.

Overfull \hbox (0.18547pt too wide) in paragraph at lines 17--18
\T1/ptm/m/n/10.95 (+11) in-dus-tries are col-lected in sew-ers for de-liv-ery t
o the treat-ment plant and sub-se-quently dis-charged 
 []

[9

 <./Water1.png>]
Overfull \hbox (0.14116pt too wide) in paragraph at lines 57--59
[]\T1/ptm/m/n/10.95 (+17) Wastewater treatment removes parasites and disease-ca
using pathogens including bacteria 
 []

) [10] (BassettWWandAWTreatment.ptc
Underfull \hbox (badness 10000) in paragraph at lines 17--17
[]|| [][]\T1/pag/m/n/10 (+20) Regulations Re-lated to Op-er-a-tions and Main-te
-
 []

) [11

] [12] (WATR080 Regulations.tex
Chapter 2.
<RegulationsChapterImage.png, id=342, 6504.3pt x 3252.15pt>
File: RegulationsChapterImage.png Graphic file (type png)
<use RegulationsChapterImage.png>
Package pdftex.def Info: RegulationsChapterImage.png  used on input line 2.
(pdftex.def)             Requested size: 597.50787pt x 298.73497pt.

Overfull \hbox (0.14839pt too wide) in paragraph at lines 19--19
\T1/ptm/m/n/10.95 (-8) Municipal wastew-a-ter treat-ment plants also known as P
ub-licly Owned Treat-ment Works (POTWs) 
 []


Overfull \hbox (0.14034pt too wide) in paragraph at lines 23--24
\T1/ptm/m/n/10.95 (+7) ef-fect the treat-ment pro-cess or im-pact pub-lic safet
y and the safety of the peo-ple work-ing at 
 []

[13

 <./RegulationsChapterImage.png>]
Overfull \hbox (0.10762pt too wide) in paragraph at lines 41--42
[]\T1/ptm/m/n/10.95 (+19) Part 503 rule applies to any person who applies bioso
lids to the land or fires biosolids in a 
 []


Overfull \hbox (0.15054pt too wide) in paragraph at lines 51--52
\T1/ptm/m/n/10.95 (+4) Part 503 requirements are factored in when establishing 
the heavy metals concentration limits for 
 []


Overfull \hbox (11.55428pt too wide) in paragraph at lines 56--56
[]\T1/ptm/m/n/10.95 (-20) Typically, a lo-cal agency such as the South Coast Ai
r Qual-ity Man-age-ment Dis-trict (SCAQMD) 
 []

[14]

pdfTeX warning: pdflatex (file ./WastewaterPlantOperatorClassificationRequireme
nts.pdf): PDF inclusion: found PDF version <1.7>, but at most version <1.5> all
owed
<WastewaterPlantOperatorClassificationRequirements.pdf, id=365, 614.295pt x 794
.97pt>
File: WastewaterPlantOperatorClassificationRequirements.pdf Graphic file (type 
pdf)
<use WastewaterPlantOperatorClassificationRequirements.pdf>
Package pdftex.def Info: WastewaterPlantOperatorClassificationRequirements.pdf 
 used on input line 90.
(pdftex.def)             Requested size: 614.29349pt x 794.96806pt.


pdfTeX warning: pdflatex (file ./WastewaterPlantOperatorClassificationRequireme
nts.pdf): PDF inclusion: found PDF version <1.7>, but at most version <1.5> all
owed
File: WastewaterPlantOperatorClassificationRequirements.pdf Graphic file (type 
pdf)
<use WastewaterPlantOperatorClassificationRequirements.pdf>
Package pdftex.def Info: WastewaterPlantOperatorClassificationRequirements.pdf 
 used on input line 90.
(pdftex.def)             Requested size: 614.29349pt x 794.96806pt.


pdfTeX warning: pdflatex (file ./WastewaterPlantOperatorClassificationRequireme
nts.pdf): PDF inclusion: found PDF version <1.7>, but at most version <1.5> all
owed


pdfTeX warning: pdflatex (file ./WastewaterPlantOperatorClassificationRequireme
nts.pdf): PDF inclusion: found PDF version <1.7>, but at most version <1.5> all
owed
<WastewaterPlantOperatorClassificationRequirements.pdf, id=368, page=1, 614.295
pt x 794.97pt>
File: WastewaterPlantOperatorClassificationRequirements.pdf Graphic file (type 
pdf)
<use WastewaterPlantOperatorClassificationRequirements.pdf, page 1>
Package pdftex.def Info: WastewaterPlantOperatorClassificationRequirements.pdf 
, page1 used on input line 90.
(pdftex.def)             Requested size: 614.29349pt x 794.96806pt.
File: WastewaterPlantOperatorClassificationRequirements.pdf Graphic file (type 
pdf)
<use WastewaterPlantOperatorClassificationRequirements.pdf, page 1>
Package pdftex.def Info: WastewaterPlantOperatorClassificationRequirements.pdf 
, page1 used on input line 90.
(pdftex.def)             Requested size: 597.78697pt x 773.60669pt.
[15]
File: WastewaterPlantOperatorClassificationRequirements.pdf Graphic file (type 
pdf)
<use WastewaterPlantOperatorClassificationRequirements.pdf, page 1>
Package pdftex.def Info: WastewaterPlantOperatorClassificationRequirements.pdf 
, page1 used on input line 90.
(pdftex.def)             Requested size: 597.78697pt x 773.60669pt.
File: WastewaterPlantOperatorClassificationRequirements.pdf Graphic file (type 
pdf)
<use WastewaterPlantOperatorClassificationRequirements.pdf, page 1>
Package pdftex.def Info: WastewaterPlantOperatorClassificationRequirements.pdf 
, page1 used on input line 90.
(pdftex.def)             Requested size: 597.78697pt x 773.60669pt.
File: WastewaterPlantOperatorClassificationRequirements.pdf Graphic file (type 
pdf)
<use WastewaterPlantOperatorClassificationRequirements.pdf, page 1>
Package pdftex.def Info: WastewaterPlantOperatorClassificationRequirements.pdf 
, page1 used on input line 90.
(pdftex.def)             Requested size: 597.78697pt x 773.60669pt.
 [16 <./WastewaterPlantOperatorClassificationRequirements.pdf>]

pdfTeX warning: pdflatex (file ./CertificationRequirement.pdf): PDF inclusion: 
found PDF version <1.7>, but at most version <1.5> allowed
<CertificationRequirement.pdf, id=390, 614.295pt x 794.97pt>
File: CertificationRequirement.pdf Graphic file (type pdf)
<use CertificationRequirement.pdf>
Package pdftex.def Info: CertificationRequirement.pdf  used on input line 91.
(pdftex.def)             Requested size: 614.29349pt x 794.96806pt.


pdfTeX warning: pdflatex (file ./CertificationRequirement.pdf): PDF inclusion: 
found PDF version <1.7>, but at most version <1.5> allowed
File: CertificationRequirement.pdf Graphic file (type pdf)
<use CertificationRequirement.pdf>
Package pdftex.def Info: CertificationRequirement.pdf  used on input line 91.
(pdftex.def)             Requested size: 614.29349pt x 794.96806pt.


pdfTeX warning: pdflatex (file ./CertificationRequirement.pdf): PDF inclusion: 
found PDF version <1.7>, but at most version <1.5> allowed


pdfTeX warning: pdflatex (file ./CertificationRequirement.pdf): PDF inclusion: 
found PDF version <1.7>, but at most version <1.5> allowed
<CertificationRequirement.pdf, id=393, page=1, 614.295pt x 794.97pt>
File: CertificationRequirement.pdf Graphic file (type pdf)
<use CertificationRequirement.pdf, page 1>
Package pdftex.def Info: CertificationRequirement.pdf , page1 used on input lin
e 91.
(pdftex.def)             Requested size: 614.29349pt x 794.96806pt.
File: CertificationRequirement.pdf Graphic file (type pdf)
<use CertificationRequirement.pdf, page 1>
Package pdftex.def Info: CertificationRequirement.pdf , page1 used on input lin
e 91.
(pdftex.def)             Requested size: 597.78697pt x 773.60669pt.
File: CertificationRequirement.pdf Graphic file (type pdf)
<use CertificationRequirement.pdf, page 1>
Package pdftex.def Info: CertificationRequirement.pdf , page1 used on input lin
e 91.
(pdftex.def)             Requested size: 597.78697pt x 773.60669pt.
File: CertificationRequirement.pdf Graphic file (type pdf)
<use CertificationRequirement.pdf, page 1>
Package pdftex.def Info: CertificationRequirement.pdf , page1 used on input lin
e 91.
(pdftex.def)             Requested size: 597.78697pt x 773.60669pt.
File: CertificationRequirement.pdf Graphic file (type pdf)
<use CertificationRequirement.pdf, page 1>
Package pdftex.def Info: CertificationRequirement.pdf , page1 used on input lin
e 91.
(pdftex.def)             Requested size: 597.78697pt x 773.60669pt.
[17 <./CertificationRequirement.pdf>]

pdfTeX warning: pdflatex (file ./CertificationRequirement.pdf): PDF inclusion: 
found PDF version <1.7>, but at most version <1.5> allowed
<CertificationRequirement.pdf, id=407, page=2, 614.295pt x 794.97pt>
File: CertificationRequirement.pdf Graphic file (type pdf)
<use CertificationRequirement.pdf, page 2>
Package pdftex.def Info: CertificationRequirement.pdf , page2 used on input lin
e 91.
(pdftex.def)             Requested size: 597.78697pt x 773.60669pt.
File: CertificationRequirement.pdf Graphic file (type pdf)
<use CertificationRequirement.pdf, page 2>
Package pdftex.def Info: CertificationRequirement.pdf , page2 used on input lin
e 91.
(pdftex.def)             Requested size: 597.78697pt x 773.60669pt.
File: CertificationRequirement.pdf Graphic file (type pdf)
<use CertificationRequirement.pdf, page 2>
Package pdftex.def Info: CertificationRequirement.pdf , page2 used on input lin
e 91.
(pdftex.def)             Requested size: 597.78697pt x 773.60669pt.
[18 <./CertificationRequirement.pdf>]
Overfull \hbox (0.12843pt too wide) in paragraph at lines 97--98
\T1/ptm/m/n/10.95 (+1) ra-tory (UL) have rec-og-nized these haz-ards and im-ple
-mented codes and stan-dards to pro-tect 
 []

) [19] [20

] (BassettWWandAWTreatment.ptc) [21] [22]
(WATR080 Elements of Wastewater Treatment.tex
Chapter 3.
<ElementsofTreatmentImg.png, id=442, 1269.24188pt x 498.36188pt>
File: ElementsofTreatmentImg.png Graphic file (type png)
<use ElementsofTreatmentImg.png>
Package pdftex.def Info: ElementsofTreatmentImg.png  used on input line 2.
(pdftex.def)             Requested size: 597.50787pt x 234.61794pt.
<SeperatedSystem1.png, id=443, 408.02437pt x 322.20375pt>
File: SeperatedSystem1.png Graphic file (type png)
<use SeperatedSystem1.png>
Package pdftex.def Info: SeperatedSystem1.png  used on input line 33.
(pdftex.def)             Requested size: 183.60927pt x 144.99034pt.
<CombinedSystem1.png, id=444, 360.59718pt x 311.66437pt>
File: CombinedSystem1.png Graphic file (type png)
<use CombinedSystem1.png>
Package pdftex.def Info: CombinedSystem1.png  used on input line 33.
(pdftex.def)             Requested size: 162.26723pt x 140.24767pt.
[23

 <./ElementsofTreatmentImg.png (PNG copy)>]
Overfull \hbox (249.8901pt too wide) in paragraph at lines 35--35
  \T1/ptm/m/n/10.95 (-20) Sep-a-rated Sys-tem   $[]$  
 []

LaTeX Font Info:    Font shape `T1/pag/b/n' in size <10> not available
(Font)              Font shape `T1/pag/db/n' tried instead on input line 64.
[24 <./SeperatedSystem1.png> <./CombinedSystem1.png>]
<TreatmentFlow.png, id=463, 722.7pt x 332.9238pt>
File: TreatmentFlow.png Graphic file (type png)
<use TreatmentFlow.png>
Package pdftex.def Info: TreatmentFlow.png  used on input line 73.
(pdftex.def)             Requested size: 433.62334pt x 199.75581pt.

Overfull \hbox (34.20705pt too wide) in paragraph at lines 73--74
 [] 
 []

<Treatment.png, id=464, 959.83594pt x 484.81125pt>
File: Treatment.png Graphic file (type png)
<use Treatment.png>
Package pdftex.def Info: Treatment.png  used on input line 77.
(pdftex.def)             Requested size: 403.12834pt x 203.61932pt.

Overfull \hbox (3.71205pt too wide) in paragraph at lines 77--78
 [] 
 []

[25 <./TreatmentFlow.png> <./Treatment.png>]) [26] (BassettWWandAWTreatment.ptc
) [27

] [28] (WATR080 Wastewater Constituents.tex
Chapter 4.
File: Water1.png Graphic file (type png)
<use Water1.png>
Package pdftex.def Info: Water1.png  used on input line 3.
(pdftex.def)             Requested size: 597.50787pt x 298.7506pt.

Overfull \hbox (0.19781pt too wide) in paragraph at lines 5--6
\T1/ptm/m/n/10.95 (+20) target for removal during the treatment process. The tr
eatment process is designed to reduce the 
 []

[29

]
Overfull \hbox (0.14896pt too wide) in paragraph at lines 52--53
[]\T1/ptm/m/n/10.95 (+10) About 50 percent of the solids present in wastewater 
are organic. This fraction is generally 
 []


Overfull \hbox (0.12546pt too wide) in paragraph at lines 52--53
\T1/ptm/m/n/10.95 (+12) of animal or vegetable life, dead animal matter, plant 
tissue or organisms, and also include 
 []


Overfull \hbox (0.16641pt too wide) in paragraph at lines 81--82
\T1/ptm/m/n/10.95 (+14) Emerging pol-lu-tants are a group of syn-thetic or natu
rally-occurring chem-i-cal or any mi-croor-gan- 
 []

[30]
Overfull \hbox (0.10591pt too wide) in paragraph at lines 93--93
[]\T1/ptm/m/n/10.95 (+5) pH scale ranges from 0 ^^U 14. When the concentration 
of both H$[]$ and OH$[]$ are equal, as in 
 []

[31]
Overfull \hbox (0.13179pt too wide) in paragraph at lines 113--114
\T1/ptm/m/n/10.95 (+18) Microbiological testing and monitoring is conducted as 
part of the wastewater treatment for two 
 []


Overfull \hbox (0.14917pt too wide) in paragraph at lines 123--124
\T1/ptm/m/n/10.95 (+7) bi-o-log-i-cal/pathogen test-ing of the wastew-a-ter ef-
flu-ent and the sur-face wa-ter im-pacted 
 []

) [32] (BassettWWandAWTreatment.ptc) [33

] [34] (WATR080 Math Part I.tex
Chapter 5.
File: Water1.png Graphic file (type png)
<use Water1.png>
Package pdftex.def Info: Water1.png  used on input line 3.
(pdftex.def)             Requested size: 597.50787pt x 298.7506pt.

Overfull \hbox (0.14377pt too wide) in paragraph at lines 22--24
[]\T1/ptm/m/n/10.95 (+9) The mea-sure-ment of any phys-i-cal quan-tity is ex-pr
essed in terms of a num-ber - which is the quan- 
 []


Overfull \hbox (0.11914pt too wide) in paragraph at lines 35--36
\T1/ptm/m/n/10.95 (+19) that is used to change the units of a measured quantity
 without changing the value. Examples of 
 []

[35

]
Overfull \hbox (2.80577pt too wide) in paragraph at lines 73--73
[]$\OML/ztmcm/m/it/10.95 Quantityinconvertedunit \OT1/ztmcm/m/n/10.95 = \OML/zt
mcm/m/it/10.95 Quantity\OT1/ztmcm/m/n/10.95 ([]) \OMS/ztmcm/m/n/10.95 ^^C \OML/
ztmcm/m/it/10.95 ConversionFactor[]$  
 []

<Area&VolumeFormula.png, id=536, 566.86781pt x 547.2947pt>
File: Area&VolumeFormula.png Graphic file (type png)
<use Area&VolumeFormula.png>
Package pdftex.def Info: Area&VolumeFormula.png  used on input line 102.
(pdftex.def)             Requested size: 283.43321pt x 273.64667pt.

Underfull \vbox (badness 10000) has occurred while \output is active []

 [36]
[37 <./Area&VolumeFormula.png>]) [38] (BassettWWandAWTreatment.ptc) [39

]
[40] (WATR080 Math Part II.tex
Chapter 6.
File: Water1.png Graphic file (type png)
<use Water1.png>
Package pdftex.def Info: Water1.png  used on input line 3.
(pdftex.def)             Requested size: 597.50787pt x 298.7506pt.
<PoundsFormula.png, id=570, 189.5883pt x 189.1065pt>
File: PoundsFormula.png Graphic file (type png)
<use PoundsFormula.png>
Package pdftex.def Info: PoundsFormula.png  used on input line 20.
(pdftex.def)             Requested size: 94.79391pt x 94.55301pt.

Underfull \vbox (badness 1033) has occurred while \output is active []

 [41

 <./PoundsFormula.png>]
Overfull \hbox (0.10571pt too wide) in paragraph at lines 59--60
[]\T1/ptm/m/n/10.95 (+3) If 10 units of a pollutant are entering a process and 
8 units of pollutant are leaving (process 
 []


LaTeX Font Warning: Command \tiny invalid in math mode on input line 78.


LaTeX Warning: `!h' float specifier changed to `!ht'.

[42]

LaTeX Warning: `!h' float specifier changed to `!ht'.

[43]) [44] (BassettWWandAWTreatment.ptc) [45

] [46]
(WATR080 Liquid Treatment I.tex
Chapter 7.
<Week3Clarifier1.jpg, id=616, 1104.5265pt x 588.09712pt>
File: Week3Clarifier1.jpg Graphic file (type jpg)
<use Week3Clarifier1.jpg>
Package pdftex.def Info: Week3Clarifier1.jpg  used on input line 3.
(pdftex.def)             Requested size: 597.50787pt x 318.14203pt.
File: SeperatedSystem1.png Graphic file (type png)
<use SeperatedSystem1.png>
Package pdftex.def Info: SeperatedSystem1.png  used on input line 29.
(pdftex.def)             Requested size: 183.60927pt x 144.99034pt.
File: CombinedSystem1.png Graphic file (type png)
<use CombinedSystem1.png>
Package pdftex.def Info: CombinedSystem1.png  used on input line 29.
(pdftex.def)             Requested size: 162.26723pt x 140.24767pt.

Underfull \vbox (badness 4454) has occurred while \output is active []

 [47

 <./Week3Clarifier1.jpg>]
Overfull \hbox (249.8901pt too wide) in paragraph at lines 31--31
  \T1/ptm/m/n/10.95 (-20) Sep-a-rated Sys-tem   $[]$  
 []


Overfull \hbox (0.11044pt too wide) in paragraph at lines 52--53
[]\T1/ptm/m/n/10.95 (+11) The objective of preliminary treatment is to remove c
oarse solids and other large materials 
 []

[48]
<Barscreen.png, id=627, 204.765pt x 154.176pt>
File: Barscreen.png Graphic file (type png)
<use Barscreen.png>
Package pdftex.def Info: Barscreen.png  used on input line 82.
(pdftex.def)             Requested size: 298.75264pt x 224.9586pt.

Overfull \hbox (27.37506pt too wide) in paragraph at lines 92--95
$[]$  
 []

<Comminutor.png, id=628, 289.08pt x 434.5836pt>
File: Comminutor.png Graphic file (type png)
<use Comminutor.png>
Package pdftex.def Info: Comminutor.png  used on input line 98.
(pdftex.def)             Requested size: 128.03809pt x 199.16818pt.
[49 <./Barscreen.png>]
<HorizontalGritChamber.png, id=638, 677.53125pt x 508.14844pt>
File: HorizontalGritChamber.png Graphic file (type png)
<use HorizontalGritChamber.png>
Package pdftex.def Info: HorizontalGritChamber.png  used on input line 134.
(pdftex.def)             Requested size: 157.06209pt x 117.79437pt.
<AeratedGritChamber.png, id=639, 371.5357pt x 255.61269pt>
File: AeratedGritChamber.png Graphic file (type png)
<use AeratedGritChamber.png>
Package pdftex.def Info: AeratedGritChamber.png  used on input line 139.
(pdftex.def)             Requested size: 170.71718pt x 117.45064pt.


LaTeX Warning: `!h' float specifier changed to `!ht'.

<VortexGritChamber1.png, id=640, 245.2362pt x 140.6856pt>
File: VortexGritChamber1.png Graphic file (type png)
<use VortexGritChamber1.png>
Package pdftex.def Info: VortexGritChamber1.png  used on input line 147.
(pdftex.def)             Requested size: 160.47456pt x 92.05849pt.
<VortexGritChamber.png, id=641, 198.5016pt x 164.7756pt>
File: VortexGritChamber.png Graphic file (type png)
<use VortexGritChamber.png>
Package pdftex.def Info: VortexGritChamber.png  used on input line 152.
(pdftex.def)             Requested size: 146.81427pt x 121.86916pt.

LaTeX Warning: `!h' float specifier changed to `!ht'.

[50 <./Comminutor.png>] [51 <./HorizontalGritChamber.png> <./AeratedGritChamber
.png> <./VortexGritChamber1.png> <./VortexGritChamber.png>]
<RectangularClarifier.png, id=660, 330.471pt x 215.8245pt>
File: RectangularClarifier.png Graphic file (type png)
<use RectangularClarifier.png>
Package pdftex.def Info: RectangularClarifier.png  used on input line 197.
(pdftex.def)             Requested size: 297.42113pt x 194.24022pt.
<Blank.png, id=661, 476.53032pt x 378.66469pt>
File: Blank.png Graphic file (type png)
<use Blank.png>
Package pdftex.def Info: Blank.png  used on input line 199.
(pdftex.def)             Requested size: 47.65582pt x 37.86868pt.
<CircularClarifier3.png, id=662, 707.64375pt x 369.38pt>
File: CircularClarifier3.png Graphic file (type png)
<use CircularClarifier3.png>
Package pdftex.def Info: CircularClarifier3.png  used on input line 200.
(pdftex.def)             Requested size: 353.82101pt x 184.68954pt.
File: Blank.png Graphic file (type png)
<use Blank.png>
Package pdftex.def Info: Blank.png  used on input line 203.
(pdftex.def)             Requested size: 14.29529pt x 11.35944pt.
) [52 <./RectangularClarifier.png> <./Blank.png> <./CircularClarifier3.png>]
(BassettWWandAWTreatment.ptc) [53

] [54] (WATR080 Liquid Treatment II.tex
Chapter 8.
File: Week3Clarifier1.jpg Graphic file (type jpg)
<use Week3Clarifier1.jpg>
Package pdftex.def Info: Week3Clarifier1.jpg  used on input line 3.
(pdftex.def)             Requested size: 597.50787pt x 318.14203pt.
<TricklingFilter.png, id=681, 567.11874pt x 301.125pt>
File: TricklingFilter.png Graphic file (type png)
<use TricklingFilter.png>
Package pdftex.def Info: TricklingFilter.png  used on input line 27.
(pdftex.def)             Requested size: 283.55867pt x 150.56212pt.

Underfull \vbox (badness 10000) has occurred while \output is active []

 [55

]
Underfull \vbox (badness 10000) has occurred while \output is active []

 [56 <./TricklingFilter.png>]
<ASProcess.png, id=692, 482.55281pt x 138.5175pt>
File: ASProcess.png Graphic file (type png)
<use ASProcess.png>
Package pdftex.def Info: ASProcess.png  used on input line 69.
(pdftex.def)             Requested size: 446.0451pt x 128.0374pt.

Overfull \hbox (19.25375pt too wide) in paragraph at lines 69--70
 [] 
 []


Overfull \hbox (0.16536pt too wide) in paragraph at lines 81--82
[]\T1/ptm/m/n/10.95 (+6) The wastewater exiting the aeration basin enters a cla
rifier where the floc settles. The clear, 
 []


Overfull \hbox (0.13135pt too wide) in paragraph at lines 85--86
[]\T1/ptm/m/n/10.95 (+18) The remaining settled floc from the clarifier is ^^Qw
asted^^Q ^^Vtransferred for solids treatment 
 []

[57 <./ASProcess.png>]
<StabilizationPond.png, id=698, 711.6186pt x 492.3996pt>
File: StabilizationPond.png Graphic file (type png)
<use StabilizationPond.png>
Package pdftex.def Info: StabilizationPond.png  used on input line 134.
(pdftex.def)             Requested size: 569.29565pt x 393.92021pt.
 [58] [59 <./StabilizationPond.png>]) [60]
(BassettWWandAWTreatment.ptc) [61

] [62] (WATR080 Solids Treatment.tex
Chapter 9.
<Dewatering.jpg, id=735, 719.8895pt x 384.2355pt>
File: Dewatering.jpg Graphic file (type jpg)
<use Dewatering.jpg>
Package pdftex.def Info: Dewatering.jpg  used on input line 3.
(pdftex.def)             Requested size: 597.50787pt x 318.91537pt.

Overfull \hbox (0.16823pt too wide) in paragraph at lines 26--29
\T1/ptm/m/n/10.95 (+19) the sludge stabilization process. Sludge thickening red
uces the volume of sludge that need to be 
 []


Underfull \vbox (badness 10000) has occurred while \output is active []

 [63

 <./Dewatering.jpg>]
Overfull \hbox (0.12631pt too wide) in paragraph at lines 44--44
\T1/ptm/m/n/10.95 (+4) solids dis-posal meth-ods may in-clude: land ap-pli-ca-t
ion, as a crop/vegetation fer-til-izer, placed on a 
 []

[64]
<DigesterFixedCover.png, id=759, 857.45343pt x 624.83438pt>
File: DigesterFixedCover.png Graphic file (type png)
<use DigesterFixedCover.png>
Package pdftex.def Info: DigesterFixedCover.png  used on input line 91.
(pdftex.def)             Requested size: 428.72566pt x 312.41643pt.

Overfull \hbox (29.30937pt too wide) in paragraph at lines 91--91
 [] 
 []

[65 <./DigesterFixedCover.png>]) [66] (BassettWWandAWTreatment.ptc) [67

]
[68] (Future of Wastewater Treatment.tex
Chapter 10.
<FutureChapterImage2.png, id=794, 538.26094pt x 294.34969pt>
File: FutureChapterImage2.png Graphic file (type png)
<use FutureChapterImage2.png>
Package pdftex.def Info: FutureChapterImage2.png  used on input line 2.
(pdftex.def)             Requested size: 597.50787pt x 326.75446pt.
[69

 <./FutureChapterImage2.png>]
Overfull \hbox (0.1326pt too wide) in paragraph at lines 39--40
\T1/ptm/m/n/10.95 (+18) from used water streams that would otherwise be discard
ed/disposed and converting them 
 []


Overfull \hbox (0.86456pt too wide) in paragraph at lines 63--64
[]\T1/ptm/m/n/10.95 (-20) Constituents of Emerg-ing Con-cern (CECs) in-clude a 
va-ri-ety of sub-stances such as medicines, 
 []

[70] [71]
<WBWasteWaterResourceinfographic.png, id=810, 614.295pt x 1102.1175pt>
File: WBWasteWaterResourceinfographic.png Graphic file (type png)
<use WBWasteWaterResourceinfographic.png>
Package pdftex.def Info: WBWasteWaterResourceinfographic.png  used on input lin
e 93.
(pdftex.def)             Requested size: 337.86328pt x 606.1665pt.
) (Wastewater Careers.tex [72 <./WBWasteWaterResourceinfographic.png>]
Chapter 11.
<CareerChapterImage2.png, id=815, 537.50812pt x 295.85532pt>
File: CareerChapterImage2.png Graphic file (type png)
<use CareerChapterImage2.png>
Package pdftex.def Info: CareerChapterImage2.png  used on input line 2.
(pdftex.def)             Requested size: 597.50787pt x 328.8818pt.

Overfull \hbox (37.59996pt too wide) in paragraph at lines 11--24
[]  
 []

) 
AED: lastpage setting LastPage
[73

 <./CareerChapterImage2.png>]
\tf@ptc=\write7
\openout7 = `BassettWWandAWTreatment.ptc'.

 (BassettWWandAWTreatment.aux)
Package logreq Info: Writing requests to 'BassettWWandAWTreatment.run.xml'.
\openout1 = `BassettWWandAWTreatment.run.xml'.

 )
(\end occurred inside a group at level 1)

### semi simple group (level 1) entered at line 72 (\begingroup)
### bottom level 
Here is how much of TeX's memory you used:
 41987 strings out of 475380
 846389 string characters out of 2776771
 1674911 words of memory out of 3000000
 62118 multiletter control sequences out of 15000+600000
 557345 words of font info for 258 fonts, out of 8000000 for 9000
 1141 hyphenation exceptions out of 8191
 89i,17n,83p,1170b,3049s stack positions out of 10000i,1000n,20000p,200000b,80000s
{C:/Users/indov/AppData/Local/Programs/MiKTeX/fonts/enc/dvips/b
ase/8r.enc}<C:/Users/indov/AppData/Local/Programs/MiKTeX/fonts/type1/public/ams
fonts/cm/cmmi10.pfb><C:/Users/indov/AppData/Local/Programs/MiKTeX/fonts/type1/p
ublic/amsfonts/cm/cmr10.pfb><C:/Users/indov/AppData/Local/Programs/MiKTeX/fonts
/type1/public/amsfonts/cm/cmsy10.pfb><C:/Users/indov/AppData/Local/Programs/MiK
TeX/fonts/type1/public/amsfonts/latxfont/line10.pfb><C:/Users/indov/AppData/Loc
al/Programs/MiKTeX/fonts/type1/urw/avantgar/uagd8a.pfb><C:/Users/indov/AppData/
Local/Programs/MiKTeX/fonts/type1/urw/avantgar/uagk8a.pfb><C:/Users/indov/AppDa
ta/Local/Programs/MiKTeX/fonts/type1/urw/times/utmb8a.pfb><C:/Users/indov/AppDa
ta/Local/Programs/MiKTeX/fonts/type1/urw/times/utmr8a.pfb><C:/Users/indov/AppDa
ta/Local/Programs/MiKTeX/fonts/type1/urw/times/utmri8a.pfb>
Output written on BassettWWandAWTreatment.pdf (73 pages, 30172014 bytes).
PDF statistics:
 1064 PDF objects out of 1200 (max. 8388607)
 245 named destinations out of 1000 (max. 500000)
 98387 words of extra memory for PDF output out of 106986 (max. 10000000)

