\BOOKMARK [1][-]{section.1}{\376\377\000F\000r\000a\000c\000t\000i\000o\000n\000s}{}% 1
\BOOKMARK [1][-]{section.2}{\376\377\000R\000a\000t\000i\000o}{}% 2
\BOOKMARK [1][-]{section.3}{\376\377\000P\000r\000o\000p\000o\000r\000t\000i\000o\000n}{}% 3
\BOOKMARK [1][-]{section.4}{\376\377\000D\000e\000c\000i\000m\000a\000l\000s\000\040\000\046\000\040\000P\000o\000w\000e\000r\000s\000\040\000o\000f\000\040\000T\000e\000n}{}% 4
\BOOKMARK [1][-]{section.5}{\376\377\000R\000o\000u\000n\000d\000i\000n\000g\000\040\000a\000n\000d\000\040\000S\000i\000g\000n\000i\000f\000i\000c\000a\000n\000t\000\040\000D\000i\000g\000i\000t\000s}{}% 5
\BOOKMARK [1][-]{section.6}{\376\377\000A\000v\000e\000r\000a\000g\000e\000s}{}% 6
\BOOKMARK [1][-]{section.7}{\376\377\000W\000o\000r\000k\000i\000n\000g\000\040\000w\000i\000t\000h\000\040\000P\000e\000r\000c\000e\000n\000t}{}% 7
\BOOKMARK [2][-]{subsection.7.1}{\376\377\000P\000e\000r\000c\000e\000n\000t\000a\000g\000e\000\040\000C\000o\000n\000c\000e\000n\000t\000r\000a\000t\000i\000o\000n\000s}{section.7}% 8
\BOOKMARK [1][-]{section.8}{\376\377\000A\000r\000e\000a\000\040\000\046\000\040\000V\000o\000l\000u\000m\000e}{}% 9
\BOOKMARK [1][-]{section.9}{\376\377\000F\000l\000o\000w\000\040\000a\000n\000d\000\040\000V\000e\000l\000o\000c\000i\000t\000y}{}% 10
\BOOKMARK [1][-]{section.10}{\376\377\000C\000o\000n\000c\000e\000n\000t\000r\000a\000t\000i\000o\000n}{}% 11
\BOOKMARK [1][-]{section.11}{\376\377\000D\000e\000n\000s\000i\000t\000y}{}% 12
\BOOKMARK [1][-]{section.12}{\376\377\000S\000p\000e\000c\000i\000f\000i\000c\000\040\000G\000r\000a\000v\000i\000t\000y}{}% 13
\BOOKMARK [1][-]{section.13}{\376\377\000D\000e\000t\000e\000n\000t\000i\000o\000n\000\040\000T\000i\000m\000e}{}% 14
\BOOKMARK [1][-]{section.14}{\376\377\000U\000n\000i\000t\000\040\000C\000o\000n\000v\000e\000r\000s\000i\000o\000n\000s}{}% 15
\BOOKMARK [2][-]{subsection.14.1}{\376\377\000T\000e\000m\000p\000e\000r\000a\000t\000u\000r\000e\000\040\000C\000o\000n\000v\000e\000r\000s\000i\000o\000n}{section.14}% 16
\BOOKMARK [1][-]{section.15}{\376\377\000C\000o\000n\000t\000a\000m\000i\000n\000a\000n\000t\000\040\000R\000e\000m\000o\000v\000a\000l\000\040\000E\000f\000f\000i\000c\000i\000e\000n\000c\000y}{}% 17
\BOOKMARK [1][-]{section.16}{\376\377\000P\000o\000u\000n\000d\000s\000\040\000F\000o\000r\000m\000u\000l\000a}{}% 18
\BOOKMARK [1][-]{section.17}{\376\377\000C\000h\000e\000m\000i\000c\000a\000l\000s\000\040\000R\000e\000l\000a\000t\000e\000d\000\040\000M\000a\000t\000h\000\040\000P\000r\000o\000b\000l\000e\000m\000s}{}% 19
\BOOKMARK [2][-]{subsection.17.1}{\376\377\000C\000h\000e\000m\000i\000c\000a\000l\000\040\000D\000o\000s\000i\000n\000g}{section.17}% 20
\BOOKMARK [2][-]{subsection.17.2}{\376\377\000B\000l\000e\000n\000d\000i\000n\000g\000\040\000a\000n\000d\000\040\000D\000i\000l\000u\000t\000i\000o\000n\000\040\000C\000a\000l\000c\000u\000l\000a\000t\000i\000o\000n\000s}{section.17}% 21
\BOOKMARK [1][-]{section.18}{\376\377\000P\000u\000m\000p\000i\000n\000g\000\040\000C\000a\000l\000c\000u\000l\000a\000t\000i\000o\000n\000s}{}% 22
\BOOKMARK [2][-]{subsection.18.1}{\376\377\000G\000l\000o\000s\000s\000a\000r\000y\000\040\000o\000f\000\040\000P\000u\000m\000p\000\040\000C\000a\000l\000c\000u\000l\000a\000t\000i\000o\000n\000s\000\040\000T\000e\000r\000m\000s}{section.18}% 23
\BOOKMARK [2][-]{subsection.18.2}{\376\377\000P\000u\000m\000p\000i\000n\000g\000\040\000R\000a\000t\000e\000\040\000C\000a\000l\000c\000u\000l\000a\000t\000i\000o\000n\000s}{section.18}% 24
\BOOKMARK [2][-]{subsection.18.3}{\376\377\000P\000u\000m\000p\000i\000n\000g\000\040\000H\000e\000a\000d\000\040\000C\000a\000l\000c\000u\000l\000a\000t\000i\000o\000n\000s}{section.18}% 25
\BOOKMARK [2][-]{subsection.18.4}{\376\377\000P\000o\000w\000e\000r\000\040\000R\000e\000q\000u\000i\000r\000e\000m\000e\000n\000t\000s\000\040\000f\000o\000r\000\040\000P\000u\000m\000p\000i\000n\000g}{section.18}% 26
\BOOKMARK [2][-]{subsection.18.5}{\376\377\000E\000x\000a\000m\000p\000l\000e\000\040\000P\000r\000o\000b\000l\000e\000m\000s}{section.18}% 27
\BOOKMARK [1][-]{section.19}{\376\377\000S\000e\000d\000i\000m\000e\000n\000t\000a\000t\000i\000o\000n}{}% 28
\BOOKMARK [1][-]{section.20}{\376\377\000F\000i\000l\000t\000r\000a\000t\000i\000o\000n}{}% 29
