This is pdfTeX, Version 3.141592653-2.6-1.40.24 (MiKTeX 22.8.28) (preloaded format=pdflatex 2022.10.2)  3 NOV 2022 14:25
entering extended mode
 restricted \write18 enabled.
 %&-line parsing enabled.
**"./Distribution - Alaska.tex"
(Distribution - Alaska.tex
LaTeX2e <2022-06-01> patch level 5
L3 programming layer <2022-08-30>
(C:\Users\indov\AppData\Local\Programs\MiKTeX\tex/latex/base\article.cls
Document Class: article 2021/10/04 v1.4n Standard LaTeX document class
(C:\Users\indov\AppData\Local\Programs\MiKTeX\tex/latex/base\size10.clo
File: size10.clo 2021/10/04 v1.4n Standard LaTeX file (size option)
)
\c@part=\count185
\c@section=\count186
\c@subsection=\count187
\c@subsubsection=\count188
\c@paragraph=\count189
\c@subparagraph=\count190
\c@figure=\count191
\c@table=\count192
\abovecaptionskip=\skip47
\belowcaptionskip=\skip48
\bibindent=\dimen138
)
(C:\Users\indov\AppData\Local\Programs\MiKTeX\tex/latex/base\inputenc.sty
Package: inputenc 2021/02/14 v1.3d Input encoding file
\inpenc@prehook=\toks16
\inpenc@posthook=\toks17
)
(C:\Users\indov\AppData\Local\Programs\MiKTeX\tex/latex/base\fontenc.sty
Package: fontenc 2021/04/29 v2.0v Standard LaTeX package
)
(C:\Users\indov\AppData\Local\Programs\MiKTeX\tex/latex/amsmath\amsmath.sty
Package: amsmath 2022/04/08 v2.17n AMS math features
\@mathmargin=\skip49

For additional information on amsmath, use the `?' option.
(C:\Users\indov\AppData\Local\Programs\MiKTeX\tex/latex/amsmath\amstext.sty
Package: amstext 2021/08/26 v2.01 AMS text

(C:\Users\indov\AppData\Local\Programs\MiKTeX\tex/latex/amsmath\amsgen.sty
File: amsgen.sty 1999/11/30 v2.0 generic functions
\@emptytoks=\toks18
\ex@=\dimen139
))
(C:\Users\indov\AppData\Local\Programs\MiKTeX\tex/latex/amsmath\amsbsy.sty
Package: amsbsy 1999/11/29 v1.2d Bold Symbols
\pmbraise@=\dimen140
)
(C:\Users\indov\AppData\Local\Programs\MiKTeX\tex/latex/amsmath\amsopn.sty
Package: amsopn 2022/04/08 v2.04 operator names
)
\inf@bad=\count193
LaTeX Info: Redefining \frac on input line 234.
\uproot@=\count194
\leftroot@=\count195
LaTeX Info: Redefining \overline on input line 399.
LaTeX Info: Redefining \colon on input line 410.
\classnum@=\count196
\DOTSCASE@=\count197
LaTeX Info: Redefining \ldots on input line 496.
LaTeX Info: Redefining \dots on input line 499.
LaTeX Info: Redefining \cdots on input line 620.
\Mathstrutbox@=\box51
\strutbox@=\box52
LaTeX Info: Redefining \big on input line 722.
LaTeX Info: Redefining \Big on input line 723.
LaTeX Info: Redefining \bigg on input line 724.
LaTeX Info: Redefining \Bigg on input line 725.
\big@size=\dimen141
LaTeX Font Info:    Redeclaring font encoding OML on input line 743.
LaTeX Font Info:    Redeclaring font encoding OMS on input line 744.
\macc@depth=\count198
LaTeX Info: Redefining \bmod on input line 905.
LaTeX Info: Redefining \pmod on input line 910.
LaTeX Info: Redefining \smash on input line 940.
LaTeX Info: Redefining \relbar on input line 970.
LaTeX Info: Redefining \Relbar on input line 971.
\c@MaxMatrixCols=\count199
\dotsspace@=\muskip16
\c@parentequation=\count266
\dspbrk@lvl=\count267
\tag@help=\toks19
\row@=\count268
\column@=\count269
\maxfields@=\count270
\andhelp@=\toks20
\eqnshift@=\dimen142
\alignsep@=\dimen143
\tagshift@=\dimen144
\tagwidth@=\dimen145
\totwidth@=\dimen146
\lineht@=\dimen147
\@envbody=\toks21
\multlinegap=\skip50
\multlinetaggap=\skip51
\mathdisplay@stack=\toks22
LaTeX Info: Redefining \[ on input line 2953.
LaTeX Info: Redefining \] on input line 2954.
)
(C:\Users\indov\AppData\Local\Programs\MiKTeX\tex/latex/amsfonts\amsfonts.sty
Package: amsfonts 2013/01/14 v3.01 Basic AMSFonts support
\symAMSa=\mathgroup4
\symAMSb=\mathgroup5
LaTeX Font Info:    Redeclaring math symbol \hbar on input line 98.
LaTeX Font Info:    Overwriting math alphabet `\mathfrak' in version `bold'
(Font)                  U/euf/m/n --> U/euf/b/n on input line 106.
)
(C:\Users\indov\AppData\Local\Programs\MiKTeX\tex/latex/amsfonts\amssymb.sty
Package: amssymb 2013/01/14 v3.01 AMS font symbols
)
(C:\Users\indov\AppData\Local\Programs\MiKTeX\tex/latex/mhchem\mhchem.sty
Package: mhchem 2021/12/31 v4.09 for typesetting chemical formulae

(C:\Users\indov\AppData\Local\Programs\MiKTeX\tex/latex/l3kernel\expl3.sty
Package: expl3 2022-08-30 L3 programming layer (loader) 

(C:\Users\indov\AppData\Local\Programs\MiKTeX\tex/latex/l3backend\l3backend-pdf
tex.def
File: l3backend-pdftex.def 2022-08-30 L3 backend support: PDF output (pdfTeX)
\l__color_backend_stack_int=\count271
\l__pdf_internal_box=\box53
))
(C:\Users\indov\AppData\Local\Programs\MiKTeX\tex/latex/l3packages/l3keys2e\l3k
eys2e.sty
Package: l3keys2e 2022-06-22 LaTeX2e option processing using LaTeX3 keys
)
(C:\Users\indov\AppData\Local\Programs\MiKTeX\tex/latex/tools\calc.sty
Package: calc 2017/05/25 v4.3 Infix arithmetic (KKT,FJ)
\calc@Acount=\count272
\calc@Bcount=\count273
\calc@Adimen=\dimen148
\calc@Bdimen=\dimen149
\calc@Askip=\skip52
\calc@Bskip=\skip53
LaTeX Info: Redefining \setlength on input line 80.
LaTeX Info: Redefining \addtolength on input line 81.
\calc@Ccount=\count274
\calc@Cskip=\skip54
)
(C:\Users\indov\AppData\Local\Programs\MiKTeX\tex/latex/chemgreek\chemgreek.sty

(C:\Users\indov\AppData\Local\Programs\MiKTeX\tex/latex/l3packages/xparse\xpars
e.sty
Package: xparse 2022-06-22 L3 Experimental document command parser
)
Package: chemgreek 2020/01/16 v1.1a interface for upright Greek letters for use
 in chemistry (CN)
\l__chemgreek_tmpa_int=\count275
\g__chemgreek_tmpa_int=\count276
)
(C:\Users\indov\AppData\Local\Programs\MiKTeX\tex/latex/graphics\graphics.sty
Package: graphics 2022/03/10 v1.4e Standard LaTeX Graphics (DPC,SPQR)

(C:\Users\indov\AppData\Local\Programs\MiKTeX\tex/latex/graphics\trig.sty
Package: trig 2021/08/11 v1.11 sin cos tan (DPC)
)
(C:\Users\indov\AppData\Local\Programs\MiKTeX\tex/latex/graphics-cfg\graphics.c
fg
File: graphics.cfg 2016/06/04 v1.11 sample graphics configuration
)
Package graphics Info: Driver file: pdftex.def on input line 107.

(C:\Users\indov\AppData\Local\Programs\MiKTeX\tex/latex/graphics-def\pdftex.def
File: pdftex.def 2020/10/05 v1.2a Graphics/color driver for pdftex
))
\l__mhchem_ce_distanceFromLastComma_int=\count277
\__mhchem_arrow_extPgfLength_skip=\skip55
\mhchem@minispace@tmp=\skip56
\mhchem@minibackspace@tmp=\skip57
\mhchem@bondwidth=\skip58
\mhchem@bondheight=\skip59
\mhchem@smallbondwidth@tmpA=\skip60
\mhchem@smallbondwidth@tmpB=\skip61
\mhchem@smallbondwidth=\skip62
\mhchem@bondtmp@minussidebearingleft=\skip63
\mhchem@bondtmp@minussidebearingright=\skip64
\l__mhchem_option_version_int=\count278
\mhchem@option@minusmathsidebearingleft=\dimen150
\mhchem@option@minusmathsidebearingright=\dimen151
\mhchem@option@minustextsidebearingleft=\dimen152
\mhchem@option@minustextsidebearingright=\dimen153


Package mhchem Warning: You did not specify a 'version' option for the mhchem
(mhchem)                package. Please write \usepackage[version=4]{mhchem}
(mhchem)                in your preamble (or any lower number for
(mhchem)                compatibility mode), because you might get slightly
(mhchem)                different output with the same input in future versions
.

) (C:\Users\indov\AppData\Local\Programs\MiKTeX\tex/latex/stmaryrd\stmaryrd.sty
Package: stmaryrd 1994/03/03 St Mary's Road symbol package
\symstmry=\mathgroup6
LaTeX Font Info:    Overwriting symbol font `stmry' in version `bold'
(Font)                  U/stmry/m/n --> U/stmry/b/n on input line 89.
) (C:\Users\indov\AppData\Local\Programs\MiKTeX\tex/latex/graphics\graphicx.sty
Package: graphicx 2021/09/16 v1.2d Enhanced LaTeX Graphics (DPC,SPQR)
(C:\Users\indov\AppData\Local\Programs\MiKTeX\tex/latex/graphics\keyval.sty
Package: keyval 2022/05/29 v1.15 key=value parser (DPC)
\KV@toks@=\toks23
)
\Gin@req@height=\dimen154
\Gin@req@width=\dimen155
)
(C:\Users\indov\AppData\Local\Programs\MiKTeX\tex/latex/adjustbox\adjustbox.sty
Package: adjustbox 2020/08/19 v1.3 Adjusting TeX boxes (trim, clip, ...)
(C:\Users\indov\AppData\Local\Programs\MiKTeX\tex/latex/xkeyval\xkeyval.sty
Package: xkeyval 2022/06/16 v2.9 package option processing (HA)

(C:\Users\indov\AppData\Local\Programs\MiKTeX\tex/generic/xkeyval\xkeyval.tex
(C:\Users\indov\AppData\Local\Programs\MiKTeX\tex/generic/xkeyval\xkvutils.tex
\XKV@toks=\toks24
\XKV@tempa@toks=\toks25
)
\XKV@depth=\count279
File: xkeyval.tex 2014/12/03 v2.7a key=value parser (HA)
))
(C:\Users\indov\AppData\Local\Programs\MiKTeX\tex/latex/adjustbox\adjcalc.sty
Package: adjcalc 2012/05/16 v1.1 Provides advanced setlength with multiple back
-ends (calc, etex, pgfmath)
)
(C:\Users\indov\AppData\Local\Programs\MiKTeX\tex/latex/adjustbox\trimclip.sty
Package: trimclip 2020/08/19 v1.2 Trim and clip general TeX material

(C:\Users\indov\AppData\Local\Programs\MiKTeX\tex/latex/collectbox\collectbox.s
ty
Package: collectbox 2012/05/17 v0.4b Collect macro arguments as boxes
\collectedbox=\box54
)
\tc@llx=\dimen156
\tc@lly=\dimen157
\tc@urx=\dimen158
\tc@ury=\dimen159
Package trimclip Info: Using driver 'tc-pdftex.def'.

(C:\Users\indov\AppData\Local\Programs\MiKTeX\tex/latex/adjustbox\tc-pdftex.def
File: tc-pdftex.def 2019/01/04 v2.2 Clipping driver for pdftex
))
\adjbox@Width=\dimen160
\adjbox@Height=\dimen161
\adjbox@Depth=\dimen162
\adjbox@Totalheight=\dimen163
\adjbox@pwidth=\dimen164
\adjbox@pheight=\dimen165
\adjbox@pdepth=\dimen166
\adjbox@ptotalheight=\dimen167

(C:\Users\indov\AppData\Local\Programs\MiKTeX\tex/latex/ifoddpage\ifoddpage.sty
Package: ifoddpage 2016/04/23 v1.1 Conditionals for odd/even page detection
\c@checkoddpage=\count280
) (C:\Users\indov\AppData\Local\Programs\MiKTeX\tex/latex/varwidth\varwidth.sty
Package: varwidth 2009/03/30 ver 0.92;  Variable-width minipages
\@vwid@box=\box55
\sift@deathcycles=\count281
\@vwid@loff=\dimen168
\@vwid@roff=\dimen169
)) (Distribution - Alaska.aux)
\openout1 = `"Distribution - Alaska.aux"'.

LaTeX Font Info:    Checking defaults for OML/cmm/m/it on input line 19.
LaTeX Font Info:    ... okay on input line 19.
LaTeX Font Info:    Checking defaults for OMS/cmsy/m/n on input line 19.
LaTeX Font Info:    ... okay on input line 19.
LaTeX Font Info:    Checking defaults for OT1/cmr/m/n on input line 19.
LaTeX Font Info:    ... okay on input line 19.
LaTeX Font Info:    Checking defaults for T1/cmr/m/n on input line 19.
LaTeX Font Info:    ... okay on input line 19.
LaTeX Font Info:    Checking defaults for TS1/cmr/m/n on input line 19.
LaTeX Font Info:    ... okay on input line 19.
LaTeX Font Info:    Checking defaults for OMX/cmex/m/n on input line 19.
LaTeX Font Info:    ... okay on input line 19.
LaTeX Font Info:    Checking defaults for U/cmr/m/n on input line 19.
LaTeX Font Info:    ... okay on input line 19.

Package chemgreek Info: Activating mapping `default' on line 19.


(C:\Users\indov\AppData\Local\Programs\MiKTeX\tex/context/base/mkii\supp-pdf.mk
ii
[Loading MPS to PDF converter (version 2006.09.02).]
\scratchcounter=\count282
\scratchdimen=\dimen170
\scratchbox=\box56
\nofMPsegments=\count283
\nofMParguments=\count284
\everyMPshowfont=\toks26
\MPscratchCnt=\count285
\MPscratchDim=\dimen171
\MPnumerator=\count286
\makeMPintoPDFobject=\count287
\everyMPtoPDFconversion=\toks27
)
(C:\Users\indov\AppData\Local\Programs\MiKTeX\tex/latex/epstopdf-pkg\epstopdf-b
ase.sty
Package: epstopdf-base 2020-01-24 v2.11 Base part for package epstopdf
Package epstopdf-base Info: Redefining graphics rule for `.eps' on input line 4
85.

(C:\Users\indov\AppData\Local\Programs\MiKTeX\tex/latex/00miktex\epstopdf-sys.c
fg
File: epstopdf-sys.cfg 2021/03/18 v2.0 Configuration of epstopdf for MiKTeX
))
LaTeX Font Info:    Trying to load font information for U+msa on input line 20.

 (C:\Users\indov\AppData\Local\Programs\MiKTeX\tex/latex/amsfonts\umsa.fd
File: umsa.fd 2013/01/14 v3.01 AMS symbols A
)
LaTeX Font Info:    Trying to load font information for U+msb on input line 20.


(C:\Users\indov\AppData\Local\Programs\MiKTeX\tex/latex/amsfonts\umsb.fd
File: umsb.fd 2013/01/14 v3.01 AMS symbols B
)
LaTeX Font Info:    Trying to load font information for U+stmry on input line 2
0.

(C:\Users\indov\AppData\Local\Programs\MiKTeX\tex/latex/stmaryrd\ustmry.fd)
[1

{C:/Users/indov/AppData/Local/MiKTeX/fonts/map/pdftex/pdftex.map}] [2]
[3] [4] [5]
<./images//MechanicalJoint1.jpg, id=24, 1330.9725pt x 359.3425pt>
File: ./images//MechanicalJoint1.jpg Graphic file (type jpg)
<use ./images//MechanicalJoint1.jpg>
Package pdftex.def Info: ./images//MechanicalJoint1.jpg  used on input line 173
.
(pdftex.def)             Requested size: 1330.96925pt x 359.34161pt.

Overfull \hbox (14.98862pt too wide) in paragraph at lines 173--174
[][] 
 []


Underfull \hbox (badness 10000) in paragraph at lines 175--176

 []

<./images//PushonJoint1.jpg, id=25, 1182.4175pt x 335.2525pt>
File: ./images//PushonJoint1.jpg Graphic file (type jpg)
<use ./images//PushonJoint1.jpg>
Package pdftex.def Info: ./images//PushonJoint1.jpg  used on input line 177.
(pdftex.def)             Requested size: 1182.41461pt x 335.25168pt.

Overfull \hbox (14.98518pt too wide) in paragraph at lines 177--178
[][] 
 []

[6 <./images//MechanicalJoint1.jpg>]
<./images//2022_11_03_fc0cbc2f3612fab6edd2g-05(2).jpg, id=29, 1318.9275pt x 310
.15875pt>
File: ./images//2022_11_03_fc0cbc2f3612fab6edd2g-05(2).jpg Graphic file (type j
pg)
<use ./images//2022_11_03_fc0cbc2f3612fab6edd2g-05(2).jpg>
Package pdftex.def Info: ./images//2022_11_03_fc0cbc2f3612fab6edd2g-05(2).jpg  
used on input line 184.
(pdftex.def)             Requested size: 1318.92429pt x 310.15799pt.

Overfull \hbox (14.98596pt too wide) in paragraph at lines 184--185
[][] 
 []

[7 <./images//PushonJoint1.jpg> <./images//2022_11_03_fc0cbc2f3612fab6edd2g-05(
2).jpg>]
<./images//DresserCoupling.png, id=35, 376.40625pt x 84.315pt>
File: ./images//DresserCoupling.png Graphic file (type png)
<use ./images//DresserCoupling.png>
Package pdftex.def Info: ./images//DresserCoupling.png  used on input line 199.

(pdftex.def)             Requested size: 376.40532pt x 84.31477pt.

Overfull \hbox (15.02289pt too wide) in paragraph at lines 199--200
[][] 
 []

<./images//DoubleBellCoupling.png, id=37, 130.23656pt x 99.37125pt>
File: ./images//DoubleBellCoupling.png Graphic file (type png)
<use ./images//DoubleBellCoupling.png>
Package pdftex.def Info: ./images//DoubleBellCoupling.png  used on input line 2
03.
(pdftex.def)             Requested size: 130.23624pt x 99.371pt.
[8 <./images//DresserCoupling.png> <./images//DoubleBellCoupling.png>]
<./images//PVCIntegralBellSpigotJoint.jpg, id=46, 424.58624pt x 318.18875pt>
File: ./images//PVCIntegralBellSpigotJoint.jpg Graphic file (type jpg)
<use ./images//PVCIntegralBellSpigotJoint.jpg>
Package pdftex.def Info: ./images//PVCIntegralBellSpigotJoint.jpg  used on inpu
t line 212.
(pdftex.def)             Requested size: 424.5852pt x 318.18796pt.

Overfull \hbox (15.01434pt too wide) in paragraph at lines 212--213
[][] 
 []

<./images//PVCIntegralBellSpigotJoint1.jpg, id=47, 629.35126pt x 291.0875pt>
File: ./images//PVCIntegralBellSpigotJoint1.jpg Graphic file (type jpg)
<use ./images//PVCIntegralBellSpigotJoint1.jpg>
Package pdftex.def Info: ./images//PVCIntegralBellSpigotJoint1.jpg  used on inp
ut line 216.
(pdftex.def)             Requested size: 629.34972pt x 291.08678pt.

Overfull \hbox (15.00148pt too wide) in paragraph at lines 216--217
[][] 
 []

<./images//PVCIntegralBellSpigotJoint2.jpg, id=48, 236.885pt x 266.9975pt>
File: ./images//PVCIntegralBellSpigotJoint2.jpg Graphic file (type jpg)
<use ./images//PVCIntegralBellSpigotJoint2.jpg>
Package pdftex.def Info: ./images//PVCIntegralBellSpigotJoint2.jpg  used on inp
ut line 218.
(pdftex.def)             Requested size: 236.88441pt x 266.99683pt.
[9 <./images//PVCIntegralBellSpigotJoint.jpg> <./images//PVCIntegralBellSpigotJ
oint1.jpg>] [10 <./images//PVCIntegralBellSpigotJoint2.jpg>]
<./images//PretensionedConcretePipe.jpg, id=55, 1253.68375pt x 555.07375pt>
File: ./images//PretensionedConcretePipe.jpg Graphic file (type jpg)
<use ./images//PretensionedConcretePipe.jpg>
Package pdftex.def Info: ./images//PretensionedConcretePipe.jpg  used on input 
line 245.
(pdftex.def)             Requested size: 1253.6807pt x 555.07237pt.

Overfull \hbox (15.00322pt too wide) in paragraph at lines 245--246
[][] 
 []

[11 <./images//PretensionedConcretePipe.jpg>]
Underfull \hbox (badness 10000) in paragraph at lines 254--255

 []

<./images//HDPEFuseWeldJoint.jpg, id=59, 1310.8975pt x 248.93pt>
File: ./images//HDPEFuseWeldJoint.jpg Graphic file (type jpg)
<use ./images//HDPEFuseWeldJoint.jpg>
Package pdftex.def Info: ./images//HDPEFuseWeldJoint.jpg  used on input line 25
6.
(pdftex.def)             Requested size: 1310.89432pt x 248.92938pt.

Overfull \hbox (14.98587pt too wide) in paragraph at lines 256--257
[][] 
 []

<./images//2022_11_03_fc0cbc2f3612fab6edd2g-09(1).jpg, id=60, 1270.7475pt x 350
.30875pt>
File: ./images//2022_11_03_fc0cbc2f3612fab6edd2g-09(1).jpg Graphic file (type j
pg)
<use ./images//2022_11_03_fc0cbc2f3612fab6edd2g-09(1).jpg>
Package pdftex.def Info: ./images//2022_11_03_fc0cbc2f3612fab6edd2g-09(1).jpg  
used on input line 265.
(pdftex.def)             Requested size: 1270.7444pt x 350.30789pt.

Overfull \hbox (15.00664pt too wide) in paragraph at lines 265--266
[][] 
 []

[12 <./images//HDPEFuseWeldJoint.jpg> <./images//2022_11_03_fc0cbc2f3612fab6edd
2g-09(1).jpg>]
<./images//2022_11_03_fc0cbc2f3612fab6edd2g-10.jpg, id=64, 1319.93124pt x 734.7
45pt>
File: ./images//2022_11_03_fc0cbc2f3612fab6edd2g-10.jpg Graphic file (type jpg)

<use ./images//2022_11_03_fc0cbc2f3612fab6edd2g-10.jpg>
Package pdftex.def Info: ./images//2022_11_03_fc0cbc2f3612fab6edd2g-10.jpg  use
d on input line 272.
(pdftex.def)             Requested size: 1319.92802pt x 734.7432pt.

Overfull \hbox (14.98668pt too wide) in paragraph at lines 272--273
[][] 
 []

<./images//2022_11_03_fc0cbc2f3612fab6edd2g-10(1).jpg, id=65, 884.30376pt x 737
.75626pt>
File: ./images//2022_11_03_fc0cbc2f3612fab6edd2g-10(1).jpg Graphic file (type j
pg)
<use ./images//2022_11_03_fc0cbc2f3612fab6edd2g-10(1).jpg>
Package pdftex.def Info: ./images//2022_11_03_fc0cbc2f3612fab6edd2g-10(1).jpg  
used on input line 274.
(pdftex.def)             Requested size: 884.3016pt x 737.75446pt.

Overfull \hbox (14.99852pt too wide) in paragraph at lines 274--275
[][] 
 []

[13 <./images//2022_11_03_fc0cbc2f3612fab6edd2g-10.jpg>] [14 <./images//2022_11
_03_fc0cbc2f3612fab6edd2g-10(1).jpg>] [15]
Underfull \hbox (badness 10000) in paragraph at lines 330--331

 []

<./images//ThrustBlocks.jpg, id=76, 1334.9875pt x 604.2575pt>
File: ./images//ThrustBlocks.jpg Graphic file (type jpg)
<use ./images//ThrustBlocks.jpg>
Package pdftex.def Info: ./images//ThrustBlocks.jpg  used on input line 332.
(pdftex.def)             Requested size: 1334.98427pt x 604.25603pt.

Overfull \hbox (14.99043pt too wide) in paragraph at lines 332--333
[][] 
 []

[16]
Underfull \hbox (badness 10000) in paragraph at lines 338--339

 []

<./images//2022_11_03_fc0cbc2f3612fab6edd2g-13.jpg, id=80, 1288.815pt x 570.13p
t>
File: ./images//2022_11_03_fc0cbc2f3612fab6edd2g-13.jpg Graphic file (type jpg)

<use ./images//2022_11_03_fc0cbc2f3612fab6edd2g-13.jpg>
Package pdftex.def Info: ./images//2022_11_03_fc0cbc2f3612fab6edd2g-13.jpg  use
d on input line 340.
(pdftex.def)             Requested size: 1288.81187pt x 570.12862pt.

Overfull \hbox (14.99551pt too wide) in paragraph at lines 340--341
[][] 
 []

[17 <./images//ThrustBlocks.jpg> <./images//2022_11_03_fc0cbc2f3612fab6edd2g-13
.jpg>]
<./images//SwingCheckValve.jpg, id=84, 459.7175pt x 400.49625pt>
File: ./images//SwingCheckValve.jpg Graphic file (type jpg)
<use ./images//SwingCheckValve.jpg>
Package pdftex.def Info: ./images//SwingCheckValve.jpg  used on input line 355.

(pdftex.def)             Requested size: 459.71637pt x 400.49527pt.

Overfull \hbox (15.01875pt too wide) in paragraph at lines 355--356
[][] 
 []

[18]
<./images//GateValve.jpg, id=88, 521.95pt x 577.15625pt>
File: ./images//GateValve.jpg Graphic file (type jpg)
<use ./images//GateValve.jpg>
Package pdftex.def Info: ./images//GateValve.jpg  used on input line 359.
(pdftex.def)             Requested size: 521.94872pt x 577.15483pt.

Overfull \hbox (15.00574pt too wide) in paragraph at lines 359--360
[][] 
 []

[19 <./images//SwingCheckValve.jpg>]
<./images//ButterflyValve.jpg, id=93, 462.72874pt x 356.33125pt>
File: ./images//ButterflyValve.jpg Graphic file (type jpg)
<use ./images//ButterflyValve.jpg>
Package pdftex.def Info: ./images//ButterflyValve.jpg  used on input line 363.
(pdftex.def)             Requested size: 462.72762pt x 356.33037pt.

Overfull \hbox (15.00517pt too wide) in paragraph at lines 363--364
[][] 
 []

[20 <./images//GateValve.jpg>]
<./images//PlugValve.jpg, id=97, 397.485pt x 481.8pt>
File: ./images//PlugValve.jpg Graphic file (type jpg)
<use ./images//PlugValve.jpg>
Package pdftex.def Info: ./images//PlugValve.jpg  used on input line 367.
(pdftex.def)             Requested size: 397.48402pt x 481.79881pt.

Overfull \hbox (15.00856pt too wide) in paragraph at lines 367--368
[][] 
 []

[21 <./images//ButterflyValve.jpg>] [22 <./images//PlugValve.jpg>]
<./images//GateValveDoubleDiskInside.jpg, id=104, 960.58875pt x 957.5775pt>
File: ./images//GateValveDoubleDiskInside.jpg Graphic file (type jpg)
<use ./images//GateValveDoubleDiskInside.jpg>
Package pdftex.def Info: ./images//GateValveDoubleDiskInside.jpg  used on input
 line 390.
(pdftex.def)             Requested size: 960.5864pt x 957.57516pt.
 [23]
[24 <./images//GateValveDoubleDiskInside.jpg>]
<./images//ButterflyValveOperation.jpg, id=111, 1308.89pt x 604.2575pt>
File: ./images//ButterflyValveOperation.jpg Graphic file (type jpg)
<use ./images//ButterflyValveOperation.jpg>
Package pdftex.def Info: ./images//ButterflyValveOperation.jpg  used on input l
ine 405.
(pdftex.def)             Requested size: 1308.88681pt x 604.25603pt.

Overfull \hbox (14.9968pt too wide) in paragraph at lines 405--406
[][] 
 []


Underfull \hbox (badness 10000) in paragraph at lines 419--420

 []

[25 <./images//ButterflyValveOperation.jpg>]
<./images//AirVacuumValve.jpg, id=116, 1314.9125pt x 347.2975pt>
File: ./images//AirVacuumValve.jpg Graphic file (type jpg)
<use ./images//AirVacuumValve.jpg>
Package pdftex.def Info: ./images//AirVacuumValve.jpg  used on input line 421.
(pdftex.def)             Requested size: 1314.9093pt x 347.29665pt.

Overfull \hbox (24.99919pt too wide) in paragraph at lines 421--422
[][] 
 []

<./images//PressureReliefValve.jpg, id=117, 381.425pt x 612.2875pt>
File: ./images//PressureReliefValve.jpg Graphic file (type jpg)
<use ./images//PressureReliefValve.jpg>
Package pdftex.def Info: ./images//PressureReliefValve.jpg  used on input line 
433.
(pdftex.def)             Requested size: 381.42406pt x 612.28601pt.

Overfull \hbox (15.0137pt too wide) in paragraph at lines 433--434
[][] 
 []

[26 <./images//AirVacuumValve.jpg>]
Overfull \vbox (3.8378pt too high) has occurred while \output is active []


[27 <./images//PressureReliefValve.jpg>]
Underfull \hbox (badness 10000) in paragraph at lines 440--441

 []

<./images//PlugValve2.jpg, id=124, 1164.35pt x 664.4825pt>
File: ./images//PlugValve2.jpg Graphic file (type jpg)
<use ./images//PlugValve2.jpg>
Package pdftex.def Info: ./images//PlugValve2.jpg  used on input line 442.
(pdftex.def)             Requested size: 1164.34717pt x 664.48087pt.

Overfull \hbox (14.99043pt too wide) in paragraph at lines 442--443
[][] 
 []


Underfull \hbox (badness 10000) in paragraph at lines 449--450

 []

[28 <./images//PlugValve2.jpg>]
<./images//BallValveInside.jpg, id=128, 831.105pt x 433.62pt>
File: ./images//BallValveInside.jpg Graphic file (type jpg)
<use ./images//BallValveInside.jpg>
Package pdftex.def Info: ./images//BallValveInside.jpg  used on input line 451.

(pdftex.def)             Requested size: 831.10297pt x 433.61894pt.

Overfull \hbox (15.0036pt too wide) in paragraph at lines 451--452
[][] 
 []

<./images//2022_11_03_fc0cbc2f3612fab6edd2g-19.jpg, id=129, 1352.05125pt x 1099
.10625pt>
File: ./images//2022_11_03_fc0cbc2f3612fab6edd2g-19.jpg Graphic file (type jpg)

<use ./images//2022_11_03_fc0cbc2f3612fab6edd2g-19.jpg>
Package pdftex.def Info: ./images//2022_11_03_fc0cbc2f3612fab6edd2g-19.jpg  use
d on input line 463.
(pdftex.def)             Requested size: 1352.04796pt x 1099.10356pt.

Overfull \hbox (14.98512pt too wide) in paragraph at lines 463--464
[][] 
 []

[29 <./images//BallValveInside.jpg>]
<./images//2022_11_03_fc0cbc2f3612fab6edd2g-20.jpg, id=133, 612.2875pt x 457.71
pt>
File: ./images//2022_11_03_fc0cbc2f3612fab6edd2g-20.jpg Graphic file (type jpg)

<use ./images//2022_11_03_fc0cbc2f3612fab6edd2g-20.jpg>
Package pdftex.def Info: ./images//2022_11_03_fc0cbc2f3612fab6edd2g-20.jpg  use
d on input line 471.
(pdftex.def)             Requested size: 612.28601pt x 457.7089pt.
 [30 <./images//2022_11_03_fc0cbc2f3612fab6edd2g-19.jpg>]
<./images//2022_11_03_fc0cbc2f3612fab6edd2g-20(1).jpg, id=137, 593.21625pt x 45
9.7175pt>
File: ./images//2022_11_03_fc0cbc2f3612fab6edd2g-20(1).jpg Graphic file (type j
pg)
<use ./images//2022_11_03_fc0cbc2f3612fab6edd2g-20(1).jpg>
Package pdftex.def Info: ./images//2022_11_03_fc0cbc2f3612fab6edd2g-20(1).jpg  
used on input line 476.
(pdftex.def)             Requested size: 593.2148pt x 459.71637pt.
 [31 <./images//2022_11_03_fc0cbc2f3612fab6edd2g-20.jpg> <./images//2022_11_03_
fc0cbc2f3612fab6edd2g-20(1).jpg>]
<./images//2022_11_03_fc0cbc2f3612fab6edd2g-20(2).jpg, id=142, 358.33875pt x 43
7.635pt>
File: ./images//2022_11_03_fc0cbc2f3612fab6edd2g-20(2).jpg Graphic file (type j
pg)
<use ./images//2022_11_03_fc0cbc2f3612fab6edd2g-20(2).jpg>
Package pdftex.def Info: ./images//2022_11_03_fc0cbc2f3612fab6edd2g-20(2).jpg  
used on input line 482.
(pdftex.def)             Requested size: 358.33788pt x 437.63393pt.
<./images//2022_11_03_fc0cbc2f3612fab6edd2g-20(3).jpg, id=143, 331.2375pt x 432
.61626pt>
File: ./images//2022_11_03_fc0cbc2f3612fab6edd2g-20(3).jpg Graphic file (type j
pg)
<use ./images//2022_11_03_fc0cbc2f3612fab6edd2g-20(3).jpg>
Package pdftex.def Info: ./images//2022_11_03_fc0cbc2f3612fab6edd2g-20(3).jpg  
used on input line 488.
(pdftex.def)             Requested size: 331.23668pt x 432.6152pt.
 [32 <./images//2022_11_03_fc0cbc2f3612fab6edd2g-20(2).jpg>] [33 <./images//202
2_11_03_fc0cbc2f3612fab6edd2g-20(3).jpg>]
<./images//2022_11_03_fc0cbc2f3612fab6edd2g-20(4).jpg, id=150, 698.61pt x 971.6
3pt>
File: ./images//2022_11_03_fc0cbc2f3612fab6edd2g-20(4).jpg Graphic file (type j
pg)
<use ./images//2022_11_03_fc0cbc2f3612fab6edd2g-20(4).jpg>
Package pdftex.def Info: ./images//2022_11_03_fc0cbc2f3612fab6edd2g-20(4).jpg  
used on input line 506.
(pdftex.def)             Requested size: 698.60829pt x 971.62764pt.
 [34] [35 <./images//2022_11_03_fc0cbc2f3612fab6edd2g-20(4).jpg>]
<./images//WetBarrellFireHydrant.jpg, id=157, 422.57875pt x 715.67375pt>
File: ./images//WetBarrellFireHydrant.jpg Graphic file (type jpg)
<use ./images//WetBarrellFireHydrant.jpg>
Package pdftex.def Info: ./images//WetBarrellFireHydrant.jpg  used on input lin
e 529.
(pdftex.def)             Requested size: 422.57771pt x 715.672pt.

[36]
Overfull \vbox (34.30092pt too high) has occurred while \output is active []


[37 <./images//WetBarrellFireHydrant.jpg>]
<./images//DrybarrellFireHydrant1.jpg, id=165, 402.50375pt x 726.715pt>
File: ./images//DrybarrellFireHydrant1.jpg Graphic file (type jpg)
<use ./images//DrybarrellFireHydrant1.jpg>
Package pdftex.def Info: ./images//DrybarrellFireHydrant1.jpg  used on input li
ne 536.
(pdftex.def)             Requested size: 402.50276pt x 726.71321pt.

Overfull \hbox (14.99797pt too wide) in paragraph at lines 536--537
[][] 
 []

[38]
Overfull \vbox (72.88911pt too high) has occurred while \output is active []


[39 <./images//DrybarrellFireHydrant1.jpg>]
<./images//OtherDryBarrellFireHydrant.jpg, id=172, 1286.8075pt x 995.72pt>
File: ./images//OtherDryBarrellFireHydrant.jpg Graphic file (type jpg)
<use ./images//OtherDryBarrellFireHydrant.jpg>
Package pdftex.def Info: ./images//OtherDryBarrellFireHydrant.jpg  used on inpu
t line 544.
(pdftex.def)             Requested size: 1286.80437pt x 995.71758pt.

Overfull \hbox (14.98828pt too wide) in paragraph at lines 544--545
[][] 
 []


Underfull \hbox (badness 10000) in paragraph at lines 550--551

 []

[40 <./images//OtherDryBarrellFireHydrant.jpg>]
<./images//2022_11_03_fc0cbc2f3612fab6edd2g-22(1).jpg, id=176, 1288.815pt x 449
.68pt>
File: ./images//2022_11_03_fc0cbc2f3612fab6edd2g-22(1).jpg Graphic file (type j
pg)
<use ./images//2022_11_03_fc0cbc2f3612fab6edd2g-22(1).jpg>
Package pdftex.def Info: ./images//2022_11_03_fc0cbc2f3612fab6edd2g-22(1).jpg  
used on input line 552.
(pdftex.def)             Requested size: 1288.81187pt x 449.6789pt.

Overfull \hbox (14.99551pt too wide) in paragraph at lines 552--553
[][] 
 []

<./images//2022_11_03_fc0cbc2f3612fab6edd2g-23.jpg, id=177, 1352.05125pt x 1619
.04875pt>
File: ./images//2022_11_03_fc0cbc2f3612fab6edd2g-23.jpg Graphic file (type jpg)

<use ./images//2022_11_03_fc0cbc2f3612fab6edd2g-23.jpg>
Package pdftex.def Info: ./images//2022_11_03_fc0cbc2f3612fab6edd2g-23.jpg  use
d on input line 556.
(pdftex.def)             Requested size: 1352.04796pt x 1619.04482pt.

Overfull \hbox (14.98512pt too wide) in paragraph at lines 556--557
[][] 
 []

[41 <./images//2022_11_03_fc0cbc2f3612fab6edd2g-22(1).jpg>] [42 <./images//2022
_11_03_fc0cbc2f3612fab6edd2g-23.jpg>] [43]
<./images//TurbineMeter.png, id=189, 191.406pt x 123.516pt>
File: ./images//TurbineMeter.png Graphic file (type png)
<use ./images//TurbineMeter.png>
Package pdftex.def Info: ./images//TurbineMeter.png  used on input line 610.
(pdftex.def)             Requested size: 191.40553pt x 123.51569pt.
 [44]
<./images//PropellerMeter.jpg, id=193, 656.4525pt x 434.62375pt>
File: ./images//PropellerMeter.jpg Graphic file (type jpg)
<use ./images//PropellerMeter.jpg>
Package pdftex.def Info: ./images//PropellerMeter.jpg  used on input line 614.
(pdftex.def)             Requested size: 656.4509pt x 434.62268pt.

Overfull \hbox (15.00333pt too wide) in paragraph at lines 614--615
[][] 
 []

[45 <./images//TurbineMeter.png> <./images//PropellerMeter.jpg>]
<./images//2022_11_03_fc0cbc2f3612fab6edd2g-26.jpg, id=198, 830.10126pt x 560.0
925pt>
File: ./images//2022_11_03_fc0cbc2f3612fab6edd2g-26.jpg Graphic file (type jpg)

<use ./images//2022_11_03_fc0cbc2f3612fab6edd2g-26.jpg>
Package pdftex.def Info: ./images//2022_11_03_fc0cbc2f3612fab6edd2g-26.jpg  use
d on input line 626.
(pdftex.def)             Requested size: 830.09924pt x 560.09113pt.

Overfull \hbox (14.99226pt too wide) in paragraph at lines 626--627
[][] 
 []

<./images//ServiceSaddle.jpg, id=199, 481.8pt x 423.5825pt>
File: ./images//ServiceSaddle.jpg Graphic file (type jpg)
<use ./images//ServiceSaddle.jpg>
Package pdftex.def Info: ./images//ServiceSaddle.jpg  used on input line 628.
(pdftex.def)             Requested size: 481.79881pt x 423.58147pt.

Overfull \hbox (15.00635pt too wide) in paragraph at lines 628--629
[][] 
 []

[46 <./images//2022_11_03_fc0cbc2f3612fab6edd2g-26.jpg>]
<./images//CorporationStop.jpg, id=203, 546.04pt x 405.515pt>
File: ./images//CorporationStop.jpg Graphic file (type jpg)
<use ./images//CorporationStop.jpg>
Package pdftex.def Info: ./images//CorporationStop.jpg  used on input line 635.

(pdftex.def)             Requested size: 546.03867pt x 405.51399pt.
 [47 <./images//ServiceSaddle.jpg>] [48 <./images//CorporationStop.jpg>]
<./images//CurbStop.jpg, id=210, 362.35374pt x 440.64626pt>
File: ./images//CurbStop.jpg Graphic file (type jpg)
<use ./images//CurbStop.jpg>
Package pdftex.def Info: ./images//CurbStop.jpg  used on input line 647.
(pdftex.def)             Requested size: 362.35286pt x 440.64517pt.

Overfull \hbox (15.00818pt too wide) in paragraph at lines 647--648
[][] 
 []

<./images//MeterSetter.jpg, id=211, 527.9725pt x 454.69875pt>
File: ./images//MeterSetter.jpg Graphic file (type jpg)
<use ./images//MeterSetter.jpg>
Package pdftex.def Info: ./images//MeterSetter.jpg  used on input line 651.
(pdftex.def)             Requested size: 527.9712pt x 454.69763pt.

Overfull \hbox (14.99875pt too wide) in paragraph at lines 651--652
[][] 
 []

[49 <./images//CurbStop.jpg>]
<./images//TailPiece.jpg, id=216, 851.18pt x 403.5075pt>
File: ./images//TailPiece.jpg Graphic file (type jpg)
<use ./images//TailPiece.jpg>
Package pdftex.def Info: ./images//TailPiece.jpg  used on input line 655.
(pdftex.def)             Requested size: 851.1779pt x 403.50652pt.

Overfull \hbox (14.99875pt too wide) in paragraph at lines 655--656
[][] 
 []

<./images//MeterBox.jpg, id=217, 1063.975pt x 647.41875pt>
File: ./images//MeterBox.jpg Graphic file (type jpg)
<use ./images//MeterBox.jpg>
Package pdftex.def Info: ./images//MeterBox.jpg  used on input line 661.
(pdftex.def)             Requested size: 1063.97241pt x 647.41716pt.

Overfull \hbox (14.99226pt too wide) in paragraph at lines 661--662
[][] 
 []

[50 <./images//MeterSetter.jpg> <./images//TailPiece.jpg>]
<./images//MeterBoxInstallation.jpg, id=221, 1329.96875pt x 598.235pt>
File: ./images//MeterBoxInstallation.jpg Graphic file (type jpg)
<use ./images//MeterBoxInstallation.jpg>
Package pdftex.def Info: ./images//MeterBoxInstallation.jpg  used on input line
 668.
(pdftex.def)             Requested size: 1329.96552pt x 598.23354pt.

Overfull \hbox (14.99226pt too wide) in paragraph at lines 668--669
[][] 
 []

<./images//CurbStopInstallation.jpg, id=222, 1333.98375pt x 933.4875pt>
File: ./images//CurbStopInstallation.jpg Graphic file (type jpg)
<use ./images//CurbStopInstallation.jpg>
Package pdftex.def Info: ./images//CurbStopInstallation.jpg  used on input line
 672.
(pdftex.def)             Requested size: 1333.9805pt x 933.48523pt.

Overfull \hbox (14.99565pt too wide) in paragraph at lines 672--673
[][] 
 []

[51 <./images//MeterBox.jpg> <./images//MeterBoxInstallation.jpg>] [52 <./image
s//CurbStopInstallation.jpg>] [53]
<./images//2022_11_03_fc0cbc2f3612fab6edd2g-30.jpg, id=232, 641.39626pt x 530.9
8375pt>
File: ./images//2022_11_03_fc0cbc2f3612fab6edd2g-30.jpg Graphic file (type jpg)

<use ./images//2022_11_03_fc0cbc2f3612fab6edd2g-30.jpg>
Package pdftex.def Info: ./images//2022_11_03_fc0cbc2f3612fab6edd2g-30.jpg  use
d on input line 726.
(pdftex.def)             Requested size: 641.39468pt x 530.98244pt.

Overfull \hbox (15.00801pt too wide) in paragraph at lines 726--727
[][] 
 []

<./images//2022_11_03_fc0cbc2f3612fab6edd2g-30(1).jpg, id=233, 660.4675pt x 402
.50375pt>
File: ./images//2022_11_03_fc0cbc2f3612fab6edd2g-30(1).jpg Graphic file (type j
pg)
<use ./images//2022_11_03_fc0cbc2f3612fab6edd2g-30(1).jpg>
Package pdftex.def Info: ./images//2022_11_03_fc0cbc2f3612fab6edd2g-30(1).jpg  
used on input line 730.
(pdftex.def)             Requested size: 660.46588pt x 402.50276pt.

Overfull \hbox (15.00714pt too wide) in paragraph at lines 730--731
[][] 
 []

[54 <./images//2022_11_03_fc0cbc2f3612fab6edd2g-30.jpg>]
<./images//2022_11_03_fc0cbc2f3612fab6edd2g-30(2).jpg, id=237, 1320.935pt x 477
.785pt>
File: ./images//2022_11_03_fc0cbc2f3612fab6edd2g-30(2).jpg Graphic file (type j
pg)
<use ./images//2022_11_03_fc0cbc2f3612fab6edd2g-30(2).jpg>
Package pdftex.def Info: ./images//2022_11_03_fc0cbc2f3612fab6edd2g-30(2).jpg  
used on input line 737.
(pdftex.def)             Requested size: 1320.93178pt x 477.78383pt.

Overfull \hbox (14.987pt too wide) in paragraph at lines 737--738
[][] 
 []

[55 <./images//2022_11_03_fc0cbc2f3612fab6edd2g-30(1).jpg> <./images//2022_11_0
3_fc0cbc2f3612fab6edd2g-30(2).jpg>]
<./images//2022_11_03_fc0cbc2f3612fab6edd2g-31.jpg, id=242, 1310.8975pt x 777.9
0625pt>
File: ./images//2022_11_03_fc0cbc2f3612fab6edd2g-31.jpg Graphic file (type jpg)

<use ./images//2022_11_03_fc0cbc2f3612fab6edd2g-31.jpg>
Package pdftex.def Info: ./images//2022_11_03_fc0cbc2f3612fab6edd2g-31.jpg  use
d on input line 754.
(pdftex.def)             Requested size: 1310.89432pt x 777.90434pt.
 [56 <./images//2022_11_03_fc0cbc2f3612fab6edd2g-31.jpg>] [57]
<./images//2022_11_03_fc0cbc2f3612fab6edd2g-33.jpg, id=249, 1096.095pt x 478.78
876pt>
File: ./images//2022_11_03_fc0cbc2f3612fab6edd2g-33.jpg Graphic file (type jpg)

<use ./images//2022_11_03_fc0cbc2f3612fab6edd2g-33.jpg>
Package pdftex.def Info: ./images//2022_11_03_fc0cbc2f3612fab6edd2g-33.jpg  use
d on input line 811.
(pdftex.def)             Requested size: 1096.09233pt x 478.78758pt.

Overfull \hbox (15.00415pt too wide) in paragraph at lines 811--812
[][] 
 []

[58]
<./images//2022_11_03_fc0cbc2f3612fab6edd2g-34.jpg, id=253, 1112.155pt x 736.75
25pt>
File: ./images//2022_11_03_fc0cbc2f3612fab6edd2g-34.jpg Graphic file (type jpg)

<use ./images//2022_11_03_fc0cbc2f3612fab6edd2g-34.jpg>
Package pdftex.def Info: ./images//2022_11_03_fc0cbc2f3612fab6edd2g-34.jpg  use
d on input line 817.
(pdftex.def)             Requested size: 1112.1523pt x 736.7507pt.

Overfull \hbox (15.00208pt too wide) in paragraph at lines 817--818
[][] 
 []

[59 <./images//2022_11_03_fc0cbc2f3612fab6edd2g-33.jpg> <./images//2022_11_03_f
c0cbc2f3612fab6edd2g-34.jpg>]
<./images//2022_11_03_fc0cbc2f3612fab6edd2g-35.jpg, id=257, 1353.055pt x 925.45
75pt>
File: ./images//2022_11_03_fc0cbc2f3612fab6edd2g-35.jpg Graphic file (type jpg)

<use ./images//2022_11_03_fc0cbc2f3612fab6edd2g-35.jpg>
Package pdftex.def Info: ./images//2022_11_03_fc0cbc2f3612fab6edd2g-35.jpg  use
d on input line 828.
(pdftex.def)             Requested size: 1353.0517pt x 925.45525pt.

Overfull \hbox (14.99348pt too wide) in paragraph at lines 828--829
[][] 
 []

[60 <./images//2022_11_03_fc0cbc2f3612fab6edd2g-35.jpg>] [61] [62] [63]
[64] [65] [66]
Underfull \hbox (badness 10000) in paragraph at lines 973--974

 []

<./images//2022_11_03_fc0cbc2f3612fab6edd2g-41.jpg, id=280, 1226.5825pt x 1959.
32pt>
File: ./images//2022_11_03_fc0cbc2f3612fab6edd2g-41.jpg Graphic file (type jpg)

<use ./images//2022_11_03_fc0cbc2f3612fab6edd2g-41.jpg>
Package pdftex.def Info: ./images//2022_11_03_fc0cbc2f3612fab6edd2g-41.jpg  use
d on input line 975.
(pdftex.def)             Requested size: 1226.57951pt x 1959.31525pt.

Overfull \hbox (33.46649pt too wide) in paragraph at lines 975--976
[][]$[][]$
 []

[67]
Overfull \vbox (1.0873pt too high) has occurred while \output is active []


[68 <./images//2022_11_03_fc0cbc2f3612fab6edd2g-41.jpg>]
<./images//AirGap.jpg, id=288, 397.485pt x 413.545pt>
File: ./images//AirGap.jpg Graphic file (type jpg)
<use ./images//AirGap.jpg>
Package pdftex.def Info: ./images//AirGap.jpg  used on input line 1000.
(pdftex.def)             Requested size: 397.48402pt x 413.54398pt.

Overfull \hbox (15.00856pt too wide) in paragraph at lines 1000--1002
[][] 
 []

[69]
<./images//AtmosphericVacuumBreaker.jpg, id=292, 421.575pt x 432.61626pt>
File: ./images//AtmosphericVacuumBreaker.jpg Graphic file (type jpg)
<use ./images//AtmosphericVacuumBreaker.jpg>
Package pdftex.def Info: ./images//AtmosphericVacuumBreaker.jpg  used on input 
line 1005.
(pdftex.def)             Requested size: 421.57396pt x 432.6152pt.

Overfull \hbox (15.00543pt too wide) in paragraph at lines 1005--1006
[][] 
 []

[70 <./images//AirGap.jpg>]
<./images//PressureVacuumBreaker.jpg, id=296, 356.33125pt x 386.44376pt>
File: ./images//PressureVacuumBreaker.jpg Graphic file (type jpg)
<use ./images//PressureVacuumBreaker.jpg>
Package pdftex.def Info: ./images//PressureVacuumBreaker.jpg  used on input lin
e 1009.
(pdftex.def)             Requested size: 356.33037pt x 386.44281pt.

Overfull \hbox (15.01561pt too wide) in paragraph at lines 1009--1010
[][] 
 []

[71 <./images//AtmosphericVacuumBreaker.jpg>]
<./images//DoubleCheckValveAssembly.jpg, id=300, 941.5175pt x 552.0625pt>
File: ./images//DoubleCheckValveAssembly.jpg Graphic file (type jpg)
<use ./images//DoubleCheckValveAssembly.jpg>
Package pdftex.def Info: ./images//DoubleCheckValveAssembly.jpg  used on input 
line 1025.
(pdftex.def)             Requested size: 941.51521pt x 552.06114pt.

Overfull \hbox (14.9943pt too wide) in paragraph at lines 1025--1026
[][] 
 []

[72 <./images//PressureVacuumBreaker.jpg>]
<./images//RPZBFPA.jpg, id=304, 1137.24875pt x 769.87625pt>
File: ./images//RPZBFPA.jpg Graphic file (type jpg)
<use ./images//RPZBFPA.jpg>
Package pdftex.def Info: ./images//RPZBFPA.jpg  used on input line 1029.
(pdftex.def)             Requested size: 1137.24599pt x 769.87437pt.

Overfull \hbox (14.99492pt too wide) in paragraph at lines 1029--1030
[][] 
 []

[73 <./images//DoubleCheckValveAssembly.jpg> <./images//RPZBFPA.jpg>] [74]
[75] [76] [77] [78] [79] [80] (Distribution - Alaska.aux) ) 
Here is how much of TeX's memory you used:
 6096 strings out of 475389
 120632 string characters out of 2777000
 440414 words of memory out of 3000000
 27388 multiletter control sequences out of 15000+600000
 481927 words of font info for 69 fonts, out of 8000000 for 9000
 1141 hyphenation exceptions out of 8191
 59i,6n,68p,1156b,262s stack positions out of 10000i,1000n,20000p,200000b,80000s
 <C:\Users\indov\App
Data\Local\MiKTeX\fonts/pk/ljfour/jknappen/ec/dpi600\tcrm1000.pk> <C:\Users\ind
ov\AppData\Local\MiKTeX\fonts/pk/ljfour/jknappen/ec/dpi600\ecrm1000.pk> <C:\Use
rs\indov\AppData\Local\MiKTeX\fonts/pk/ljfour/jknappen/ec/dpi600\ecbx1440.pk> <
C:\Users\indov\AppData\Local\MiKTeX\fonts/pk/ljfour/jknappen/ec/dpi600\ecrm1728
.pk><C:/Users/indov/AppData/Local/Programs/MiKTeX/fonts/type1/public/amsfonts/c
m/cmbx10.pfb><C:/Users/indov/AppData/Local/Programs/MiKTeX/fonts/type1/public/a
msfonts/cm/cmex10.pfb><C:/Users/indov/AppData/Local/Programs/MiKTeX/fonts/type1
/public/amsfonts/cm/cmmi10.pfb><C:/Users/indov/AppData/Local/Programs/MiKTeX/fo
nts/type1/public/amsfonts/cm/cmmi7.pfb><C:/Users/indov/AppData/Local/Programs/M
iKTeX/fonts/type1/public/amsfonts/cm/cmr10.pfb><C:/Users/indov/AppData/Local/Pr
ograms/MiKTeX/fonts/type1/public/amsfonts/cm/cmr7.pfb><C:/Users/indov/AppData/L
ocal/Programs/MiKTeX/fonts/type1/public/amsfonts/cm/cmsy10.pfb><C:/Users/indov/
AppData/Local/Programs/MiKTeX/fonts/type1/public/amsfonts/cm/cmsy7.pfb>
Output written on "Distribution - Alaska.pdf" (80 pages, 3859907 bytes).
PDF statistics:
 540 PDF objects out of 1000 (max. 8388607)
 0 named destinations out of 1000 (max. 500000)
 301 words of extra memory for PDF output out of 10000 (max. 10000000)

