\BOOKMARK [1][-]{section.1}{\376\377\000S\000t\000u\000d\000e\000n\000t\000\040\000M\000a\000n\000u\000a\000l}{}% 1
\BOOKMARK [1][-]{section.2}{\376\377\000M\000o\000d\000u\000l\000e\000\040\0008\000:\000\040\000D\000i\000s\000t\000r\000i\000b\000u\000t\000i\000o\000n\000\040\000S\000y\000s\000t\000e\000m\000s}{}% 2
\BOOKMARK [1][-]{section.3}{\376\377\000T\000o\000p\000i\000c\000a\000l\000\040\000O\000u\000t\000l\000i\000n\000e}{}% 3
\BOOKMARK [1][-]{section.4}{\376\377\000U\000n\000i\000t\000\040\0001\000\040\000-\000\040\000I\000n\000t\000r\000o\000d\000u\000c\000t\000i\000o\000n\000\040\000t\000o\000\040\000O\000p\000e\000r\000a\000t\000o\000r\000\040\000C\000e\000r\000t\000i\000f\000i\000c\000a\000t\000i\000o\000n}{}% 4
\BOOKMARK [1][-]{section.5}{\376\377\000U\000n\000i\000t\000\040\0001\000\040\000-\000\040\000I\000n\000t\000r\000o\000d\000u\000c\000t\000i\000o\000n\000\040\000t\000o\000\040\000O\000p\000e\000r\000a\000t\000o\000r\000\040\000C\000e\000r\000t\000i\000f\000i\000c\000a\000t\000i\000o\000n}{}% 5
\BOOKMARK [1][-]{section.6}{\376\377\000L\000e\000a\000r\000n\000i\000n\000g\000\040\000O\000b\000j\000e\000c\000t\000i\000v\000e\000s}{}% 6
\BOOKMARK [1][-]{section.7}{\376\377\000D\000i\000s\000t\000r\000i\000b\000u\000t\000i\000o\000n\000\040\000O\000p\000e\000r\000a\000t\000o\000r\000\040\000C\000e\000r\000t\000i\000f\000i\000c\000a\000t\000i\000o\000n\000\040\000R\000e\000g\000u\000l\000a\000t\000i\000o\000n\000s}{}% 7
\BOOKMARK [1][-]{section.8}{\376\377\000K\000e\000y\000\040\000P\000o\000i\000n\000t\000s\000\040\000f\000o\000r\000\040\000U\000n\000i\000t\000\040\0001\000\040\000-\000\040\000O\000p\000e\000r\000a\000t\000o\000r\000\040\000C\000e\000r\000t\000i\000f\000i\000c\000a\000t\000i\000o\000n}{}% 8
\BOOKMARK [1][-]{section.9}{\376\377\000U\000n\000i\000t\000\040\0001\000\040\000E\000x\000e\000r\000c\000i\000s\000e}{}% 9
\BOOKMARK [1][-]{section.10}{\376\377\000A\000c\000t\000i\000o\000n\000:}{}% 10
\BOOKMARK [1][-]{section.11}{\376\377\000U\000n\000i\000t\000\040\0002\000\040\000-\000\040\000D\000i\000s\000t\000r\000i\000b\000u\000t\000i\000o\000n\000\040\000N\000e\000t\000w\000o\000r\000k\000s}{}% 11
\BOOKMARK [1][-]{section.12}{\376\377\000L\000e\000a\000r\000n\000i\000n\000g\000\040\000O\000b\000j\000e\000c\000t\000i\000v\000e\000s}{}% 12
\BOOKMARK [1][-]{section.13}{\376\377\000I\000n\000t\000r\000o\000d\000u\000c\000t\000i\000o\000n\000\040\000t\000o\000\040\000D\000i\000s\000t\000r\000i\000b\000u\000t\000i\000o\000n\000\040\000N\000e\000t\000w\000o\000r\000k\000s}{}% 13
\BOOKMARK [1][-]{section.14}{\376\377\000P\000u\000r\000p\000o\000s\000e\000s\000\040\000o\000f\000\040\000D\000i\000s\000t\000r\000i\000b\000u\000t\000i\000o\000n\000\040\000N\000e\000t\000w\000o\000r\000k\000s}{}% 14
\BOOKMARK [1][-]{section.15}{\376\377\000C\000o\000m\000p\000o\000n\000e\000n\000t\000s\000\040\000o\000f\000\040\000D\000i\000s\000t\000r\000i\000b\000u\000t\000i\000o\000n\000\040\000N\000e\000t\000w\000o\000r\000k\000s}{}% 15
\BOOKMARK [1][-]{section.16}{\376\377\000P\000u\000r\000p\000o\000s\000e\000\040\000o\000f\000\040\000T\000r\000a\000n\000s\000m\000i\000s\000s\000i\000o\000n\000\040\000S\000y\000s\000t\000e\000m\000s}{}% 16
\BOOKMARK [1][-]{section.17}{\376\377\000T\000r\000a\000n\000s\000m\000i\000s\000s\000i\000o\000n\000\040\000S\000y\000s\000t\000e\000m\000s}{}% 17
\BOOKMARK [1][-]{section.18}{\376\377\000T\000y\000p\000i\000c\000a\000l\000\040\000C\000h\000a\000r\000a\000c\000t\000e\000r\000i\000s\000t\000i\000c\000s\000\040\000o\000f\000\040\000T\000r\000a\000n\000s\000m\000i\000s\000s\000i\000o\000n\000\040\000S\000y\000s\000t\000e\000m\000s}{}% 18
\BOOKMARK [1][-]{section.19}{\376\377\000W\000a\000t\000e\000r\000\040\000M\000a\000i\000n\000s\000\040\000a\000n\000d\000\040\000R\000e\000l\000a\000t\000e\000d\000\040\000E\000q\000u\000i\000p\000m\000e\000n\000t}{}% 19
\BOOKMARK [1][-]{section.20}{\376\377\000P\000i\000p\000e\000\040\000F\000e\000a\000t\000u\000r\000e\000s}{}% 20
\BOOKMARK [1][-]{section.21}{\376\377\000M\000a\000t\000e\000r\000i\000a\000l}{}% 21
\BOOKMARK [1][-]{section.22}{\376\377\000P\000r\000e\000s\000s\000u\000r\000e\000\040\000R\000a\000t\000i\000n\000g}{}% 22
\BOOKMARK [1][-]{section.23}{\376\377\000F\000i\000t\000t\000i\000n\000g\000s}{}% 23
\BOOKMARK [1][-]{section.24}{\376\377\000B\000a\000s\000i\000c\000\040\000W\000a\000t\000e\000r\000\040\000M\000a\000i\000n\000\040\000I\000n\000s\000t\000a\000l\000l\000a\000t\000i\000o\000n}{}% 24
\BOOKMARK [1][-]{section.25}{\376\377\000S\000e\000r\000v\000i\000c\000e\000\040\000C\000o\000n\000n\000e\000c\000t\000i\000o\000n\000s}{}% 25
\BOOKMARK [1][-]{section.26}{\376\377\000D\000i\000s\000t\000r\000i\000b\000u\000t\000i\000o\000n\000\040\000S\000t\000o\000r\000a\000g\000e}{}% 26
\BOOKMARK [1][-]{section.27}{\376\377\000S\000t\000o\000r\000a\000g\000e\000\040\000F\000a\000c\000i\000l\000i\000t\000i\000e\000s}{}% 27
\BOOKMARK [1][-]{section.28}{\376\377\000P\000u\000r\000p\000o\000s\000e\000\040\000o\000f\000\040\000P\000u\000m\000p\000s}{}% 28
\BOOKMARK [1][-]{section.29}{\376\377\000D\000i\000s\000t\000r\000i\000b\000u\000t\000i\000o\000n\000\040\000P\000u\000m\000p\000i\000n\000g}{}% 29
\BOOKMARK [1][-]{section.30}{\376\377\000P\000u\000m\000p\000\040\000T\000e\000r\000m\000s\000\040\000a\000n\000d\000\040\000D\000e\000f\000i\000n\000i\000t\000i\000o\000n\000s}{}% 30
\BOOKMARK [1][-]{section.31}{\376\377\000E\000x\000a\000m\000p\000l\000e\000\040\0002\000.\0001\000\040\000-\000\040\000W\000a\000t\000e\000r\000\040\000H\000o\000r\000s\000e\000p\000o\000w\000e\000r\000\040\000C\000a\000l\000c\000u\000l\000a\000t\000i\000o\000n}{}% 31
\BOOKMARK [1][-]{section.32}{\376\377\000V\000a\000l\000v\000e\000s}{}% 32
\BOOKMARK [1][-]{section.33}{\376\377\000P\000u\000r\000p\000o\000s\000e\000\040\000o\000f\000\040\000V\000a\000l\000v\000e\000s}{}% 33
\BOOKMARK [1][-]{section.34}{\376\377\000V\000a\000l\000v\000e\000\040\000A\000p\000p\000l\000i\000c\000a\000t\000i\000o\000n\000s}{}% 34
\BOOKMARK [1][-]{section.35}{\376\377\000V\000a\000l\000v\000e\000\040\000O\000p\000e\000r\000a\000t\000i\000o\000n}{}% 35
\BOOKMARK [1][-]{section.36}{\376\377\000S\000a\000m\000p\000l\000e\000\040\000C\000a\000l\000c\000u\000l\000a\000t\000i\000o\000n}{}% 36
\BOOKMARK [1][-]{section.37}{\376\377\000M\000e\000t\000e\000r\000s}{}% 37
\BOOKMARK [1][-]{section.38}{\376\377\000P\000u\000r\000p\000o\000s\000e\000\040\000o\000f\000\040\000M\000e\000t\000e\000r\000s}{}% 38
\BOOKMARK [1][-]{section.39}{\376\377\000M\000e\000t\000e\000r\000\040\000U\000s\000e\000s}{}% 39
\BOOKMARK [1][-]{section.40}{\376\377\000T\000y\000p\000e\000s\000\040\000o\000f\000\040\000M\000e\000t\000e\000r\000s}{}% 40
\BOOKMARK [1][-]{section.41}{\376\377\000D\000i\000s\000p\000l\000a\000c\000e\000m\000e\000n\000t\000\040\000M\000e\000t\000e\000r\000s}{}% 41
\BOOKMARK [1][-]{section.42}{\376\377\000V\000e\000l\000o\000c\000i\000t\000y\000\040\000M\000e\000t\000e\000r\000s}{}% 42
\BOOKMARK [1][-]{section.43}{\376\377\000C\000o\000m\000p\000o\000u\000n\000d\000\040\000M\000e\000t\000e\000r\000s}{}% 43
\BOOKMARK [1][-]{section.44}{\376\377\000E\000l\000e\000c\000t\000r\000i\000c\000\040\000M\000e\000t\000e\000r\000s}{}% 44
\BOOKMARK [1][-]{section.45}{\376\377\000P\000r\000o\000p\000o\000r\000t\000i\000o\000n\000a\000l\000\040\000M\000e\000t\000e\000r\000s}{}% 45
\BOOKMARK [1][-]{section.46}{\376\377\000F\000i\000r\000e\000\040\000H\000y\000d\000r\000a\000n\000t\000s}{}% 46
\BOOKMARK [1][-]{section.47}{\376\377\000P\000u\000r\000p\000o\000s\000e\000\040\000o\000f\000\040\000F\000i\000r\000e\000\040\000H\000y\000d\000r\000a\000n\000t\000s}{}% 47
\BOOKMARK [1][-]{section.48}{\376\377\000T\000y\000p\000e\000s\000\040\000o\000f\000\040\000F\000i\000r\000e\000\040\000H\000y\000d\000r\000a\000n\000t\000s}{}% 48
\BOOKMARK [1][-]{section.49}{\376\377\000N\000o\000z\000z\000l\000e\000s}{}% 49
\BOOKMARK [1][-]{section.50}{\376\377\000F\000i\000r\000e\000\040\000H\000y\000d\000r\000a\000n\000t\000\040\000C\000o\000d\000i\000n\000g}{}% 50
\BOOKMARK [1][-]{section.51}{\376\377\000L\000o\000c\000a\000t\000i\000o\000n\000s\000\040\000o\000f\000\040\000F\000i\000r\000e\000\040\000H\000y\000d\000r\000a\000n\000t\000s}{}% 51
\BOOKMARK [1][-]{section.52}{\376\377\000B\000a\000s\000i\000c\000\040\000F\000i\000r\000e\000\040\000H\000y\000d\000r\000a\000n\000t\000\040\000I\000n\000s\000t\000a\000l\000l\000a\000t\000i\000o\000n}{}% 52
\BOOKMARK [1][-]{section.53}{\376\377\000F\000i\000r\000e\000\040\000H\000y\000d\000r\000a\000n\000t\000\040\000O\000p\000e\000r\000a\000t\000i\000o\000n\000\040\000T\000i\000p\000s}{}% 53
\BOOKMARK [1][-]{section.54}{\376\377\000B\000a\000c\000k\000f\000l\000o\000w\000\040\000P\000r\000e\000v\000e\000n\000t\000i\000o\000n}{}% 54
\BOOKMARK [1][-]{section.55}{\376\377\000P\000u\000r\000p\000o\000s\000e\000\040\000o\000f\000\040\000B\000a\000c\000k\000f\000l\000o\000w\000\040\000P\000r\000e\000v\000e\000n\000t\000i\000o\000n}{}% 55
\BOOKMARK [1][-]{section.56}{\376\377\000T\000y\000p\000e\000s\000\040\000o\000f\000\040\000B\000a\000c\000k\000f\000l\000o\000w\000\040\000P\000r\000e\000v\000e\000n\000t\000i\000o\000n\000\040\000D\000e\000v\000i\000c\000e\000s}{}% 56
\BOOKMARK [1][-]{section.57}{\376\377\000P\000r\000e\000s\000s\000u\000r\000e\000\040\000a\000n\000d\000\040\000H\000e\000a\000d}{}% 57
\BOOKMARK [1][-]{section.58}{\376\377\000T\000e\000r\000m\000s\000\040\000a\000n\000d\000\040\000D\000e\000f\000i\000n\000i\000t\000i\000o\000n\000s}{}% 58
\BOOKMARK [1][-]{section.59}{\376\377\000R\000e\000l\000a\000t\000i\000o\000n\000\040\000b\000e\000t\000w\000e\000e\000n\000\040\000H\000e\000a\000d\000\040\000a\000n\000d\000\040\000P\000r\000e\000s\000s\000u\000r\000e}{}% 59
\BOOKMARK [1][-]{section.60}{\376\377\000E\000x\000a\000m\000p\000l\000e\000\040\0002\000.\0002\000\040\000-\000\040\000P\000r\000e\000s\000s\000u\000r\000e\000\040\000H\000e\000a\000d\000\040\000C\000a\000l\000c\000u\000l\000a\000t\000i\000o\000n}{}% 60
\BOOKMARK [1][-]{section.61}{\376\377\000E\000x\000a\000m\000p\000l\000e\000\040\0002\000.\0003\000\040\000-\000\040\000P\000r\000e\000s\000s\000u\000r\000e\000\040\000H\000e\000a\000d\000\040\000C\000a\000l\000c\000u\000l\000a\000t\000i\000o\000n}{}% 61
\BOOKMARK [1][-]{section.62}{\376\377\000E\000x\000a\000m\000p\000l\000e\000\040\0002\000.\0004\000\040\000-\000\040\000P\000r\000e\000s\000s\000u\000r\000e\000\040\000H\000e\000a\000d\000\040\000C\000a\000l\000c\000u\000l\000a\000t\000i\000o\000n}{}% 62
\BOOKMARK [1][-]{section.63}{\376\377\000E\000n\000e\000r\000g\000y\000\040\000L\000o\000s\000s}{}% 63
\BOOKMARK [1][-]{section.64}{\376\377\000F\000r\000i\000c\000t\000i\000o\000n\000\040\000L\000o\000s\000s\000e\000s}{}% 64
\BOOKMARK [1][-]{section.65}{\376\377\000M\000i\000n\000o\000r\000\040\000L\000o\000s\000s\000e\000s}{}% 65
\BOOKMARK [1][-]{section.66}{\376\377\000C\000u\000s\000t\000o\000m\000e\000r\000s\000\040\000a\000n\000d\000\040\000D\000e\000m\000a\000n\000d\000s}{}% 66
\BOOKMARK [1][-]{section.67}{\376\377\000T\000e\000r\000m\000s\000\040\000a\000n\000d\000\040\000D\000e\000f\000i\000n\000i\000t\000i\000o\000n\000s}{}% 67
\BOOKMARK [1][-]{section.68}{\376\377\000C\000u\000s\000t\000o\000m\000e\000r\000\040\000T\000y\000p\000e\000s}{}% 68
\BOOKMARK [1][-]{section.69}{\376\377\000D\000i\000u\000r\000n\000a\000l\000\040\000D\000e\000m\000a\000n\000d\000s\000\040\000a\000n\000d\000\040\000P\000e\000a\000k\000i\000n\000g\000\040\000F\000a\000c\000t\000o\000r\000s}{}% 69
\BOOKMARK [1][-]{section.70}{\376\377\000P\000r\000e\000s\000s\000u\000r\000e\000s}{}% 70
\BOOKMARK [1][-]{section.71}{\376\377\000P\000r\000e\000s\000s\000u\000r\000e\000s\000\040\000a\000n\000d\000\040\000F\000l\000o\000w\000s}{}% 71
\BOOKMARK [1][-]{section.72}{\376\377\000F\000l\000o\000w\000s}{}% 72
\BOOKMARK [1][-]{section.73}{\376\377\000S\000u\000r\000g\000e\000\040\000i\000n\000\040\000P\000i\000p\000e\000l\000i\000n\000e\000s}{}% 73
\BOOKMARK [1][-]{section.74}{\376\377\000P\000r\000e\000v\000e\000n\000t\000a\000t\000i\000v\000e\000\040\000M\000e\000a\000s\000u\000r\000e\000s}{}% 74
\BOOKMARK [1][-]{section.75}{\376\377\000R\000o\000u\000t\000i\000n\000e\000\040\000M\000a\000i\000n\000t\000e\000n\000a\000n\000c\000e}{}% 75
\BOOKMARK [1][-]{section.76}{\376\377\000P\000u\000m\000p\000\040\000M\000a\000i\000n\000t\000e\000n\000a\000n\000c\000e}{}% 76
\BOOKMARK [1][-]{section.77}{\376\377\000V\000a\000l\000v\000e\000\040\000M\000a\000i\000n\000t\000e\000n\000a\000n\000c\000e}{}% 77
\BOOKMARK [1][-]{section.78}{\376\377\000V\000a\000l\000v\000e\000\040\000O\000p\000e\000r\000a\000t\000i\000o\000n\000\040\000W\000o\000r\000k\000s\000h\000e\000e\000t}{}% 78
\BOOKMARK [1][-]{section.79}{\376\377\000O\000p\000e\000r\000a\000t\000o\000r}{}% 79
\BOOKMARK [1][-]{section.80}{\376\377\000M\000e\000t\000e\000r\000\040\000T\000e\000s\000t\000i\000n\000g\000\040\000a\000n\000d\000\040\000M\000a\000i\000n\000t\000e\000n\000a\000n\000c\000e}{}% 80
\BOOKMARK [1][-]{section.81}{\376\377\000F\000i\000r\000e\000\040\000H\000y\000d\000r\000a\000n\000t\000\040\000M\000a\000i\000n\000t\000e\000n\000a\000n\000c\000e}{}% 81
\BOOKMARK [1][-]{section.82}{\376\377\000I\000n\000s\000p\000e\000c\000t\000i\000o\000n\000\040\000a\000n\000d\000\040\000M\000o\000n\000i\000t\000o\000r\000i\000n\000g}{}% 82
\BOOKMARK [1][-]{section.83}{\376\377\000P\000i\000p\000e\000l\000i\000n\000e\000\040\000M\000a\000i\000n\000t\000e\000n\000a\000n\000c\000e}{}% 83
\BOOKMARK [1][-]{section.84}{\376\377\000L\000e\000a\000k\000\040\000D\000e\000t\000e\000c\000t\000i\000o\000n}{}% 84
\BOOKMARK [1][-]{section.85}{\376\377\000M\000a\000i\000n\000\040\000B\000r\000e\000a\000k\000\040\000R\000e\000p\000a\000i\000r\000\040\000a\000n\000d\000\040\000R\000e\000p\000l\000a\000c\000e\000m\000e\000n\000t}{}% 85
\BOOKMARK [1][-]{section.86}{\376\377\000C\000l\000e\000a\000n\000i\000n\000g\000\040\000a\000n\000d\000\040\000L\000i\000n\000i\000n\000g}{}% 86
\BOOKMARK [1][-]{section.87}{\376\377\000K\000e\000y\000\040\000P\000o\000i\000n\000t\000s\000\040\000f\000o\000r\000\040\000U\000n\000i\000t\000\040\0002\000\040\000-\000\040\000D\000i\000s\000t\000r\000i\000b\000u\000t\000i\000o\000n\000\040\000N\000e\000t\000w\000o\000r\000k\000s}{}% 87
\BOOKMARK [1][-]{section.88}{\376\377\000U\000n\000i\000t\000\040\0002\000\040\000E\000x\000e\000r\000c\000i\000s\000e}{}% 88
\BOOKMARK [1][-]{section.89}{\376\377\000T\000r\000e\000n\000c\000h\000\040\000S\000a\000f\000e\000t\000y\000\040\000f\000i\000l\000l\000\040\000i\000n\000\040\000t\000h\000e\000\040\000b\000l\000a\000n\000k}{}% 89
\BOOKMARK [1][-]{section.90}{\376\377\000N\000e\000w\000\040\000m\000a\000i\000n\000\040\000i\000n\000s\000t\000a\000l\000l\000a\000t\000i\000o\000n\000\040\000f\000i\000l\000l\000\040\000i\000n\000\040\000t\000h\000e\000\040\000b\000l\000a\000n\000k}{}% 90
\BOOKMARK [1][-]{section.91}{\376\377\000\040\000V\000a\000l\000v\000e\000\040\000M\000a\000t\000c\000h\000i\000n\000g\000\040}{}% 91
\BOOKMARK [1][-]{section.92}{\376\377\000R\000a\000n\000d\000o\000m\000\040\000M\000u\000l\000t\000i\000p\000l\000e\000\040\000C\000h\000o\000i\000c\000e}{}% 92
\BOOKMARK [1][-]{section.93}{\376\377\000A\000d\000d\000i\000t\000i\000o\000n\000a\000l\000\040\000R\000e\000s\000o\000u\000r\000c\000e\000s\000\040\000U\000s\000e\000d}{}% 93
\BOOKMARK [1][-]{section.94}{\376\377\000U\000n\000i\000t\000\040\0003\000\040\000-\000\040\000D\000i\000s\000t\000r\000i\000b\000u\000t\000i\000o\000n\000\040\000S\000t\000o\000r\000a\000g\000e}{}% 94
\BOOKMARK [1][-]{section.95}{\376\377\000L\000e\000a\000r\000n\000i\000n\000g\000\040\000O\000b\000j\000e\000c\000t\000i\000v\000e\000s}{}% 95
\BOOKMARK [1][-]{section.96}{\376\377\000P\000u\000r\000p\000o\000s\000e\000\040\000o\000f\000\040\000D\000i\000s\000t\000r\000i\000b\000u\000t\000i\000o\000n\000\040\000S\000t\000o\000r\000a\000g\000e}{}% 96
\BOOKMARK [1][-]{section.97}{\376\377\000P\000u\000r\000p\000o\000s\000e}{}% 97
\BOOKMARK [1][-]{section.98}{\376\377\000E\000m\000e\000r\000g\000e\000n\000c\000y\000\040\000S\000u\000p\000p\000l\000y}{}% 98
\BOOKMARK [1][-]{section.99}{\376\377\000T\000y\000p\000e\000s\000\040\000o\000f\000\040\000S\000t\000o\000r\000a\000g\000e\000\040\000F\000a\000c\000i\000l\000i\000t\000i\000e\000s}{}% 99
\BOOKMARK [1][-]{section.100}{\376\377\000C\000l\000e\000a\000r\000\040\000w\000e\000l\000l}{}% 100
\BOOKMARK [1][-]{section.101}{\376\377\000E\000l\000e\000v\000a\000t\000e\000d}{}% 101
\BOOKMARK [1][-]{section.102}{\376\377\000G\000r\000o\000u\000n\000d\000\040\000L\000e\000v\000e\000l}{}% 102
\BOOKMARK [1][-]{section.103}{\376\377\000H\000y\000d\000r\000o\000p\000n\000e\000u\000m\000a\000t\000i\000c}{}% 103
\BOOKMARK [1][-]{section.104}{\376\377\000S\000t\000o\000r\000a\000g\000e\000\040\000V\000o\000l\000u\000m\000e\000\040\000a\000n\000d\000\040\000W\000a\000t\000e\000r\000\040\000L\000e\000v\000e\000l}{}% 104
\BOOKMARK [1][-]{section.105}{\376\377\000V\000o\000l\000u\000m\000e\000\040\000C\000a\000l\000c\000u\000l\000a\000t\000i\000o\000n\000s}{}% 105
\BOOKMARK [1][-]{section.106}{\376\377\000E\000x\000a\000m\000p\000l\000e\000\040\0003\000.\0001\000\040\000-\000\040\000V\000o\000l\000u\000m\000e\000\040\000C\000a\000l\000c\000u\000l\000a\000t\000i\000o\000n}{}% 106
\BOOKMARK [1][-]{section.107}{\376\377\000E\000x\000a\000m\000p\000l\000e\000\040\0003\000.\0002\000\040\000-\000\040\000V\000o\000l\000u\000m\000e\000\040\000C\000a\000l\000c\000u\000l\000a\000t\000i\000o\000n}{}% 107
\BOOKMARK [1][-]{section.108}{\376\377\000E\000x\000a\000m\000p\000l\000e\000\040\0003\000.\0003\000\040\000-\000\040\000V\000o\000l\000u\000m\000e\000\040\000C\000a\000l\000c\000u\000l\000a\000t\000i\000o\000n}{}% 108
\BOOKMARK [1][-]{section.109}{\376\377\000E\000x\000a\000m\000p\000l\000e\000\040\0003\000.\0004\000\040\000-\000\040\000V\000o\000l\000u\000m\000e\000\040\000C\000a\000l\000c\000u\000l\000a\000t\000i\000o\000n}{}% 109
\BOOKMARK [1][-]{section.110}{\376\377\000S\000y\000s\000t\000e\000m\000\040\000S\000t\000o\000r\000a\000g\000e\000\040\000A\000l\000l\000o\000c\000a\000t\000i\000o\000n}{}% 110
\BOOKMARK [1][-]{section.111}{\376\377\000U\000s\000e\000a\000b\000l\000e\000\040\000S\000t\000o\000r\000a\000g\000e}{}% 111
\BOOKMARK [1][-]{section.112}{\376\377\000E\000q\000u\000a\000l\000i\000z\000a\000t\000i\000o\000n\000\040\000S\000t\000o\000r\000a\000g\000e}{}% 112
\BOOKMARK [1][-]{section.113}{\376\377\000O\000p\000e\000r\000a\000t\000i\000n\000g\000\040\000P\000r\000o\000c\000e\000d\000u\000r\000e\000s}{}% 113
\BOOKMARK [1][-]{section.114}{\376\377\000R\000e\000f\000i\000l\000l\000i\000n\000g\000\040\000o\000f\000\040\000S\000t\000o\000r\000a\000g\000e}{}% 114
\BOOKMARK [1][-]{section.115}{\376\377\000R\000o\000u\000t\000i\000n\000e\000\040\000R\000e\000f\000i\000l\000l}{}% 115
\BOOKMARK [1][-]{section.116}{\376\377\000E\000m\000e\000r\000g\000e\000n\000c\000y\000\040\000R\000e\000f\000i\000l\000l}{}% 116
\BOOKMARK [1][-]{section.117}{\376\377\000S\000t\000o\000r\000a\000g\000e\000\040\000L\000e\000v\000e\000l\000\040\000C\000o\000n\000t\000r\000o\000l\000s}{}% 117
\BOOKMARK [1][-]{section.118}{\376\377\000P\000u\000r\000p\000o\000s\000e\000\040\000o\000f\000\040\000M\000a\000i\000n\000t\000e\000n\000a\000n\000c\000e}{}% 118
\BOOKMARK [1][-]{section.119}{\376\377\000P\000a\000i\000n\000t\000i\000n\000g}{}% 119
\BOOKMARK [1][-]{section.120}{\376\377\000F\000r\000e\000q\000u\000e\000n\000c\000y}{}% 120
\BOOKMARK [1][-]{section.121}{\376\377\000P\000a\000i\000n\000t\000i\000n\000g\000\040\000P\000r\000o\000c\000e\000s\000s}{}% 121
\BOOKMARK [1][-]{section.122}{\376\377\000C\000o\000r\000r\000o\000s\000i\000o\000n\000\040\000C\000o\000n\000t\000r\000o\000l}{}% 122
\BOOKMARK [1][-]{section.123}{\376\377\000C\000o\000r\000r\000o\000s\000i\000o\000n\000\040\000I\000n\000f\000l\000u\000e\000n\000c\000e\000s}{}% 123
\BOOKMARK [1][-]{section.124}{\376\377\000C\000o\000r\000r\000o\000s\000i\000o\000n\000\040\000C\000o\000n\000t\000r\000o\000l\000\040\000M\000e\000t\000h\000o\000d\000s}{}% 124
\BOOKMARK [1][-]{section.125}{\376\377\000W\000a\000t\000e\000r\000\040\000Q\000u\000a\000l\000i\000t\000y}{}% 125
\BOOKMARK [1][-]{section.126}{\376\377\000P\000o\000t\000e\000n\000t\000i\000a\000l\000\040\000W\000a\000t\000e\000r\000\040\000Q\000u\000a\000l\000i\000t\000y\000\040\000I\000s\000s\000u\000e\000s}{}% 126
\BOOKMARK [1][-]{section.127}{\376\377\000E\000x\000c\000e\000s\000s\000i\000v\000e\000\040\000D\000e\000t\000e\000n\000t\000i\000o\000n\000\040\000T\000i\000m\000e}{}% 127
\BOOKMARK [1][-]{section.128}{\376\377\000C\000o\000n\000t\000a\000m\000i\000n\000a\000t\000i\000o\000n}{}% 128
\BOOKMARK [1][-]{section.129}{\376\377\000U\000n\000i\000t\000\040\0003\000\040\000E\000x\000e\000r\000c\000i\000s\000e}{}% 129
\BOOKMARK [1][-]{section.130}{\376\377\000A\000d\000d\000i\000t\000i\000o\000n\000a\000l\000\040\000R\000e\000s\000o\000u\000r\000c\000e\000s\000\040\000U\000s\000e\000d}{}% 130
\BOOKMARK [1][-]{section.131}{\376\377\000U\000n\000i\000t\000\040\0004\000\040\000-\000\040\000W\000a\000t\000e\000r\000\040\000Q\000u\000a\000l\000i\000t\000y\000\040\000a\000n\000d\000\040\000M\000o\000n\000i\000t\000o\000r\000i\000n\000g}{}% 131
\BOOKMARK [1][-]{section.132}{\376\377\000L\000e\000a\000r\000n\000i\000n\000g\000\040\000O\000b\000j\000e\000c\000t\000i\000v\000e\000s}{}% 132
\BOOKMARK [1][-]{section.133}{\376\377\000P\000u\000r\000p\000o\000s\000e\000\040\000o\000f\000\040\000D\000i\000s\000i\000n\000f\000e\000c\000t\000i\000o\000n}{}% 133
\BOOKMARK [1][-]{section.134}{\376\377\000C\000h\000l\000o\000r\000i\000n\000a\000t\000i\000o\000n\000\040\000a\000s\000\040\000a\000\040\000D\000i\000s\000i\000n\000f\000e\000c\000t\000a\000n\000t}{}% 134
\BOOKMARK [1][-]{section.135}{\376\377\000C\000h\000l\000o\000r\000i\000n\000e\000\040\000R\000e\000a\000c\000t\000i\000o\000n}{}% 135
\BOOKMARK [1][-]{section.136}{\376\377\000S\000o\000d\000i\000u\000m\000\040\000H\000y\000p\000o\000c\000h\000l\000o\000r\000i\000t\000e}{}% 136
\BOOKMARK [1][-]{section.137}{\376\377\000G\000a\000s\000\040\000C\000h\000l\000o\000r\000i\000n\000e}{}% 137
\BOOKMARK [1][-]{section.138}{\376\377\000D\000e\000p\000l\000e\000t\000i\000o\000n\000\040\000o\000f\000\040\000C\000h\000l\000o\000r\000i\000n\000e\000\040\000R\000e\000s\000i\000d\000u\000a\000l}{}% 138
\BOOKMARK [1][-]{section.139}{\376\377\000D\000i\000s\000i\000n\000f\000e\000c\000t\000i\000o\000n\000\040\000I\000n\000f\000l\000u\000e\000n\000c\000e\000s}{}% 139
\BOOKMARK [1][-]{section.140}{\376\377\000B\000r\000e\000a\000k\000p\000o\000i\000n\000t\000\040\000C\000h\000l\000o\000r\000i\000n\000a\000t\000i\000o\000n}{}% 140
\BOOKMARK [1][-]{section.141}{\376\377\000C\000h\000l\000o\000r\000i\000n\000e\000\040\000D\000o\000s\000a\000g\000e}{}% 141
\BOOKMARK [1][-]{section.142}{\376\377\000E\000x\000a\000m\000p\000l\000e\000\040\0004\000.\0001\000\040\000-\000\040\000D\000o\000s\000a\000g\000e\000\040\000C\000a\000l\000c\000u\000l\000a\000t\000i\000o\000n}{}% 142
\BOOKMARK [1][-]{section.143}{\376\377\000E\000x\000a\000m\000p\000l\000e\000\040\0004\000.\0002\000\040\000-\000\040\000D\000o\000s\000a\000g\000e\000\040\000C\000a\000l\000c\000u\000l\000a\000t\000i\000o\000n}{}% 143
\BOOKMARK [1][-]{section.144}{\376\377\000L\000e\000a\000c\000h\000i\000n\000g\000\040\000o\000f\000\040\000C\000o\000a\000t\000i\000n\000g\000s\000\040\000a\000n\000d\000\040\000L\000i\000n\000i\000n\000g\000s}{}% 144
\BOOKMARK [1][-]{section.145}{\376\377\000C\000o\000n\000t\000r\000i\000b\000u\000t\000i\000n\000g\000\040\000F\000a\000c\000t\000o\000r\000s\000:}{}% 145
\BOOKMARK [1][-]{section.146}{\376\377\000E\000f\000f\000e\000c\000t\000s\000:}{}% 146
\BOOKMARK [1][-]{section.147}{\376\377\000p\000H\000\040\000I\000n\000s\000t\000a\000b\000i\000l\000i\000t\000y}{}% 147
\BOOKMARK [1][-]{section.148}{\376\377\000E\000f\000f\000e\000c\000t\000s\000:}{}% 148
\BOOKMARK [1][-]{section.149}{\376\377\000B\000i\000o\000l\000o\000g\000i\000c\000a\000l}{}% 149
\BOOKMARK [1][-]{section.150}{\376\377\000W\000a\000t\000e\000r\000b\000o\000r\000n\000e\000\040\000D\000i\000s\000e\000a\000s\000e\000s}{}% 150
\BOOKMARK [1][-]{section.151}{\376\377\000B\000i\000o\000f\000i\000l\000m}{}% 151
\BOOKMARK [1][-]{section.152}{\376\377\000A\000e\000s\000t\000h\000e\000t\000i\000c}{}% 152
\BOOKMARK [1][-]{section.153}{\376\377\000S\000e\000d\000i\000m\000e\000n\000t}{}% 153
\BOOKMARK [1][-]{section.154}{\376\377\000C\000h\000l\000o\000r\000i\000n\000e\000\040\000R\000e\000s\000i\000d\000u\000a\000l}{}% 154
\BOOKMARK [1][-]{section.155}{\376\377\000D\000i\000s\000i\000n\000f\000e\000c\000t\000i\000o\000n\000\040\000o\000f\000\040\000N\000e\000w\000\040\000M\000a\000i\000n\000s\000\040\000a\000n\000d\000\040\000S\000t\000o\000r\000a\000g\000e\000\040\000F\000a\000c\000i\000l\000i\000t\000i\000e\000s}{}% 155
\BOOKMARK [1][-]{section.156}{\376\377\000N\000e\000w\000\040\000M\000a\000i\000n\000s}{}% 156
\BOOKMARK [1][-]{section.157}{\376\377\000C\000o\000n\000t\000a\000m\000i\000n\000a\000t\000i\000o\000n\000\040\000P\000r\000e\000v\000e\000n\000t\000i\000o\000n}{}% 157
\BOOKMARK [1][-]{section.158}{\376\377\000F\000l\000u\000s\000h\000i\000n\000g}{}% 158
\BOOKMARK [1][-]{section.159}{\376\377\000D\000i\000s\000i\000n\000f\000e\000c\000t\000i\000o\000n}{}% 159
\BOOKMARK [1][-]{section.160}{\376\377\000P\000o\000s\000t\000-\000D\000i\000s\000i\000n\000f\000e\000c\000t\000i\000o\000n}{}% 160
\BOOKMARK [1][-]{section.161}{\376\377\000M\000a\000i\000n\000\040\000R\000e\000p\000a\000i\000r\000s}{}% 161
\BOOKMARK [1][-]{section.162}{\376\377\000S\000t\000o\000r\000a\000g\000e\000\040\000F\000a\000c\000i\000l\000i\000t\000i\000e\000s}{}% 162
\BOOKMARK [1][-]{section.163}{\376\377\000D\000i\000s\000i\000n\000f\000e\000c\000t\000i\000o\000n\000\040\000D\000o\000s\000a\000g\000e\000\040\000C\000a\000l\000c\000u\000l\000a\000t\000i\000o\000n}{}% 163
\BOOKMARK [1][-]{section.164}{\376\377\000E\000x\000a\000m\000p\000l\000e\000\040\0004\000.\0003\000\040\000-\000\040\000D\000o\000s\000a\000g\000e\000\040\000C\000a\000l\000c\000u\000l\000a\000t\000i\000o\000n}{}% 164
\BOOKMARK [1][-]{section.165}{\376\377\000F\000i\000f\000t\000h\000\040\000s\000t\000e\000p\000:}{}% 165
\BOOKMARK [1][-]{section.166}{\376\377\000E\000x\000a\000m\000p\000l\000e\000\040\0004\000.\0004\000\040\000-\000\040\000D\000o\000s\000a\000g\000e\000\040\000C\000a\000l\000c\000u\000l\000a\000t\000i\000o\000n}{}% 166
\BOOKMARK [1][-]{section.167}{\376\377\000R\000e\000g\000u\000l\000a\000t\000o\000r\000y\000\040\000M\000o\000n\000i\000t\000o\000r\000i\000n\000g\000\040\000a\000n\000d\000\040\000S\000a\000m\000p\000l\000i\000n\000g\000\040\000R\000e\000q\000u\000i\000r\000e\000m\000e\000n\000t\000s}{}% 167
\BOOKMARK [1][-]{section.168}{\376\377\000T\000o\000t\000a\000l\000\040\000C\000o\000l\000i\000f\000o\000r\000m\000\040\000R\000u\000l\000e\000\040\000\050\000T\000C\000R\000\051}{}% 168
\BOOKMARK [1][-]{section.169}{\376\377\000S\000u\000r\000f\000a\000c\000e\000\040\000W\000a\000t\000e\000r\000\040\000T\000r\000e\000a\000t\000m\000e\000n\000t\000\040\000R\000u\000l\000e\000\040\000\050\000S\000W\000T\000R\000\051}{}% 169
\BOOKMARK [1][-]{section.170}{\376\377\000D\000i\000s\000i\000n\000f\000e\000c\000t\000i\000o\000n\000/\000D\000i\000s\000i\000n\000f\000e\000c\000t\000i\000o\000n\000\040\000B\000y\000-\000p\000r\000o\000d\000u\000c\000t\000s\000\040\000R\000u\000l\000e\000\040\000\050\000D\000B\000P\000R\000\051}{}% 170
\BOOKMARK [1][-]{section.171}{\376\377\000L\000e\000a\000d\000\040\000a\000n\000d\000\040\000C\000o\000p\000p\000e\000r\000\040\000R\000u\000l\000e}{}% 171
\BOOKMARK [1][-]{section.172}{\376\377\000O\000p\000e\000r\000a\000t\000i\000o\000n\000s\000\040\000M\000o\000n\000i\000t\000o\000r\000i\000n\000g}{}% 172
\BOOKMARK [1][-]{section.173}{\376\377\000W\000a\000t\000e\000r\000\040\000A\000g\000e}{}% 173
\BOOKMARK [1][-]{section.174}{\376\377\000S\000t\000o\000r\000a\000g\000e}{}% 174
\BOOKMARK [1][-]{section.175}{\376\377\000P\000r\000e\000s\000s\000u\000r\000e}{}% 175
\BOOKMARK [1][-]{section.176}{\376\377\000O\000t\000h\000e\000r\000\040\000P\000u\000r\000p\000o\000s\000e\000s}{}% 176
\BOOKMARK [1][-]{section.177}{\376\377\000O\000t\000h\000e\000r\000\040\000M\000o\000n\000i\000t\000o\000r\000i\000n\000g}{}% 177
\BOOKMARK [1][-]{section.178}{\376\377\000C\000u\000s\000t\000o\000m\000e\000r\000\040\000M\000o\000n\000i\000t\000o\000r\000i\000n\000g}{}% 178
\BOOKMARK [1][-]{section.179}{\376\377\000S\000e\000c\000o\000n\000d\000a\000r\000y\000\040\000S\000t\000a\000n\000d\000a\000r\000d\000s}{}% 179
\BOOKMARK [1][-]{section.180}{\376\377\000D\000i\000s\000t\000r\000i\000b\000u\000t\000i\000o\000n\000\040\000F\000l\000u\000s\000h\000i\000n\000g}{}% 180
\BOOKMARK [1][-]{section.181}{\376\377\000B\000e\000n\000e\000f\000i\000t\000s}{}% 181
\BOOKMARK [1][-]{section.182}{\376\377\000F\000l\000u\000s\000h\000i\000n\000g\000\040\000P\000r\000o\000g\000r\000a\000m\000s}{}% 182
\BOOKMARK [1][-]{section.183}{\376\377\000P\000r\000o\000c\000e\000d\000u\000r\000e\000s}{}% 183
\BOOKMARK [1][-]{section.184}{\376\377\000H\000y\000d\000r\000a\000n\000t\000\040\000M\000a\000i\000n\000t\000e\000n\000a\000n\000c\000e\000\040\000L\000o\000g}{}% 184
\BOOKMARK [1][-]{section.185}{\376\377\000C\000r\000o\000s\000s\000\040\000C\000o\000n\000n\000e\000c\000t\000i\000o\000n\000\040\000C\000o\000n\000t\000r\000o\000l}{}% 185
\BOOKMARK [1][-]{section.186}{\376\377\000P\000u\000r\000p\000o\000s\000e}{}% 186
\BOOKMARK [1][-]{section.187}{\376\377\000P\000r\000i\000m\000a\000r\000y\000\040\000E\000l\000e\000m\000e\000n\000t\000s\000\040\000o\000f\000\040\000P\000r\000o\000g\000r\000a\000m}{}% 187
\BOOKMARK [1][-]{section.188}{\376\377\000W\000a\000t\000e\000r\000\040\000M\000a\000i\000n\000\040\000C\000l\000e\000a\000n\000i\000n\000g\000\040\000a\000n\000d\000\040\000L\000i\000n\000i\000n\000g}{}% 188
\BOOKMARK [1][-]{section.189}{\376\377\000B\000e\000n\000e\000f\000i\000t\000s}{}% 189
\BOOKMARK [1][-]{section.190}{\376\377\000M\000e\000t\000h\000o\000d\000s\000\040\000o\000f\000\040\000C\000l\000e\000a\000n\000i\000n\000g}{}% 190
\BOOKMARK [1][-]{section.191}{\376\377\000L\000i\000n\000i\000n\000g}{}% 191
\BOOKMARK [1][-]{section.192}{\376\377\000M\000i\000n\000i\000m\000i\000z\000a\000t\000i\000o\000n\000\040\000o\000f\000\040\000D\000e\000a\000d\000\040\000E\000n\000d\000s\000\040\000a\000n\000d\000\040\000R\000e\000s\000i\000d\000e\000n\000c\000e\000\040\000T\000i\000m\000e\000s}{}% 192
\BOOKMARK [1][-]{section.193}{\376\377\000S\000t\000a\000g\000n\000a\000t\000i\000o\000n\000\040\000I\000s\000s\000u\000e\000s}{}% 193
\BOOKMARK [1][-]{section.194}{\376\377\000P\000o\000t\000e\000n\000t\000i\000a\000l\000\040\000C\000a\000u\000s\000e\000s\000\040\000o\000f\000\040\000S\000t\000a\000g\000n\000a\000t\000i\000o\000n}{}% 194
\BOOKMARK [1][-]{section.195}{\376\377\000B\000e\000n\000e\000f\000i\000t\000s\000\040\000o\000f\000\040\000L\000o\000o\000p\000i\000n\000g}{}% 195
\BOOKMARK [1][-]{section.196}{\376\377\000S\000t\000o\000r\000a\000g\000e\000\040\000F\000a\000c\000i\000l\000i\000t\000y\000\040\000O\000p\000e\000r\000a\000t\000i\000o\000n\000s}{}% 196
\BOOKMARK [1][-]{section.197}{\376\377\000K\000e\000y\000\040\000P\000o\000i\000n\000t\000s\000\040\000f\000o\000r\000\040\000U\000n\000i\000t\000\040\0004\000\040\000-\000\040\000W\000a\000t\000e\000r\000\040\000Q\000u\000a\000l\000i\000t\000y\000\040\000a\000n\000d\000\040\000M\000o\000n\000i\000t\000o\000r\000i\000n\000g}{}% 197
\BOOKMARK [1][-]{section.198}{\376\377\000U\000n\000i\000t\000\040\0004\000\040\000E\000x\000e\000r\000c\000i\000s\000e}{}% 198
\BOOKMARK [1][-]{section.199}{\376\377\000A\000d\000d\000i\000t\000i\000o\000n\000a\000l\000\040\000R\000e\000s\000o\000u\000r\000c\000e\000s\000\040\000U\000s\000e\000d}{}% 199
