This is pdfTeX, Version 3.141592653-2.6-1.40.24 (MiKTeX 22.8.28) (preloaded format=pdflatex 2022.10.2)  3 NOV 2022 16:57
entering extended mode
 restricted \write18 enabled.
 %&-line parsing enabled.
**"./Pumping - Alaska.tex"
(Pumping - Alaska.tex
LaTeX2e <2022-06-01> patch level 5
L3 programming layer <2022-08-30>
(C:\Users\indov\AppData\Local\Programs\MiKTeX\tex/latex/base\article.cls
Document Class: article 2021/10/04 v1.4n Standard LaTeX document class
(C:\Users\indov\AppData\Local\Programs\MiKTeX\tex/latex/base\size10.clo
File: size10.clo 2021/10/04 v1.4n Standard LaTeX file (size option)
)
\c@part=\count185
\c@section=\count186
\c@subsection=\count187
\c@subsubsection=\count188
\c@paragraph=\count189
\c@subparagraph=\count190
\c@figure=\count191
\c@table=\count192
\abovecaptionskip=\skip47
\belowcaptionskip=\skip48
\bibindent=\dimen138
)
(C:\Users\indov\AppData\Local\Programs\MiKTeX\tex/latex/base\inputenc.sty
Package: inputenc 2021/02/14 v1.3d Input encoding file
\inpenc@prehook=\toks16
\inpenc@posthook=\toks17
)
(C:\Users\indov\AppData\Local\Programs\MiKTeX\tex/latex/base\fontenc.sty
Package: fontenc 2021/04/29 v2.0v Standard LaTeX package
)
(C:\Users\indov\AppData\Local\Programs\MiKTeX\tex/latex/amsmath\amsmath.sty
Package: amsmath 2022/04/08 v2.17n AMS math features
\@mathmargin=\skip49

For additional information on amsmath, use the `?' option.
(C:\Users\indov\AppData\Local\Programs\MiKTeX\tex/latex/amsmath\amstext.sty
Package: amstext 2021/08/26 v2.01 AMS text

(C:\Users\indov\AppData\Local\Programs\MiKTeX\tex/latex/amsmath\amsgen.sty
File: amsgen.sty 1999/11/30 v2.0 generic functions
\@emptytoks=\toks18
\ex@=\dimen139
))
(C:\Users\indov\AppData\Local\Programs\MiKTeX\tex/latex/amsmath\amsbsy.sty
Package: amsbsy 1999/11/29 v1.2d Bold Symbols
\pmbraise@=\dimen140
)
(C:\Users\indov\AppData\Local\Programs\MiKTeX\tex/latex/amsmath\amsopn.sty
Package: amsopn 2022/04/08 v2.04 operator names
)
\inf@bad=\count193
LaTeX Info: Redefining \frac on input line 234.
\uproot@=\count194
\leftroot@=\count195
LaTeX Info: Redefining \overline on input line 399.
LaTeX Info: Redefining \colon on input line 410.
\classnum@=\count196
\DOTSCASE@=\count197
LaTeX Info: Redefining \ldots on input line 496.
LaTeX Info: Redefining \dots on input line 499.
LaTeX Info: Redefining \cdots on input line 620.
\Mathstrutbox@=\box51
\strutbox@=\box52
LaTeX Info: Redefining \big on input line 722.
LaTeX Info: Redefining \Big on input line 723.
LaTeX Info: Redefining \bigg on input line 724.
LaTeX Info: Redefining \Bigg on input line 725.
\big@size=\dimen141
LaTeX Font Info:    Redeclaring font encoding OML on input line 743.
LaTeX Font Info:    Redeclaring font encoding OMS on input line 744.
\macc@depth=\count198
LaTeX Info: Redefining \bmod on input line 905.
LaTeX Info: Redefining \pmod on input line 910.
LaTeX Info: Redefining \smash on input line 940.
LaTeX Info: Redefining \relbar on input line 970.
LaTeX Info: Redefining \Relbar on input line 971.
\c@MaxMatrixCols=\count199
\dotsspace@=\muskip16
\c@parentequation=\count266
\dspbrk@lvl=\count267
\tag@help=\toks19
\row@=\count268
\column@=\count269
\maxfields@=\count270
\andhelp@=\toks20
\eqnshift@=\dimen142
\alignsep@=\dimen143
\tagshift@=\dimen144
\tagwidth@=\dimen145
\totwidth@=\dimen146
\lineht@=\dimen147
\@envbody=\toks21
\multlinegap=\skip50
\multlinetaggap=\skip51
\mathdisplay@stack=\toks22
LaTeX Info: Redefining \[ on input line 2953.
LaTeX Info: Redefining \] on input line 2954.
)
(C:\Users\indov\AppData\Local\Programs\MiKTeX\tex/latex/amsfonts\amsfonts.sty
Package: amsfonts 2013/01/14 v3.01 Basic AMSFonts support
\symAMSa=\mathgroup4
\symAMSb=\mathgroup5
LaTeX Font Info:    Redeclaring math symbol \hbar on input line 98.
LaTeX Font Info:    Overwriting math alphabet `\mathfrak' in version `bold'
(Font)                  U/euf/m/n --> U/euf/b/n on input line 106.
)
(C:\Users\indov\AppData\Local\Programs\MiKTeX\tex/latex/amsfonts\amssymb.sty
Package: amssymb 2013/01/14 v3.01 AMS font symbols
)
(C:\Users\indov\AppData\Local\Programs\MiKTeX\tex/latex/mhchem\mhchem.sty
Package: mhchem 2021/12/31 v4.09 for typesetting chemical formulae

(C:\Users\indov\AppData\Local\Programs\MiKTeX\tex/latex/l3kernel\expl3.sty
Package: expl3 2022-08-30 L3 programming layer (loader) 

(C:\Users\indov\AppData\Local\Programs\MiKTeX\tex/latex/l3backend\l3backend-pdf
tex.def
File: l3backend-pdftex.def 2022-08-30 L3 backend support: PDF output (pdfTeX)
\l__color_backend_stack_int=\count271
\l__pdf_internal_box=\box53
))
(C:\Users\indov\AppData\Local\Programs\MiKTeX\tex/latex/l3packages/l3keys2e\l3k
eys2e.sty
Package: l3keys2e 2022-06-22 LaTeX2e option processing using LaTeX3 keys
)
(C:\Users\indov\AppData\Local\Programs\MiKTeX\tex/latex/tools\calc.sty
Package: calc 2017/05/25 v4.3 Infix arithmetic (KKT,FJ)
\calc@Acount=\count272
\calc@Bcount=\count273
\calc@Adimen=\dimen148
\calc@Bdimen=\dimen149
\calc@Askip=\skip52
\calc@Bskip=\skip53
LaTeX Info: Redefining \setlength on input line 80.
LaTeX Info: Redefining \addtolength on input line 81.
\calc@Ccount=\count274
\calc@Cskip=\skip54
)
(C:\Users\indov\AppData\Local\Programs\MiKTeX\tex/latex/chemgreek\chemgreek.sty

(C:\Users\indov\AppData\Local\Programs\MiKTeX\tex/latex/l3packages/xparse\xpars
e.sty
Package: xparse 2022-06-22 L3 Experimental document command parser
)
Package: chemgreek 2020/01/16 v1.1a interface for upright Greek letters for use
 in chemistry (CN)
\l__chemgreek_tmpa_int=\count275
\g__chemgreek_tmpa_int=\count276
)
(C:\Users\indov\AppData\Local\Programs\MiKTeX\tex/latex/graphics\graphics.sty
Package: graphics 2022/03/10 v1.4e Standard LaTeX Graphics (DPC,SPQR)

(C:\Users\indov\AppData\Local\Programs\MiKTeX\tex/latex/graphics\trig.sty
Package: trig 2021/08/11 v1.11 sin cos tan (DPC)
)
(C:\Users\indov\AppData\Local\Programs\MiKTeX\tex/latex/graphics-cfg\graphics.c
fg
File: graphics.cfg 2016/06/04 v1.11 sample graphics configuration
)
Package graphics Info: Driver file: pdftex.def on input line 107.

(C:\Users\indov\AppData\Local\Programs\MiKTeX\tex/latex/graphics-def\pdftex.def
File: pdftex.def 2020/10/05 v1.2a Graphics/color driver for pdftex
))
\l__mhchem_ce_distanceFromLastComma_int=\count277
\__mhchem_arrow_extPgfLength_skip=\skip55
\mhchem@minispace@tmp=\skip56
\mhchem@minibackspace@tmp=\skip57
\mhchem@bondwidth=\skip58
\mhchem@bondheight=\skip59
\mhchem@smallbondwidth@tmpA=\skip60
\mhchem@smallbondwidth@tmpB=\skip61
\mhchem@smallbondwidth=\skip62
\mhchem@bondtmp@minussidebearingleft=\skip63
\mhchem@bondtmp@minussidebearingright=\skip64
\l__mhchem_option_version_int=\count278
\mhchem@option@minusmathsidebearingleft=\dimen150
\mhchem@option@minusmathsidebearingright=\dimen151
\mhchem@option@minustextsidebearingleft=\dimen152
\mhchem@option@minustextsidebearingright=\dimen153


Package mhchem Warning: You did not specify a 'version' option for the mhchem
(mhchem)                package. Please write \usepackage[version=4]{mhchem}
(mhchem)                in your preamble (or any lower number for
(mhchem)                compatibility mode), because you might get slightly
(mhchem)                different output with the same input in future versions
.

) (C:\Users\indov\AppData\Local\Programs\MiKTeX\tex/latex/stmaryrd\stmaryrd.sty
Package: stmaryrd 1994/03/03 St Mary's Road symbol package
\symstmry=\mathgroup6
LaTeX Font Info:    Overwriting symbol font `stmry' in version `bold'
(Font)                  U/stmry/m/n --> U/stmry/b/n on input line 89.
) (C:\Users\indov\AppData\Local\Programs\MiKTeX\tex/latex/graphics\graphicx.sty
Package: graphicx 2021/09/16 v1.2d Enhanced LaTeX Graphics (DPC,SPQR)
(C:\Users\indov\AppData\Local\Programs\MiKTeX\tex/latex/graphics\keyval.sty
Package: keyval 2022/05/29 v1.15 key=value parser (DPC)
\KV@toks@=\toks23
)
\Gin@req@height=\dimen154
\Gin@req@width=\dimen155
)
(C:\Users\indov\AppData\Local\Programs\MiKTeX\tex/latex/adjustbox\adjustbox.sty
Package: adjustbox 2020/08/19 v1.3 Adjusting TeX boxes (trim, clip, ...)
(C:\Users\indov\AppData\Local\Programs\MiKTeX\tex/latex/xkeyval\xkeyval.sty
Package: xkeyval 2022/06/16 v2.9 package option processing (HA)

(C:\Users\indov\AppData\Local\Programs\MiKTeX\tex/generic/xkeyval\xkeyval.tex
(C:\Users\indov\AppData\Local\Programs\MiKTeX\tex/generic/xkeyval\xkvutils.tex
\XKV@toks=\toks24
\XKV@tempa@toks=\toks25
)
\XKV@depth=\count279
File: xkeyval.tex 2014/12/03 v2.7a key=value parser (HA)
))
(C:\Users\indov\AppData\Local\Programs\MiKTeX\tex/latex/adjustbox\adjcalc.sty
Package: adjcalc 2012/05/16 v1.1 Provides advanced setlength with multiple back
-ends (calc, etex, pgfmath)
)
(C:\Users\indov\AppData\Local\Programs\MiKTeX\tex/latex/adjustbox\trimclip.sty
Package: trimclip 2020/08/19 v1.2 Trim and clip general TeX material

(C:\Users\indov\AppData\Local\Programs\MiKTeX\tex/latex/collectbox\collectbox.s
ty
Package: collectbox 2012/05/17 v0.4b Collect macro arguments as boxes
\collectedbox=\box54
)
\tc@llx=\dimen156
\tc@lly=\dimen157
\tc@urx=\dimen158
\tc@ury=\dimen159
Package trimclip Info: Using driver 'tc-pdftex.def'.

(C:\Users\indov\AppData\Local\Programs\MiKTeX\tex/latex/adjustbox\tc-pdftex.def
File: tc-pdftex.def 2019/01/04 v2.2 Clipping driver for pdftex
))
\adjbox@Width=\dimen160
\adjbox@Height=\dimen161
\adjbox@Depth=\dimen162
\adjbox@Totalheight=\dimen163
\adjbox@pwidth=\dimen164
\adjbox@pheight=\dimen165
\adjbox@pdepth=\dimen166
\adjbox@ptotalheight=\dimen167

(C:\Users\indov\AppData\Local\Programs\MiKTeX\tex/latex/ifoddpage\ifoddpage.sty
Package: ifoddpage 2016/04/23 v1.1 Conditionals for odd/even page detection
\c@checkoddpage=\count280
) (C:\Users\indov\AppData\Local\Programs\MiKTeX\tex/latex/varwidth\varwidth.sty
Package: varwidth 2009/03/30 ver 0.92;  Variable-width minipages
\@vwid@box=\box55
\sift@deathcycles=\count281
\@vwid@loff=\dimen168
\@vwid@roff=\dimen169
)) (Pumping - Alaska.aux)
\openout1 = `"Pumping - Alaska.aux"'.

LaTeX Font Info:    Checking defaults for OML/cmm/m/it on input line 19.
LaTeX Font Info:    ... okay on input line 19.
LaTeX Font Info:    Checking defaults for OMS/cmsy/m/n on input line 19.
LaTeX Font Info:    ... okay on input line 19.
LaTeX Font Info:    Checking defaults for OT1/cmr/m/n on input line 19.
LaTeX Font Info:    ... okay on input line 19.
LaTeX Font Info:    Checking defaults for T1/cmr/m/n on input line 19.
LaTeX Font Info:    ... okay on input line 19.
LaTeX Font Info:    Checking defaults for TS1/cmr/m/n on input line 19.
LaTeX Font Info:    ... okay on input line 19.
LaTeX Font Info:    Checking defaults for OMX/cmex/m/n on input line 19.
LaTeX Font Info:    ... okay on input line 19.
LaTeX Font Info:    Checking defaults for U/cmr/m/n on input line 19.
LaTeX Font Info:    ... okay on input line 19.

Package chemgreek Info: Activating mapping `default' on line 19.


(C:\Users\indov\AppData\Local\Programs\MiKTeX\tex/context/base/mkii\supp-pdf.mk
ii
[Loading MPS to PDF converter (version 2006.09.02).]
\scratchcounter=\count282
\scratchdimen=\dimen170
\scratchbox=\box56
\nofMPsegments=\count283
\nofMParguments=\count284
\everyMPshowfont=\toks26
\MPscratchCnt=\count285
\MPscratchDim=\dimen171
\MPnumerator=\count286
\makeMPintoPDFobject=\count287
\everyMPtoPDFconversion=\toks27
)
(C:\Users\indov\AppData\Local\Programs\MiKTeX\tex/latex/epstopdf-pkg\epstopdf-b
ase.sty
Package: epstopdf-base 2020-01-24 v2.11 Base part for package epstopdf
Package epstopdf-base Info: Redefining graphics rule for `.eps' on input line 4
85.

(C:\Users\indov\AppData\Local\Programs\MiKTeX\tex/latex/00miktex\epstopdf-sys.c
fg
File: epstopdf-sys.cfg 2021/03/18 v2.0 Configuration of epstopdf for MiKTeX
))
LaTeX Font Info:    Trying to load font information for U+msa on input line 20.

 (C:\Users\indov\AppData\Local\Programs\MiKTeX\tex/latex/amsfonts\umsa.fd
File: umsa.fd 2013/01/14 v3.01 AMS symbols A
)
LaTeX Font Info:    Trying to load font information for U+msb on input line 20.


(C:\Users\indov\AppData\Local\Programs\MiKTeX\tex/latex/amsfonts\umsb.fd
File: umsb.fd 2013/01/14 v3.01 AMS symbols B
)
LaTeX Font Info:    Trying to load font information for U+stmry on input line 2
0.

(C:\Users\indov\AppData\Local\Programs\MiKTeX\tex/latex/stmaryrd\ustmry.fd)
[1

{C:/Users/indov/AppData/Local/MiKTeX/fonts/map/pdftex/pdftex.map}] [2]
[3]
<./images//PumpTypes.jpg, id=15, 1286.8075pt x 758.835pt>
File: ./images//PumpTypes.jpg Graphic file (type jpg)
<use ./images//PumpTypes.jpg>
Package pdftex.def Info: ./images//PumpTypes.jpg  used on input line 181.
(pdftex.def)             Requested size: 1286.80437pt x 758.83316pt.
 [4]
<./images//CentrifugalPumpCase.jpg, id=20, 687.56876pt x 497.86pt>
File: ./images//CentrifugalPumpCase.jpg Graphic file (type jpg)
<use ./images//CentrifugalPumpCase.jpg>
Package pdftex.def Info: ./images//CentrifugalPumpCase.jpg  used on input line 
193.
(pdftex.def)             Requested size: 687.56708pt x 497.85878pt.

Overfull \hbox (15.00053pt too wide) in paragraph at lines 193--194
[][] 
 []

[5 <./images//PumpTypes.jpg>]
Underfull \hbox (badness 10000) in paragraph at lines 204--205

 []

<./images//CentrifugalPumpRotation.jpg, id=24, 1244.65pt x 459.7175pt>
File: ./images//CentrifugalPumpRotation.jpg Graphic file (type jpg)
<use ./images//CentrifugalPumpRotation.jpg>
Package pdftex.def Info: ./images//CentrifugalPumpRotation.jpg  used on input l
ine 206.
(pdftex.def)             Requested size: 1244.64696pt x 459.71637pt.

Overfull \hbox (15.00513pt too wide) in paragraph at lines 206--207
[][] 
 []

[6 <./images//CentrifugalPumpCase.jpg>]
<./images//CentrifugalEndSuction.jpg, id=29, 660.4675pt x 399.4925pt>
File: ./images//CentrifugalEndSuction.jpg Graphic file (type jpg)
<use ./images//CentrifugalEndSuction.jpg>
Package pdftex.def Info: ./images//CentrifugalEndSuction.jpg  used on input lin
e 229.
(pdftex.def)             Requested size: 660.46588pt x 399.49152pt.

Overfull \hbox (15.00714pt too wide) in paragraph at lines 229--230
[][] 
 []

[7 <./images//CentrifugalPumpRotation.jpg>]
<./images//CentrifugalSplitCase.jpg, id=34, 508.90125pt x 508.90125pt>
File: ./images//CentrifugalSplitCase.jpg Graphic file (type jpg)
<use ./images//CentrifugalSplitCase.jpg>
Package pdftex.def Info: ./images//CentrifugalSplitCase.jpg  used on input line
 233.
(pdftex.def)             Requested size: 508.90001pt x 508.90001pt.

Overfull \hbox (15.0155pt too wide) in paragraph at lines 233--234
[][] 
 []

[8 <./images//CentrifugalEndSuction.jpg>]
<./images//VerticalTurbine.jpg, id=38, 204.765pt x 1068.99374pt>
File: ./images//VerticalTurbine.jpg Graphic file (type jpg)
<use ./images//VerticalTurbine.jpg>
Package pdftex.def Info: ./images//VerticalTurbine.jpg  used on input line 237.

(pdftex.def)             Requested size: 204.76448pt x 1068.99113pt.
 [9 <./images//CentrifugalSplitCase.jpg>]
Overfull \vbox (518.99113pt too high) has occurred while \output is active []


[10 <./images//VerticalTurbine.jpg>]
Underfull \hbox (badness 10000) in paragraph at lines 245--246

 []

<./images//CentrifugalEndSuctionCloseCoupled.jpg, id=45, 941.5175pt x 383.4325p
t>
File: ./images//CentrifugalEndSuctionCloseCoupled.jpg Graphic file (type jpg)
<use ./images//CentrifugalEndSuctionCloseCoupled.jpg>
Package pdftex.def Info: ./images//CentrifugalEndSuctionCloseCoupled.jpg  used 
on input line 247.
(pdftex.def)             Requested size: 941.51521pt x 383.43156pt.

Overfull \hbox (24.99432pt too wide) in paragraph at lines 247--248
[][] 
 []


Underfull \hbox (badness 10000) in paragraph at lines 249--250

 []

<./images//CentrifugalEndSuctionFrameMounted.jpg, id=46, 1186.4325pt x 415.5525
pt>
File: ./images//CentrifugalEndSuctionFrameMounted.jpg Graphic file (type jpg)
<use ./images//CentrifugalEndSuctionFrameMounted.jpg>
Package pdftex.def Info: ./images//CentrifugalEndSuctionFrameMounted.jpg  used 
on input line 251.
(pdftex.def)             Requested size: 1186.42961pt x 415.55148pt.

Overfull \hbox (24.99803pt too wide) in paragraph at lines 251--252
[][] 
 []

[11 <./images//CentrifugalEndSuctionCloseCoupled.jpg> <./images//CentrifugalEnd
SuctionFrameMounted.jpg>]
<./images//AxialFlowTurbine.jpg, id=50, 574.145pt x 358.33875pt>
File: ./images//AxialFlowTurbine.jpg Graphic file (type jpg)
<use ./images//AxialFlowTurbine.jpg>
Package pdftex.def Info: ./images//AxialFlowTurbine.jpg  used on input line 268
.
(pdftex.def)             Requested size: 574.1436pt x 358.33788pt.

Overfull \hbox (15.00655pt too wide) in paragraph at lines 268--269
[][] 
 []

[12]
<./images//CanTurbinePump.jpg, id=54, 426.59375pt x 685.56125pt>
File: ./images//CanTurbinePump.jpg Graphic file (type jpg)
<use ./images//CanTurbinePump.jpg>
Package pdftex.def Info: ./images//CanTurbinePump.jpg  used on input line 272.
(pdftex.def)             Requested size: 426.5927pt x 685.55957pt.

Overfull \hbox (15.0183pt too wide) in paragraph at lines 272--273
[][] 
 []

[13 <./images//AxialFlowTurbine.jpg>]
Overfull \vbox (4.4647pt too high) has occurred while \output is active []


[14 <./images//CanTurbinePump.jpg>]
<./images//SubmersibleTurbinePump.jpg, id=62, 163.61125pt x 871.255pt>
File: ./images//SubmersibleTurbinePump.jpg Graphic file (type jpg)
<use ./images//SubmersibleTurbinePump.jpg>
Package pdftex.def Info: ./images//SubmersibleTurbinePump.jpg  used on input li
ne 276.
(pdftex.def)             Requested size: 163.61084pt x 871.25288pt.
 [15]
Overfull \vbox (321.25288pt too high) has occurred while \output is active []


[16 <./images//SubmersibleTurbinePump.jpg>]
<./images//CentrifugalPumpClosedImpeller.jpg, id=69, 416.55624pt x 438.63875pt>

File: ./images//CentrifugalPumpClosedImpeller.jpg Graphic file (type jpg)
<use ./images//CentrifugalPumpClosedImpeller.jpg>
Package pdftex.def Info: ./images//CentrifugalPumpClosedImpeller.jpg  used on i
nput line 299.
(pdftex.def)             Requested size: 416.55522pt x 438.63766pt.

Overfull \hbox (15.01698pt too wide) in paragraph at lines 299--300
[][] 
 []

[17]
<./images//CentrifugalPumpSemiOpenImpeller.jpg, id=73, 416.55624pt x 434.62375p
t>
File: ./images//CentrifugalPumpSemiOpenImpeller.jpg Graphic file (type jpg)
<use ./images//CentrifugalPumpSemiOpenImpeller.jpg>
Package pdftex.def Info: ./images//CentrifugalPumpSemiOpenImpeller.jpg  used on
 input line 303.
(pdftex.def)             Requested size: 416.55522pt x 434.62268pt.

Overfull \hbox (15.01698pt too wide) in paragraph at lines 303--304
[][] 
 []

[18 <./images//CentrifugalPumpClosedImpeller.jpg>]
<./images//CentrifugalPumpOpenImpeller.jpg, id=77, 421.575pt x 434.62375pt>
File: ./images//CentrifugalPumpOpenImpeller.jpg Graphic file (type jpg)
<use ./images//CentrifugalPumpOpenImpeller.jpg>
Package pdftex.def Info: ./images//CentrifugalPumpOpenImpeller.jpg  used on inp
ut line 307.
(pdftex.def)             Requested size: 421.57396pt x 434.62268pt.

Overfull \hbox (15.00543pt too wide) in paragraph at lines 307--308
[][] 
 []

[19 <./images//CentrifugalPumpSemiOpenImpeller.jpg>]
Underfull \hbox (badness 10000) in paragraph at lines 315--316

 []

<./images//2022_11_03_65aa625ded296bdfd01fg-07.jpg, id=82, 262.9825pt x 329.23p
t>
File: ./images//2022_11_03_65aa625ded296bdfd01fg-07.jpg Graphic file (type jpg)

<use ./images//2022_11_03_65aa625ded296bdfd01fg-07.jpg>
Package pdftex.def Info: ./images//2022_11_03_65aa625ded296bdfd01fg-07.jpg  use
d on input line 317.
(pdftex.def)             Requested size: 262.98184pt x 329.22919pt.
[20 <./images//CentrifugalPumpOpenImpeller.jpg>]
<./images//2022_11_03_65aa625ded296bdfd01fg-07(1).jpg, id=86, 263.98625pt x 265
.99374pt>
File: ./images//2022_11_03_65aa625ded296bdfd01fg-07(1).jpg Graphic file (type j
pg)
<use ./images//2022_11_03_65aa625ded296bdfd01fg-07(1).jpg>
Package pdftex.def Info: ./images//2022_11_03_65aa625ded296bdfd01fg-07(1).jpg  
used on input line 319.
(pdftex.def)             Requested size: 263.9856pt x 265.99309pt.
 [21 <./images//2022_11_03_65aa625ded296bdfd01fg-07.jpg>] [22 <./images//2022_1
1_03_65aa625ded296bdfd01fg-07(1).jpg>]
<./images//CentrifugalPumpStuffingBox.jpg, id=93, 772.8875pt x 639.38875pt>
File: ./images//CentrifugalPumpStuffingBox.jpg Graphic file (type jpg)
<use ./images//CentrifugalPumpStuffingBox.jpg>
Package pdftex.def Info: ./images//CentrifugalPumpStuffingBox.jpg  used on inpu
t line 347.
(pdftex.def)             Requested size: 772.8856pt x 639.38718pt.

Overfull \hbox (15.00114pt too wide) in paragraph at lines 347--348
[][] 
 []

[23]
<./images//CentrifugalPumpStuffingBraidedFabric.jpg, id=97, 527.9725pt x 519.94
25pt>
File: ./images//CentrifugalPumpStuffingBraidedFabric.jpg Graphic file (type jpg
)
<use ./images//CentrifugalPumpStuffingBraidedFabric.jpg>
Package pdftex.def Info: ./images//CentrifugalPumpStuffingBraidedFabric.jpg  us
ed on input line 351.
(pdftex.def)             Requested size: 527.9712pt x 519.94124pt.

Overfull \hbox (14.99875pt too wide) in paragraph at lines 351--352
[][] 
 []

[24 <./images//CentrifugalPumpStuffingBox.jpg>]
<./images//CentrifugalPumpMechanicalSeal.jpg, id=101, 1118.1775pt x 726.715pt>
File: ./images//CentrifugalPumpMechanicalSeal.jpg Graphic file (type jpg)
<use ./images//CentrifugalPumpMechanicalSeal.jpg>
Package pdftex.def Info: ./images//CentrifugalPumpMechanicalSeal.jpg  used on i
nput line 357.
(pdftex.def)             Requested size: 1118.17477pt x 726.71321pt.

Overfull \hbox (14.99348pt too wide) in paragraph at lines 357--358
[][] 
 []

[25 <./images//CentrifugalPumpStuffingBraidedFabric.jpg>]
<./images//CentrifugalPumpShasftSleeveThreadedtoShaft.jpg, id=106, 1264.725pt x
 272.01625pt>
File: ./images//CentrifugalPumpShasftSleeveThreadedtoShaft.jpg Graphic file (ty
pe jpg)
<use ./images//CentrifugalPumpShasftSleeveThreadedtoShaft.jpg>
Package pdftex.def Info: ./images//CentrifugalPumpShasftSleeveThreadedtoShaft.j
pg  used on input line 361.
(pdftex.def)             Requested size: 1264.72192pt x 272.01558pt.

Overfull \hbox (14.99257pt too wide) in paragraph at lines 361--362
[][] 
 []

[26 <./images//CentrifugalPumpMechanicalSeal.jpg> <./images//CentrifugalPumpSha
sftSleeveThreadedtoShaft.jpg>]
<./images//SuctionLift.jpg, id=110, 553.06625pt x 669.50125pt>
File: ./images//SuctionLift.jpg Graphic file (type jpg)
<use ./images//SuctionLift.jpg>
Package pdftex.def Info: ./images//SuctionLift.jpg  used on input line 378.
(pdftex.def)             Requested size: 553.0649pt x 669.49962pt.

Overfull \hbox (14.99886pt too wide) in paragraph at lines 378--379
[][] 
 []

<./images//SuctionHead.jpg, id=111, 717.68124pt x 532.99126pt>
File: ./images//SuctionHead.jpg Graphic file (type jpg)
<use ./images//SuctionHead.jpg>
Package pdftex.def Info: ./images//SuctionHead.jpg  used on input line 382.
(pdftex.def)             Requested size: 717.67949pt x 532.98996pt.

Overfull \hbox (15.00873pt too wide) in paragraph at lines 382--383
[][] 
 []

[27 <./images//SuctionLift.jpg>]
<./images//SuctionPiping.jpg, id=115, 827.09pt x 865.2325pt>
File: ./images//SuctionPiping.jpg Graphic file (type jpg)
<use ./images//SuctionPiping.jpg>
Package pdftex.def Info: ./images//SuctionPiping.jpg  used on input line 389.
(pdftex.def)             Requested size: 827.08797pt x 865.2304pt.

Overfull \hbox (15.00279pt too wide) in paragraph at lines 389--390
[][] 
 []

[28 <./images//SuctionHead.jpg>] [29 <./images//SuctionPiping.jpg>] [30]
<./images//VerticalTurbinePumpComponents.jpg, id=125, 750.805pt x 1390.19376pt>

File: ./images//VerticalTurbinePumpComponents.jpg Graphic file (type jpg)
<use ./images//VerticalTurbinePumpComponents.jpg>
Package pdftex.def Info: ./images//VerticalTurbinePumpComponents.jpg  used on i
nput line 430.
(pdftex.def)             Requested size: 750.80316pt x 1390.19037pt.

Overfull \hbox (15.00789pt too wide) in paragraph at lines 430--431
[][] 
 []

[31]
Overfull \vbox (88.81808pt too high) has occurred while \output is active []


[32 <./images//VerticalTurbinePumpComponents.jpg>]
<./images//VerticalTurbineFlowPressureControl.jpg, id=133, 1354.05875pt x 707.6
4375pt>
File: ./images//VerticalTurbineFlowPressureControl.jpg Graphic file (type jpg)
<use ./images//VerticalTurbineFlowPressureControl.jpg>
Package pdftex.def Info: ./images//VerticalTurbineFlowPressureControl.jpg  used
 on input line 443.
(pdftex.def)             Requested size: 1354.05545pt x 707.64203pt.

Overfull \hbox (15.00148pt too wide) in paragraph at lines 443--444
[][] 
 []

<./images//SubmersibleTurbineComponents.jpg, id=134, 1316.92pt x 1118.1775pt>
File: ./images//SubmersibleTurbineComponents.jpg Graphic file (type jpg)
<use ./images//SubmersibleTurbineComponents.jpg>
Package pdftex.def Info: ./images//SubmersibleTurbineComponents.jpg  used on in
put line 454.
(pdftex.def)             Requested size: 1316.9168pt x 1118.17477pt.

Overfull \hbox (14.98332pt too wide) in paragraph at lines 454--455
[][] 
 []

[33 <./images//VerticalTurbineFlowPressureControl.jpg>] [34 <./images//Submersi
bleTurbineComponents.jpg>]
<./images//DiaphragmPumpSuctionPhase.jpg, id=141, 424.58624pt x 536.0025pt>
File: ./images//DiaphragmPumpSuctionPhase.jpg Graphic file (type jpg)
<use ./images//DiaphragmPumpSuctionPhase.jpg>
Package pdftex.def Info: ./images//DiaphragmPumpSuctionPhase.jpg  used on input
 line 482.
(pdftex.def)             Requested size: 424.5852pt x 536.00119pt.

Overfull \hbox (15.01434pt too wide) in paragraph at lines 482--483
[][] 
 []

[35]
<./images//DiaphragmPumpDischargePhase.jpg, id=145, 462.72874pt x 513.92pt>
File: ./images//DiaphragmPumpDischargePhase.jpg Graphic file (type jpg)
<use ./images//DiaphragmPumpDischargePhase.jpg>
Package pdftex.def Info: ./images//DiaphragmPumpDischargePhase.jpg  used on inp
ut line 486.
(pdftex.def)             Requested size: 462.72762pt x 513.91873pt.

Overfull \hbox (15.00517pt too wide) in paragraph at lines 486--487
[][] 
 []

[36 <./images//DiaphragmPumpSuctionPhase.jpg>]
<./images//2022_11_03_65aa625ded296bdfd01fg-14.jpg, id=149, 1308.89pt x 1482.53
876pt>
File: ./images//2022_11_03_65aa625ded296bdfd01fg-14.jpg Graphic file (type jpg)

<use ./images//2022_11_03_65aa625ded296bdfd01fg-14.jpg>
Package pdftex.def Info: ./images//2022_11_03_65aa625ded296bdfd01fg-14.jpg  use
d on input line 493.
(pdftex.def)             Requested size: 1308.88681pt x 1482.53516pt.

Overfull \hbox (14.9968pt too wide) in paragraph at lines 493--494
[][] 
 []

[37 <./images//DiaphragmPumpDischargePhase.jpg>] [38 <./images//2022_11_03_65aa
625ded296bdfd01fg-14.jpg>] [39]
<./images//2022_11_03_65aa625ded296bdfd01fg-15.jpg, id=163, 424.58624pt x 322.2
0375pt>
File: ./images//2022_11_03_65aa625ded296bdfd01fg-15.jpg Graphic file (type jpg)

<use ./images//2022_11_03_65aa625ded296bdfd01fg-15.jpg>
Package pdftex.def Info: ./images//2022_11_03_65aa625ded296bdfd01fg-15.jpg  use
d on input line 522.
(pdftex.def)             Requested size: 424.5852pt x 322.20296pt.

Overfull \hbox (15.01434pt too wide) in paragraph at lines 522--523
[][] 
 []

[40 <./images//2022_11_03_65aa625ded296bdfd01fg-15.jpg>]
<./images//2022_11_03_65aa625ded296bdfd01fg-16.jpg, id=169, 1330.9725pt x 459.7
175pt>
File: ./images//2022_11_03_65aa625ded296bdfd01fg-16.jpg Graphic file (type jpg)

<use ./images//2022_11_03_65aa625ded296bdfd01fg-16.jpg>
Package pdftex.def Info: ./images//2022_11_03_65aa625ded296bdfd01fg-16.jpg  use
d on input line 546.
(pdftex.def)             Requested size: 1330.96925pt x 459.71637pt.

Overfull \hbox (14.98862pt too wide) in paragraph at lines 546--547
[][] 
 []

[41 <./images//2022_11_03_65aa625ded296bdfd01fg-16.jpg>]
<./images//2022_11_03_65aa625ded296bdfd01fg-17.jpg, id=173, 1335.99126pt x 582.
175pt>
File: ./images//2022_11_03_65aa625ded296bdfd01fg-17.jpg Graphic file (type jpg)

<use ./images//2022_11_03_65aa625ded296bdfd01fg-17.jpg>
Package pdftex.def Info: ./images//2022_11_03_65aa625ded296bdfd01fg-17.jpg  use
d on input line 576.
(pdftex.def)             Requested size: 1335.988pt x 582.17358pt.

Overfull \hbox (14.98482pt too wide) in paragraph at lines 576--577
[][] 
 []


Underfull \hbox (badness 10000) in paragraph at lines 579--580

 []

<./images//2022_11_03_65aa625ded296bdfd01fg-18.jpg, id=174, 1286.8075pt x 517.9
35pt>
File: ./images//2022_11_03_65aa625ded296bdfd01fg-18.jpg Graphic file (type jpg)

<use ./images//2022_11_03_65aa625ded296bdfd01fg-18.jpg>
Package pdftex.def Info: ./images//2022_11_03_65aa625ded296bdfd01fg-18.jpg  use
d on input line 581.
(pdftex.def)             Requested size: 1286.80437pt x 517.93372pt.

Overfull \hbox (14.98828pt too wide) in paragraph at lines 581--582
[][] 
 []

[42 <./images//2022_11_03_65aa625ded296bdfd01fg-17.jpg>] [43 <./images//2022_11
_03_65aa625ded296bdfd01fg-18.jpg>]
<./images//2022_11_03_65aa625ded296bdfd01fg-18(1).jpg, id=183, 772.8875pt x 405
.515pt>
File: ./images//2022_11_03_65aa625ded296bdfd01fg-18(1).jpg Graphic file (type j
pg)
<use ./images//2022_11_03_65aa625ded296bdfd01fg-18(1).jpg>
Package pdftex.def Info: ./images//2022_11_03_65aa625ded296bdfd01fg-18(1).jpg  
used on input line 614.
(pdftex.def)             Requested size: 772.8856pt x 405.51399pt.

Overfull \hbox (15.00114pt too wide) in paragraph at lines 614--615
[][] 
 []

[44 <./images//2022_11_03_65aa625ded296bdfd01fg-18(1).jpg>] [45]
<./images//2022_11_03_65aa625ded296bdfd01fg-20.jpg, id=190, 1009.7725pt x 316.1
8124pt>
File: ./images//2022_11_03_65aa625ded296bdfd01fg-20.jpg Graphic file (type jpg)

<use ./images//2022_11_03_65aa625ded296bdfd01fg-20.jpg>
Package pdftex.def Info: ./images//2022_11_03_65aa625ded296bdfd01fg-20.jpg  use
d on input line 661.
(pdftex.def)             Requested size: 1009.77003pt x 316.18047pt.

Overfull \hbox (14.99756pt too wide) in paragraph at lines 661--662
[][] 
 []

<./images//2022_11_03_65aa625ded296bdfd01fg-20(1).jpg, id=191, 1071.00125pt x 1
158.3275pt>
File: ./images//2022_11_03_65aa625ded296bdfd01fg-20(1).jpg Graphic file (type j
pg)
<use ./images//2022_11_03_65aa625ded296bdfd01fg-20(1).jpg>
Package pdftex.def Info: ./images//2022_11_03_65aa625ded296bdfd01fg-20(1).jpg  
used on input line 666.
(pdftex.def)             Requested size: 1070.99864pt x 1158.32468pt.

Overfull \hbox (14.99896pt too wide) in paragraph at lines 666--667
[][] 
 []

[46 <./images//2022_11_03_65aa625ded296bdfd01fg-20.jpg>] [47 <./images//2022_11
_03_65aa625ded296bdfd01fg-20(1).jpg>]
<./images//2022_11_03_65aa625ded296bdfd01fg-21.jpg, id=198, 1183.42125pt x 843.
15pt>
File: ./images//2022_11_03_65aa625ded296bdfd01fg-21.jpg Graphic file (type jpg)

<use ./images//2022_11_03_65aa625ded296bdfd01fg-21.jpg>
Package pdftex.def Info: ./images//2022_11_03_65aa625ded296bdfd01fg-21.jpg  use
d on input line 687.
(pdftex.def)             Requested size: 1183.41837pt x 843.14793pt.

Overfull \hbox (14.98912pt too wide) in paragraph at lines 687--688
[][] 
 []

[48 <./images//2022_11_03_65aa625ded296bdfd01fg-21.jpg>]
<./images//2022_11_03_65aa625ded296bdfd01fg-22.jpg, id=202, 704.6325pt x 655.44
875pt>
File: ./images//2022_11_03_65aa625ded296bdfd01fg-22.jpg Graphic file (type jpg)

<use ./images//2022_11_03_65aa625ded296bdfd01fg-22.jpg>
Package pdftex.def Info: ./images//2022_11_03_65aa625ded296bdfd01fg-22.jpg  use
d on input line 701.
(pdftex.def)             Requested size: 704.6308pt x 655.44714pt.
 [49 <./images//2022_11_03_65aa625ded296bdfd01fg-22.jpg>]
<./images//2022_11_03_65aa625ded296bdfd01fg-23.jpg, id=207, 204.765pt x 385.44p
t>
File: ./images//2022_11_03_65aa625ded296bdfd01fg-23.jpg Graphic file (type jpg)

<use ./images//2022_11_03_65aa625ded296bdfd01fg-23.jpg>
Package pdftex.def Info: ./images//2022_11_03_65aa625ded296bdfd01fg-23.jpg  use
d on input line 724.
(pdftex.def)             Requested size: 204.76448pt x 385.43906pt.
<./images//2022_11_03_65aa625ded296bdfd01fg-23(1).jpg, id=208, 90.3375pt x 574.
145pt>
File: ./images//2022_11_03_65aa625ded296bdfd01fg-23(1).jpg Graphic file (type j
pg)
<use ./images//2022_11_03_65aa625ded296bdfd01fg-23(1).jpg>
Package pdftex.def Info: ./images//2022_11_03_65aa625ded296bdfd01fg-23(1).jpg  
used on input line 728.
(pdftex.def)             Requested size: 90.33727pt x 574.1436pt.
 [50 <./images//2022_11_03_65aa625ded296bdfd01fg-23.jpg>]
Overfull \vbox (24.1436pt too high) has occurred while \output is active []


[51 <./images//2022_11_03_65aa625ded296bdfd01fg-23(1).jpg>]
<./images//2022_11_03_65aa625ded296bdfd01fg-23(2).jpg, id=215, 197.73875pt x 10
96.095pt>
File: ./images//2022_11_03_65aa625ded296bdfd01fg-23(2).jpg Graphic file (type j
pg)
<use ./images//2022_11_03_65aa625ded296bdfd01fg-23(2).jpg>
Package pdftex.def Info: ./images//2022_11_03_65aa625ded296bdfd01fg-23(2).jpg  
used on input line 734.
(pdftex.def)             Requested size: 197.73827pt x 1096.09233pt.
 [52]
Overfull \vbox (546.09233pt too high) has occurred while \output is active []


[53 <./images//2022_11_03_65aa625ded296bdfd01fg-23(2).jpg>]
<./images//2022_11_03_65aa625ded296bdfd01fg-23(3).jpg, id=222, 806.01125pt x 47
3.77pt>
File: ./images//2022_11_03_65aa625ded296bdfd01fg-23(3).jpg Graphic file (type j
pg)
<use ./images//2022_11_03_65aa625ded296bdfd01fg-23(3).jpg>
Package pdftex.def Info: ./images//2022_11_03_65aa625ded296bdfd01fg-23(3).jpg  
used on input line 742.
(pdftex.def)             Requested size: 806.00928pt x 473.76884pt.
<./images//2022_11_03_65aa625ded296bdfd01fg-23(4).jpg, id=223, 511.9125pt x 435
.6275pt>
File: ./images//2022_11_03_65aa625ded296bdfd01fg-23(4).jpg Graphic file (type j
pg)
<use ./images//2022_11_03_65aa625ded296bdfd01fg-23(4).jpg>
Package pdftex.def Info: ./images//2022_11_03_65aa625ded296bdfd01fg-23(4).jpg  
used on input line 756.
(pdftex.def)             Requested size: 511.91125pt x 435.62643pt.

Overfull \hbox (15.00269pt too wide) in paragraph at lines 756--757
[][] 
 []

[54 <./images//2022_11_03_65aa625ded296bdfd01fg-23(3).jpg>]
<./images//2022_11_03_65aa625ded296bdfd01fg-23(5).jpg, id=227, 350.30875pt x 77
7.90625pt>
File: ./images//2022_11_03_65aa625ded296bdfd01fg-23(5).jpg Graphic file (type j
pg)
<use ./images//2022_11_03_65aa625ded296bdfd01fg-23(5).jpg>
Package pdftex.def Info: ./images//2022_11_03_65aa625ded296bdfd01fg-23(5).jpg  
used on input line 760.
(pdftex.def)             Requested size: 350.30789pt x 777.90434pt.

Overfull \hbox (15.02141pt too wide) in paragraph at lines 760--761
[][] 
 []

[55 <./images//2022_11_03_65aa625ded296bdfd01fg-23(4).jpg>]
Overfull \vbox (216.16502pt too high) has occurred while \output is active []


[56 <./images//2022_11_03_65aa625ded296bdfd01fg-23(5).jpg>] [57] [58] [59]
(Pumping - Alaska.aux) ) 
Here is how much of TeX's memory you used:
 5895 strings out of 475389
 115814 string characters out of 2777000
 438393 words of memory out of 3000000
 27190 multiletter control sequences out of 15000+600000
 482749 words of font info for 73 fonts, out of 8000000 for 9000
 1141 hyphenation exceptions out of 8191
 59i,6n,68p,1444b,262s stack positions out of 10000i,1000n,20000p,200000b,80000s
 <C:\Users\indov\AppData\Local\MiKTeX\fonts/pk/ljfour/j
knappen/ec/dpi600\tcrm1000.pk> <C:\Users\indov\AppData\Local\MiKTeX\fonts/pk/lj
four/jknappen/ec/dpi600\ecrm1000.pk> <C:\Users\indov\AppData\Local\MiKTeX\fonts
/pk/ljfour/jknappen/ec/dpi600\ecbx1440.pk> <C:\Users\indov\AppData\Local\MiKTeX
\fonts/pk/ljfour/jknappen/ec/dpi600\ecrm1728.pk><C:/Users/indov/AppData/Local/P
rograms/MiKTeX/fonts/type1/public/amsfonts/cm/cmex10.pfb><C:/Users/indov/AppDat
a/Local/Programs/MiKTeX/fonts/type1/public/amsfonts/cm/cmmi10.pfb><C:/Users/ind
ov/AppData/Local/Programs/MiKTeX/fonts/type1/public/amsfonts/cm/cmmi7.pfb><C:/U
sers/indov/AppData/Local/Programs/MiKTeX/fonts/type1/public/amsfonts/cm/cmr10.p
fb><C:/Users/indov/AppData/Local/Programs/MiKTeX/fonts/type1/public/amsfonts/cm
/cmr12.pfb><C:/Users/indov/AppData/Local/Programs/MiKTeX/fonts/type1/public/ams
fonts/cm/cmr7.pfb><C:/Users/indov/AppData/Local/Programs/MiKTeX/fonts/type1/pub
lic/amsfonts/cm/cmsy10.pfb><C:/Users/indov/AppData/Local/Programs/MiKTeX/fonts/
type1/public/amsfonts/cm/cmsy7.pfb>
Output written on "Pumping - Alaska.pdf" (59 pages, 2152260 bytes).
PDF statistics:
 444 PDF objects out of 1000 (max. 8388607)
 0 named destinations out of 1000 (max. 500000)
 221 words of extra memory for PDF output out of 10000 (max. 10000000)

