This is pdfTeX, Version 3.141592653-2.6-1.40.24 (MiKTeX 22.8.28) (preloaded format=pdflatex 2022.10.2)  4 NOV 2022 22:56
entering extended mode
 restricted \write18 enabled.
 %&-line parsing enabled.
**"./Understanding Water Reuse.tex"
(Understanding Water Reuse.tex
LaTeX2e <2022-06-01> patch level 5
L3 programming layer <2022-08-30>
(C:\Users\indov\AppData\Local\Programs\MiKTeX\tex/latex/base\article.cls
Document Class: article 2021/10/04 v1.4n Standard LaTeX document class
(C:\Users\indov\AppData\Local\Programs\MiKTeX\tex/latex/base\size10.clo
File: size10.clo 2021/10/04 v1.4n Standard LaTeX file (size option)
)
\c@part=\count185
\c@section=\count186
\c@subsection=\count187
\c@subsubsection=\count188
\c@paragraph=\count189
\c@subparagraph=\count190
\c@figure=\count191
\c@table=\count192
\abovecaptionskip=\skip47
\belowcaptionskip=\skip48
\bibindent=\dimen138
)
(C:\Users\indov\AppData\Local\Programs\MiKTeX\tex/latex/base\inputenc.sty
Package: inputenc 2021/02/14 v1.3d Input encoding file
\inpenc@prehook=\toks16
\inpenc@posthook=\toks17
)
(C:\Users\indov\AppData\Local\Programs\MiKTeX\tex/latex/base\fontenc.sty
Package: fontenc 2021/04/29 v2.0v Standard LaTeX package
)
(C:\Users\indov\AppData\Local\Programs\MiKTeX\tex/latex/graphics\graphicx.sty
Package: graphicx 2021/09/16 v1.2d Enhanced LaTeX Graphics (DPC,SPQR)

(C:\Users\indov\AppData\Local\Programs\MiKTeX\tex/latex/graphics\keyval.sty
Package: keyval 2022/05/29 v1.15 key=value parser (DPC)
\KV@toks@=\toks18
)
(C:\Users\indov\AppData\Local\Programs\MiKTeX\tex/latex/graphics\graphics.sty
Package: graphics 2022/03/10 v1.4e Standard LaTeX Graphics (DPC,SPQR)

(C:\Users\indov\AppData\Local\Programs\MiKTeX\tex/latex/graphics\trig.sty
Package: trig 2021/08/11 v1.11 sin cos tan (DPC)
)
(C:\Users\indov\AppData\Local\Programs\MiKTeX\tex/latex/graphics-cfg\graphics.c
fg
File: graphics.cfg 2016/06/04 v1.11 sample graphics configuration
)
Package graphics Info: Driver file: pdftex.def on input line 107.

(C:\Users\indov\AppData\Local\Programs\MiKTeX\tex/latex/graphics-def\pdftex.def
File: pdftex.def 2020/10/05 v1.2a Graphics/color driver for pdftex
))
\Gin@req@height=\dimen139
\Gin@req@width=\dimen140
)
(C:\Users\indov\AppData\Local\Programs\MiKTeX\tex/latex/adjustbox\adjustbox.sty
Package: adjustbox 2020/08/19 v1.3 Adjusting TeX boxes (trim, clip, ...)
(C:\Users\indov\AppData\Local\Programs\MiKTeX\tex/latex/xkeyval\xkeyval.sty
Package: xkeyval 2022/06/16 v2.9 package option processing (HA)

(C:\Users\indov\AppData\Local\Programs\MiKTeX\tex/generic/xkeyval\xkeyval.tex
(C:\Users\indov\AppData\Local\Programs\MiKTeX\tex/generic/xkeyval\xkvutils.tex
\XKV@toks=\toks19
\XKV@tempa@toks=\toks20
)
\XKV@depth=\count193
File: xkeyval.tex 2014/12/03 v2.7a key=value parser (HA)
))
(C:\Users\indov\AppData\Local\Programs\MiKTeX\tex/latex/adjustbox\adjcalc.sty
Package: adjcalc 2012/05/16 v1.1 Provides advanced setlength with multiple back
-ends (calc, etex, pgfmath)
)
(C:\Users\indov\AppData\Local\Programs\MiKTeX\tex/latex/adjustbox\trimclip.sty
Package: trimclip 2020/08/19 v1.2 Trim and clip general TeX material

(C:\Users\indov\AppData\Local\Programs\MiKTeX\tex/latex/collectbox\collectbox.s
ty
Package: collectbox 2012/05/17 v0.4b Collect macro arguments as boxes
\collectedbox=\box51
)
\tc@llx=\dimen141
\tc@lly=\dimen142
\tc@urx=\dimen143
\tc@ury=\dimen144
Package trimclip Info: Using driver 'tc-pdftex.def'.

(C:\Users\indov\AppData\Local\Programs\MiKTeX\tex/latex/adjustbox\tc-pdftex.def
File: tc-pdftex.def 2019/01/04 v2.2 Clipping driver for pdftex
))
\adjbox@Width=\dimen145
\adjbox@Height=\dimen146
\adjbox@Depth=\dimen147
\adjbox@Totalheight=\dimen148
\adjbox@pwidth=\dimen149
\adjbox@pheight=\dimen150
\adjbox@pdepth=\dimen151
\adjbox@ptotalheight=\dimen152

(C:\Users\indov\AppData\Local\Programs\MiKTeX\tex/latex/ifoddpage\ifoddpage.sty
Package: ifoddpage 2016/04/23 v1.1 Conditionals for odd/even page detection
\c@checkoddpage=\count194
) (C:\Users\indov\AppData\Local\Programs\MiKTeX\tex/latex/varwidth\varwidth.sty
Package: varwidth 2009/03/30 ver 0.92;  Variable-width minipages
\@vwid@box=\box52
\sift@deathcycles=\count195
\@vwid@loff=\dimen153
\@vwid@roff=\dimen154
)) (C:\Users\indov\AppData\Local\Programs\MiKTeX\tex/latex/amsmath\amsmath.sty
Package: amsmath 2022/04/08 v2.17n AMS math features
\@mathmargin=\skip49

For additional information on amsmath, use the `?' option.
(C:\Users\indov\AppData\Local\Programs\MiKTeX\tex/latex/amsmath\amstext.sty
Package: amstext 2021/08/26 v2.01 AMS text

(C:\Users\indov\AppData\Local\Programs\MiKTeX\tex/latex/amsmath\amsgen.sty
File: amsgen.sty 1999/11/30 v2.0 generic functions
\@emptytoks=\toks21
\ex@=\dimen155
))
(C:\Users\indov\AppData\Local\Programs\MiKTeX\tex/latex/amsmath\amsbsy.sty
Package: amsbsy 1999/11/29 v1.2d Bold Symbols
\pmbraise@=\dimen156
)
(C:\Users\indov\AppData\Local\Programs\MiKTeX\tex/latex/amsmath\amsopn.sty
Package: amsopn 2022/04/08 v2.04 operator names
)
\inf@bad=\count196
LaTeX Info: Redefining \frac on input line 234.
\uproot@=\count197
\leftroot@=\count198
LaTeX Info: Redefining \overline on input line 399.
LaTeX Info: Redefining \colon on input line 410.
\classnum@=\count199
\DOTSCASE@=\count266
LaTeX Info: Redefining \ldots on input line 496.
LaTeX Info: Redefining \dots on input line 499.
LaTeX Info: Redefining \cdots on input line 620.
\Mathstrutbox@=\box53
\strutbox@=\box54
LaTeX Info: Redefining \big on input line 722.
LaTeX Info: Redefining \Big on input line 723.
LaTeX Info: Redefining \bigg on input line 724.
LaTeX Info: Redefining \Bigg on input line 725.
\big@size=\dimen157
LaTeX Font Info:    Redeclaring font encoding OML on input line 743.
LaTeX Font Info:    Redeclaring font encoding OMS on input line 744.
\macc@depth=\count267
LaTeX Info: Redefining \bmod on input line 905.
LaTeX Info: Redefining \pmod on input line 910.
LaTeX Info: Redefining \smash on input line 940.
LaTeX Info: Redefining \relbar on input line 970.
LaTeX Info: Redefining \Relbar on input line 971.
\c@MaxMatrixCols=\count268
\dotsspace@=\muskip16
\c@parentequation=\count269
\dspbrk@lvl=\count270
\tag@help=\toks22
\row@=\count271
\column@=\count272
\maxfields@=\count273
\andhelp@=\toks23
\eqnshift@=\dimen158
\alignsep@=\dimen159
\tagshift@=\dimen160
\tagwidth@=\dimen161
\totwidth@=\dimen162
\lineht@=\dimen163
\@envbody=\toks24
\multlinegap=\skip50
\multlinetaggap=\skip51
\mathdisplay@stack=\toks25
LaTeX Info: Redefining \[ on input line 2953.
LaTeX Info: Redefining \] on input line 2954.
)
(C:\Users\indov\AppData\Local\Programs\MiKTeX\tex/latex/amsfonts\amsfonts.sty
Package: amsfonts 2013/01/14 v3.01 Basic AMSFonts support
\symAMSa=\mathgroup4
\symAMSb=\mathgroup5
LaTeX Font Info:    Redeclaring math symbol \hbar on input line 98.
LaTeX Font Info:    Overwriting math alphabet `\mathfrak' in version `bold'
(Font)                  U/euf/m/n --> U/euf/b/n on input line 106.
)
(C:\Users\indov\AppData\Local\Programs\MiKTeX\tex/latex/amsfonts\amssymb.sty
Package: amssymb 2013/01/14 v3.01 AMS font symbols
)
(C:\Users\indov\AppData\Local\Programs\MiKTeX\tex/latex/mhchem\mhchem.sty
Package: mhchem 2021/12/31 v4.09 for typesetting chemical formulae

(C:\Users\indov\AppData\Local\Programs\MiKTeX\tex/latex/l3kernel\expl3.sty
Package: expl3 2022-08-30 L3 programming layer (loader) 

(C:\Users\indov\AppData\Local\Programs\MiKTeX\tex/latex/l3backend\l3backend-pdf
tex.def
File: l3backend-pdftex.def 2022-08-30 L3 backend support: PDF output (pdfTeX)
\l__color_backend_stack_int=\count274
\l__pdf_internal_box=\box55
))
(C:\Users\indov\AppData\Local\Programs\MiKTeX\tex/latex/l3packages/l3keys2e\l3k
eys2e.sty
Package: l3keys2e 2022-06-22 LaTeX2e option processing using LaTeX3 keys
)
(C:\Users\indov\AppData\Local\Programs\MiKTeX\tex/latex/tools\calc.sty
Package: calc 2017/05/25 v4.3 Infix arithmetic (KKT,FJ)
\calc@Acount=\count275
\calc@Bcount=\count276
\calc@Adimen=\dimen164
\calc@Bdimen=\dimen165
\calc@Askip=\skip52
\calc@Bskip=\skip53
LaTeX Info: Redefining \setlength on input line 80.
LaTeX Info: Redefining \addtolength on input line 81.
\calc@Ccount=\count277
\calc@Cskip=\skip54
)
(C:\Users\indov\AppData\Local\Programs\MiKTeX\tex/latex/chemgreek\chemgreek.sty

(C:\Users\indov\AppData\Local\Programs\MiKTeX\tex/latex/l3packages/xparse\xpars
e.sty
Package: xparse 2022-06-22 L3 Experimental document command parser
)
Package: chemgreek 2020/01/16 v1.1a interface for upright Greek letters for use
 in chemistry (CN)
\l__chemgreek_tmpa_int=\count278
\g__chemgreek_tmpa_int=\count279
)
\l__mhchem_ce_distanceFromLastComma_int=\count280
\__mhchem_arrow_extPgfLength_skip=\skip55
\mhchem@minispace@tmp=\skip56
\mhchem@minibackspace@tmp=\skip57
\mhchem@bondwidth=\skip58
\mhchem@bondheight=\skip59
\mhchem@smallbondwidth@tmpA=\skip60
\mhchem@smallbondwidth@tmpB=\skip61
\mhchem@smallbondwidth=\skip62
\mhchem@bondtmp@minussidebearingleft=\skip63
\mhchem@bondtmp@minussidebearingright=\skip64
\l__mhchem_option_version_int=\count281
\mhchem@option@minusmathsidebearingleft=\dimen166
\mhchem@option@minusmathsidebearingright=\dimen167
\mhchem@option@minustextsidebearingleft=\dimen168
\mhchem@option@minustextsidebearingright=\dimen169
)
(C:\Users\indov\AppData\Local\Programs\MiKTeX\tex/latex/stmaryrd\stmaryrd.sty
Package: stmaryrd 1994/03/03 St Mary's Road symbol package
\symstmry=\mathgroup6
LaTeX Font Info:    Overwriting symbol font `stmry' in version `bold'
(Font)                  U/stmry/m/n --> U/stmry/b/n on input line 89.
)
(C:\Users\indov\AppData\Local\Programs\MiKTeX\tex/latex/hyperref\hyperref.sty
Package: hyperref 2022-09-22 v7.00t Hypertext links for LaTeX

(C:\Users\indov\AppData\Local\Programs\MiKTeX\tex/generic/ltxcmds\ltxcmds.sty
Package: ltxcmds 2020-05-10 v1.25 LaTeX kernel commands for general use (HO)
)
(C:\Users\indov\AppData\Local\Programs\MiKTeX\tex/generic/iftex\iftex.sty
Package: iftex 2022/02/03 v1.0f TeX engine tests
)
(C:\Users\indov\AppData\Local\Programs\MiKTeX\tex/generic/pdftexcmds\pdftexcmds
.sty
Package: pdftexcmds 2020-06-27 v0.33 Utility functions of pdfTeX for LuaTeX (HO
)

(C:\Users\indov\AppData\Local\Programs\MiKTeX\tex/generic/infwarerr\infwarerr.s
ty
Package: infwarerr 2019/12/03 v1.5 Providing info/warning/error messages (HO)
)
Package pdftexcmds Info: \pdf@primitive is available.
Package pdftexcmds Info: \pdf@ifprimitive is available.
Package pdftexcmds Info: \pdfdraftmode found.
)
(C:\Users\indov\AppData\Local\Programs\MiKTeX\tex/generic/kvsetkeys\kvsetkeys.s
ty
Package: kvsetkeys 2019/12/15 v1.18 Key value parser (HO)
)
(C:\Users\indov\AppData\Local\Programs\MiKTeX\tex/generic/kvdefinekeys\kvdefine
keys.sty
Package: kvdefinekeys 2019-12-19 v1.6 Define keys (HO)
)
(C:\Users\indov\AppData\Local\Programs\MiKTeX\tex/generic/pdfescape\pdfescape.s
ty
Package: pdfescape 2019/12/09 v1.15 Implements pdfTeX's escape features (HO)
) (C:\Users\indov\AppData\Local\Programs\MiKTeX\tex/latex/hycolor\hycolor.sty
Package: hycolor 2020-01-27 v1.10 Color options for hyperref/bookmark (HO)
)
(C:\Users\indov\AppData\Local\Programs\MiKTeX\tex/latex/letltxmacro\letltxmacro
.sty
Package: letltxmacro 2019/12/03 v1.6 Let assignment for LaTeX macros (HO)
)
(C:\Users\indov\AppData\Local\Programs\MiKTeX\tex/latex/auxhook\auxhook.sty
Package: auxhook 2019-12-17 v1.6 Hooks for auxiliary files (HO)
)
(C:\Users\indov\AppData\Local\Programs\MiKTeX\tex/latex/hyperref\nameref.sty
Package: nameref 2022-05-17 v2.50 Cross-referencing by name of section

(C:\Users\indov\AppData\Local\Programs\MiKTeX\tex/latex/refcount\refcount.sty
Package: refcount 2019/12/15 v3.6 Data extraction from label references (HO)
)
(C:\Users\indov\AppData\Local\Programs\MiKTeX\tex/generic/gettitlestring\gettit
lestring.sty
Package: gettitlestring 2019/12/15 v1.6 Cleanup title references (HO)

(C:\Users\indov\AppData\Local\Programs\MiKTeX\tex/latex/kvoptions\kvoptions.sty
Package: kvoptions 2022-06-15 v3.15 Key value format for package options (HO)
))
\c@section@level=\count282
)
\@linkdim=\dimen170
\Hy@linkcounter=\count283
\Hy@pagecounter=\count284
 (C:\Users\indov\AppData\Local\Programs\MiKTeX\tex/latex/hyperref\pd1enc.def
File: pd1enc.def 2022-09-22 v7.00t Hyperref: PDFDocEncoding definition (HO)
Now handling font encoding PD1 ...
... no UTF-8 mapping file for font encoding PD1
) (C:\Users\indov\AppData\Local\Programs\MiKTeX\tex/generic/intcalc\intcalc.sty
Package: intcalc 2019/12/15 v1.3 Expandable calculations with integers (HO)
)
(C:\Users\indov\AppData\Local\Programs\MiKTeX\tex/generic/etexcmds\etexcmds.sty
Package: etexcmds 2019/12/15 v1.7 Avoid name clashes with e-TeX commands (HO)
)
\Hy@SavedSpaceFactor=\count285
 (C:\Users\indov\AppData\Local\Programs\MiKTeX\tex/latex/hyperref\puenc.def
File: puenc.def 2022-09-22 v7.00t Hyperref: PDF Unicode definition (HO)
Now handling font encoding PU ...
... no UTF-8 mapping file for font encoding PU
)
Package hyperref Info: Hyper figures OFF on input line 4162.
Package hyperref Info: Link nesting OFF on input line 4167.
Package hyperref Info: Hyper index ON on input line 4170.
Package hyperref Info: Plain pages OFF on input line 4177.
Package hyperref Info: Backreferencing OFF on input line 4182.
Package hyperref Info: Implicit mode ON; LaTeX internals redefined.
\stockwidth=\dimen171
\stockheight=\dimen172
Package hyperref Info: Bookmarks ON on input line 4410.
\c@Hy@tempcnt=\count286

(C:\Users\indov\AppData\Local\Programs\MiKTeX\tex/latex/url\url.sty
\Urlmuskip=\muskip17
Package: url 2013/09/16  ver 3.4  Verb mode for urls, etc.
)
LaTeX Info: Redefining \url on input line 4748.
\XeTeXLinkMargin=\dimen173

(C:\Users\indov\AppData\Local\Programs\MiKTeX\tex/generic/bitset\bitset.sty
Package: bitset 2019/12/09 v1.3 Handle bit-vector datatype (HO)

(C:\Users\indov\AppData\Local\Programs\MiKTeX\tex/generic/bigintcalc\bigintcalc
.sty
Package: bigintcalc 2019/12/15 v1.5 Expandable calculations on big integers (HO
)
))
\Fld@menulength=\count287
\Field@Width=\dimen174
\Fld@charsize=\dimen175
Package hyperref Info: Hyper figures OFF on input line 6027.
Package hyperref Info: Link nesting OFF on input line 6032.
Package hyperref Info: Hyper index ON on input line 6035.
Package hyperref Info: backreferencing OFF on input line 6042.
Package hyperref Info: Link coloring OFF on input line 6047.
Package hyperref Info: Link coloring with OCG OFF on input line 6052.
Package hyperref Info: PDF/A mode OFF on input line 6057.

(C:\Users\indov\AppData\Local\Programs\MiKTeX\tex/latex/base\atbegshi-ltx.sty
Package: atbegshi-ltx 2021/01/10 v1.0c Emulation of the original atbegshi
package with kernel methods
)
\Hy@abspage=\count288
\c@Item=\count289
\c@Hfootnote=\count290
)
Package hyperref Info: Driver (autodetected): hpdftex.
(C:\Users\indov\AppData\Local\Programs\MiKTeX\tex/latex/hyperref\hpdftex.def
File: hpdftex.def 2022-09-22 v7.00t Hyperref driver for pdfTeX

(C:\Users\indov\AppData\Local\Programs\MiKTeX\tex/latex/base\atveryend-ltx.sty
Package: atveryend-ltx 2020/08/19 v1.0a Emulation of the original atveryend pac
kage
with kernel methods
)
\Fld@listcount=\count291
\c@bookmark@seq@number=\count292

(C:\Users\indov\AppData\Local\Programs\MiKTeX\tex/latex/rerunfilecheck\rerunfil
echeck.sty
Package: rerunfilecheck 2022-07-10 v1.10 Rerun checks for auxiliary files (HO)

(C:\Users\indov\AppData\Local\Programs\MiKTeX\tex/generic/uniquecounter\uniquec
ounter.sty
Package: uniquecounter 2019/12/15 v1.4 Provide unlimited unique counter (HO)
)
Package uniquecounter Info: New unique counter `rerunfilecheck' on input line 2
85.
)
\Hy@SectionHShift=\skip65
)
Package hyperref Info: Option `colorlinks' set `true' on input line 13.

No file "Understanding Water Reuse".aux.
\openout1 = `"Understanding Water Reuse.aux"'.

LaTeX Font Info:    Checking defaults for OML/cmm/m/it on input line 22.
LaTeX Font Info:    ... okay on input line 22.
LaTeX Font Info:    Checking defaults for OMS/cmsy/m/n on input line 22.
LaTeX Font Info:    ... okay on input line 22.
LaTeX Font Info:    Checking defaults for OT1/cmr/m/n on input line 22.
LaTeX Font Info:    ... okay on input line 22.
LaTeX Font Info:    Checking defaults for T1/cmr/m/n on input line 22.
LaTeX Font Info:    ... okay on input line 22.
LaTeX Font Info:    Checking defaults for TS1/cmr/m/n on input line 22.
LaTeX Font Info:    ... okay on input line 22.
LaTeX Font Info:    Checking defaults for OMX/cmex/m/n on input line 22.
LaTeX Font Info:    ... okay on input line 22.
LaTeX Font Info:    Checking defaults for U/cmr/m/n on input line 22.
LaTeX Font Info:    ... okay on input line 22.
LaTeX Font Info:    Checking defaults for PD1/pdf/m/n on input line 22.
LaTeX Font Info:    ... okay on input line 22.
LaTeX Font Info:    Checking defaults for PU/pdf/m/n on input line 22.
LaTeX Font Info:    ... okay on input line 22.

(C:\Users\indov\AppData\Local\Programs\MiKTeX\tex/context/base/mkii\supp-pdf.mk
ii
[Loading MPS to PDF converter (version 2006.09.02).]
\scratchcounter=\count293
\scratchdimen=\dimen176
\scratchbox=\box56
\nofMPsegments=\count294
\nofMParguments=\count295
\everyMPshowfont=\toks26
\MPscratchCnt=\count296
\MPscratchDim=\dimen177
\MPnumerator=\count297
\makeMPintoPDFobject=\count298
\everyMPtoPDFconversion=\toks27
)
(C:\Users\indov\AppData\Local\Programs\MiKTeX\tex/latex/epstopdf-pkg\epstopdf-b
ase.sty
Package: epstopdf-base 2020-01-24 v2.11 Base part for package epstopdf
Package epstopdf-base Info: Redefining graphics rule for `.eps' on input line 4
85.

(C:\Users\indov\AppData\Local\Programs\MiKTeX\tex/latex/00miktex\epstopdf-sys.c
fg
File: epstopdf-sys.cfg 2021/03/18 v2.0 Configuration of epstopdf for MiKTeX
))

Package chemgreek Info: Activating mapping `default' on line 22.

 (C:\Users\indov\AppData\Local\Programs\MiKTeX\tex/latex/graphics\color.sty
Package: color 2022/01/06 v1.3d Standard LaTeX Color (DPC)
(C:\Users\indov\AppData\Local\Programs\MiKTeX\tex/latex/graphics-cfg\color.cfg
File: color.cfg 2016/01/02 v1.6 sample color configuration
)
Package color Info: Driver file: pdftex.def on input line 149.

(C:\Users\indov\AppData\Local\Programs\MiKTeX\tex/latex-dev/graphics\mathcolor.
ltx))
Package hyperref Info: Link coloring ON on input line 22.
\@outlinefile=\write3
\openout3 = `"Understanding Water Reuse.out"'.

LaTeX Font Info:    Trying to load font information for U+msa on input line 24.

 (C:\Users\indov\AppData\Local\Programs\MiKTeX\tex/latex/amsfonts\umsa.fd
File: umsa.fd 2013/01/14 v3.01 AMS symbols A
)
LaTeX Font Info:    Trying to load font information for U+msb on input line 24.

(C:\Users\indov\AppData\Local\Programs\MiKTeX\tex/latex/amsfonts\umsb.fd
File: umsb.fd 2013/01/14 v3.01 AMS symbols B
)
LaTeX Font Info:    Trying to load font information for U+stmry on input line 2
4.

(C:\Users\indov\AppData\Local\Programs\MiKTeX\tex/latex/stmaryrd\ustmry.fd)
<./images//2022_11_05_93277ca2de7ec5580550g-01.jpg, id=3, 896.34875pt x 645.411
25pt>
File: ./images//2022_11_05_93277ca2de7ec5580550g-01.jpg Graphic file (type jpg)

<use ./images//2022_11_05_93277ca2de7ec5580550g-01.jpg>
Package pdftex.def Info: ./images//2022_11_05_93277ca2de7ec5580550g-01.jpg  use
d on input line 28.
(pdftex.def)             Requested size: 896.34657pt x 645.40968pt.

Overfull \hbox (14.99275pt too wide) in paragraph at lines 28--29
[][] 
 []

[1

{C:/Users/indov/AppData/Local/MiKTeX/fonts/map/pdftex/pdftex.map} <./images//20
22_11_05_93277ca2de7ec5580550g-01.jpg>]
<./images//2022_11_05_93277ca2de7ec5580550g-01(1).jpg, id=11, 976.64874pt x 653
.44125pt>
File: ./images//2022_11_05_93277ca2de7ec5580550g-01(1).jpg Graphic file (type j
pg)
<use ./images//2022_11_05_93277ca2de7ec5580550g-01(1).jpg>
Package pdftex.def Info: ./images//2022_11_05_93277ca2de7ec5580550g-01(1).jpg  
used on input line 35.
(pdftex.def)             Requested size: 976.64636pt x 653.43965pt.

Overfull \hbox (15.0064pt too wide) in paragraph at lines 35--36
[][] 
 []

[2 <./images//2022_11_05_93277ca2de7ec5580550g-01(1).jpg>]
<./images//2022_11_05_93277ca2de7ec5580550g-02.jpg, id=19, 537.00626pt x 409.53
pt>
File: ./images//2022_11_05_93277ca2de7ec5580550g-02.jpg Graphic file (type jpg)

<use ./images//2022_11_05_93277ca2de7ec5580550g-02.jpg>
Package pdftex.def Info: ./images//2022_11_05_93277ca2de7ec5580550g-02.jpg  use
d on input line 47.
(pdftex.def)             Requested size: 537.00494pt x 409.52899pt.

Overfull \hbox (15.00208pt too wide) in paragraph at lines 47--48
[][] 
 []

[3 <./images//2022_11_05_93277ca2de7ec5580550g-02.jpg>]
<./images//2022_11_05_93277ca2de7ec5580550g-02(1).jpg, id=27, 804.00375pt x 545
.03625pt>
File: ./images//2022_11_05_93277ca2de7ec5580550g-02(1).jpg Graphic file (type j
pg)
<use ./images//2022_11_05_93277ca2de7ec5580550g-02(1).jpg>
Package pdftex.def Info: ./images//2022_11_05_93277ca2de7ec5580550g-02(1).jpg  
used on input line 64.
(pdftex.def)             Requested size: 804.0018pt x 545.03493pt.

Overfull \hbox (14.99106pt too wide) in paragraph at lines 64--65
[][] 
 []


Underfull \hbox (badness 10000) in paragraph at lines 69--70

 []

[4 <./images//2022_11_05_93277ca2de7ec5580550g-02(1).jpg>]
<./images//2022_11_05_93277ca2de7ec5580550g-03.jpg, id=33, 1708.3825pt x 566.11
5pt>
File: ./images//2022_11_05_93277ca2de7ec5580550g-03.jpg Graphic file (type jpg)

<use ./images//2022_11_05_93277ca2de7ec5580550g-03.jpg>
Package pdftex.def Info: ./images//2022_11_05_93277ca2de7ec5580550g-03.jpg  use
d on input line 71.
(pdftex.def)             Requested size: 1708.37836pt x 566.11362pt.

Overfull \hbox (14.98106pt too wide) in paragraph at lines 71--72
[][] 
 []

<./images//2022_11_05_93277ca2de7ec5580550g-03(1).jpg, id=34, 1056.94875pt x 62
4.3325pt>
File: ./images//2022_11_05_93277ca2de7ec5580550g-03(1).jpg Graphic file (type j
pg)
<use ./images//2022_11_05_93277ca2de7ec5580550g-03(1).jpg>
Package pdftex.def Info: ./images//2022_11_05_93277ca2de7ec5580550g-03(1).jpg  
used on input line 75.
(pdftex.def)             Requested size: 1056.94617pt x 624.33098pt.

Overfull \hbox (14.98802pt too wide) in paragraph at lines 75--76
[][] 
 []


Overfull \hbox (5.77545pt too wide) in paragraph at lines 80--81
\T1/cmr/m/n/10 Throughout the United States, some com-mu-ni-ties may al-ready b
e reusing wastew-
 []

[5 <./images//2022_11_05_93277ca2de7ec5580550g-03.jpg> <./images//2022_11_05_93
277ca2de7ec5580550g-03(1).jpg>]
<./images//2022_11_05_93277ca2de7ec5580550g-04.jpg, id=40, 1721.43124pt x 1195.
46625pt>
File: ./images//2022_11_05_93277ca2de7ec5580550g-04.jpg Graphic file (type jpg)

<use ./images//2022_11_05_93277ca2de7ec5580550g-04.jpg>
Package pdftex.def Info: ./images//2022_11_05_93277ca2de7ec5580550g-04.jpg  use
d on input line 82.
(pdftex.def)             Requested size: 1721.42706pt x 1195.46333pt.

Overfull \hbox (14.98936pt too wide) in paragraph at lines 82--83
[][] 
 []


Overfull \hbox (30.07779pt too wide) in paragraph at lines 86--86
[]\T1/cmr/bx/n/14.4 CASE STUDY: THE TRIN-ITY RIVER IN TEXAS 
 []

[6 <./images//2022_11_05_93277ca2de7ec5580550g-04.jpg>]
<./images//2022_11_05_93277ca2de7ec5580550g-05.jpg, id=46, 1095.09125pt x 1009.
7725pt>
File: ./images//2022_11_05_93277ca2de7ec5580550g-05.jpg Graphic file (type jpg)

<use ./images//2022_11_05_93277ca2de7ec5580550g-05.jpg>
Package pdftex.def Info: ./images//2022_11_05_93277ca2de7ec5580550g-05.jpg  use
d on input line 93.
(pdftex.def)             Requested size: 1095.08858pt x 1009.77003pt.

Overfull \hbox (15.00569pt too wide) in paragraph at lines 93--94
[][] 
 []

[7 <./images//2022_11_05_93277ca2de7ec5580550g-05.jpg>]
Overfull \hbox (0.24591pt too wide) in paragraph at lines 101--102
[]\T1/cmr/m/n/10 Pathogens. Bac-te-ria, viruses, and other in-fec-tious or-gan-
isms en-ter wastew-
 []

<./images//2022_11_05_93277ca2de7ec5580550g-06.jpg, id=52, 849.1725pt x 573.141
25pt>
File: ./images//2022_11_05_93277ca2de7ec5580550g-06.jpg Graphic file (type jpg)

<use ./images//2022_11_05_93277ca2de7ec5580550g-06.jpg>
Package pdftex.def Info: ./images//2022_11_05_93277ca2de7ec5580550g-06.jpg  use
d on input line 114.
(pdftex.def)             Requested size: 849.17043pt x 573.13985pt.

Overfull \hbox (15.00139pt too wide) in paragraph at lines 114--115
[][] 
 []

[8] [9 <./images//2022_11_05_93277ca2de7ec5580550g-06.jpg>]
<./images//2022_11_05_93277ca2de7ec5580550g-07.jpg, id=63, 1032.85875pt x 1264.
725pt>
File: ./images//2022_11_05_93277ca2de7ec5580550g-07.jpg Graphic file (type jpg)

<use ./images//2022_11_05_93277ca2de7ec5580550g-07.jpg>
Package pdftex.def Info: ./images//2022_11_05_93277ca2de7ec5580550g-07.jpg  use
d on input line 127.
(pdftex.def)             Requested size: 1032.85623pt x 1264.72192pt.

Overfull \hbox (14.98935pt too wide) in paragraph at lines 127--128
[][] 
 []


Overfull \hbox (2.87982pt too wide) in paragraph at lines 129--129
[]\T1/cmr/bx/n/14.4 THE EVOLV-ING ROLE OF EN-VI-RON-MEN-
 []

[10 <./images//2022_11_05_93277ca2de7ec5580550g-07.jpg>]
<./images//2022_11_05_93277ca2de7ec5580550g-08.jpg, id=68, 1639.12375pt x 1165.
35374pt>
File: ./images//2022_11_05_93277ca2de7ec5580550g-08.jpg Graphic file (type jpg)

<use ./images//2022_11_05_93277ca2de7ec5580550g-08.jpg>
Package pdftex.def Info: ./images//2022_11_05_93277ca2de7ec5580550g-08.jpg  use
d on input line 139.
(pdftex.def)             Requested size: 1639.11977pt x 1165.3509pt.

Overfull \hbox (15.0015pt too wide) in paragraph at lines 139--140
[][] 
 []

[11]
<./images//2022_11_05_93277ca2de7ec5580550g-09.jpg, id=75, 1098.1025pt x 892.33
376pt>
File: ./images//2022_11_05_93277ca2de7ec5580550g-09.jpg Graphic file (type jpg)

<use ./images//2022_11_05_93277ca2de7ec5580550g-09.jpg>
Package pdftex.def Info: ./images//2022_11_05_93277ca2de7ec5580550g-09.jpg  use
d on input line 146.
(pdftex.def)             Requested size: 1098.09981pt x 892.33159pt.

Overfull \hbox (14.99931pt too wide) in paragraph at lines 146--147
[][] 
 []

[12 <./images//2022_11_05_93277ca2de7ec5580550g-08.jpg>]
<./images//2022_11_05_93277ca2de7ec5580550g-10.jpg, id=81, 469.755pt x 488.8262
5pt>
File: ./images//2022_11_05_93277ca2de7ec5580550g-10.jpg Graphic file (type jpg)

<use ./images//2022_11_05_93277ca2de7ec5580550g-10.jpg>
Package pdftex.def Info: ./images//2022_11_05_93277ca2de7ec5580550g-10.jpg  use
d on input line 154.
(pdftex.def)             Requested size: 469.75386pt x 488.82504pt.

Overfull \hbox (14.997pt too wide) in paragraph at lines 154--156
[][] 
 []

[13 <./images//2022_11_05_93277ca2de7ec5580550g-09.jpg>] [14 <./images//2022_11
_05_93277ca2de7ec5580550g-10.jpg>]
<./images//2022_11_05_93277ca2de7ec5580550g-11.jpg, id=94, 1038.88126pt x 714.6
7pt>
File: ./images//2022_11_05_93277ca2de7ec5580550g-11.jpg Graphic file (type jpg)

<use ./images//2022_11_05_93277ca2de7ec5580550g-11.jpg>
Package pdftex.def Info: ./images//2022_11_05_93277ca2de7ec5580550g-11.jpg  use
d on input line 173.
(pdftex.def)             Requested size: 1038.87872pt x 714.66824pt.

Overfull \hbox (14.98775pt too wide) in paragraph at lines 173--174
[][] 
 []

[15]
<./images//2022_11_05_93277ca2de7ec5580550g-12.jpg, id=100, 357.335pt x 472.766
25pt>
File: ./images//2022_11_05_93277ca2de7ec5580550g-12.jpg Graphic file (type jpg)

<use ./images//2022_11_05_93277ca2de7ec5580550g-12.jpg>
Package pdftex.def Info: ./images//2022_11_05_93277ca2de7ec5580550g-12.jpg  use
d on input line 177.
(pdftex.def)             Requested size: 357.33412pt x 472.76509pt.

Overfull \hbox (15.01695pt too wide) in paragraph at lines 177--179
[][] 
 []

[16 <./images//2022_11_05_93277ca2de7ec5580550g-11.jpg>]
Overfull \hbox (20.52551pt too wide) in paragraph at lines 180--181
[]\T1/cmr/m/n/10 For more in-for-ma-tion re-lat-ing to the re-port, visit: [][]
http://nas-sites.org/waterreuse[][] 
 []

<./images//2022_11_05_93277ca2de7ec5580550g-12(1).jpg, id=106, 233.87375pt x 23
3.87375pt>
File: ./images//2022_11_05_93277ca2de7ec5580550g-12(1).jpg Graphic file (type j
pg)
<use ./images//2022_11_05_93277ca2de7ec5580550g-12(1).jpg>
Package pdftex.def Info: ./images//2022_11_05_93277ca2de7ec5580550g-12(1).jpg  
used on input line 182.
(pdftex.def)             Requested size: 233.87315pt x 233.87315pt.
[17 <./images//2022_11_05_93277ca2de7ec5580550g-12.jpg>] [18 <./images//2022_11
_05_93277ca2de7ec5580550g-12(1).jpg>]
Overfull \hbox (7.49725pt too wide) in paragraph at lines 204--205
\T1/cmr/m/n/10 of En-gi-neer-ing, In-sti-tute of Medicine, and the Na-tional Re
-search Coun-cil^^Vprovide
 []

[19] (Understanding Water Reuse.aux)

Package rerunfilecheck Warning: File `"Understanding Water Reuse".out' has chan
ged.
(rerunfilecheck)                Rerun to get outlines right
(rerunfilecheck)                or use package `bookmark'.

Package rerunfilecheck Info: Checksums for `"Understanding Water Reuse".out':
(rerunfilecheck)             Before: <no file>
(rerunfilecheck)             After:  F24B705D867223FA4ED99BF8839518E4;2961.
 ) 
Here is how much of TeX's memory you used:
 12373 strings out of 475389
 211225 string characters out of 2777000
 546983 words of memory out of 3000000
 33523 multiletter control sequences out of 15000+600000
 481000 words of font info for 66 fonts, out of 8000000 for 9000
 1141 hyphenation exceptions out of 8191
 72i,6n,77p,1247b,437s stack positions out of 10000i,1000n,20000p,200000b,80000s
 <C:\Users\indov\AppData\Local\MiKTeX\fonts/pk/ljfour/jknappen/ec/dpi600\tcrm
1000.pk> <C:\Users\indov\AppData\Local\MiKTeX\fonts/pk/ljfour/jknappen/ec/dpi60
0\ecbx1440.pk> <C:\Users\indov\AppData\Local\MiKTeX\fonts/pk/ljfour/jknappen/ec
/dpi600\ecrm1000.pk> <C:\Users\indov\AppData\Local\MiKTeX\fonts/pk/ljfour/jknap
pen/ec/dpi600\ecrm1728.pk><C:/Users/indov/AppData/Local/Programs/MiKTeX/fonts/t
ype1/public/amsfonts/cm/cmmi10.pfb><C:/Users/indov/AppData/Local/Programs/MiKTe
X/fonts/type1/public/amsfonts/cm/cmr10.pfb>
Output written on "Understanding Water Reuse.pdf" (19 pages, 1594288 bytes).
PDF statistics:
 314 PDF objects out of 1000 (max. 8388607)
 36 named destinations out of 1000 (max. 500000)
 81 words of extra memory for PDF output out of 10000 (max. 10000000)

