This is pdfTeX, Version 3.141592653-2.6-1.40.22 (MiKTeX 21.3) (preloaded format=pdflatex 2021.5.30)  29 APR 2022 23:37
entering extended mode
**"./WATR048 NewMain.tex"
(WATR048 NewMain.tex
LaTeX2e <2020-10-01> patch level 4
L3 programming layer <2021-05-27>
(C:\Users\indov\AppData\Local\Programs\MiKTeX\tex/latex/base\book.cls
Document Class: book 2020/04/10 v1.4m Standard LaTeX document class
(C:\Users\indov\AppData\Local\Programs\MiKTeX\tex/latex/base\fleqn.clo
File: fleqn.clo 2016/12/29 v1.2b Standard LaTeX option (flush left equations)
\mathindent=\skip47
Applying: [2015/01/01] Make \[ robust on input line 50.
LaTeX Info: Redefining \[ on input line 51.
Already applied: [0000/00/00] Make \[ robust on input line 62.
Applying: [2015/01/01] Make \] robust on input line 74.
LaTeX Info: Redefining \] on input line 75.
Already applied: [0000/00/00] Make \] robust on input line 83.
)
(C:\Users\indov\AppData\Local\Programs\MiKTeX\tex/latex/base\bk11.clo
File: bk11.clo 2020/04/10 v1.4m Standard LaTeX file (size option)
)
\c@part=\count181
\c@chapter=\count182
\c@section=\count183
\c@subsection=\count184
\c@subsubsection=\count185
\c@paragraph=\count186
\c@subparagraph=\count187
\c@figure=\count188
\c@table=\count189
\abovecaptionskip=\skip48
\belowcaptionskip=\skip49
\bibindent=\dimen138
)
(C:\Users\indov\AppData\Local\Programs\MiKTeX\tex/latex/xcolor\xcolor.sty
Package: xcolor 2016/05/11 v2.12 LaTeX color extensions (UK)

(C:\Users\indov\AppData\Local\Programs\MiKTeX\tex/latex/graphics-cfg\color.cfg
File: color.cfg 2016/01/02 v1.6 sample color configuration
)
Package xcolor Info: Driver file: pdftex.def on input line 225.

(C:\Users\indov\AppData\Local\Programs\MiKTeX\tex/latex/graphics-def\pdftex.def
File: pdftex.def 2020/10/05 v1.2a Graphics/color driver for pdftex
)
Package xcolor Info: Model `cmy' substituted by `cmy0' on input line 1348.
Package xcolor Info: Model `hsb' substituted by `rgb' on input line 1352.
Package xcolor Info: Model `RGB' extended on input line 1364.
Package xcolor Info: Model `HTML' substituted by `rgb' on input line 1366.
Package xcolor Info: Model `Hsb' substituted by `hsb' on input line 1367.
Package xcolor Info: Model `tHsb' substituted by `hsb' on input line 1368.
Package xcolor Info: Model `HSB' substituted by `hsb' on input line 1369.
Package xcolor Info: Model `Gray' substituted by `gray' on input line 1370.
Package xcolor Info: Model `wave' substituted by `hsb' on input line 1371.
 (C:\Users\indov\AppData\Local\Programs\MiKTeX\tex/latex/graphics\dvipsnam.def
File: dvipsnam.def 2016/06/17 v3.0m Driver-dependent file (DPC,SPQR)
)) (WATR048 Math Problems Structure.tex
(C:\Users\indov\AppData\Local\Programs\MiKTeX\tex/latex/graphics\graphicx.sty
Package: graphicx 2020/09/09 v1.2b Enhanced LaTeX Graphics (DPC,SPQR)

(C:\Users\indov\AppData\Local\Programs\MiKTeX\tex/latex/graphics\keyval.sty
Package: keyval 2014/10/28 v1.15 key=value parser (DPC)
\KV@toks@=\toks15
)
(C:\Users\indov\AppData\Local\Programs\MiKTeX\tex/latex/graphics\graphics.sty
Package: graphics 2020/08/30 v1.4c Standard LaTeX Graphics (DPC,SPQR)

(C:\Users\indov\AppData\Local\Programs\MiKTeX\tex/latex/graphics\trig.sty
Package: trig 2016/01/03 v1.10 sin cos tan (DPC)
)
(C:\Users\indov\AppData\Local\Programs\MiKTeX\tex/latex/graphics-cfg\graphics.c
fg
File: graphics.cfg 2016/06/04 v1.11 sample graphics configuration
)
Package graphics Info: Driver file: pdftex.def on input line 105.
)
\Gin@req@height=\dimen139
\Gin@req@width=\dimen140
) (C:\Users\indov\AppData\Local\Programs\MiKTeX\tex/latex/lipsum\lipsum.sty (C:
\Users\indov\AppData\Local\Programs\MiKTeX\tex/latex/l3kernel\expl3.sty
Package: expl3 2021-05-27 L3 programming layer (loader) 

(C:\Users\indov\AppData\Local\Programs\MiKTeX\tex/latex/l3backend\l3backend-pdf
tex.def
File: l3backend-pdftex.def 2021-05-07 L3 backend support: PDF output (pdfTeX)
\l__color_backend_stack_int=\count190
\l__pdf_internal_box=\box47
))
(C:\Users\indov\AppData\Local\Programs\MiKTeX\tex/latex/l3packages/xparse\xpars
e.sty
(C:\Users\indov\AppData\Local\Programs\MiKTeX\tex/latex/l3packages/xparse\xpars
e-2020-10-01.sty
(C:\Users\indov\AppData\Local\Programs\MiKTeX\tex/latex/l3packages/xparse\xpars
e-generic.tex)))
Package: lipsum 2021-03-03 v2.3 150 paragraphs of Lorem Ipsum dummy text

(C:\Users\indov\AppData\Local\Programs\MiKTeX\tex/latex/lipsum\lipsum.ltd.tex
File: lipsum.ltd.tex 2021-03-03 v2.3 The Lorem ipsum dummy text
))
(C:\Users\indov\AppData\Local\Programs\MiKTeX\tex/latex/pgf/frontendlayer\tikz.
sty
(C:\Users\indov\AppData\Local\Programs\MiKTeX\tex/latex/pgf/basiclayer\pgf.sty
(C:\Users\indov\AppData\Local\Programs\MiKTeX\tex/latex/pgf/utilities\pgfrcs.st
y
(C:\Users\indov\AppData\Local\Programs\MiKTeX\tex/generic/pgf/utilities\pgfutil
-common.tex
\pgfutil@everybye=\toks16
\pgfutil@tempdima=\dimen141
\pgfutil@tempdimb=\dimen142

(C:\Users\indov\AppData\Local\Programs\MiKTeX\tex/generic/pgf/utilities\pgfutil
-common-lists.tex))
(C:\Users\indov\AppData\Local\Programs\MiKTeX\tex/generic/pgf/utilities\pgfutil
-latex.def
\pgfutil@abb=\box48
)
(C:\Users\indov\AppData\Local\Programs\MiKTeX\tex/generic/pgf/utilities\pgfrcs.
code.tex
(C:\Users\indov\AppData\Local\Programs\MiKTeX\tex/generic/pgf\pgf.revision.tex)
Package: pgfrcs 2021/05/15 v3.1.9a (3.1.9a)
))
Package: pgf 2021/05/15 v3.1.9a (3.1.9a)

(C:\Users\indov\AppData\Local\Programs\MiKTeX\tex/latex/pgf/basiclayer\pgfcore.
sty
(C:\Users\indov\AppData\Local\Programs\MiKTeX\tex/latex/pgf/systemlayer\pgfsys.
sty
(C:\Users\indov\AppData\Local\Programs\MiKTeX\tex/generic/pgf/systemlayer\pgfsy
s.code.tex
Package: pgfsys 2021/05/15 v3.1.9a (3.1.9a)

(C:\Users\indov\AppData\Local\Programs\MiKTeX\tex/generic/pgf/utilities\pgfkeys
.code.tex
\pgfkeys@pathtoks=\toks17
\pgfkeys@temptoks=\toks18

(C:\Users\indov\AppData\Local\Programs\MiKTeX\tex/generic/pgf/utilities\pgfkeys
filtered.code.tex
\pgfkeys@tmptoks=\toks19
))
\pgf@x=\dimen143
\pgf@y=\dimen144
\pgf@xa=\dimen145
\pgf@ya=\dimen146
\pgf@xb=\dimen147
\pgf@yb=\dimen148
\pgf@xc=\dimen149
\pgf@yc=\dimen150
\pgf@xd=\dimen151
\pgf@yd=\dimen152
\w@pgf@writea=\write3
\r@pgf@reada=\read2
\c@pgf@counta=\count191
\c@pgf@countb=\count192
\c@pgf@countc=\count193
\c@pgf@countd=\count194
\t@pgf@toka=\toks20
\t@pgf@tokb=\toks21
\t@pgf@tokc=\toks22
\pgf@sys@id@count=\count195

(C:\Users\indov\AppData\Local\Programs\MiKTeX\tex/generic/pgf/systemlayer\pgf.c
fg
File: pgf.cfg 2021/05/15 v3.1.9a (3.1.9a)
)
Driver file for pgf: pgfsys-pdftex.def

(C:\Users\indov\AppData\Local\Programs\MiKTeX\tex/generic/pgf/systemlayer\pgfsy
s-pdftex.def
File: pgfsys-pdftex.def 2021/05/15 v3.1.9a (3.1.9a)

(C:\Users\indov\AppData\Local\Programs\MiKTeX\tex/generic/pgf/systemlayer\pgfsy
s-common-pdf.def
File: pgfsys-common-pdf.def 2021/05/15 v3.1.9a (3.1.9a)
)))
(C:\Users\indov\AppData\Local\Programs\MiKTeX\tex/generic/pgf/systemlayer\pgfsy
ssoftpath.code.tex
File: pgfsyssoftpath.code.tex 2021/05/15 v3.1.9a (3.1.9a)
\pgfsyssoftpath@smallbuffer@items=\count196
\pgfsyssoftpath@bigbuffer@items=\count197
)
(C:\Users\indov\AppData\Local\Programs\MiKTeX\tex/generic/pgf/systemlayer\pgfsy
sprotocol.code.tex
File: pgfsysprotocol.code.tex 2021/05/15 v3.1.9a (3.1.9a)
))
(C:\Users\indov\AppData\Local\Programs\MiKTeX\tex/generic/pgf/basiclayer\pgfcor
e.code.tex
Package: pgfcore 2021/05/15 v3.1.9a (3.1.9a)

(C:\Users\indov\AppData\Local\Programs\MiKTeX\tex/generic/pgf/math\pgfmath.code
.tex
(C:\Users\indov\AppData\Local\Programs\MiKTeX\tex/generic/pgf/math\pgfmathcalc.
code.tex
(C:\Users\indov\AppData\Local\Programs\MiKTeX\tex/generic/pgf/math\pgfmathutil.
code.tex)
(C:\Users\indov\AppData\Local\Programs\MiKTeX\tex/generic/pgf/math\pgfmathparse
r.code.tex
\pgfmath@dimen=\dimen153
\pgfmath@count=\count198
\pgfmath@box=\box49
\pgfmath@toks=\toks23
\pgfmath@stack@operand=\toks24
\pgfmath@stack@operation=\toks25
)
(C:\Users\indov\AppData\Local\Programs\MiKTeX\tex/generic/pgf/math\pgfmathfunct
ions.code.tex
(C:\Users\indov\AppData\Local\Programs\MiKTeX\tex/generic/pgf/math\pgfmathfunct
ions.basic.code.tex)
(C:\Users\indov\AppData\Local\Programs\MiKTeX\tex/generic/pgf/math\pgfmathfunct
ions.trigonometric.code.tex)
(C:\Users\indov\AppData\Local\Programs\MiKTeX\tex/generic/pgf/math\pgfmathfunct
ions.random.code.tex)
(C:\Users\indov\AppData\Local\Programs\MiKTeX\tex/generic/pgf/math\pgfmathfunct
ions.comparison.code.tex)
(C:\Users\indov\AppData\Local\Programs\MiKTeX\tex/generic/pgf/math\pgfmathfunct
ions.base.code.tex)
(C:\Users\indov\AppData\Local\Programs\MiKTeX\tex/generic/pgf/math\pgfmathfunct
ions.round.code.tex)
(C:\Users\indov\AppData\Local\Programs\MiKTeX\tex/generic/pgf/math\pgfmathfunct
ions.misc.code.tex)
(C:\Users\indov\AppData\Local\Programs\MiKTeX\tex/generic/pgf/math\pgfmathfunct
ions.integerarithmetics.code.tex)))
(C:\Users\indov\AppData\Local\Programs\MiKTeX\tex/generic/pgf/math\pgfmathfloat
.code.tex
\c@pgfmathroundto@lastzeros=\count199
))
(C:\Users\indov\AppData\Local\Programs\MiKTeX\tex/generic/pgf/math\pgfint.code.
tex)
(C:\Users\indov\AppData\Local\Programs\MiKTeX\tex/generic/pgf/basiclayer\pgfcor
epoints.code.tex
File: pgfcorepoints.code.tex 2021/05/15 v3.1.9a (3.1.9a)
\pgf@picminx=\dimen154
\pgf@picmaxx=\dimen155
\pgf@picminy=\dimen156
\pgf@picmaxy=\dimen157
\pgf@pathminx=\dimen158
\pgf@pathmaxx=\dimen159
\pgf@pathminy=\dimen160
\pgf@pathmaxy=\dimen161
\pgf@xx=\dimen162
\pgf@xy=\dimen163
\pgf@yx=\dimen164
\pgf@yy=\dimen165
\pgf@zx=\dimen166
\pgf@zy=\dimen167
)
(C:\Users\indov\AppData\Local\Programs\MiKTeX\tex/generic/pgf/basiclayer\pgfcor
epathconstruct.code.tex
File: pgfcorepathconstruct.code.tex 2021/05/15 v3.1.9a (3.1.9a)
\pgf@path@lastx=\dimen168
\pgf@path@lasty=\dimen169
)
(C:\Users\indov\AppData\Local\Programs\MiKTeX\tex/generic/pgf/basiclayer\pgfcor
epathusage.code.tex
File: pgfcorepathusage.code.tex 2021/05/15 v3.1.9a (3.1.9a)
\pgf@shorten@end@additional=\dimen170
\pgf@shorten@start@additional=\dimen171
)
(C:\Users\indov\AppData\Local\Programs\MiKTeX\tex/generic/pgf/basiclayer\pgfcor
escopes.code.tex
File: pgfcorescopes.code.tex 2021/05/15 v3.1.9a (3.1.9a)
\pgfpic=\box50
\pgf@hbox=\box51
\pgf@layerbox@main=\box52
\pgf@picture@serial@count=\count266
)
(C:\Users\indov\AppData\Local\Programs\MiKTeX\tex/generic/pgf/basiclayer\pgfcor
egraphicstate.code.tex
File: pgfcoregraphicstate.code.tex 2021/05/15 v3.1.9a (3.1.9a)
\pgflinewidth=\dimen172
)
(C:\Users\indov\AppData\Local\Programs\MiKTeX\tex/generic/pgf/basiclayer\pgfcor
etransformations.code.tex
File: pgfcoretransformations.code.tex 2021/05/15 v3.1.9a (3.1.9a)
\pgf@pt@x=\dimen173
\pgf@pt@y=\dimen174
\pgf@pt@temp=\dimen175
)
(C:\Users\indov\AppData\Local\Programs\MiKTeX\tex/generic/pgf/basiclayer\pgfcor
equick.code.tex
File: pgfcorequick.code.tex 2021/05/15 v3.1.9a (3.1.9a)
)
(C:\Users\indov\AppData\Local\Programs\MiKTeX\tex/generic/pgf/basiclayer\pgfcor
eobjects.code.tex
File: pgfcoreobjects.code.tex 2021/05/15 v3.1.9a (3.1.9a)
)
(C:\Users\indov\AppData\Local\Programs\MiKTeX\tex/generic/pgf/basiclayer\pgfcor
epathprocessing.code.tex
File: pgfcorepathprocessing.code.tex 2021/05/15 v3.1.9a (3.1.9a)
)
(C:\Users\indov\AppData\Local\Programs\MiKTeX\tex/generic/pgf/basiclayer\pgfcor
earrows.code.tex
File: pgfcorearrows.code.tex 2021/05/15 v3.1.9a (3.1.9a)
\pgfarrowsep=\dimen176
)
(C:\Users\indov\AppData\Local\Programs\MiKTeX\tex/generic/pgf/basiclayer\pgfcor
eshade.code.tex
File: pgfcoreshade.code.tex 2021/05/15 v3.1.9a (3.1.9a)
\pgf@max=\dimen177
\pgf@sys@shading@range@num=\count267
\pgf@shadingcount=\count268
)
(C:\Users\indov\AppData\Local\Programs\MiKTeX\tex/generic/pgf/basiclayer\pgfcor
eimage.code.tex
File: pgfcoreimage.code.tex 2021/05/15 v3.1.9a (3.1.9a)

(C:\Users\indov\AppData\Local\Programs\MiKTeX\tex/generic/pgf/basiclayer\pgfcor
eexternal.code.tex
File: pgfcoreexternal.code.tex 2021/05/15 v3.1.9a (3.1.9a)
\pgfexternal@startupbox=\box53
))
(C:\Users\indov\AppData\Local\Programs\MiKTeX\tex/generic/pgf/basiclayer\pgfcor
elayers.code.tex
File: pgfcorelayers.code.tex 2021/05/15 v3.1.9a (3.1.9a)
)
(C:\Users\indov\AppData\Local\Programs\MiKTeX\tex/generic/pgf/basiclayer\pgfcor
etransparency.code.tex
File: pgfcoretransparency.code.tex 2021/05/15 v3.1.9a (3.1.9a)
)
(C:\Users\indov\AppData\Local\Programs\MiKTeX\tex/generic/pgf/basiclayer\pgfcor
epatterns.code.tex
File: pgfcorepatterns.code.tex 2021/05/15 v3.1.9a (3.1.9a)
)
(C:\Users\indov\AppData\Local\Programs\MiKTeX\tex/generic/pgf/basiclayer\pgfcor
erdf.code.tex
File: pgfcorerdf.code.tex 2021/05/15 v3.1.9a (3.1.9a)
)))
(C:\Users\indov\AppData\Local\Programs\MiKTeX\tex/generic/pgf/modules\pgfmodule
shapes.code.tex
File: pgfmoduleshapes.code.tex 2021/05/15 v3.1.9a (3.1.9a)
\pgfnodeparttextbox=\box54
)
(C:\Users\indov\AppData\Local\Programs\MiKTeX\tex/generic/pgf/modules\pgfmodule
plot.code.tex
File: pgfmoduleplot.code.tex 2021/05/15 v3.1.9a (3.1.9a)
)
(C:\Users\indov\AppData\Local\Programs\MiKTeX\tex/latex/pgf/compatibility\pgfco
mp-version-0-65.sty
Package: pgfcomp-version-0-65 2021/05/15 v3.1.9a (3.1.9a)
\pgf@nodesepstart=\dimen178
\pgf@nodesepend=\dimen179
)
(C:\Users\indov\AppData\Local\Programs\MiKTeX\tex/latex/pgf/compatibility\pgfco
mp-version-1-18.sty
Package: pgfcomp-version-1-18 2021/05/15 v3.1.9a (3.1.9a)
))
(C:\Users\indov\AppData\Local\Programs\MiKTeX\tex/latex/pgf/utilities\pgffor.st
y
(C:\Users\indov\AppData\Local\Programs\MiKTeX\tex/latex/pgf/utilities\pgfkeys.s
ty
(C:\Users\indov\AppData\Local\Programs\MiKTeX\tex/generic/pgf/utilities\pgfkeys
.code.tex))
(C:\Users\indov\AppData\Local\Programs\MiKTeX\tex/latex/pgf/math\pgfmath.sty
(C:\Users\indov\AppData\Local\Programs\MiKTeX\tex/generic/pgf/math\pgfmath.code
.tex))
(C:\Users\indov\AppData\Local\Programs\MiKTeX\tex/generic/pgf/utilities\pgffor.
code.tex
Package: pgffor 2021/05/15 v3.1.9a (3.1.9a)

(C:\Users\indov\AppData\Local\Programs\MiKTeX\tex/generic/pgf/math\pgfmath.code
.tex)
\pgffor@iter=\dimen180
\pgffor@skip=\dimen181
\pgffor@stack=\toks26
\pgffor@toks=\toks27
))
(C:\Users\indov\AppData\Local\Programs\MiKTeX\tex/generic/pgf/frontendlayer/tik
z\tikz.code.tex
Package: tikz 2021/05/15 v3.1.9a (3.1.9a)

(C:\Users\indov\AppData\Local\Programs\MiKTeX\tex/generic/pgf/libraries\pgflibr
aryplothandlers.code.tex
File: pgflibraryplothandlers.code.tex 2021/05/15 v3.1.9a (3.1.9a)
\pgf@plot@mark@count=\count269
\pgfplotmarksize=\dimen182
)
\tikz@lastx=\dimen183
\tikz@lasty=\dimen184
\tikz@lastxsaved=\dimen185
\tikz@lastysaved=\dimen186
\tikz@lastmovetox=\dimen187
\tikz@lastmovetoy=\dimen188
\tikzleveldistance=\dimen189
\tikzsiblingdistance=\dimen190
\tikz@figbox=\box55
\tikz@figbox@bg=\box56
\tikz@tempbox=\box57
\tikz@tempbox@bg=\box58
\tikztreelevel=\count270
\tikznumberofchildren=\count271
\tikznumberofcurrentchild=\count272
\tikz@fig@count=\count273

(C:\Users\indov\AppData\Local\Programs\MiKTeX\tex/generic/pgf/modules\pgfmodule
matrix.code.tex
File: pgfmodulematrix.code.tex 2021/05/15 v3.1.9a (3.1.9a)
\pgfmatrixcurrentrow=\count274
\pgfmatrixcurrentcolumn=\count275
\pgf@matrix@numberofcolumns=\count276
)
\tikz@expandcount=\count277

(C:\Users\indov\AppData\Local\Programs\MiKTeX\tex/generic/pgf/frontendlayer/tik
z/libraries\tikzlibrarytopaths.code.tex
File: tikzlibrarytopaths.code.tex 2021/05/15 v3.1.9a (3.1.9a)
)))
(C:\Users\indov\AppData\Local\Programs\MiKTeX\tex/generic/babel\babel.sty
Package: babel 2021/05/16 3.59 The Babel package

(C:\Users\indov\AppData\Local\Programs\MiKTeX\tex/generic/babel\babel.def
File: babel.def 2021/05/16 3.59 Babel common definitions
\babel@savecnt=\count278
\U@D=\dimen191
\l@unhyphenated=\language79

(C:\Users\indov\AppData\Local\Programs\MiKTeX\tex/generic/babel\txtbabel.def)
\bbl@readstream=\read3
)
\bbl@dirlevel=\count279

*************************************
* Local config file bblopts.cfg used
*
(C:\Users\indov\AppData\Local\Programs\MiKTeX\tex/latex/arabi\bblopts.cfg
File: bblopts.cfg 2005/09/08 v0.1 add Arabic and Farsi to "declared" options of
 babel
)
(C:\Users\indov\AppData\Local\Programs\MiKTeX\tex/latex/babel-english\english.l
df
Language: english 2017/06/06 v3.3r English support from the babel system
Package babel Info: Hyphen rules for 'canadian' set to \l@english
(babel)             (\language0). Reported on input line 102.
Package babel Info: Hyphen rules for 'australian' set to \l@ukenglish
(babel)             (\language73). Reported on input line 105.
Package babel Info: Hyphen rules for 'newzealand' set to \l@ukenglish
(babel)             (\language73). Reported on input line 108.
))
(C:\Users\indov\AppData\Local\Programs\MiKTeX\tex/latex/enumitem\enumitem.sty
Package: enumitem 2019/06/20 v3.9 Customized lists
\labelindent=\skip50
\enit@outerparindent=\dimen192
\enit@toks=\toks28
\enit@inbox=\box59
\enit@count@id=\count280
\enitdp@description=\count281
)
(C:\Users\indov\AppData\Local\Programs\MiKTeX\tex/latex/booktabs\booktabs.sty
Package: booktabs 2020/01/12 v1.61803398 Publication quality tables
\heavyrulewidth=\dimen193
\lightrulewidth=\dimen194
\cmidrulewidth=\dimen195
\belowrulesep=\dimen196
\belowbottomsep=\dimen197
\aboverulesep=\dimen198
\abovetopsep=\dimen199
\cmidrulesep=\dimen256
\cmidrulekern=\dimen257
\defaultaddspace=\dimen258
\@cmidla=\count282
\@cmidlb=\count283
\@aboverulesep=\dimen259
\@belowrulesep=\dimen260
\@thisruleclass=\count284
\@lastruleclass=\count285
\@thisrulewidth=\dimen261
)
(C:\Users\indov\AppData\Local\Programs\MiKTeX\tex/latex/geometry\geometry.sty
Package: geometry 2020/01/02 v5.9 Page Geometry

(C:\Users\indov\AppData\Local\Programs\MiKTeX\tex/generic/iftex\ifvtex.sty
Package: ifvtex 2019/10/25 v1.7 ifvtex legacy package. Use iftex instead.

(C:\Users\indov\AppData\Local\Programs\MiKTeX\tex/generic/iftex\iftex.sty
Package: iftex 2020/03/06 v1.0d TeX engine tests
))
\Gm@cnth=\count286
\Gm@cntv=\count287
\c@Gm@tempcnt=\count288
\Gm@bindingoffset=\dimen262
\Gm@wd@mp=\dimen263
\Gm@odd@mp=\dimen264
\Gm@even@mp=\dimen265
\Gm@layoutwidth=\dimen266
\Gm@layoutheight=\dimen267
\Gm@layouthoffset=\dimen268
\Gm@layoutvoffset=\dimen269
\Gm@dimlist=\toks29

(C:\Users\indov\AppData\Local\Programs\MiKTeX\tex/latex/geometry\geometry.cfg))
(C:\Users\indov\AppData\Local\Programs\MiKTeX\tex/latex/ulem\ulem.sty
\UL@box=\box60
\UL@hyphenbox=\box61
\UL@skip=\skip51
\UL@hook=\toks30
\UL@height=\dimen270
\UL@pe=\count289
\UL@pixel=\dimen271
\ULC@box=\box62
Package: ulem 2019/11/18
\ULdepth=\dimen272
)
(C:\Users\indov\AppData\Local\Programs\MiKTeX\tex/latex/amsmath\amsmath.sty
Package: amsmath 2020/09/23 v2.17i AMS math features
\@mathmargin=\skip52

For additional information on amsmath, use the `?' option.
(C:\Users\indov\AppData\Local\Programs\MiKTeX\tex/latex/amsmath\amstext.sty
Package: amstext 2000/06/29 v2.01 AMS text

(C:\Users\indov\AppData\Local\Programs\MiKTeX\tex/latex/amsmath\amsgen.sty
File: amsgen.sty 1999/11/30 v2.0 generic functions
\@emptytoks=\toks31
\ex@=\dimen273
))
(C:\Users\indov\AppData\Local\Programs\MiKTeX\tex/latex/amsmath\amsbsy.sty
Package: amsbsy 1999/11/29 v1.2d Bold Symbols
\pmbraise@=\dimen274
)
(C:\Users\indov\AppData\Local\Programs\MiKTeX\tex/latex/amsmath\amsopn.sty
Package: amsopn 2016/03/08 v2.02 operator names
)
\inf@bad=\count290
LaTeX Info: Redefining \frac on input line 234.
\uproot@=\count291
\leftroot@=\count292
LaTeX Info: Redefining \overline on input line 399.
\classnum@=\count293
\DOTSCASE@=\count294
LaTeX Info: Redefining \ldots on input line 496.
LaTeX Info: Redefining \dots on input line 499.
LaTeX Info: Redefining \cdots on input line 620.
\Mathstrutbox@=\box63
\strutbox@=\box64
\big@size=\dimen275
LaTeX Font Info:    Redeclaring font encoding OML on input line 743.
LaTeX Font Info:    Redeclaring font encoding OMS on input line 744.
\macc@depth=\count295
\c@MaxMatrixCols=\count296
\dotsspace@=\muskip16
\c@parentequation=\count297
\dspbrk@lvl=\count298
\tag@help=\toks32
\row@=\count299
\column@=\count300
\maxfields@=\count301
\andhelp@=\toks33
\eqnshift@=\dimen276
\alignsep@=\dimen277
\tagshift@=\dimen278
\tagwidth@=\dimen279
\totwidth@=\dimen280
\lineht@=\dimen281
\@envbody=\toks34
\multlinegap=\skip53
\multlinetaggap=\skip54
\mathdisplay@stack=\toks35
LaTeX Info: Redefining \[ on input line 2923.
LaTeX Info: Redefining \] on input line 2924.
)
(C:\Users\indov\AppData\Local\Programs\MiKTeX\tex/latex/tabulary\tabulary.sty
Package: tabulary 2014/06/11 v0.10 tabulary package (DPC)

(C:\Users\indov\AppData\Local\Programs\MiKTeX\tex/latex/latex-tools\array.sty
Package: array 2020/10/01 v2.5c Tabular extension package (FMi)
\col@sep=\dimen282
\ar@mcellbox=\box65
\extrarowheight=\dimen283
\NC@list=\toks36
\extratabsurround=\skip55
\backup@length=\skip56
\ar@cellbox=\box66
)
\TY@count=\count302
\TY@linewidth=\dimen284
\tymin=\dimen285
\tymax=\dimen286
\TY@tablewidth=\dimen287
)
(C:\Users\indov\AppData\Local\Programs\MiKTeX\tex/latex/latex-tools\tabularx.st
y
Package: tabularx 2020/01/15 v2.11c `tabularx' package (DPC)
\TX@col@width=\dimen288
\TX@old@table=\dimen289
\TX@old@col=\dimen290
\TX@target=\dimen291
\TX@delta=\dimen292
\TX@cols=\count303
\TX@ftn=\toks37
) (C:\Users\indov\AppData\Local\Programs\MiKTeX\tex/latex/cancel\cancel.sty
Package: cancel 2013/04/12 v2.2 Cancel math terms
)
(C:\Users\indov\AppData\Local\Programs\MiKTeX\tex/latex/pagecolor\pagecolor.sty
Package: pagecolor 2017/05/29 v1.0i Provides thepagecolor (HMM)

(C:\Users\indov\AppData\Local\Programs\MiKTeX\tex/latex/kvoptions\kvoptions.sty
Package: kvoptions 2020-10-07 v3.14 Key value format for package options (HO)
(C:\Users\indov\AppData\Local\Programs\MiKTeX\tex/generic/ltxcmds\ltxcmds.sty
Package: ltxcmds 2020-05-10 v1.25 LaTeX kernel commands for general use (HO)
)
(C:\Users\indov\AppData\Local\Programs\MiKTeX\tex/generic/kvsetkeys\kvsetkeys.s
ty
Package: kvsetkeys 2019/12/15 v1.18 Key value parser (HO)
)) (C:\Users\indov\AppData\Local\Programs\MiKTeX\tex/generic/iftex\ifpdf.sty
Package: ifpdf 2019/10/25 v3.4 ifpdf legacy package. Use iftex instead.
) (C:\Users\indov\AppData\Local\Programs\MiKTeX\tex/generic/iftex\ifluatex.sty
Package: ifluatex 2019/10/25 v1.5 ifluatex legacy package. Use iftex instead.
))
(C:\Users\indov\AppData\Local\Programs\MiKTeX\tex/latex/latex-tools\afterpage.s
ty
Package: afterpage 2014/10/28 v1.08 After-Page Package (DPC)
\AP@output=\toks38
\AP@partial=\box67
\AP@footins=\box68
) (C:\Users\indov\AppData\Local\Programs\MiKTeX\tex/generic/soul\soul.sty
Package: soul 2003/11/17 v2.4 letterspacing/underlining (mf)
\SOUL@word=\toks39
\SOUL@lasttoken=\toks40
\SOUL@cmds=\toks41
\SOUL@buffer=\toks42
\SOUL@token=\toks43
\SOUL@spaceskip=\skip57
\SOUL@ttwidth=\dimen293
\SOUL@uldp=\dimen294
\SOUL@ulht=\dimen295
)
(C:\Users\indov\AppData\Local\Programs\MiKTeX\tex/latex/base\fixltx2e.sty
Package: fixltx2e 2016/12/29 v2.1a fixes to LaTeX (obsolete)
Applying: [2015/01/01] Old fixltx2e package on input line 46.


Package fixltx2e Warning: fixltx2e is not required with releases after 2015
(fixltx2e)                All fixes are now in the LaTeX kernel.
(fixltx2e)                See the latexrelease package for details.

Already applied: [0000/00/00] Old fixltx2e package on input line 53.
) (C:\Users\indov\AppData\Local\Programs\MiKTeX\tex/latex/base\inputenc.sty
Package: inputenc 2020/08/01 v1.3d Input encoding file
\inpenc@prehook=\toks44
\inpenc@posthook=\toks45
)
(C:\Users\indov\AppData\Local\Programs\MiKTeX\tex/latex/siunitx\siunitx.sty
Package: siunitx 2021-05-28 v3.0.7 A comprehensive (SI) units package
\l__siunitx_angle_tmp_dim=\dimen296
\l__siunitx_angle_marker_box=\box69
\l__siunitx_angle_unit_box=\box70
\l__siunitx_compound_count_int=\count304

(C:\Users\indov\AppData\Local\Programs\MiKTeX\tex/latex/translations\translatio
ns.sty
Package: translations 2021/01/17 v1.10a internationalization of LaTeX2e package
s (CN)

(C:\Users\indov\AppData\Local\Programs\MiKTeX\tex/latex/etoolbox\etoolbox.sty
Package: etoolbox 2020/10/05 v2.5k e-TeX tools for LaTeX (JAW)
\etb@tempcnta=\count305
)
(C:\Users\indov\AppData\Local\Programs\MiKTeX\tex/generic/pdftexcmds\pdftexcmds
.sty
Package: pdftexcmds 2020-06-27 v0.33 Utility functions of pdfTeX for LuaTeX (HO
)

(C:\Users\indov\AppData\Local\Programs\MiKTeX\tex/generic/infwarerr\infwarerr.s
ty
Package: infwarerr 2019/12/03 v1.5 Providing info/warning/error messages (HO)
)
Package pdftexcmds Info: \pdf@primitive is available.
Package pdftexcmds Info: \pdf@ifprimitive is available.
Package pdftexcmds Info: \pdfdraftmode found.
))
\l__siunitx_number_exponent_fixed_int=\count306
\l__siunitx_number_min_decimal_int=\count307
\l__siunitx_number_min_integer_int=\count308
\l__siunitx_number_round_precision_int=\count309
\l__siunitx_number_group_minimum_int=\count310
\l__siunitx_table_tmp_box=\box71
\l__siunitx_table_tmp_dim=\dimen297
\l__siunitx_table_column_width_dim=\dimen298
\l__siunitx_table_integer_box=\box72
\l__siunitx_table_decimal_box=\box73
\l__siunitx_table_before_box=\box74
\l__siunitx_table_after_box=\box75
\l__siunitx_table_carry_dim=\dimen299
\l__siunitx_unit_tmp_int=\count311
\l__siunitx_unit_position_int=\count312
\l__siunitx_unit_total_int=\count313

(C:\Users\indov\AppData\Local\Programs\MiKTeX\tex/latex/l3packages/l3keys2e\l3k
eys2e.sty
Package: l3keys2e 2021-05-27 LaTeX2e option processing using LaTeX3 keys
))
(C:\Users\indov\AppData\Local\Programs\MiKTeX\tex/latex/pdflscape\pdflscape.sty
Package: pdflscape 2019/12/05 v0.12 Display of landscape pages in PDF (HO)
(C:\Users\indov\AppData\Local\Programs\MiKTeX\tex/latex/graphics\lscape.sty
Package: lscape 2020/05/28 v3.02 Landscape Pages (DPC)
)
Package pdflscape Info: Auto-detected driver: pdftex on input line 81.
)
(C:\Users\indov\AppData\Local\Programs\MiKTeX\tex/latex/float\float.sty
Package: float 2001/11/08 v1.3d Float enhancements (AL)
\c@float@type=\count314
\float@exts=\toks46
\float@box=\box76
\@float@everytoks=\toks47
\@floatcapt=\box77
)
(C:\Users\indov\AppData\Local\Programs\MiKTeX\tex/latex/framed\framed.sty
Package: framed 2011/10/22 v 0.96: framed or shaded text with page breaks
\OuterFrameSep=\skip58
\fb@frw=\dimen300
\fb@frh=\dimen301
\FrameRule=\dimen302
\FrameSep=\dimen303
)
(C:\Users\indov\AppData\Local\Programs\MiKTeX\tex/latex/lastpage\lastpage.sty
Package: lastpage 2015/03/29 v1.2m Refers to last page's name (HMM; JPG)
)
(C:\Users\indov\AppData\Local\Programs\MiKTeX\tex/latex/base\ifthen.sty
Package: ifthen 2014/09/29 v1.1c Standard LaTeX ifthen package (DPC)
)
(C:\Users\indov\AppData\Local\Programs\MiKTeX\tex/latex/fancyhdr\fancyhdr.sty
Package: fancyhdr 2021/01/28 v4.0.1 Extensive control of page headers and foote
rs
\f@nch@headwidth=\skip59
\f@nch@O@elh=\skip60
\f@nch@O@erh=\skip61
\f@nch@O@olh=\skip62
\f@nch@O@orh=\skip63
\f@nch@O@elf=\skip64
\f@nch@O@erf=\skip65
\f@nch@O@olf=\skip66
\f@nch@O@orf=\skip67
)
(C:\Users\indov\AppData\Local\Programs\MiKTeX\tex/latex/ragged2e\ragged2e.sty
Package: ragged2e 2021/02/05 v3.0 ragged2e Package


LaTeX Warning: Command \@arrayparboxrestore  has changed.
               Check if current package is valid.

(C:\Users\indov\AppData\Local\Programs\MiKTeX\tex/latex/everysel\everysel.sty
Package: everysel 2021/01/20 v2.1 EverySelectfont Package (MS)

(C:\Users\indov\AppData\Local\Programs\MiKTeX\tex/latex/everysel\everysel-2011-
10-28.sty))
(C:\Users\indov\AppData\Local\Programs\MiKTeX\tex/latex/footmisc\footmisc.sty
Package: footmisc 2011/06/06 v5.5b a miscellany of footnote facilities
\FN@temptoken=\toks48
\footnotemargin=\dimen304
\c@pp@next@reset=\count315
Package footmisc Info: Declaring symbol style bringhurst on input line 855.
Package footmisc Info: Declaring symbol style chicago on input line 863.
Package footmisc Info: Declaring symbol style wiley on input line 872.
Package footmisc Info: Declaring symbol style lamport-robust on input line 883.

Package footmisc Info: Declaring symbol style lamport* on input line 903.
Package footmisc Info: Declaring symbol style lamport*-robust on input line 924
.
)
\CenteringLeftskip=\skip68
\RaggedLeftLeftskip=\skip69
\RaggedRightLeftskip=\skip70
\CenteringRightskip=\skip71
\RaggedLeftRightskip=\skip72
\RaggedRightRightskip=\skip73
\CenteringParfillskip=\skip74
\RaggedLeftParfillskip=\skip75
\RaggedRightParfillskip=\skip76
\JustifyingParfillskip=\skip77
\CenteringParindent=\skip78
\RaggedLeftParindent=\skip79
\RaggedRightParindent=\skip80
\JustifyingParindent=\skip81
) (C:\Users\indov\AppData\Local\Programs\MiKTeX\tex/latex/caption\caption.sty
Package: caption 2020/10/26 v3.5g Customizing captions (AR)

(C:\Users\indov\AppData\Local\Programs\MiKTeX\tex/latex/caption\caption3.sty
Package: caption3 2020/10/21 v2.2e caption3 kernel (AR)
\captionmargin=\dimen305
\captionmargin@=\dimen306
\captionwidth=\dimen307
\caption@tempdima=\dimen308
\caption@indent=\dimen309
\caption@parindent=\dimen310
\caption@hangindent=\dimen311
Package caption Info: Standard document class detected.
)
\c@caption@flags=\count316
\c@continuedfloat=\count317
Package caption Info: float package is loaded.
)
(C:\Users\indov\AppData\Local\Programs\MiKTeX\tex/latex/caption\subcaption.sty
Package: subcaption 2020/10/07 v1.3j Sub-captions (AR)
\c@subfigure=\count318
\c@subtable=\count319
)
(C:\Users\indov\AppData\Local\Programs\MiKTeX\tex/generic/pgf/frontendlayer/tik
z/libraries\tikzlibrarycalc.code.tex
File: tikzlibrarycalc.code.tex 2021/05/15 v3.1.9a (3.1.9a)
)
(C:\Users\indov\AppData\Local\Programs\MiKTeX\tex/generic/pgf/frontendlayer/tik
z/libraries\tikzlibraryarrows.code.tex
File: tikzlibraryarrows.code.tex 2021/05/15 v3.1.9a (3.1.9a)

(C:\Users\indov\AppData\Local\Programs\MiKTeX\tex/generic/pgf/libraries\pgflibr
aryarrows.code.tex
File: pgflibraryarrows.code.tex 2021/05/15 v3.1.9a (3.1.9a)
\arrowsize=\dimen312
))
(C:\Users\indov\AppData\Local\Programs\MiKTeX\tex/latex/graphics\rotating.sty
Package: rotating 2016/08/11 v2.16d rotated objects in LaTeX
\c@r@tfl@t=\count320
\rotFPtop=\skip82
\rotFPbot=\skip83
\rot@float@box=\box78
\rot@mess@toks=\toks49
)
(C:\Users\indov\AppData\Local\Programs\MiKTeX\tex/latex/pdfpages\pdfpages.sty
Package: pdfpages 2021/03/06 v0.5t Insert pages of external PDF documents (AM)

(C:\Users\indov\AppData\Local\Programs\MiKTeX\tex/latex/latex-tools\calc.sty
Package: calc 2017/05/25 v4.3 Infix arithmetic (KKT,FJ)
\calc@Acount=\count321
\calc@Bcount=\count322
\calc@Adimen=\dimen313
\calc@Bdimen=\dimen314
\calc@Askip=\skip84
\calc@Bskip=\skip85
LaTeX Info: Redefining \setlength on input line 80.
LaTeX Info: Redefining \addtolength on input line 81.
\calc@Ccount=\count323
\calc@Cskip=\skip86
)
(C:\Users\indov\AppData\Local\Programs\MiKTeX\tex/latex/eso-pic\eso-pic.sty
Package: eso-pic 2020/10/14 v3.0a eso-pic (RN)
\ESO@tempdima=\dimen315
\ESO@tempdimb=\dimen316
)
\AM@pagewidth=\dimen317
\AM@pageheight=\dimen318
\AM@fboxrule=\dimen319

(C:\Users\indov\AppData\Local\Programs\MiKTeX\tex/latex/pdfpages\pppdftex.def
File: pppdftex.def 2021/03/06 v0.5t Pdfpages driver for pdfTeX (AM)
)
\pdfpages@includegraphics@status=\count324
\AM@pagebox=\box79
\AM@global@opts=\toks50
\AM@pagecnt=\count325
\AM@toc@title=\toks51
\c@AM@survey=\count326
\AM@templatesizebox=\box80
) (C:\Users\indov\AppData\Local\Programs\MiKTeX\tex/latex/was\gensymb.sty
Package: gensymb 2003/07/02 v1.0 (WaS)
)
(C:\Users\indov\AppData\Local\Programs\MiKTeX\tex/latex/psnfss\avant.sty
Package: avant 2020/03/25 PSNFSS-v9.3 (SPQR) 
)
(C:\Users\indov\AppData\Local\Programs\MiKTeX\tex/latex/psnfss\mathptmx.sty
Package: mathptmx 2020/03/25 PSNFSS-v9.3 Times w/ Math, improved (SPQR, WaS) 
LaTeX Font Info:    Redeclaring symbol font `operators' on input line 28.
LaTeX Font Info:    Overwriting symbol font `operators' in version `normal'
(Font)                  OT1/cmr/m/n --> OT1/ztmcm/m/n on input line 28.
LaTeX Font Info:    Overwriting symbol font `operators' in version `bold'
(Font)                  OT1/cmr/bx/n --> OT1/ztmcm/m/n on input line 28.
LaTeX Font Info:    Redeclaring symbol font `letters' on input line 29.
LaTeX Font Info:    Overwriting symbol font `letters' in version `normal'
(Font)                  OML/cmm/m/it --> OML/ztmcm/m/it on input line 29.
LaTeX Font Info:    Overwriting symbol font `letters' in version `bold'
(Font)                  OML/cmm/b/it --> OML/ztmcm/m/it on input line 29.
LaTeX Font Info:    Redeclaring symbol font `symbols' on input line 30.
LaTeX Font Info:    Overwriting symbol font `symbols' in version `normal'
(Font)                  OMS/cmsy/m/n --> OMS/ztmcm/m/n on input line 30.
LaTeX Font Info:    Overwriting symbol font `symbols' in version `bold'
(Font)                  OMS/cmsy/b/n --> OMS/ztmcm/m/n on input line 30.
LaTeX Font Info:    Redeclaring symbol font `largesymbols' on input line 31.
LaTeX Font Info:    Overwriting symbol font `largesymbols' in version `normal'
(Font)                  OMX/cmex/m/n --> OMX/ztmcm/m/n on input line 31.
LaTeX Font Info:    Overwriting symbol font `largesymbols' in version `bold'
(Font)                  OMX/cmex/m/n --> OMX/ztmcm/m/n on input line 31.
\symbold=\mathgroup4
\symitalic=\mathgroup5
LaTeX Font Info:    Redeclaring math alphabet \mathbf on input line 34.
LaTeX Font Info:    Overwriting math alphabet `\mathbf' in version `normal'
(Font)                  OT1/cmr/bx/n --> OT1/ptm/bx/n on input line 34.
LaTeX Font Info:    Overwriting math alphabet `\mathbf' in version `bold'
(Font)                  OT1/cmr/bx/n --> OT1/ptm/bx/n on input line 34.
LaTeX Font Info:    Redeclaring math alphabet \mathit on input line 35.
LaTeX Font Info:    Overwriting math alphabet `\mathit' in version `normal'
(Font)                  OT1/cmr/m/it --> OT1/ptm/m/it on input line 35.
LaTeX Font Info:    Overwriting math alphabet `\mathit' in version `bold'
(Font)                  OT1/cmr/bx/it --> OT1/ptm/m/it on input line 35.
LaTeX Info: Redefining \hbar on input line 50.
)
(C:\Users\indov\AppData\Local\Programs\MiKTeX\tex/latex/microtype\microtype.sty
Package: microtype 2021/03/14 v2.8c Micro-typographical refinements (RS)
\MT@toks=\toks52
\MT@count=\count327
LaTeX Info: Redefining \textls on input line 790.
\MT@outer@kern=\dimen320
LaTeX Info: Redefining \textmicrotypecontext on input line 1374.
\MT@listname@count=\count328

(C:\Users\indov\AppData\Local\Programs\MiKTeX\tex/latex/microtype\microtype-pdf
tex.def
File: microtype-pdftex.def 2021/03/14 v2.8c Definitions specific to pdftex (RS)

LaTeX Info: Redefining \lsstyle on input line 915.
LaTeX Info: Redefining \lslig on input line 915.
\MT@outer@space=\skip87
)
Package microtype Info: Loading configuration file microtype.cfg.

(C:\Users\indov\AppData\Local\Programs\MiKTeX\tex/latex/microtype\microtype.cfg
File: microtype.cfg 2021/03/14 v2.8c microtype main configuration file (RS)
)) (C:\Users\indov\AppData\Local\Programs\MiKTeX\tex/latex/base\fontenc.sty
Package: fontenc 2020/08/10 v2.0s Standard LaTeX package
LaTeX Font Info:    Trying to load font information for T1+ptm on input line 11
2.

(C:\Users\indov\AppData\Local\Programs\MiKTeX\tex/latex/psnfss\t1ptm.fd
File: t1ptm.fd 2001/06/04 font definitions for T1/ptm.
))
(C:\Users\indov\AppData\Local\Programs\MiKTeX\tex/latex/biblatex\biblatex.sty
Package: biblatex 2020/12/31 v3.16 programmable bibliographies (PK/MW)

(C:\Users\indov\AppData\Local\Programs\MiKTeX\tex/latex/logreq\logreq.sty
Package: logreq 2010/08/04 v1.0 xml request logger
\lrq@indent=\count329

(C:\Users\indov\AppData\Local\Programs\MiKTeX\tex/latex/logreq\logreq.def
File: logreq.def 2010/08/04 v1.0 logreq spec v1.0
))
(C:\Users\indov\AppData\Local\Programs\MiKTeX\tex/latex/url\url.sty
\Urlmuskip=\muskip17
Package: url 2013/09/16  ver 3.4  Verb mode for urls, etc.
)
\c@tabx@nest=\count330
\c@listtotal=\count331
\c@listcount=\count332
\c@liststart=\count333
\c@liststop=\count334
\c@citecount=\count335
\c@citetotal=\count336
\c@multicitecount=\count337
\c@multicitetotal=\count338
\c@instcount=\count339
\c@maxnames=\count340
\c@minnames=\count341
\c@maxitems=\count342
\c@minitems=\count343
\c@citecounter=\count344
\c@maxcitecounter=\count345
\c@savedcitecounter=\count346
\c@uniquelist=\count347
\c@uniquename=\count348
\c@refsection=\count349
\c@refsegment=\count350
\c@maxextratitle=\count351
\c@maxextratitleyear=\count352
\c@maxextraname=\count353
\c@maxextradate=\count354
\c@maxextraalpha=\count355
\c@abbrvpenalty=\count356
\c@highnamepenalty=\count357
\c@lownamepenalty=\count358
\c@maxparens=\count359
\c@parenlevel=\count360
\blx@tempcnta=\count361
\blx@tempcntb=\count362
\blx@tempcntc=\count363
\blx@maxsection=\count364
\blx@maxsegment@0=\count365
\blx@notetype=\count366
\blx@parenlevel@text=\count367
\blx@parenlevel@foot=\count368
\blx@sectionciteorder@0=\count369
\blx@entrysetcounter=\count370
\blx@biblioinstance=\count371
\labelnumberwidth=\skip88
\labelalphawidth=\skip89
\biblabelsep=\skip90
\bibitemsep=\skip91
\bibnamesep=\skip92
\bibinitsep=\skip93
\bibparsep=\skip94
\bibhang=\skip95
\blx@bcfin=\read4
\blx@bcfout=\write4
\blx@langwohyphens=\language80
\c@mincomprange=\count372
\c@maxcomprange=\count373
\c@mincompwidth=\count374
Package biblatex Info: Trying to load biblatex default data model...
Package biblatex Info: ... file 'blx-dm.def' found.

(C:\Users\indov\AppData\Local\Programs\MiKTeX\tex/latex/biblatex\blx-dm.def
File: blx-dm.def 2020/12/31 v3.16 biblatex localization (PK/MW)
)
Package biblatex Info: Trying to load biblatex style data model...
Package biblatex Info: ... file 'numeric.dbx' not found.
Package biblatex Info: Trying to load biblatex custom data model...
Package biblatex Info: ... file 'biblatex-dm.cfg' not found.
\c@afterword=\count375
\c@savedafterword=\count376
\c@annotator=\count377
\c@savedannotator=\count378
\c@author=\count379
\c@savedauthor=\count380
\c@bookauthor=\count381
\c@savedbookauthor=\count382
\c@commentator=\count383
\c@savedcommentator=\count384
\c@editor=\count385
\c@savededitor=\count386
\c@editora=\count387
\c@savededitora=\count388
\c@editorb=\count389
\c@savededitorb=\count390
\c@editorc=\count391
\c@savededitorc=\count392
\c@foreword=\count393
\c@savedforeword=\count394
\c@holder=\count395
\c@savedholder=\count396
\c@introduction=\count397
\c@savedintroduction=\count398
\c@namea=\count399
\c@savednamea=\count400
\c@nameb=\count401
\c@savednameb=\count402
\c@namec=\count403
\c@savednamec=\count404
\c@translator=\count405
\c@savedtranslator=\count406
\c@shortauthor=\count407
\c@savedshortauthor=\count408
\c@shorteditor=\count409
\c@savedshorteditor=\count410
\c@labelname=\count411
\c@savedlabelname=\count412
\c@institution=\count413
\c@savedinstitution=\count414
\c@lista=\count415
\c@savedlista=\count416
\c@listb=\count417
\c@savedlistb=\count418
\c@listc=\count419
\c@savedlistc=\count420
\c@listd=\count421
\c@savedlistd=\count422
\c@liste=\count423
\c@savedliste=\count424
\c@listf=\count425
\c@savedlistf=\count426
\c@location=\count427
\c@savedlocation=\count428
\c@organization=\count429
\c@savedorganization=\count430
\c@origlocation=\count431
\c@savedoriglocation=\count432
\c@origpublisher=\count433
\c@savedorigpublisher=\count434
\c@publisher=\count435
\c@savedpublisher=\count436
\c@language=\count437
\c@savedlanguage=\count438
\c@origlanguage=\count439
\c@savedoriglanguage=\count440
\c@pageref=\count441
\c@savedpageref=\count442
\shorthandwidth=\skip96
\shortjournalwidth=\skip97
\shortserieswidth=\skip98
\shorttitlewidth=\skip99
\shortauthorwidth=\skip100
\shorteditorwidth=\skip101
\locallabelnumberwidth=\skip102
\locallabelalphawidth=\skip103
\localshorthandwidth=\skip104
\localshortjournalwidth=\skip105
\localshortserieswidth=\skip106
\localshorttitlewidth=\skip107
\localshortauthorwidth=\skip108
\localshorteditorwidth=\skip109
Package biblatex Info: Trying to load compatibility code...
Package biblatex Info: ... file 'blx-compat.def' found.

(C:\Users\indov\AppData\Local\Programs\MiKTeX\tex/latex/biblatex\blx-compat.def
File: blx-compat.def 2020/12/31 v3.16 biblatex compatibility (PK/MW)
)
Package biblatex Info: Trying to load generic definitions...
Package biblatex Info: ... file 'biblatex.def' found.
 (C:\Users\indov\AppData\Local\Programs\MiKTeX\tex/latex/biblatex\biblatex.def
File: biblatex.def 2020/12/31 v3.16 biblatex compatibility (PK/MW)
\c@textcitecount=\count443
\c@textcitetotal=\count444
\c@textcitemaxnames=\count445
\c@biburlbigbreakpenalty=\count446
\c@biburlbreakpenalty=\count447
\c@biburlnumpenalty=\count448
\c@biburlucpenalty=\count449
\c@biburllcpenalty=\count450
\biburlbigskip=\muskip18
\biburlnumskip=\muskip19
\biburlucskip=\muskip20
\biburllcskip=\muskip21
\c@smartand=\count451
)
Package biblatex Info: Trying to load bibliography style 'numeric'...
Package biblatex Info: ... file 'numeric.bbx' found.

(C:\Users\indov\AppData\Local\Programs\MiKTeX\tex/latex/biblatex/bbx\numeric.bb
x
File: numeric.bbx 2020/12/31 v3.16 biblatex bibliography style (PK/MW)
Package biblatex Info: Trying to load bibliography style 'standard'...
Package biblatex Info: ... file 'standard.bbx' found.

(C:\Users\indov\AppData\Local\Programs\MiKTeX\tex/latex/biblatex/bbx\standard.b
bx
File: standard.bbx 2020/12/31 v3.16 biblatex bibliography style (PK/MW)
\c@bbx:relatedcount=\count452
\c@bbx:relatedtotal=\count453
))
Package biblatex Info: Trying to load citation style 'numeric'...
Package biblatex Info: ... file 'numeric.cbx' found.

(C:\Users\indov\AppData\Local\Programs\MiKTeX\tex/latex/biblatex/cbx\numeric.cb
x
File: numeric.cbx 2020/12/31 v3.16 biblatex citation style (PK/MW)
Package biblatex Info: Redefining '\cite'.
Package biblatex Info: Redefining '\parencite'.
Package biblatex Info: Redefining '\footcite'.
Package biblatex Info: Redefining '\footcitetext'.
Package biblatex Info: Redefining '\smartcite'.
Package biblatex Info: Redefining '\supercite'.
Package biblatex Info: Redefining '\textcite'.
Package biblatex Info: Redefining '\textcites'.
Package biblatex Info: Redefining '\cites'.
Package biblatex Info: Redefining '\parencites'.
Package biblatex Info: Redefining '\smartcites'.
)
Package biblatex Info: Trying to load configuration file...
Package biblatex Info: ... file 'biblatex.cfg' found.

(C:\Users\indov\AppData\Local\Programs\MiKTeX\tex/latex/biblatex\biblatex.cfg
File: biblatex.cfg 
)

Package biblatex Warning: 'babel' option is deprecated.
(biblatex)                Please use 'autolang' instead.

) (C:\Users\indov\AppData\Local\Programs\MiKTeX\tex/latex/base\makeidx.sty
Package: makeidx 2014/09/29 v1.0m Standard LaTeX package
)
\@indexfile=\write5
\openout5 = `"WATR048 NewMain.idx"'.


Writing index file "WATR048 NewMain".idx
(C:\Users\indov\AppData\Local\Programs\MiKTeX\tex/latex/titlesec\titletoc.sty
Package: titletoc 2019/10/16 v2.13 TOC entries
\ttl@leftsep=\dimen321
)
(C:\Users\indov\AppData\Local\Programs\MiKTeX\tex/latex/amsfonts\amsfonts.sty
Package: amsfonts 2013/01/14 v3.01 Basic AMSFonts support
\symAMSa=\mathgroup6
\symAMSb=\mathgroup7
LaTeX Font Info:    Overwriting math alphabet `\mathfrak' in version `bold'
(Font)                  U/euf/m/n --> U/euf/b/n on input line 106.
)
(C:\Users\indov\AppData\Local\Programs\MiKTeX\tex/latex/amsfonts\amssymb.sty
Package: amssymb 2013/01/14 v3.01 AMS font symbols
)
(C:\Users\indov\AppData\Local\Programs\MiKTeX\tex/latex/amscls\amsthm.sty
Package: amsthm 2020/05/29 v2.20.6
\thm@style=\toks53
\thm@bodyfont=\toks54
\thm@headfont=\toks55
\thm@notefont=\toks56
\thm@headpunct=\toks57
\thm@preskip=\skip110
\thm@postskip=\skip111
\thm@headsep=\skip112
\dth@everypar=\toks58
)
\c@notation=\count454
\c@dummy=\count455
\c@problem=\count456
\c@exerciseT=\count457
\c@exampleT=\count458
\c@vocabulary=\count459
\c@definitionT=\count460

(C:\Users\indov\AppData\Local\Programs\MiKTeX\tex/latex/mdframed\mdframed.sty
Package: mdframed 2013/07/01 1.9b: mdframed

(C:\Users\indov\AppData\Local\Programs\MiKTeX\tex/latex/zref\zref-abspage.sty
Package: zref-abspage 2020-07-03 v2.32 Module abspage for zref (HO)

(C:\Users\indov\AppData\Local\Programs\MiKTeX\tex/latex/zref\zref-base.sty
Package: zref-base 2020-07-03 v2.32 Module base for zref (HO)

(C:\Users\indov\AppData\Local\Programs\MiKTeX\tex/generic/kvdefinekeys\kvdefine
keys.sty
Package: kvdefinekeys 2019-12-19 v1.6 Define keys (HO)
)
(C:\Users\indov\AppData\Local\Programs\MiKTeX\tex/generic/etexcmds\etexcmds.sty
Package: etexcmds 2019/12/15 v1.7 Avoid name clashes with e-TeX commands (HO)
) (C:\Users\indov\AppData\Local\Programs\MiKTeX\tex/latex/auxhook\auxhook.sty
Package: auxhook 2019-12-17 v1.6 Hooks for auxiliary files (HO)
)
Package zref Info: New property list: main on input line 764.
Package zref Info: New property: default on input line 765.
Package zref Info: New property: page on input line 766.
) (C:\Users\indov\AppData\Local\Programs\MiKTeX\tex/latex/base\atbegshi-ltx.sty
Package: atbegshi-ltx 2020/08/17 v1.0a Emulation of the original atbegshi packa
ge
with kernel methods
)
\c@abspage=\count461
Package zref Info: New property: abspage on input line 66.
)
(C:\Users\indov\AppData\Local\Programs\MiKTeX\tex/latex/needspace\needspace.sty
Package: needspace 2010/09/12 v1.3d reserve vertical space
)
\mdf@templength=\skip113
\c@mdf@globalstyle@cnt=\count462
\mdf@skipabove@length=\skip114
\mdf@skipbelow@length=\skip115
\mdf@leftmargin@length=\skip116
\mdf@rightmargin@length=\skip117
\mdf@innerleftmargin@length=\skip118
\mdf@innerrightmargin@length=\skip119
\mdf@innertopmargin@length=\skip120
\mdf@innerbottommargin@length=\skip121
\mdf@splittopskip@length=\skip122
\mdf@splitbottomskip@length=\skip123
\mdf@outermargin@length=\skip124
\mdf@innermargin@length=\skip125
\mdf@linewidth@length=\skip126
\mdf@innerlinewidth@length=\skip127
\mdf@middlelinewidth@length=\skip128
\mdf@outerlinewidth@length=\skip129
\mdf@roundcorner@length=\skip130
\mdf@footenotedistance@length=\skip131
\mdf@userdefinedwidth@length=\skip132
\mdf@needspace@length=\skip133
\mdf@frametitleaboveskip@length=\skip134
\mdf@frametitlebelowskip@length=\skip135
\mdf@frametitlerulewidth@length=\skip136
\mdf@frametitleleftmargin@length=\skip137
\mdf@frametitlerightmargin@length=\skip138
\mdf@shadowsize@length=\skip139
\mdf@extratopheight@length=\skip140
\mdf@subtitleabovelinewidth@length=\skip141
\mdf@subtitlebelowlinewidth@length=\skip142
\mdf@subtitleaboveskip@length=\skip143
\mdf@subtitlebelowskip@length=\skip144
\mdf@subtitleinneraboveskip@length=\skip145
\mdf@subtitleinnerbelowskip@length=\skip146
\mdf@subsubtitleabovelinewidth@length=\skip147
\mdf@subsubtitlebelowlinewidth@length=\skip148
\mdf@subsubtitleaboveskip@length=\skip149
\mdf@subsubtitlebelowskip@length=\skip150
\mdf@subsubtitleinneraboveskip@length=\skip151
\mdf@subsubtitleinnerbelowskip@length=\skip152

(C:\Users\indov\AppData\Local\Programs\MiKTeX\tex/latex/mdframed\md-frame-0.mdf
File: md-frame-0.mdf 2013/07/01\ 1.9b: md-frame-0
)
\mdf@frametitlebox=\box81
\mdf@footnotebox=\box82
\mdf@splitbox@one=\box83
\mdf@splitbox@two=\box84
\mdf@splitbox@save=\box85
\mdfsplitboxwidth=\skip153
\mdfsplitboxtotalwidth=\skip154
\mdfsplitboxheight=\skip155
\mdfsplitboxdepth=\skip156
\mdfsplitboxtotalheight=\skip157
\mdfframetitleboxwidth=\skip158
\mdfframetitleboxtotalwidth=\skip159
\mdfframetitleboxheight=\skip160
\mdfframetitleboxdepth=\skip161
\mdfframetitleboxtotalheight=\skip162
\mdffootnoteboxwidth=\skip163
\mdffootnoteboxtotalwidth=\skip164
\mdffootnoteboxheight=\skip165
\mdffootnoteboxdepth=\skip166
\mdffootnoteboxtotalheight=\skip167
\mdftotallinewidth=\skip168
\mdfboundingboxwidth=\skip169
\mdfboundingboxtotalwidth=\skip170
\mdfboundingboxheight=\skip171
\mdfboundingboxdepth=\skip172
\mdfboundingboxtotalheight=\skip173
\mdf@freevspace@length=\skip174
\mdf@horizontalwidthofbox@length=\skip175
\mdf@verticalmarginwhole@length=\skip176
\mdf@horizontalspaceofbox=\skip177
\mdfsubtitleheight=\skip178
\mdfsubsubtitleheight=\skip179
\c@mdfcountframes=\count463

****** mdframed patching \endmdf@trivlist

****** -- success******

\mdf@envdepth=\count464
\c@mdf@env@i=\count465
\c@mdf@env@ii=\count466
\c@mdf@zref@counter=\count467
Package zref Info: New property: mdf@pagevalue on input line 895.
)
\esp=\skip180
\ecart=\skip181

(C:\Users\indov\AppData\Local\Programs\MiKTeX\tex/latex/hyperref\hyperref.sty
Package: hyperref 2021-02-27 v7.00k Hypertext links for LaTeX

(C:\Users\indov\AppData\Local\Programs\MiKTeX\tex/generic/pdfescape\pdfescape.s
ty
Package: pdfescape 2019/12/09 v1.15 Implements pdfTeX's escape features (HO)
) (C:\Users\indov\AppData\Local\Programs\MiKTeX\tex/latex/hycolor\hycolor.sty
Package: hycolor 2020-01-27 v1.10 Color options for hyperref/bookmark (HO)
)
(C:\Users\indov\AppData\Local\Programs\MiKTeX\tex/latex/letltxmacro\letltxmacro
.sty
Package: letltxmacro 2019/12/03 v1.6 Let assignment for LaTeX macros (HO)
)
\@linkdim=\dimen322
\Hy@linkcounter=\count468
\Hy@pagecounter=\count469

(C:\Users\indov\AppData\Local\Programs\MiKTeX\tex/latex/hyperref\pd1enc.def
File: pd1enc.def 2021-02-27 v7.00k Hyperref: PDFDocEncoding definition (HO)
Now handling font encoding PD1 ...
... no UTF-8 mapping file for font encoding PD1
)
(C:\Users\indov\AppData\Local\Programs\MiKTeX\tex/latex/hyperref\hyperref-langp
atches.def
File: hyperref-langpatches.def 2021-02-27 v7.00k Hyperref: patches for babel la
nguages
)
(C:\Users\indov\AppData\Local\Programs\MiKTeX\tex/generic/intcalc\intcalc.sty
Package: intcalc 2019/12/15 v1.3 Expandable calculations with integers (HO)
)
\Hy@SavedSpaceFactor=\count470

(C:\Users\indov\AppData\Local\Programs\MiKTeX\tex/latex/hyperref\puenc.def
File: puenc.def 2021-02-27 v7.00k Hyperref: PDF Unicode definition (HO)
Now handling font encoding PU ...
... no UTF-8 mapping file for font encoding PU
)
Package hyperref Info: Hyper figures OFF on input line 4192.
Package hyperref Info: Link nesting OFF on input line 4197.
Package hyperref Info: Hyper index ON on input line 4200.
Package hyperref Info: Plain pages OFF on input line 4207.
Package hyperref Info: Backreferencing OFF on input line 4212.
Package hyperref Info: Implicit mode ON; LaTeX internals redefined.
Package hyperref Info: Bookmarks ON on input line 4445.
\c@Hy@tempcnt=\count471
LaTeX Info: Redefining \url on input line 4804.
\XeTeXLinkMargin=\dimen323

(C:\Users\indov\AppData\Local\Programs\MiKTeX\tex/generic/bitset\bitset.sty
Package: bitset 2019/12/09 v1.3 Handle bit-vector datatype (HO)

(C:\Users\indov\AppData\Local\Programs\MiKTeX\tex/generic/bigintcalc\bigintcalc
.sty
Package: bigintcalc 2019/12/15 v1.5 Expandable calculations on big integers (HO
)
))
\Fld@menulength=\count472
\Field@Width=\dimen324
\Fld@charsize=\dimen325
Package hyperref Info: Hyper figures OFF on input line 6075.
Package hyperref Info: Link nesting OFF on input line 6080.
Package hyperref Info: Hyper index ON on input line 6083.
Package hyperref Info: backreferencing OFF on input line 6090.
Package hyperref Info: Link coloring OFF on input line 6095.
Package hyperref Info: Link coloring with OCG OFF on input line 6100.
Package hyperref Info: PDF/A mode OFF on input line 6105.
LaTeX Info: Redefining \ref on input line 6145.
LaTeX Info: Redefining \pageref on input line 6149.
\Hy@abspage=\count473
\c@Item=\count474
\c@Hfootnote=\count475
)
Package hyperref Info: Driver (autodetected): hpdftex.

(C:\Users\indov\AppData\Local\Programs\MiKTeX\tex/latex/hyperref\hpdftex.def
File: hpdftex.def 2021-02-27 v7.00k Hyperref driver for pdfTeX

(C:\Users\indov\AppData\Local\Programs\MiKTeX\tex/latex/base\atveryend-ltx.sty
Package: atveryend-ltx 2020/08/19 v1.0a Emulation of the original atvery packag
e
with kernel methods
)
\HyAnn@Count=\count476
\Fld@listcount=\count477
\c@bookmark@seq@number=\count478

(C:\Users\indov\AppData\Local\Programs\MiKTeX\tex/latex/rerunfilecheck\rerunfil
echeck.sty
Package: rerunfilecheck 2019/12/05 v1.9 Rerun checks for auxiliary files (HO)

(C:\Users\indov\AppData\Local\Programs\MiKTeX\tex/generic/uniquecounter\uniquec
ounter.sty
Package: uniquecounter 2019/12/15 v1.4 Provide unlimited unique counter (HO)
)
Package uniquecounter Info: New unique counter `rerunfilecheck' on input line 2
86.
)
\Hy@SectionHShift=\skip182
)

Package hyperref Warning: Option `backref' has already been used,
(hyperref)                setting the option has no effect on input line 571.


Package hyperref Warning: Option `pagebackref' has already been used,
(hyperref)                setting the option has no effect on input line 571.


Package hyperref Warning: Option `hyperindex' has already been used,
(hyperref)                setting the option has no effect on input line 571.

Package hyperref Info: Option `colorlinks' set `false' on input line 571.
Package hyperref Info: Option `breaklinks' set `true' on input line 571.

Package hyperref Warning: Option `bookmarks' has already been used,
(hyperref)                setting the option has no effect on input line 571.

Package hyperref Info: Option `bookmarksopen' set `false' on input line 571.
(C:\Users\indov\AppData\Local\Programs\MiKTeX\tex/latex/bookmark\bookmark.sty
Package: bookmark 2020-11-06 v1.29 PDF bookmarks (HO)

(C:\Users\indov\AppData\Local\Programs\MiKTeX\tex/latex/bookmark\bkm-pdftex.def
File: bkm-pdftex.def 2020-11-06 v1.29 bookmark driver for pdfTeX (HO)
\BKM@id=\count479
)))

Package biblatex Warning: 'babel/polyglossia' detected but 'csquotes' missing.
(biblatex)                Loading 'csquotes' recommended.

\@quotelevel=\count480
\@quotereset=\count481
(WATR048 NewMain.aux)
\openout1 = `"WATR048 NewMain.aux"'.

LaTeX Font Info:    Checking defaults for OML/cmm/m/it on input line 66.
LaTeX Font Info:    ... okay on input line 66.
LaTeX Font Info:    Checking defaults for OMS/cmsy/m/n on input line 66.
LaTeX Font Info:    ... okay on input line 66.
LaTeX Font Info:    Checking defaults for OT1/cmr/m/n on input line 66.
LaTeX Font Info:    ... okay on input line 66.
LaTeX Font Info:    Checking defaults for T1/cmr/m/n on input line 66.
LaTeX Font Info:    ... okay on input line 66.
LaTeX Font Info:    Checking defaults for TS1/cmr/m/n on input line 66.
LaTeX Font Info:    ... okay on input line 66.
LaTeX Font Info:    Checking defaults for OMX/cmex/m/n on input line 66.
LaTeX Font Info:    ... okay on input line 66.
LaTeX Font Info:    Checking defaults for U/cmr/m/n on input line 66.
LaTeX Font Info:    ... okay on input line 66.
LaTeX Font Info:    Checking defaults for PD1/pdf/m/n on input line 66.
LaTeX Font Info:    ... okay on input line 66.
LaTeX Font Info:    Checking defaults for PU/pdf/m/n on input line 66.
LaTeX Font Info:    ... okay on input line 66.

(C:\Users\indov\AppData\Local\Programs\MiKTeX\tex/context/base/mkii\supp-pdf.mk
ii
[Loading MPS to PDF converter (version 2006.09.02).]
\scratchcounter=\count482
\scratchdimen=\dimen326
\scratchbox=\box86
\nofMPsegments=\count483
\nofMParguments=\count484
\everyMPshowfont=\toks59
\MPscratchCnt=\count485
\MPscratchDim=\dimen327
\MPnumerator=\count486
\makeMPintoPDFobject=\count487
\everyMPtoPDFconversion=\toks60
)
(C:\Users\indov\AppData\Local\Programs\MiKTeX\tex/latex/epstopdf-pkg\epstopdf-b
ase.sty
Package: epstopdf-base 2020-01-24 v2.11 Base part for package epstopdf
Package epstopdf-base Info: Redefining graphics rule for `.eps' on input line 4
85.

(C:\Users\indov\AppData\Local\Programs\MiKTeX\tex/latex/00miktex\epstopdf-sys.c
fg
File: epstopdf-sys.cfg 2021/03/18 v2.0 Configuration of epstopdf for MiKTeX
))
*geometry* driver: auto-detecting
*geometry* detected driver: pdftex
*geometry* verbose mode - [ preamble ] result:
* driver: pdftex
* paper: a4paper
* layout: <same size as paper>
* layoutoffset:(h,v)=(0.0pt,0.0pt)
* modes: twoside 
* h-part:(L,W,R)=(85.35826pt, 426.79135pt, 85.35826pt)
* v-part:(T,H,B)=(71.13188pt, 688.5567pt, 85.35826pt)
* \paperwidth=597.50787pt
* \paperheight=845.04684pt
* \textwidth=426.79135pt
* \textheight=688.5567pt
* \oddsidemargin=13.08827pt
* \evensidemargin=13.08827pt
* \topmargin=-25.1381pt
* \headheight=14.0pt
* \headsep=10.0pt
* \topskip=11.0pt
* \footskip=39.83368pt
* \marginparwidth=116.0pt
* \marginparsep=7.0pt
* \columnsep=10.0pt
* \skip\footins=10.0pt plus 4.0pt minus 2.0pt
* \hoffset=0.0pt
* \voffset=0.0pt
* \mag=1000
* \@twocolumnfalse
* \@twosidetrue
* \@mparswitchtrue
* \@reversemarginfalse
* (1in=72.27pt=25.4mm, 1cm=28.453pt)


(C:\Users\indov\AppData\Local\Programs\MiKTeX\tex/latex/translations/dicts\tran
slations-basic-dictionary-english.trsl
File: translations-basic-dictionary-english.trsl (english translation file `tra
nslations-basic-dictionary')
)
Package translations Info: loading dictionary `translations-basic-dictionary' f
or `english'. on input line 66.
Package lastpage Info: Please have a look at the pageslts package at
(lastpage)             https://www.ctan.org/pkg/pageslts
(lastpage)             ! on input line 66.
Package ragged2e Info: ABD: executing \RaggedRight on input line 66.

ABD: EverySelectfont initializing macros
LaTeX Info: Redefining \selectfont on input line 66.
Package caption Info: Begin \AtBeginDocument code.
Package caption Info: hyperref package is loaded.
Package caption Info: rotating package is loaded.
Package caption Info: End \AtBeginDocument code.
LaTeX Info: Redefining \celsius on input line 66.
Package gensymb Info: Faking symbols for \degree and \celsius on input line 66.



Package gensymb Warning: Not defining \perthousand.

LaTeX Info: Redefining \ohm on input line 66.
Package gensymb Info: Using \upOmega for \ohm on input line 66.

Package gensymb Warning: Not defining \micro.

LaTeX Info: Redefining \microtypecontext on input line 66.
Package microtype Info: Generating PDF output.
Package microtype Info: Character protrusion enabled (level 2).
Package microtype Info: Using default protrusion set `alltext'.
Package microtype Info: Automatic font expansion enabled (level 2),
(microtype)             stretch: 20, shrink: 20, step: 1, non-selected.
Package microtype Info: Using default expansion set `alltext-nott'.
LaTeX Info: Redefining \showhyphens on input line 66.
Package microtype Info: No adjustment of tracking.
Package microtype Info: No adjustment of interword spacing.
Package microtype Info: No adjustment of character kerning.
(C:\Users\indov\AppData\Local\Programs\MiKTeX\tex/latex/microtype\mt-ptm.cfg
File: mt-ptm.cfg 2006/04/20 v1.7 microtype config. file: Times (RS)
)
Package biblatex Info: Trying to load language 'english'...
Package biblatex Info: ... file 'english.lbx' found.

(C:\Users\indov\AppData\Local\Programs\MiKTeX\tex/latex/biblatex/lbx\english.lb
x
File: english.lbx 2020/12/31 v3.16 biblatex localization (PK/MW)
)
Package biblatex Info: Input encoding 'utf8' detected.
Package biblatex Info: Automatic encoding selection.
(biblatex)             Assuming data encoding 'utf8'.
Package biblatex Info: Document encoding is UTF8 ....
Package biblatex Info: ... and expl3
(biblatex)             2021-05-27 L3 programming layer (loader) 
(biblatex)             is new enough (at least 2020/04/06),
(biblatex)             setting 'casechanger=expl3'.

(C:\Users\indov\AppData\Local\Programs\MiKTeX\tex/latex/biblatex\blx-case-expl3
.sty
Package: blx-case-expl3 2020/12/31 v3.16 expl3 case changing code for biblatex
)
\openout4 = `"WATR048 NewMain.bcf"'.

Package biblatex Info: Trying to load bibliographic data...
Package biblatex Info: ... file '"WATR048 NewMain".bbl' not found.

No file "WATR048 NewMain".bbl.
Package biblatex Info: Reference section=0 on input line 66.
Package biblatex Info: Reference segment=0 on input line 66.
Package hyperref Info: Link coloring OFF on input line 66.
(C:\Users\indov\AppData\Local\Programs\MiKTeX\tex/latex/hyperref\nameref.sty
Package: nameref 2021-04-02 v2.47 Cross-referencing by name of section

(C:\Users\indov\AppData\Local\Programs\MiKTeX\tex/latex/refcount\refcount.sty
Package: refcount 2019/12/15 v3.6 Data extraction from label references (HO)
)
(C:\Users\indov\AppData\Local\Programs\MiKTeX\tex/generic/gettitlestring\gettit
lestring.sty
Package: gettitlestring 2019/12/15 v1.6 Cleanup title references (HO)
)
\c@section@level=\count488
)
LaTeX Info: Redefining \ref on input line 66.
LaTeX Info: Redefining \pageref on input line 66.
LaTeX Info: Redefining \nameref on input line 66.
<WaterBackground1.png, id=6, 1623.06375pt x 2320.67pt>
File: WaterBackground1.png Graphic file (type png)
<use WaterBackground1.png>
Package pdftex.def Info: WaterBackground1.png  used on input line 82.
(pdftex.def)             Requested size: 597.50787pt x 854.3498pt.
LaTeX Font Info:    Trying to load font information for T1+pag on input line 85
.

(C:\Users\indov\AppData\Local\Programs\MiKTeX\tex/latex/psnfss\t1pag.fd
File: t1pag.fd 2001/06/04 font definitions for T1/pag.
)
LaTeX Font Info:    Font shape `T1/pag/b/n' in size <24.88> not available
(Font)              Font shape `T1/pag/db/n' tried instead on input line 85.
Package microtype Info: Loading generic protrusion settings for font family
(microtype)             `pag' (encoding: T1).
(microtype)             For optimal results, create family-specific settings.
(microtype)             See the microtype manual for details.
LaTeX Font Info:    Font shape `T1/pag/b/n' in size <12> not available
(Font)              Font shape `T1/pag/db/n' tried instead on input line 87.
LaTeX Font Info:    Trying to load font information for OT1+ztmcm on input line
 87.

(C:\Users\indov\AppData\Local\Programs\MiKTeX\tex/latex/psnfss\ot1ztmcm.fd
File: ot1ztmcm.fd 2000/01/03 Fontinst v1.801 font definitions for OT1/ztmcm.
)
Package microtype Info: Loading generic protrusion settings for font family
(microtype)             `ztmcm' (encoding: OT1).
(microtype)             For optimal results, create family-specific settings.
(microtype)             See the microtype manual for details.
LaTeX Font Info:    Trying to load font information for OML+ztmcm on input line
 87.

(C:\Users\indov\AppData\Local\Programs\MiKTeX\tex/latex/psnfss\omlztmcm.fd
File: omlztmcm.fd 2000/01/03 Fontinst v1.801 font definitions for OML/ztmcm.
)
LaTeX Font Info:    Trying to load font information for OMS+ztmcm on input line
 87.

(C:\Users\indov\AppData\Local\Programs\MiKTeX\tex/latex/psnfss\omsztmcm.fd
File: omsztmcm.fd 2000/01/03 Fontinst v1.801 font definitions for OMS/ztmcm.
)
LaTeX Font Info:    Trying to load font information for OMX+ztmcm on input line
 87.

(C:\Users\indov\AppData\Local\Programs\MiKTeX\tex/latex/psnfss\omxztmcm.fd
File: omxztmcm.fd 2000/01/03 Fontinst v1.801 font definitions for OMX/ztmcm.
)
LaTeX Font Info:    Trying to load font information for OT1+ptm on input line 8
7.

(C:\Users\indov\AppData\Local\Programs\MiKTeX\tex/latex/psnfss\ot1ptm.fd
File: ot1ptm.fd 2001/06/04 font definitions for OT1/ptm.
)
LaTeX Font Info:    Font shape `OT1/ptm/bx/n' in size <24.88> not available
(Font)              Font shape `OT1/ptm/b/n' tried instead on input line 87.
LaTeX Font Info:    Font shape `OT1/ptm/bx/n' in size <17.28> not available
(Font)              Font shape `OT1/ptm/b/n' tried instead on input line 87.
LaTeX Font Info:    Font shape `OT1/ptm/bx/n' in size <14.4> not available
(Font)              Font shape `OT1/ptm/b/n' tried instead on input line 87.

(C:\Users\indov\AppData\Local\Programs\MiKTeX\tex/latex/microtype\mt-msa.cfg
File: mt-msa.cfg 2006/02/04 v1.1 microtype config. file: AMS symbols (a) (RS)
)
(C:\Users\indov\AppData\Local\Programs\MiKTeX\tex/latex/microtype\mt-msb.cfg
File: mt-msb.cfg 2005/06/01 v1.0 microtype config. file: AMS symbols (b) (RS)
)
<SCC_Logo_Primary.png, id=8, 315.0972pt x 175.1343pt>
File: SCC_Logo_Primary.png Graphic file (type png)
<use SCC_Logo_Primary.png>
Package pdftex.def Info: SCC_Logo_Primary.png  used on input line 90.
(pdftex.def)             Requested size: 157.5482pt x 87.56693pt.

[1

{C:/Users/indov/AppData/Local/MiKTeX/pdftex/config/pdftex.map} <./WaterBackgrou
nd1.png> <./SCC_Logo_Primary.png>]
LaTeX Font Info:    Trying to load font information for TS1+ptm on input line 1
03.

(C:\Users\indov\AppData\Local\Programs\MiKTeX\tex/latex/psnfss\ts1ptm.fd
File: ts1ptm.fd 2001/06/04 font definitions for TS1/ptm.
)
[2]
<WastewaterTreatmentPlantAerialBandW.jpg, id=23, 301.125pt x 168.63pt>
File: WastewaterTreatmentPlantAerialBandW.jpg Graphic file (type jpg)
<use WastewaterTreatmentPlantAerialBandW.jpg>
Package pdftex.def Info: WastewaterTreatmentPlantAerialBandW.jpg  used on input
 line 123.
(pdftex.def)             Requested size: 597.50787pt x 334.67062pt.
LaTeX Font Info:    Font shape `T1/pag/b/n' in size <20.74> not available
(Font)              Font shape `T1/pag/db/n' tried instead on input line 123.
 (WATR048 NewMain.toc
LaTeX Font Info:    Font shape `T1/pag/b/n' in size <14.4> not available
(Font)              Font shape `T1/pag/db/n' tried instead on input line 4.
LaTeX Font Info:    Font shape `OT1/ptm/bx/n' in size <10.95> not available
(Font)              Font shape `OT1/ptm/b/n' tried instead on input line 4.
LaTeX Font Info:    Font shape `OT1/ptm/bx/n' in size <8> not available
(Font)              Font shape `OT1/ptm/b/n' tried instead on input line 4.
LaTeX Font Info:    Font shape `OT1/ptm/bx/n' in size <6> not available
(Font)              Font shape `OT1/ptm/b/n' tried instead on input line 4.
LaTeX Font Info:    Font shape `T1/pag/b/n' in size <10.95> not available
(Font)              Font shape `T1/pag/db/n' tried instead on input line 6.

Underfull \vbox (badness 1038) has occurred while \output is active []

 [3

 <./WastewaterTreatmentPlantAerialBandW.jpg>] [4])
\tf@toc=\write6
\openout6 = `"WATR048 NewMain.toc"'.

 [5] [6

]
\c@ttl@toc@default=\count489
LaTeX Font Info:    Font shape `T1/pag/b/n' in size <220> not available
(Font)              Font shape `T1/pag/db/n' tried instead on input line 133.
 (WATR048 NewMain.ptc)
LaTeX Font Info:    Font shape `T1/pag/b/n' in size <30> not available
(Font)              Font shape `T1/pag/db/n' tried instead on input line 133.

[7

] [8] (WATR048 Theory Part I.tex
Chapter 1.
<Dewatering.jpg, id=438, 719.8895pt x 384.2355pt>
File: Dewatering.jpg Graphic file (type jpg)
<use Dewatering.jpg>
Package pdftex.def Info: Dewatering.jpg  used on input line 3.
(pdftex.def)             Requested size: 597.50787pt x 318.91537pt.
[9

 <./Dewatering.jpg>]
Overfull \hbox (0.14116pt too wide) in paragraph at lines 54--56
[]\T1/ptm/m/n/10.95 (+17) Wastewater treatment removes parasites and disease-ca
using pathogens including bacteria 
 []

[10]
Overfull \hbox (0.18463pt too wide) in paragraph at lines 71--72
[]\T1/ptm/m/n/10.95 (+9) About 50 percent of the solids present in wastewater a
re organic. This fraction is generally 
 []


Overfull \hbox (0.12546pt too wide) in paragraph at lines 71--72
\T1/ptm/m/n/10.95 (+12) of animal or vegetable life, dead animal matter, plant 
tissue or organisms, and also include 
 []

LaTeX Font Info:    Font shape `T1/pag/b/n' in size <10> not available
(Font)              Font shape `T1/pag/db/n' tried instead on input line 76.

Overfull \hbox (0.16508pt too wide) in paragraph at lines 97--98
[]\T1/ptm/m/n/10.95 (+1) Thus, BOD (To-tal) = cBOD + nBOD. The cBOD and nBOD is
 mea-sured by adding cer-tain 
 []

[11]
Overfull \hbox (0.12154pt too wide) in paragraph at lines 135--136
[][]\T1/ptm/m/n/10.95 (+7) Col[]-[]loidial-small, charged (typically negative) 
particles which do not settle easily. 
 []

<ImhoffCone.png, id=458, 106.14656pt x 194.22563pt>
File: ImhoffCone.png Graphic file (type png)
<use ImhoffCone.png>
Package pdftex.def Info: ImhoffCone.png  used on input line 163.
(pdftex.def)             Requested size: 74.30208pt x 135.957pt.

Overfull \hbox (30.11255pt too wide) in paragraph at lines 154--171
$[]$ $[]$  
 []


Underfull \vbox (badness 10000) has occurred while \output is active []

 [12]
Overfull \hbox (0.18211pt too wide) in paragraph at lines 171--172
[]\T1/ptm/m/n/10.95 (+6) One factor which affects settleability is the conveyan
ce time of the sewage to the treatment 
 []

<WastewaterSolids.png, id=465, 472.01344pt x 271.0125pt>
File: WastewaterSolids.png Graphic file (type png)
<use WastewaterSolids.png>
Package pdftex.def Info: WastewaterSolids.png  used on input line 209.
(pdftex.def)             Requested size: 377.61127pt x 216.81029pt.

Underfull \vbox (badness 10000) has occurred while \output is active []

 [13 <./ImhoffCone.png>]
LaTeX Font Info:    Font shape `OT1/ptm/bx/n' in size <10> not available
(Font)              Font shape `OT1/ptm/b/n' tried instead on input line 255.
LaTeX Font Info:    Font shape `OT1/ptm/bx/n' in size <7.4> not available
(Font)              Font shape `OT1/ptm/b/n' tried instead on input line 255.

Overfull \hbox (2.82648pt too wide) in paragraph at lines 246--267
[]  
 []

[14 <./WastewaterSolids.png>] [15]
<Autosampler.png, id=486, 587.94656pt x 551.81157pt>
File: Autosampler.png Graphic file (type png)
<use Autosampler.png>
Package pdftex.def Info: Autosampler.png  used on input line 315.
(pdftex.def)             Requested size: 117.58722pt x 110.36035pt.
<Grabsampler.png, id=487, 249.3315pt x 289.08pt>
File: Grabsampler.png Graphic file (type png)
<use Grabsampler.png>
Package pdftex.def Info: Grabsampler.png  used on input line 315.
(pdftex.def)             Requested size: 92.25119pt x 106.95792pt.

Overfull \hbox (216.75084pt too wide) in paragraph at lines 317--317
  \T1/ptm/m/n/10.95 (-20) Au-to-mated Sam-pler   $[]$  
 []

[16 <./Autosampler.png> <./Grabsampler.png>]
Overfull \hbox (0.10822pt too wide) in paragraph at lines 335--336
[]\T1/ptm/m/n/10.95 (+20) Samples must be handled with care to prevent contamin
ation and adverse conditions such 
 []


Overfull \hbox (0.17311pt too wide) in paragraph at lines 341--341
[]\T1/ptm/m/n/10.95 (+20) Arithmetic mean mathematically is calculated by addin
g all the result values and dividing 
 []

[17] [18]
<SeperatedSystem1.png, id=509, 408.02437pt x 322.20375pt>
File: SeperatedSystem1.png Graphic file (type png)
<use SeperatedSystem1.png>
Package pdftex.def Info: SeperatedSystem1.png  used on input line 395.
(pdftex.def)             Requested size: 183.60927pt x 144.99034pt.
<CombinedSystem1.png, id=510, 360.59718pt x 311.66437pt>
File: CombinedSystem1.png Graphic file (type png)
<use CombinedSystem1.png>
Package pdftex.def Info: CombinedSystem1.png  used on input line 395.
(pdftex.def)             Requested size: 162.26723pt x 140.24767pt.

Overfull \hbox (249.8901pt too wide) in paragraph at lines 397--397
  \T1/ptm/m/n/10.95 (-20) Sep-a-rated Sys-tem   $[]$  
 []

[19 <./SeperatedSystem1.png> <./CombinedSystem1.png>] [20]
<Barscreen.png, id=523, 204.765pt x 154.176pt>
File: Barscreen.png Graphic file (type png)
<use Barscreen.png>
Package pdftex.def Info: Barscreen.png  used on input line 448.
(pdftex.def)             Requested size: 298.75264pt x 224.9586pt.

Overfull \hbox (27.37506pt too wide) in paragraph at lines 458--461
$[]$  
 []

[21 <./Barscreen.png>]
<Comminutor.png, id=531, 289.08pt x 434.5836pt>
File: Comminutor.png Graphic file (type png)
<use Comminutor.png>
Package pdftex.def Info: Comminutor.png  used on input line 464.
(pdftex.def)             Requested size: 128.03809pt x 199.16818pt.
<HorizontalGritChamber.png, id=532, 677.53125pt x 508.14844pt>
File: HorizontalGritChamber.png Graphic file (type png)
<use HorizontalGritChamber.png>
Package pdftex.def Info: HorizontalGritChamber.png  used on input line 500.
(pdftex.def)             Requested size: 157.06209pt x 117.79437pt.
<AeratedGritChamber.png, id=533, 371.5357pt x 255.61269pt>
File: AeratedGritChamber.png Graphic file (type png)
<use AeratedGritChamber.png>
Package pdftex.def Info: AeratedGritChamber.png  used on input line 505.
(pdftex.def)             Requested size: 170.71718pt x 117.45064pt.


LaTeX Warning: `!h' float specifier changed to `!ht'.

<VortexGritChamber1.png, id=534, 245.2362pt x 140.6856pt>
File: VortexGritChamber1.png Graphic file (type png)
<use VortexGritChamber1.png>
Package pdftex.def Info: VortexGritChamber1.png  used on input line 513.
(pdftex.def)             Requested size: 160.47456pt x 92.05849pt.
<VortexGritChamber.png, id=535, 198.5016pt x 164.7756pt>
File: VortexGritChamber.png Graphic file (type png)
<use VortexGritChamber.png>
Package pdftex.def Info: VortexGritChamber.png  used on input line 518.
(pdftex.def)             Requested size: 146.81427pt x 121.86916pt.

LaTeX Warning: `!h' float specifier changed to `!ht'.


Underfull \vbox (badness 10000) has occurred while \output is active []

 [22 <./Comminutor.png>] [23 <./HorizontalGritChamber.png> <./AeratedGritChambe
r.png> <./VortexGritChamber1.png> <./VortexGritChamber.png>]
<RectangularClarifier.png, id=555, 330.471pt x 215.8245pt>
File: RectangularClarifier.png Graphic file (type png)
<use RectangularClarifier.png>
Package pdftex.def Info: RectangularClarifier.png  used on input line 563.
(pdftex.def)             Requested size: 297.42113pt x 194.24022pt.
<Blank.png, id=556, 476.53032pt x 378.66469pt>
File: Blank.png Graphic file (type png)
<use Blank.png>
Package pdftex.def Info: Blank.png  used on input line 565.
(pdftex.def)             Requested size: 47.65582pt x 37.86868pt.
<CircularClarifier3.png, id=557, 707.64375pt x 369.38pt>
File: CircularClarifier3.png Graphic file (type png)
<use CircularClarifier3.png>
Package pdftex.def Info: CircularClarifier3.png  used on input line 566.
(pdftex.def)             Requested size: 353.82101pt x 184.68954pt.

Underfull \vbox (badness 10000) has occurred while \output is active []

 [24 <./RectangularClarifier.png> <./Blank.png>]
File: Blank.png Graphic file (type png)
<use Blank.png>
Package pdftex.def Info: Blank.png  used on input line 569.
(pdftex.def)             Requested size: 14.29529pt x 11.35944pt.
)
(WATR048 Practice Math Problems Part I.tex [25 <./CircularClarifier3.png>]
[26

]
Chapter 2.
<MathCover.png, id=573, 2489.3pt x 1244.65pt>
File: MathCover.png Graphic file (type png)
<use MathCover.png>
Package pdftex.def Info: MathCover.png  used on input line 3.
(pdftex.def)             Requested size: 597.50787pt x 298.74109pt.
[27 <./MathCover.png>]
LaTeX Font Info:    Font shape `OT1/ptm/bx/n' in size <5> not available
(Font)              Font shape `OT1/ptm/b/n' tried instead on input line 135.

Overfull \hbox (94.85957pt too wide) in paragraph at lines 149--149
$\OML/ztmcm/m/it/10.95 Surfaceareaofcylinder \OT1/ztmcm/m/n/10.95 = \OML/ztmcm/
m/it/10.95 surfaceareaofthetopandbottomfaces \OT1/ztmcm/m/n/10.95 + \OML/ztmcm/
m/it/10.95 surfaceareaofthecylinder$  
 []

[28] [29] [30] [31]
<ChannelFlow3.png, id=628, 356.83313pt x 182.93344pt>
File: ChannelFlow3.png Graphic file (type png)
<use ChannelFlow3.png>
Package pdftex.def Info: ChannelFlow3.png  used on input line 289.
(pdftex.def)             Requested size: 178.41612pt x 91.46649pt.
File: ChannelFlow3.png Graphic file (type png)
<use ChannelFlow3.png>
Package pdftex.def Info: ChannelFlow3.png  used on input line 312.
(pdftex.def)             Requested size: 178.41612pt x 91.46649pt.
 [32 <./ChannelFlow3.png>]
Overfull \hbox (0.10403pt too wide) in paragraph at lines 329--329
[]\T1/ptm/m/n/10.95 (+17) A sewer line to a wastewater treatment plant is 12 mi
les long. If the wastewater is flowing 
 []

[33] [34] [35]
Overfull \hbox (53.46689pt too wide) detected at line 407
[] \OT1/ztmcm/m/n/10.95 = [] \OMS/ztmcm/m/n/10.95  []  []  [] \OT1/ztmcm/m/n
/10.95 = []
 []

) (WATR048 Math Problems Part I.tex [36]
Chapter 3.
File: Dewatering.jpg Graphic file (type jpg)
<use Dewatering.jpg>
Package pdftex.def Info: Dewatering.jpg  used on input line 3.
(pdftex.def)             Requested size: 597.50787pt x 318.91537pt.
[37

]
Underfull \vbox (badness 5652) has occurred while \output is active []

 [38]

LaTeX Warning: `!h' float specifier changed to `!ht'.


LaTeX Warning: `!h' float specifier changed to `!ht'.

[39]
Overfull \hbox (15.40155pt too wide) in paragraph at lines 250--270
[]$[] [] [] [] []$  
 []


LaTeX Warning: `!h' float specifier changed to `!ht'.

[40]
File: ChannelFlow3.png Graphic file (type png)
<use ChannelFlow3.png>
Package pdftex.def Info: ChannelFlow3.png  used on input line 341.
(pdftex.def)             Requested size: 178.41612pt x 91.46649pt.
<PipeFlow.png, id=708, 364.36125pt x 100.87688pt>
File: PipeFlow.png Graphic file (type png)
<use PipeFlow.png>
Package pdftex.def Info: PipeFlow.png  used on input line 351.
(pdftex.def)             Requested size: 182.18018pt x 50.43831pt.

Overfull \hbox (0.10403pt too wide) in paragraph at lines 355--355
[]\T1/ptm/m/n/10.95 (+17) A sewer line to a wastewater treatment plant is 12 mi
les long. If the wastewater is flowing 
 []


Underfull \vbox (badness 6927) has occurred while \output is active []

 [41 <./PipeFlow.png>] [42]
Overfull \hbox (58.94188pt too wide) detected at line 403
[] \OT1/ztmcm/m/n/10.95 = [] \OMS/ztmcm/m/n/10.95  []  []  [] \OT1/ztmcm/m/n
/10.95 = []
 []

) [43] [44

] (WATR048 NewMain.ptc
Underfull \hbox (badness 10000) in paragraph at lines 269--269
[]|[]| [][][]\T1/pag/db/n/12 (+20) Part II - Prac-tice Math Prob-lems So-lu-tio
ns[]|[][][]
 []

) [45] [46] (WATR048 Theory Part II.tex
Chapter 4.
File: Dewatering.jpg Graphic file (type jpg)
<use Dewatering.jpg>
Package pdftex.def Info: Dewatering.jpg  used on input line 3.
(pdftex.def)             Requested size: 597.50787pt x 318.91537pt.
<TricklingFilter.png, id=783, 567.11874pt x 301.125pt>
File: TricklingFilter.png Graphic file (type png)
<use TricklingFilter.png>
Package pdftex.def Info: TricklingFilter.png  used on input line 27.
(pdftex.def)             Requested size: 283.55867pt x 150.56212pt.

Underfull \vbox (badness 10000) has occurred while \output is active []

 [47

]
Underfull \vbox (badness 10000) has occurred while \output is active []

 [48 <./TricklingFilter.png>]
<ASProcess.png, id=793, 482.55281pt x 138.5175pt>
File: ASProcess.png Graphic file (type png)
<use ASProcess.png>
Package pdftex.def Info: ASProcess.png  used on input line 69.
(pdftex.def)             Requested size: 446.0451pt x 128.0374pt.

Overfull \hbox (19.25375pt too wide) in paragraph at lines 69--70
 [] 
 []


Overfull \hbox (0.14325pt too wide) in paragraph at lines 81--82
[]\T1/ptm/m/n/10.95 (+5) The wastewater exiting the aeration basin enters a cla
rifier where the floc settles. The clear, 
 []


Overfull \hbox (0.1101pt too wide) in paragraph at lines 85--86
[]\T1/ptm/m/n/10.95 (+17) The remaining settled floc from the clarifier is was
ted transferred for solids treatment 
 []

[49 <./ASProcess.png>]
<StabilizationPond.png, id=800, 711.6186pt x 492.3996pt>
File: StabilizationPond.png Graphic file (type png)
<use StabilizationPond.png>
Package pdftex.def Info: StabilizationPond.png  used on input line 134.
(pdftex.def)             Requested size: 569.29565pt x 393.92021pt.
 [50] [51 <./StabilizationPond.png>]
Overfull \hbox (0.16823pt too wide) in paragraph at lines 194--197
\T1/ptm/m/n/10.95 (+19) the sludge stabilization process. Sludge thickening red
uces the volume of sludge that need to be 
 []


Overfull \hbox (0.12631pt too wide) in paragraph at lines 212--212
\T1/ptm/m/n/10.95 (+4) solids dis-posal meth-ods may in-clude: land ap-pli-ca-t
ion, as a crop/vegetation fer-til-izer, placed on a 
 []

[52] [53]
<DigesterFixedCover.png, id=839, 857.45343pt x 624.83438pt>
File: DigesterFixedCover.png Graphic file (type png)
<use DigesterFixedCover.png>
Package pdftex.def Info: DigesterFixedCover.png  used on input line 269.
(pdftex.def)             Requested size: 428.72566pt x 312.41643pt.

Overfull \hbox (29.30937pt too wide) in paragraph at lines 269--269
 [] 
 []

[54 <./DigesterFixedCover.png>]
Overfull \hbox (0.15143pt too wide) in paragraph at lines 283--284
[]\T1/ptm/m/n/10.95 (+20) The volatile solids content of the sludge entering an
d leaving the digester are measured to 
 []

[55]
Overfull \hbox (0.14273pt too wide) in paragraph at lines 301--302
[]\T1/ptm/m/n/10.95 (+18) Chlorine disinfection is a practical and economical m
eans for disinfecting large quantities 
 []

[56]
Overfull \hbox (0.13814pt too wide) in paragraph at lines 360--361
\T1/ptm/m/n/10.95 (+11) source. When ammonia vapor using a rag or brush, is dir
ected at a leak, a white cloud will 
 []


Overfull \hbox (0.15935pt too wide) in paragraph at lines 360--361
\T1/ptm/m/n/10.95 (+13) form. To produce ammonia vapor, a plastic squeeze bottl
e containing about 5 % ammonia, 
 []


Overfull \hbox (0.1622pt too wide) in paragraph at lines 364--365
\T1/ptm/m/n/10.95 (+15) minimal harm will occur. Keep the leaking part the most
 elevated so that gaseous chlorine 
 []


Underfull \vbox (badness 10000) has occurred while \output is active []

 [57]
Overfull \hbox (0.12144pt too wide) in paragraph at lines 406--407
[]\T1/ptm/m/n/10.95 (+8) The \T1/ptm/b/n/10.95 (+8) free chlorine \T1/ptm/m/n/1
0.95 (+8) remaining after the chlorine demand is satisfied, is the strongest fo
rm of 
 []


Overfull \hbox (0.14473pt too wide) in paragraph at lines 418--419
[]\T1/ptm/m/n/10.95 (+4) Since field con-di-tions, par-tic-u-larly the mix-ing 
el-e-ment, are not as well con-trolled as lab-o-ra- 
 []

[58]
Overfull \hbox (0.18251pt too wide) in paragraph at lines 429--430
\T1/ptm/m/n/10.95 (+16) be a substantial residual but if CT factor is not adequ
ate, disinfection may not be effective. 
 []

[59]
Overfull \hbox (0.18556pt too wide) in paragraph at lines 452--453
[]\T1/ptm/m/n/10.95 (+5) Employers must ensure that the SDSs are available and 
readily accessible to employees for 
 []


Overfull \hbox (0.18057pt too wide) in paragraph at lines 458--458
[]\T1/ptm/m/n/10.95 (+7) To safeguard against the potential impacts of these ga
ses, employees are required to follow 
 []

<SafetyHazardousGases4.png, id=875, 782.925pt x 437.11305pt>
File: SafetyHazardousGases4.png Graphic file (type png)
<use SafetyHazardousGases4.png>
Package pdftex.def Info: SafetyHazardousGases4.png  used on input line 461.
(pdftex.def)             Requested size: 469.75862pt x 262.26985pt.

Overfull \hbox (42.96727pt too wide) in paragraph at lines 461--461
 [] 
 []

[60 <./SafetyHazardousGases4.png>]
<SafetyFallProtection1.png, id=881, 188.95593pt x 182.18062pt>
File: SafetyFallProtection1.png Graphic file (type png)
<use SafetyFallProtection1.png>
Package pdftex.def Info: SafetyFallProtection1.png  used on input line 471.
(pdftex.def)             Requested size: 151.16493pt x 145.74467pt.
<SafetyFallProtection2.png, id=882, 185.19188pt x 188.20313pt>
File: SafetyFallProtection2.png Graphic file (type png)
<use SafetyFallProtection2.png>
Package pdftex.def Info: SafetyFallProtection2.png  used on input line 471.
(pdftex.def)             Requested size: 148.15369pt x 150.56268pt.

Overfull \hbox (0.12827pt too wide) in paragraph at lines 482--483
[]\T1/ptm/m/n/10.95 (+6) Ordinary 120-V electricity can be fatal; most wastewat
er facility electrical systems operate 
 []

<SafetyMachineGuarding.png, id=883, 338.76563pt x 158.09062pt>
File: SafetyMachineGuarding.png Graphic file (type png)
<use SafetyMachineGuarding.png>
Package pdftex.def Info: SafetyMachineGuarding.png  used on input line 497.
(pdftex.def)             Requested size: 203.26093pt x 94.85509pt.
[61 <./SafetyFallProtection1.png> <./SafetyFallProtection2.png> <./SafetyMachin
eGuarding.png>]
Overfull \hbox (0.14874pt too wide) in paragraph at lines 543--543
\T1/ptm/m/n/10.95 (+4) gloves, foot protection, and durable and disposable chem
ical-protective clothing. Respirators and 
 []


Overfull \hbox (0.19997pt too wide) in paragraph at lines 543--543
\T1/ptm/m/n/10.95 (+3) fall protection might also be required. However, respira
tors and fall protection fall under separate 
 []

[62]
Overfull \hbox (0.1516pt too wide) in paragraph at lines 565--566
[]\T1/ptm/m/n/10.95 (+12) Toxic conditions: This condition could potentially ex
ist due to the presence of gasses such 
 []

) (WATR048 Practice Math Problems Part II.tex [63] [64

]
Chapter 5.
File: MathCover.png Graphic file (type png)
<use MathCover.png>
Package pdftex.def Info: MathCover.png  used on input line 3.
(pdftex.def)             Requested size: 597.50787pt x 298.74109pt.

Underfull \vbox (badness 6542) has occurred while \output is active []

 [65]
[66]
Underfull \vbox (badness 10000) has occurred while \output is active []

 [67]
[68]
Overfull \hbox (0.18675pt too wide) in paragraph at lines 163--163
\T1/ptm/m/n/10.95 (+7) 1850 mg/L and a MLVSS concentration of 1440 mg/L. Calcul
ate SVI for this mixed liquor 
 []


Underfull \vbox (badness 10000) has occurred while \output is active []

 [69]
[70]
Overfull \hbox (16.53448pt too wide) in paragraph at lines 245--246
[]$\OT1/ztmcm/m/n/10.95 = [] \OMS/ztmcm/m/n/10.95  []  [] \OT1/ztmcm/m/n/10.9
5 = []$  
 []

[71]
Overfull \hbox (0.13327pt too wide) in paragraph at lines 296--296
[]\T1/ptm/m/n/10.95 (+16) The chlorine demand is 4.8 mg/l and a chlorine residu
al is 0.75 mg/l is desired. For a flow 
 []

) (WATR048 Math Problems Part II.tex [72]
Chapter 6.
File: Dewatering.jpg Graphic file (type jpg)
<use Dewatering.jpg>
Package pdftex.def Info: Dewatering.jpg  used on input line 3.
(pdftex.def)             Requested size: 597.50787pt x 318.91537pt.

Underfull \vbox (badness 10000) has occurred while \output is active []

 [73

]
Overfull \hbox (1.20485pt too wide) in paragraph at lines 49--49
[]$\OML/ztmcm/m/it/10.95 Pondhydraulicloadingrate[][][] \OT1/ztmcm/m/n/10.95 = 
[] = [] = 
 []

[74]
Underfull \vbox (badness 10000) has occurred while \output is active []

 [75]
Overfull \hbox (41.47604pt too wide) in paragraph at lines 129--129
[]$\OT1/ztmcm/m/n/10.95 = [] \OMS/ztmcm/m/n/10.95  []  [] \OT1/ztmcm/m/n/10.9
5 = []$  
 []


Overfull \hbox (0.13327pt too wide) in paragraph at lines 138--138
[]\T1/ptm/m/n/10.95 (+16) The chlorine demand is 4.8 mg/l and a chlorine residu
al is 0.75 mg/l is desired. For a flow 
 []

) 
AED: lastpage setting LastPage
[76]
\tf@ptc=\write7
\openout7 = `"WATR048 NewMain.ptc"'.

 (WATR048 NewMain.aux)
Package logreq Info: Writing requests to '"WATR048 NewMain".run.xml'.
\openout1 = `"WATR048 NewMain.run.xml"'.

 ) 
Here is how much of TeX's memory you used:
 40166 strings out of 479081
 781783 string characters out of 2852597
 1606543 words of memory out of 3000000
 56395 multiletter control sequences out of 15000+600000
 525042 words of font info for 364 fonts, out of 8000000 for 9000
 1141 hyphenation exceptions out of 8191
 89i,17n,86p,1164b,2794s stack positions out of 5000i,500n,10000p,200000b,80000s
{C:/Users/indov/AppData/Local/Programs/MiKTeX/fonts/enc/dvips/base/8r.enc}<C:
/Users/indov/AppData/Local/Programs/MiKTeX/fonts/type1/public/amsfonts/cm/cmex1
0.pfb><C:/Users/indov/AppData/Local/Programs/MiKTeX/fonts/type1/public/amsfonts
/cm/cmmi10.pfb><C:/Users/indov/AppData/Local/Programs/MiKTeX/fonts/type1/public
/amsfonts/cm/cmr10.pfb><C:/Users/indov/AppData/Local/Programs/MiKTeX/fonts/type
1/public/amsfonts/cm/cmsy10.pfb><C:/Users/indov/AppData/Local/Programs/MiKTeX/f
onts/type1/public/amsfonts/latxfont/line10.pfb><C:/Users/indov/AppData/Local/Pr
ograms/MiKTeX/fonts/type1/urw/avantgar/uagd8a.pfb><C:/Users/indov/AppData/Local
/Programs/MiKTeX/fonts/type1/urw/avantgar/uagk8a.pfb><C:/Users/indov/AppData/Lo
cal/Programs/MiKTeX/fonts/type1/urw/symbol/usyr.pfb><C:/Users/indov/AppData/Loc
al/Programs/MiKTeX/fonts/type1/urw/symbol/usyr.pfb><C:/Users/indov/AppData/Loca
l/Programs/MiKTeX/fonts/type1/urw/times/utmb8a.pfb><C:/Users/indov/AppData/Loca
l/Programs/MiKTeX/fonts/type1/urw/times/utmr8a.pfb><C:/Users/indov/AppData/Loca
l/Programs/MiKTeX/fonts/type1/urw/times/utmri8a.pfb>
Output written on "WATR048 NewMain.pdf" (76 pages, 15071279 bytes).
PDF statistics:
 1294 PDF objects out of 1440 (max. 8388607)
 406 named destinations out of 1000 (max. 500000)
 136219 words of extra memory for PDF output out of 154059 (max. 10000000)

